tundro2 4.2GHz Power system.  4 cores, 2 threads/core for 8 total threads

Ten-second intervals

rcu rperf

1 n_reads:  56628000  n_updates: 0
2 n_reads: 108682000  n_updates: 0
3 n_reads: 157041000  n_updates: 0
4 n_reads: 194598000  n_updates: 0
6 n_reads: 258537000  n_updates: 0
8 n_reads: 320009000  n_updates: 0

rcu uperf

1 n_reads: 0  n_updates: 6097179
2 n_reads: 0  n_updates: 4548629
3 n_reads: 0  n_updates: 3453263
4 n_reads: 0  n_updates: 3658662
6 n_reads: 0  n_updates: 3502225
8 n_reads: 0  n_updates: 3477811


rcu64 rperf

1 n_reads:  56913000  n_updates: 0
2 n_reads: 109580000  n_updates: 0
3 n_reads: 157630000  n_updates: 0
4 n_reads: 195731000  n_updates: 0
6 n_reads: 260522000  n_updates: 0
8 n_reads: 318436000  n_updates: 0

rcu64 uperf

1 n_reads: 0  n_updates: 6224501
2 n_reads: 0  n_updates: 4604258
3 n_reads: 0  n_updates: 3478363
4 n_reads: 0  n_updates: 3695155
6 n_reads: 0  n_updates: 3494444
8 n_reads: 0  n_updates: 3497667


rcu_lock rperf

1 n_reads: 65602000  n_updates: 0
2 n_reads: 31535000  n_updates: 0
3 n_reads: 26447000  n_updates: 0
4 n_reads: 22501000  n_updates: 0
6 n_reads: 17994000  n_updates: 0
8 n_reads: 17390000  n_updates: 0

rcu_lock uperf

1 n_reads: 0  n_updates: 52446957
2 n_reads: 0  n_updates: 27185412
3 n_reads: 0  n_updates: 25140668
4 n_reads: 0  n_updates: 22511196
6 n_reads: 0  n_updates: 17249539
8 n_reads: 0  n_updates: 16534423


rcu_lock_percpu rperf

1 n_reads:  39247000  n_updates: 0
2 n_reads:  72306000  n_updates: 0
3 n_reads: 102740000  n_updates: 0
4 n_reads: 126761000  n_updates: 0
6 n_reads: 159645000  n_updates: 0
8 n_reads: 181045000  n_updates: 0

rcu_lock_percpu uperf

1 n_reads: 0  n_updates:  6349005
2 n_reads: 0  n_updates: 10413609
3 n_reads: 0  n_updates: 13009408
4 n_reads: 0  n_updates: 12954286
6 n_reads: 0  n_updates: 12684945
8 n_reads: 0  n_updates: 11543501


rcu_nest rperf

1 n_reads:  22263000  n_updates: 0
2 n_reads:  42002000  n_updates: 0
3 n_reads:  60996000  n_updates: 0
4 n_reads:  75136000  n_updates: 0
6 n_reads: 101168000  n_updates: 0
8 n_reads: 122093000  n_updates: 0

rcu_nest uperf

1 n_reads: 0  n_updates: 3670918
2 n_reads: 0  n_updates: 2782598
3 n_reads: 0  n_updates: 2255881
4 n_reads: 0  n_updates: 2609031
6 n_reads: 0  n_updates: 2587180
8 n_reads: 0  n_updates: 2567293


rcu_nest_qs rperf

1 n_reads:  29339000  n_updates: 0
2 n_reads:  54189000  n_updates: 0
3 n_reads:  77095000  n_updates: 0
4 n_reads:  97703000  n_updates: 0
6 n_reads: 129024000  n_updates: 0
8 n_reads: 152134000  n_updates: 0

rcu_nest_qs uperf

1 n_reads: 0  n_updates: 3749928
2 n_reads: 0  n_updates: 2802159
3 n_reads: 0  n_updates: 2284525
4 n_reads: 0  n_updates: 2548214
6 n_reads: 0  n_updates: 2577888
8 n_reads: 0  n_updates: 2635086


rcu_qs rperf

1 n_reads:  97563000  n_updates: 0
2 n_reads: 154175000  n_updates: 0
3 n_reads: 226236000  n_updates: 0
4 n_reads: 301504000  n_updates: 0
6 n_reads: 378150000  n_updates: 0
8 n_reads: 448170000  n_updates: 0

rcu_qs uperf

1 n_reads: 0  n_updates: 4079366
2 n_reads: 0  n_updates: 2959189
3 n_reads: 0  n_updates: 2309287
4 n_reads: 0  n_updates: 2651040
6 n_reads: 0  n_updates: 2649163
8 n_reads: 0  n_updates: 2657548


rcu_rcg rperf

1 n_reads: 62089000  n_updates: 0
2 n_reads: 58112000  n_updates: 0
3 n_reads: 60856000  n_updates: 0
4 n_reads: 60692000  n_updates: 0
6 n_reads: 47955000  n_updates: 0
8 n_reads: 41597000  n_updates: 0

rcu_rcg uperf

1 n_reads: 0  n_updates: 107586482
2 n_reads: 0  n_updates: 196603122
3 n_reads: 0  n_updates: 283412426
4 n_reads: 0  n_updates: 352918561
6 n_reads: 0  n_updates: 461439062
8 n_reads: 0  n_updates: 565260500


rcu_rcpg rperf

1 n_reads: 20565000  n_updates: 0
2 n_reads: 30476000  n_updates: 0
3 n_reads: 33518000  n_updates: 0
4 n_reads: 34565000  n_updates: 0
6 n_reads: 38532000  n_updates: 0
8 n_reads: 38878000  n_updates: 0

rcu_rcpg uperf

1 n_reads: 0  n_updates: 29212902
2 n_reads: 0  n_updates: 12707999
3 n_reads: 0  n_updates: 13276160
4 n_reads: 0  n_updates: 12398212
6 n_reads: 0  n_updates:  9702030
8 n_reads: 0  n_updates:  9575439


rcu_rcpl rperf

1 n_reads:  21634000  n_updates: 0
2 n_reads:  39605000  n_updates: 0
3 n_reads:  55989000  n_updates: 0
4 n_reads:  69178000  n_updates: 0
6 n_reads:  94048000  n_updates: 0
8 n_reads: 111174000  n_updates: 0

rcu_rcpl uperf

1 n_reads: 0  n_updates: 3666682
2 n_reads: 0  n_updates: 2759053
3 n_reads: 0  n_updates: 2154047
4 n_reads: 0  n_updates: 2536086
6 n_reads: 0  n_updates: 2629553
8 n_reads: 0  n_updates: 2549238


rcu_rcpls rperf

1 n_reads:  21160000  n_updates: 0
2 n_reads:  39636000  n_updates: 0
3 n_reads:  56427000  n_updates: 0
4 n_reads:  69261000  n_updates: 0
6 n_reads:  92988000  n_updates: 0
8 n_reads: 113049000  n_updates: 0

rcu_rcpls uperf

1 n_reads: 0  n_updates: 3617470
2 n_reads: 0  n_updates: 2804038
3 n_reads: 0  n_updates: 2524382
4 n_reads: 0  n_updates: 2766260
6 n_reads: 0  n_updates: 2855556
8 n_reads: 0  n_updates: 2962955


rcu_ts rperf

1 n_reads:  36315000  n_updates: 0
2 n_reads:  70408000  n_updates: 0
3 n_reads: 102457000  n_updates: 0
4 n_reads: 127940000  n_updates: 0
6 n_reads: 168740000  n_updates: 0
8 n_reads: 206385000  n_updates: 0

rcu_ts uperf

1 n_reads: 0  n_updates: 5944035
2 n_reads: 0  n_updates: 4494951
3 n_reads: 0  n_updates: 3373481
4 n_reads: 0  n_updates: 3586243
6 n_reads: 0  n_updates: 3469509
8 n_reads: 0  n_updates: 3464779
