rcu 1 rperf
n_reads: 178.891  n_updates: nan
rcu 2 rperf
n_reads: 183.469  n_updates: nan
rcu 3 rperf
n_reads: 197.576  n_updates: nan
rcu 4 rperf
n_reads: 206.409  n_updates: nan
rcu 6 rperf
n_reads: 233.763  n_updates: nan
rcu 8 rperf
n_reads: 256.558  n_updates: nan
rcu 1 uperf
n_reads: nan  n_updates: 1658.8
rcu 2 uperf
n_reads: nan  n_updates: 9634.98
rcu 3 uperf
n_reads: nan  n_updates: 22464.2
rcu 4 uperf
n_reads: nan  n_updates: 24110.5
rcu 6 uperf
n_reads: nan  n_updates: 35896.5
rcu 8 uperf
n_reads: nan  n_updates: 41761.9
rcu64 1 rperf
n_reads: 181.851  n_updates: nan
rcu64 2 rperf
n_reads: 187.371  n_updates: nan
rcu64 3 rperf
n_reads: 193.125  n_updates: nan
rcu64 4 rperf
n_reads: 203.066  n_updates: nan
rcu64 6 rperf
n_reads: 231.803  n_updates: nan
rcu64 8 rperf
n_reads: 255.787  n_updates: nan
rcu64 1 uperf
n_reads: nan  n_updates: 1510.73
rcu64 2 uperf
n_reads: nan  n_updates: 7833.52
rcu64 3 uperf
n_reads: nan  n_updates: 23962.6
rcu64 4 uperf
n_reads: nan  n_updates: 26399.5
rcu64 6 uperf
n_reads: nan  n_updates: 34923.3
rcu64 8 uperf
n_reads: nan  n_updates: 44574
rcu_lock 1 rperf
n_reads: 208.507  n_updates: nan
rcu_lock 2 rperf
n_reads: 1517.45  n_updates: nan
rcu_lock 3 rperf
n_reads: 2657.22  n_updates: nan
rcu_lock 4 rperf
n_reads: 4519.77  n_updates: nan
rcu_lock 6 rperf
n_reads: 5059.02  n_updates: nan
rcu_lock 8 rperf
n_reads: 4898.96  n_updates: nan
rcu_lock 1 uperf
n_reads: nan  n_updates: 241.256
rcu_lock 2 uperf
n_reads: nan  n_updates: 1204.97
rcu_lock 3 uperf
n_reads: nan  n_updates: 3334.19
rcu_lock 4 uperf
n_reads: nan  n_updates: 5111.53
rcu_lock 6 uperf
n_reads: nan  n_updates: 6197.23
rcu_lock 8 uperf
n_reads: nan  n_updates: 6295.9
rcu_lock_percpu 1 rperf
n_reads: 282.167  n_updates: nan
rcu_lock_percpu 2 rperf
n_reads: 293.945  n_updates: nan
rcu_lock_percpu 3 rperf
n_reads: 302.145  n_updates: nan
rcu_lock_percpu 4 rperf
n_reads: 311.721  n_updates: nan
rcu_lock_percpu 6 rperf
n_reads: 344.907  n_updates: nan
rcu_lock_percpu 8 rperf
n_reads: 371.644  n_updates: nan
rcu_lock_percpu 1 uperf
n_reads: nan  n_updates: 1951.38
rcu_lock_percpu 2 uperf
n_reads: nan  n_updates: 4218.79
rcu_lock_percpu 3 uperf
n_reads: nan  n_updates: 6278.69
rcu_lock_percpu 4 uperf
n_reads: nan  n_updates: 6554.49
rcu_lock_percpu 6 uperf
n_reads: nan  n_updates: 16053
rcu_lock_percpu 8 uperf
n_reads: nan  n_updates: 23086.6
rcu_nest 1 rperf
n_reads: 456.83  n_updates: nan
rcu_nest 2 rperf
n_reads: 480.077  n_updates: nan
rcu_nest 3 rperf
n_reads: 506.158  n_updates: nan
rcu_nest 4 rperf
n_reads: 530.645  n_updates: nan
rcu_nest 6 rperf
n_reads: 952.835  n_updates: nan
rcu_nest 8 rperf
n_reads: 668.729  n_updates: nan
rcu_nest 1 uperf
n_reads: nan  n_updates: 2810.72
rcu_nest 2 uperf
n_reads: nan  n_updates: 13547.6
rcu_nest 3 uperf
n_reads: nan  n_updates: 22977.9
rcu_nest 4 uperf
n_reads: nan  n_updates: 29465.3
rcu_nest 6 uperf
n_reads: nan  n_updates: 47195.4
rcu_nest 8 uperf
n_reads: nan  n_updates: 64374.4
rcu_nest_qs 1 rperf
n_reads: 294.811  n_updates: nan
rcu_nest_qs 2 rperf
n_reads: 324.517  n_updates: nan
rcu_nest_qs 3 rperf
n_reads: 349.936  n_updates: nan
rcu_nest_qs 4 rperf
n_reads: 381.461  n_updates: nan
rcu_nest_qs 6 rperf
n_reads: 457.352  n_updates: nan
rcu_nest_qs 8 rperf
n_reads: 514.701  n_updates: nan
rcu_nest_qs 1 uperf
n_reads: nan  n_updates: 2853.97
rcu_nest_qs 2 uperf
n_reads: nan  n_updates: 12820.4
rcu_nest_qs 3 uperf
n_reads: nan  n_updates: 22979.7
rcu_nest_qs 4 uperf
n_reads: nan  n_updates: 26967.6
rcu_nest_qs 6 uperf
n_reads: nan  n_updates: 47221.8
rcu_nest_qs 8 uperf
n_reads: nan  n_updates: 63893.7
rcu_qs 1 rperf
n_reads: 103.455  n_updates: nan
rcu_qs 2 rperf
n_reads: 112.721  n_updates: nan
rcu_qs 3 rperf
n_reads: 121.753  n_updates: nan
rcu_qs 4 rperf
n_reads: 132.793  n_updates: nan
rcu_qs 6 rperf
n_reads: 157.621  n_updates: nan
rcu_qs 8 rperf
n_reads: 179.901  n_updates: nan
rcu_qs 1 uperf
n_reads: nan  n_updates: 2836.2
rcu_qs 2 uperf
n_reads: nan  n_updates: 18806.5
rcu_qs 3 uperf
n_reads: nan  n_updates: 21754.9
rcu_qs 4 uperf
n_reads: nan  n_updates: 29840.9
rcu_qs 6 uperf
n_reads: nan  n_updates: 46879.4
rcu_qs 8 uperf
n_reads: nan  n_updates: 63692.7
rcu_rcg 1 rperf
n_reads: 212.721  n_updates: nan
rcu_rcg 2 rperf
n_reads: 732.332  n_updates: nan
rcu_rcg 3 rperf
n_reads: 832.639  n_updates: nan
rcu_rcg 4 rperf
n_reads: 1070.95  n_updates: nan
rcu_rcg 6 rperf
n_reads: 1440.58  n_updates: nan
rcu_rcg 8 rperf
n_reads: 1909.31  n_updates: nan
rcu_rcg 1 uperf
n_reads: nan  n_updates: 145.852
rcu_rcg 2 uperf
n_reads: nan  n_updates: 150.064
rcu_rcg 3 uperf
n_reads: nan  n_updates: 154.524
rcu_rcg 4 uperf
n_reads: nan  n_updates: 160.996
rcu_rcg 6 uperf
n_reads: nan  n_updates: 174.234
rcu_rcg 8 uperf
n_reads: nan  n_updates: 185.614
rcu_rcpg 1 rperf
n_reads: 459.559  n_updates: nan
rcu_rcpg 2 rperf
n_reads: 1431.64  n_updates: nan
rcu_rcpg 3 rperf
n_reads: 1468.43  n_updates: nan
rcu_rcpg 4 rperf
n_reads: 1738.37  n_updates: nan
rcu_rcpg 6 rperf
n_reads: 1861.62  n_updates: nan
rcu_rcpg 8 rperf
n_reads: 2037.18  n_updates: nan
rcu_rcpg 1 uperf
n_reads: nan  n_updates: 464.783
rcu_rcpg 2 uperf
n_reads: nan  n_updates: 6336.57
rcu_rcpg 3 uperf
n_reads: nan  n_updates: 9553.5
rcu_rcpg 4 uperf
n_reads: nan  n_updates: 13805.1
rcu_rcpg 6 uperf
n_reads: nan  n_updates: 16215.5
rcu_rcpg 8 uperf
n_reads: nan  n_updates: 18057.4
rcu_rcpl 1 rperf
n_reads: 434.783  n_updates: nan
rcu_rcpl 2 rperf
n_reads: 469.704  n_updates: nan
rcu_rcpl 3 rperf
n_reads: 504.456  n_updates: nan
rcu_rcpl 4 rperf
n_reads: 537.634  n_updates: nan
rcu_rcpl 6 rperf
n_reads: 645.647  n_updates: nan
rcu_rcpl 8 rperf
n_reads: 730.994  n_updates: nan
rcu_rcpl 1 uperf
n_reads: nan  n_updates: 2771.86
rcu_rcpl 2 uperf
n_reads: nan  n_updates: 12426
rcu_rcpl 3 uperf
n_reads: nan  n_updates: 16742.6
rcu_rcpl 4 uperf
n_reads: nan  n_updates: 29084.8
rcu_rcpl 6 uperf
n_reads: nan  n_updates: 52729.2
rcu_rcpl 8 uperf
n_reads: nan  n_updates: 72039.6
rcu_rcpls 1 rperf
n_reads: 436.11  n_updates: nan
rcu_rcpls 2 rperf
n_reads: 474.496  n_updates: nan
rcu_rcpls 3 rperf
n_reads: 508.733  n_updates: nan
rcu_rcpls 4 rperf
n_reads: 538.43  n_updates: nan
rcu_rcpls 6 rperf
n_reads: 644.122  n_updates: nan
rcu_rcpls 8 rperf
n_reads: 732.735  n_updates: nan
rcu_rcpls 1 uperf
n_reads: nan  n_updates: 2967.82
rcu_rcpls 2 uperf
n_reads: nan  n_updates: 13266.5
rcu_rcpls 3 uperf
n_reads: nan  n_updates: 16399.3
rcu_rcpls 4 uperf
n_reads: nan  n_updates: 26845.6
rcu_rcpls 6 uperf
n_reads: nan  n_updates: 44785.8
rcu_rcpls 8 uperf
n_reads: nan  n_updates: 63623.3
rcu_ts 1 rperf
n_reads: 356.379  n_updates: nan
rcu_ts 2 rperf
n_reads: 363.24  n_updates: nan
rcu_ts 3 rperf
n_reads: 374.251  n_updates: nan
rcu_ts 4 rperf
n_reads: 379.651  n_updates: nan
rcu_ts 6 rperf
n_reads: 408.97  n_updates: nan
rcu_ts 8 rperf
n_reads: 431.36  n_updates: nan
rcu_ts 1 uperf
n_reads: nan  n_updates: 1715.06
rcu_ts 2 uperf
n_reads: nan  n_updates: 8118
rcu_ts 3 uperf
n_reads: nan  n_updates: 21960.6
rcu_ts 4 uperf
n_reads: nan  n_updates: 26853.9
rcu_ts 6 uperf
n_reads: nan  n_updates: 35837.6
rcu_ts 8 uperf
n_reads: nan  n_updates: 42895.4
