rcu 1 rperf
n_reads: 73367000  n_updates: 0  nreaders: 1  nupdaters: 0 duration: 10
n_reads: 136.301  n_updates: nan
rcu 2 rperf
n_reads: 114647000  n_updates: 0  nreaders: 2  nupdaters: 0 duration: 10
n_reads: 174.449  n_updates: nan
rcu 3 rperf
n_reads: 182382000  n_updates: 0  nreaders: 3  nupdaters: 0 duration: 10
n_reads: 164.49  n_updates: nan
rcu 4 rperf
n_reads: 225647000  n_updates: 0  nreaders: 4  nupdaters: 0 duration: 10
n_reads: 177.268  n_updates: nan
rcu 6 rperf
n_reads: 341132000  n_updates: 0  nreaders: 6  nupdaters: 0 duration: 10
n_reads: 175.885  n_updates: nan
rcu 8 rperf
n_reads: 448831000  n_updates: 0  nreaders: 8  nupdaters: 0 duration: 10
n_reads: 178.241  n_updates: nan
rcu 12 rperf
n_reads: 663332000  n_updates: 0  nreaders: 12  nupdaters: 0 duration: 10
n_reads: 180.905  n_updates: nan
rcu 16 rperf
n_reads: 892209000  n_updates: 0  nreaders: 16  nupdaters: 0 duration: 10
n_reads: 179.33  n_updates: nan
rcu 24 rperf
n_reads: 1313912000  n_updates: 0  nreaders: 24  nupdaters: 0 duration: 10
n_reads: 182.661  n_updates: nan
rcu 32 rperf
n_reads: 1786030000  n_updates: 0  nreaders: 32  nupdaters: 0 duration: 10
n_reads: 179.168  n_updates: nan
rcu 48 rperf
n_reads: 2623186000  n_updates: 0  nreaders: 48  nupdaters: 0 duration: 10
n_reads: 182.984  n_updates: nan
rcu 64 rperf
n_reads: 3562560000  n_updates: 0  nreaders: 64  nupdaters: 0 duration: 10
n_reads: 179.646  n_updates: nan
rcu 1 uperf
n_reads: 0  n_updates: 4968546  nreaders: 0  nupdaters: 1 duration: 10
n_reads: nan  n_updates: 2012.66
rcu 2 uperf
n_reads: 0  n_updates: 2693364  nreaders: 0  nupdaters: 2 duration: 10
n_reads: nan  n_updates: 7425.66
rcu 3 uperf
n_reads: 0  n_updates: 2894182  nreaders: 0  nupdaters: 3 duration: 10
n_reads: nan  n_updates: 10365.6
rcu 4 uperf
n_reads: 0  n_updates: 3069253  nreaders: 0  nupdaters: 4 duration: 10
n_reads: nan  n_updates: 13032.5
rcu 6 uperf
n_reads: 0  n_updates: 2875291  nreaders: 0  nupdaters: 6 duration: 10
n_reads: nan  n_updates: 20867.5
rcu 8 uperf
n_reads: 0  n_updates: 2979300  nreaders: 0  nupdaters: 8 duration: 10
n_reads: nan  n_updates: 26851.9
rcu 12 uperf
n_reads: 0  n_updates: 2975709  nreaders: 0  nupdaters: 12 duration: 10
n_reads: nan  n_updates: 40326.5
rcu 16 uperf
n_reads: 0  n_updates: 2955656  nreaders: 0  nupdaters: 16 duration: 10
n_reads: nan  n_updates: 54133.5
rcu 24 uperf
n_reads: 0  n_updates: 2952977  nreaders: 0  nupdaters: 24 duration: 10
n_reads: nan  n_updates: 81273.9
rcu 32 uperf
n_reads: 0  n_updates: 2944673  nreaders: 0  nupdaters: 32 duration: 10
n_reads: nan  n_updates: 108671
rcu 48 uperf
n_reads: 0  n_updates: 2944195  nreaders: 0  nupdaters: 48 duration: 10
n_reads: nan  n_updates: 163033
rcu 64 uperf
n_reads: 0  n_updates: 2934565  nreaders: 0  nupdaters: 64 duration: 10
n_reads: nan  n_updates: 218090
rcu64 1 rperf
n_reads: 71413000  n_updates: 0  nreaders: 1  nupdaters: 0 duration: 10
n_reads: 140.031  n_updates: nan
rcu64 2 rperf
n_reads: 116098000  n_updates: 0  nreaders: 2  nupdaters: 0 duration: 10
n_reads: 172.268  n_updates: nan
rcu64 3 rperf
n_reads: 187131000  n_updates: 0  nreaders: 3  nupdaters: 0 duration: 10
n_reads: 160.316  n_updates: nan
rcu64 4 rperf
n_reads: 214534000  n_updates: 0  nreaders: 4  nupdaters: 0 duration: 10
n_reads: 186.451  n_updates: nan
rcu64 6 rperf
n_reads: 344875000  n_updates: 0  nreaders: 6  nupdaters: 0 duration: 10
n_reads: 173.976  n_updates: nan
rcu64 8 rperf
n_reads: 444974000  n_updates: 0  nreaders: 8  nupdaters: 0 duration: 10
n_reads: 179.786  n_updates: nan
rcu64 12 rperf
n_reads: 671044000  n_updates: 0  nreaders: 12  nupdaters: 0 duration: 10
n_reads: 178.826  n_updates: nan
rcu64 16 rperf
n_reads: 905976000  n_updates: 0  nreaders: 16  nupdaters: 0 duration: 10
n_reads: 176.605  n_updates: nan
rcu64 24 rperf
n_reads: 1312240000  n_updates: 0  nreaders: 24  nupdaters: 0 duration: 10
n_reads: 182.893  n_updates: nan
rcu64 32 rperf
n_reads: 1736422000  n_updates: 0  nreaders: 32  nupdaters: 0 duration: 10
n_reads: 184.287  n_updates: nan
rcu64 48 rperf
n_reads: 2670786000  n_updates: 0  nreaders: 48  nupdaters: 0 duration: 10
n_reads: 179.722  n_updates: nan
rcu64 64 rperf
n_reads: 3545032000  n_updates: 0  nreaders: 64  nupdaters: 0 duration: 10
n_reads: 180.534  n_updates: nan
rcu64 1 uperf
n_reads: 0  n_updates: 4465628  nreaders: 0  nupdaters: 1 duration: 10
n_reads: nan  n_updates: 2239.33
rcu64 2 uperf
n_reads: 0  n_updates: 2013291  nreaders: 0  nupdaters: 2 duration: 10
n_reads: nan  n_updates: 9933.98
rcu64 3 uperf
n_reads: 0  n_updates: 2390218  nreaders: 0  nupdaters: 3 duration: 10
n_reads: nan  n_updates: 12551.2
rcu64 4 uperf
n_reads: 0  n_updates: 2758984  nreaders: 0  nupdaters: 4 duration: 10
n_reads: nan  n_updates: 14498.1
rcu64 6 uperf
n_reads: 0  n_updates: 2669061  nreaders: 0  nupdaters: 6 duration: 10
n_reads: nan  n_updates: 22479.8
rcu64 8 uperf
n_reads: 0  n_updates: 2841911  nreaders: 0  nupdaters: 8 duration: 10
n_reads: nan  n_updates: 28150.1
rcu64 12 uperf
n_reads: 0  n_updates: 2798823  nreaders: 0  nupdaters: 12 duration: 10
n_reads: nan  n_updates: 42875.2
rcu64 16 uperf
n_reads: 0  n_updates: 2811164  nreaders: 0  nupdaters: 16 duration: 10
n_reads: nan  n_updates: 56915.9
rcu64 24 uperf
n_reads: 0  n_updates: 2821834  nreaders: 0  nupdaters: 24 duration: 10
n_reads: nan  n_updates: 85051.1
rcu64 32 uperf
n_reads: 0  n_updates: 2804830  nreaders: 0  nupdaters: 32 duration: 10
n_reads: nan  n_updates: 114089
rcu64 48 uperf
n_reads: 0  n_updates: 2812184  nreaders: 0  nupdaters: 48 duration: 10
n_reads: nan  n_updates: 170686
rcu64 64 uperf
n_reads: 0  n_updates: 2792578  nreaders: 0  nupdaters: 64 duration: 10
n_reads: nan  n_updates: 229179
rcu_lock 1 rperf
n_reads: 92189000  n_updates: 0  nreaders: 1  nupdaters: 0 duration: 10
n_reads: 108.473  n_updates: nan
rcu_lock 2 rperf
n_reads: 26021000  n_updates: 0  nreaders: 2  nupdaters: 0 duration: 10
n_reads: 768.61  n_updates: nan
rcu_lock 3 rperf
n_reads: 38488000  n_updates: 0  nreaders: 3  nupdaters: 0 duration: 10
n_reads: 779.464  n_updates: nan
rcu_lock 4 rperf
n_reads: 29227000  n_updates: 0  nreaders: 4  nupdaters: 0 duration: 10
n_reads: 1368.6  n_updates: nan
rcu_lock 6 rperf
n_reads: 19371000  n_updates: 0  nreaders: 6  nupdaters: 0 duration: 10
n_reads: 3097.41  n_updates: nan
rcu_lock 8 rperf
n_reads: 17938000  n_updates: 0  nreaders: 8  nupdaters: 0 duration: 10
n_reads: 4459.81  n_updates: nan
rcu_lock 12 rperf
n_reads: 17407000  n_updates: 0  nreaders: 12  nupdaters: 0 duration: 10
n_reads: 6893.78  n_updates: nan
rcu_lock 16 rperf
n_reads: 18329000  n_updates: 0  nreaders: 16  nupdaters: 0 duration: 10
n_reads: 8729.34  n_updates: nan
rcu_lock 24 rperf
n_reads: 19286000  n_updates: 0  nreaders: 24  nupdaters: 0 duration: 10
n_reads: 12444.3  n_updates: nan
rcu_lock 32 rperf
n_reads: 18578000  n_updates: 0  nreaders: 32  nupdaters: 0 duration: 10
n_reads: 17224.7  n_updates: nan
rcu_lock 48 rperf
n_reads: 17922000  n_updates: 0  nreaders: 48  nupdaters: 0 duration: 10
n_reads: 26782.7  n_updates: nan
rcu_lock 64 rperf
n_reads: 18783000  n_updates: 0  nreaders: 64  nupdaters: 0 duration: 10
n_reads: 34073.4  n_updates: nan
rcu_lock 1 uperf
n_reads: 0  n_updates: 64806472  nreaders: 0  nupdaters: 1 duration: 10
n_reads: nan  n_updates: 154.306
rcu_lock 2 uperf
n_reads: 0  n_updates: 37248927  nreaders: 0  nupdaters: 2 duration: 10
n_reads: nan  n_updates: 536.928
rcu_lock 3 uperf
n_reads: 0  n_updates: 24306976  nreaders: 0  nupdaters: 3 duration: 10
n_reads: nan  n_updates: 1234.21
rcu_lock 4 uperf
n_reads: 0  n_updates: 22946192  nreaders: 0  nupdaters: 4 duration: 10
n_reads: nan  n_updates: 1743.21
rcu_lock 6 uperf
n_reads: 0  n_updates: 18683938  nreaders: 0  nupdaters: 6 duration: 10
n_reads: nan  n_updates: 3211.31
rcu_lock 8 uperf
n_reads: 0  n_updates: 20231562  nreaders: 0  nupdaters: 8 duration: 10
n_reads: nan  n_updates: 3954.22
rcu_lock 12 uperf
n_reads: 0  n_updates: 23609233  nreaders: 0  nupdaters: 12 duration: 10
n_reads: nan  n_updates: 5082.76
rcu_lock 16 uperf
n_reads: 0  n_updates: 25443426  nreaders: 0  nupdaters: 16 duration: 10
n_reads: nan  n_updates: 6288.46
rcu_lock 24 uperf
n_reads: 0  n_updates: 26804697  nreaders: 0  nupdaters: 24 duration: 10
n_reads: nan  n_updates: 8953.65
rcu_lock 32 uperf
n_reads: 0  n_updates: 27544158  nreaders: 0  nupdaters: 32 duration: 10
n_reads: nan  n_updates: 11617.7
rcu_lock 48 uperf
n_reads: 0  n_updates: 27798601  nreaders: 0  nupdaters: 48 duration: 10
n_reads: nan  n_updates: 17267.1
rcu_lock 64 uperf
n_reads: 0  n_updates: 27031058  nreaders: 0  nupdaters: 64 duration: 10
n_reads: nan  n_updates: 23676.5
rcu_lock_percpu 1 rperf
n_reads: 48739000  n_updates: 0  nreaders: 1  nupdaters: 0 duration: 10
n_reads: 205.175  n_updates: nan
rcu_lock_percpu 2 rperf
n_reads: 83188000  n_updates: 0  nreaders: 2  nupdaters: 0 duration: 10
n_reads: 240.419  n_updates: nan
rcu_lock_percpu 3 rperf
n_reads: 119500000  n_updates: 0  nreaders: 3  nupdaters: 0 duration: 10
n_reads: 251.046  n_updates: nan
rcu_lock_percpu 4 rperf
n_reads: 160710000  n_updates: 0  nreaders: 4  nupdaters: 0 duration: 10
n_reads: 248.896  n_updates: nan
rcu_lock_percpu 6 rperf
n_reads: 226375000  n_updates: 0  nreaders: 6  nupdaters: 0 duration: 10
n_reads: 265.047  n_updates: nan
rcu_lock_percpu 8 rperf
n_reads: 311423000  n_updates: 0  nreaders: 8  nupdaters: 0 duration: 10
n_reads: 256.885  n_updates: nan
rcu_lock_percpu 12 rperf
n_reads: 403227000  n_updates: 0  nreaders: 12  nupdaters: 0 duration: 10
n_reads: 297.599  n_updates: nan
rcu_lock_percpu 16 rperf
n_reads: 480593000  n_updates: 0  nreaders: 16  nupdaters: 0 duration: 10
n_reads: 332.922  n_updates: nan
rcu_lock_percpu 24 rperf
n_reads: 673658000  n_updates: 0  nreaders: 24  nupdaters: 0 duration: 10
n_reads: 356.264  n_updates: nan
rcu_lock_percpu 32 rperf
n_reads: 858013000  n_updates: 0  nreaders: 32  nupdaters: 0 duration: 10
n_reads: 372.955  n_updates: nan
rcu_lock_percpu 48 rperf
n_reads: 1227913000  n_updates: 0  nreaders: 48  nupdaters: 0 duration: 10
n_reads: 390.907  n_updates: nan
rcu_lock_percpu 64 rperf
n_reads: 1596647000  n_updates: 0  nreaders: 64  nupdaters: 0 duration: 10
n_reads: 400.84  n_updates: nan
rcu_lock_percpu 1 uperf
n_reads: 0  n_updates: 4625308  nreaders: 0  nupdaters: 1 duration: 10
n_reads: nan  n_updates: 2162.02
rcu_lock_percpu 2 uperf
n_reads: 0  n_updates: 7477520  nreaders: 0  nupdaters: 2 duration: 10
n_reads: nan  n_updates: 2674.68
rcu_lock_percpu 3 uperf
n_reads: 0  n_updates: 9649265  nreaders: 0  nupdaters: 3 duration: 10
n_reads: nan  n_updates: 3109.05
rcu_lock_percpu 4 uperf
n_reads: 0  n_updates: 11540713  nreaders: 0  nupdaters: 4 duration: 10
n_reads: nan  n_updates: 3465.99
rcu_lock_percpu 6 uperf
n_reads: 0  n_updates: 13060392  nreaders: 0  nupdaters: 6 duration: 10
n_reads: nan  n_updates: 4594.04
rcu_lock_percpu 8 uperf
n_reads: 0  n_updates: 12248761  nreaders: 0  nupdaters: 8 duration: 10
n_reads: nan  n_updates: 6531.27
rcu_lock_percpu 12 uperf
n_reads: 0  n_updates: 10205034  nreaders: 0  nupdaters: 12 duration: 10
n_reads: nan  n_updates: 11758.9
rcu_lock_percpu 16 uperf
n_reads: 0  n_updates: 9078079  nreaders: 0  nupdaters: 16 duration: 10
n_reads: nan  n_updates: 17624.9
rcu_lock_percpu 24 uperf
n_reads: 0  n_updates: 8238116  nreaders: 0  nupdaters: 24 duration: 10
n_reads: nan  n_updates: 29132.9
rcu_lock_percpu 32 uperf
n_reads: 0  n_updates: 7612964  nreaders: 0  nupdaters: 32 duration: 10
n_reads: nan  n_updates: 42033.6
rcu_lock_percpu 48 uperf
n_reads: 0  n_updates: 6392267  nreaders: 0  nupdaters: 48 duration: 10
n_reads: nan  n_updates: 75090.7
rcu_lock_percpu 64 uperf
n_reads: 0  n_updates: 5609650  nreaders: 0  nupdaters: 64 duration: 10
n_reads: nan  n_updates: 114089
rcu_nest 1 rperf
n_reads: 26733000  n_updates: 0  nreaders: 1  nupdaters: 0 duration: 10
n_reads: 374.07  n_updates: nan
rcu_nest 2 rperf
n_reads: 40256000  n_updates: 0  nreaders: 2  nupdaters: 0 duration: 10
n_reads: 496.82  n_updates: nan
rcu_nest 3 rperf
n_reads: 60945000  n_updates: 0  nreaders: 3  nupdaters: 0 duration: 10
n_reads: 492.247  n_updates: nan
rcu_nest 4 rperf
n_reads: 78213000  n_updates: 0  nreaders: 4  nupdaters: 0 duration: 10
n_reads: 511.424  n_updates: nan
rcu_nest 6 rperf
n_reads: 119392000  n_updates: 0  nreaders: 6  nupdaters: 0 duration: 10
n_reads: 502.546  n_updates: nan
rcu_nest 8 rperf
n_reads: 158594000  n_updates: 0  nreaders: 8  nupdaters: 0 duration: 10
n_reads: 504.433  n_updates: nan
rcu_nest 12 rperf
n_reads: 236293000  n_updates: 0  nreaders: 12  nupdaters: 0 duration: 10
n_reads: 507.844  n_updates: nan
rcu_nest 16 rperf
n_reads: 311307000  n_updates: 0  nreaders: 16  nupdaters: 0 duration: 10
n_reads: 513.962  n_updates: nan
rcu_nest 24 rperf
n_reads: 470069000  n_updates: 0  nreaders: 24  nupdaters: 0 duration: 10
n_reads: 510.563  n_updates: nan
rcu_nest 32 rperf
n_reads: 622814000  n_updates: 0  nreaders: 32  nupdaters: 0 duration: 10
n_reads: 513.797  n_updates: nan
rcu_nest 48 rperf
n_reads: 932264000  n_updates: 0  nreaders: 48  nupdaters: 0 duration: 10
n_reads: 514.876  n_updates: nan
rcu_nest 64 rperf
n_reads: 1241379000  n_updates: 0  nreaders: 64  nupdaters: 0 duration: 10
n_reads: 515.556  n_updates: nan
rcu_nest 1 uperf
n_reads: 0  n_updates: 2386181  nreaders: 0  nupdaters: 1 duration: 10
n_reads: nan  n_updates: 4190.8
rcu_nest 2 uperf
n_reads: 0  n_updates: 1589585  nreaders: 0  nupdaters: 2 duration: 10
n_reads: nan  n_updates: 12581.9
rcu_nest 3 uperf
n_reads: 0  n_updates: 1652263  nreaders: 0  nupdaters: 3 duration: 10
n_reads: nan  n_updates: 18156.9
rcu_nest 4 uperf
n_reads: 0  n_updates: 1590546  nreaders: 0  nupdaters: 4 duration: 10
n_reads: nan  n_updates: 25148.6
rcu_nest 6 uperf
n_reads: 0  n_updates: 1545714  nreaders: 0  nupdaters: 6 duration: 10
n_reads: nan  n_updates: 38817
rcu_nest 8 uperf
n_reads: 0  n_updates: 1530044  nreaders: 0  nupdaters: 8 duration: 10
n_reads: nan  n_updates: 52286.1
rcu_nest 12 uperf
n_reads: 0  n_updates: 1528838  nreaders: 0  nupdaters: 12 duration: 10
n_reads: nan  n_updates: 78491
rcu_nest 16 uperf
n_reads: 0  n_updates: 1515206  nreaders: 0  nupdaters: 16 duration: 10
n_reads: nan  n_updates: 105596
rcu_nest 24 uperf
n_reads: 0  n_updates: 1512658  nreaders: 0  nupdaters: 24 duration: 10
n_reads: nan  n_updates: 158661
rcu_nest 32 uperf
n_reads: 0  n_updates: 1498296  nreaders: 0  nupdaters: 32 duration: 10
n_reads: nan  n_updates: 213576
rcu_nest 48 uperf
n_reads: 0  n_updates: 1503499  nreaders: 0  nupdaters: 48 duration: 10
n_reads: nan  n_updates: 319255
rcu_nest 64 uperf
n_reads: 0  n_updates: 1491239  nreaders: 0  nupdaters: 64 duration: 10
n_reads: nan  n_updates: 429173
rcu_nest_qs 1 rperf
n_reads: 37120000  n_updates: 0  nreaders: 1  nupdaters: 0 duration: 10
n_reads: 269.397  n_updates: nan
rcu_nest_qs 2 rperf
n_reads: 50514000  n_updates: 0  nreaders: 2  nupdaters: 0 duration: 10
n_reads: 395.93  n_updates: nan
rcu_nest_qs 3 rperf
n_reads: 87693000  n_updates: 0  nreaders: 3  nupdaters: 0 duration: 10
n_reads: 342.103  n_updates: nan
rcu_nest_qs 4 rperf
n_reads: 101073000  n_updates: 0  nreaders: 4  nupdaters: 0 duration: 10
n_reads: 395.754  n_updates: nan
rcu_nest_qs 6 rperf
n_reads: 151475000  n_updates: 0  nreaders: 6  nupdaters: 0 duration: 10
n_reads: 396.105  n_updates: nan
rcu_nest_qs 8 rperf
n_reads: 198758000  n_updates: 0  nreaders: 8  nupdaters: 0 duration: 10
n_reads: 402.5  n_updates: nan
rcu_nest_qs 12 rperf
n_reads: 303267000  n_updates: 0  nreaders: 12  nupdaters: 0 duration: 10
n_reads: 395.691  n_updates: nan
rcu_nest_qs 16 rperf
n_reads: 403960000  n_updates: 0  nreaders: 16  nupdaters: 0 duration: 10
n_reads: 396.079  n_updates: nan
rcu_nest_qs 24 rperf
n_reads: 604773000  n_updates: 0  nreaders: 24  nupdaters: 0 duration: 10
n_reads: 396.843  n_updates: nan
rcu_nest_qs 32 rperf
n_reads: 807645000  n_updates: 0  nreaders: 32  nupdaters: 0 duration: 10
n_reads: 396.214  n_updates: nan
rcu_nest_qs 48 rperf
n_reads: 1210769000  n_updates: 0  nreaders: 48  nupdaters: 0 duration: 10
n_reads: 396.442  n_updates: nan
rcu_nest_qs 64 rperf
n_reads: 1615150000  n_updates: 0  nreaders: 64  nupdaters: 0 duration: 10
n_reads: 396.248  n_updates: nan
rcu_nest_qs 1 uperf
n_reads: 0  n_updates: 2181831  nreaders: 0  nupdaters: 1 duration: 10
n_reads: nan  n_updates: 4583.31
rcu_nest_qs 2 uperf
n_reads: 0  n_updates: 1469589  nreaders: 0  nupdaters: 2 duration: 10
n_reads: nan  n_updates: 13609.2
rcu_nest_qs 3 uperf
n_reads: 0  n_updates: 1433400  nreaders: 0  nupdaters: 3 duration: 10
n_reads: nan  n_updates: 20929.3
rcu_nest_qs 4 uperf
n_reads: 0  n_updates: 1474132  nreaders: 0  nupdaters: 4 duration: 10
n_reads: nan  n_updates: 27134.6
rcu_nest_qs 6 uperf
n_reads: 0  n_updates: 1460433  nreaders: 0  nupdaters: 6 duration: 10
n_reads: nan  n_updates: 41083.7
rcu_nest_qs 8 uperf
n_reads: 0  n_updates: 1396610  nreaders: 0  nupdaters: 8 duration: 10
n_reads: nan  n_updates: 57281.6
rcu_nest_qs 12 uperf
n_reads: 0  n_updates: 1407185  nreaders: 0  nupdaters: 12 duration: 10
n_reads: nan  n_updates: 85276.6
rcu_nest_qs 16 uperf
n_reads: 0  n_updates: 1406568  nreaders: 0  nupdaters: 16 duration: 10
n_reads: nan  n_updates: 113752
rcu_nest_qs 24 uperf
n_reads: 0  n_updates: 1431955  nreaders: 0  nupdaters: 24 duration: 10
n_reads: nan  n_updates: 167603
rcu_nest_qs 32 uperf
n_reads: 0  n_updates: 1418860  nreaders: 0  nupdaters: 32 duration: 10
n_reads: nan  n_updates: 225533
rcu_nest_qs 48 uperf
n_reads: 0  n_updates: 1400368  nreaders: 0  nupdaters: 48 duration: 10
n_reads: nan  n_updates: 342767
rcu_nest_qs 64 uperf
n_reads: 0  n_updates: 1401800  nreaders: 0  nupdaters: 64 duration: 10
n_reads: nan  n_updates: 456556
rcu_qs 1 rperf
n_reads: 114173000  n_updates: 0  nreaders: 1  nupdaters: 0 duration: 10
n_reads: 87.5864  n_updates: nan
rcu_qs 2 rperf
n_reads: 145782000  n_updates: 0  nreaders: 2  nupdaters: 0 duration: 10
n_reads: 137.191  n_updates: nan
rcu_qs 3 rperf
n_reads: 260120000  n_updates: 0  nreaders: 3  nupdaters: 0 duration: 10
n_reads: 115.331  n_updates: nan
rcu_qs 4 rperf
n_reads: 291798000  n_updates: 0  nreaders: 4  nupdaters: 0 duration: 10
n_reads: 137.081  n_updates: nan
rcu_qs 6 rperf
n_reads: 437726000  n_updates: 0  nreaders: 6  nupdaters: 0 duration: 10
n_reads: 137.072  n_updates: nan
rcu_qs 8 rperf
n_reads: 582344000  n_updates: 0  nreaders: 8  nupdaters: 0 duration: 10
n_reads: 137.376  n_updates: nan
rcu_qs 12 rperf
n_reads: 873898000  n_updates: 0  nreaders: 12  nupdaters: 0 duration: 10
n_reads: 137.316  n_updates: nan
rcu_qs 16 rperf
n_reads: 1167226000  n_updates: 0  nreaders: 16  nupdaters: 0 duration: 10
n_reads: 137.077  n_updates: nan
rcu_qs 24 rperf
n_reads: 1749332000  n_updates: 0  nreaders: 24  nupdaters: 0 duration: 10
n_reads: 137.195  n_updates: nan
rcu_qs 32 rperf
n_reads: 2333464000  n_updates: 0  nreaders: 32  nupdaters: 0 duration: 10
n_reads: 137.135  n_updates: nan
rcu_qs 48 rperf
n_reads: 3502846000  n_updates: 0  nreaders: 48  nupdaters: 0 duration: 10
n_reads: 137.031  n_updates: nan
rcu_qs 64 rperf
n_reads: 4670196000  n_updates: 0  nreaders: 64  nupdaters: 0 duration: 10
n_reads: 137.039  n_updates: nan
rcu_qs 1 uperf
n_reads: 0  n_updates: 3110115  nreaders: 0  nupdaters: 1 duration: 10
n_reads: nan  n_updates: 3215.32
rcu_qs 2 uperf
n_reads: 0  n_updates: 1986864  nreaders: 0  nupdaters: 2 duration: 10
n_reads: nan  n_updates: 10066.1
rcu_qs 3 uperf
n_reads: 0  n_updates: 1779201  nreaders: 0  nupdaters: 3 duration: 10
n_reads: nan  n_updates: 16861.5
rcu_qs 4 uperf
n_reads: 0  n_updates: 1790230  nreaders: 0  nupdaters: 4 duration: 10
n_reads: nan  n_updates: 22343.5
rcu_qs 6 uperf
n_reads: 0  n_updates: 1739925  nreaders: 0  nupdaters: 6 duration: 10
n_reads: nan  n_updates: 34484.2
rcu_qs 8 uperf
n_reads: 0  n_updates: 1747439  nreaders: 0  nupdaters: 8 duration: 10
n_reads: nan  n_updates: 45781.3
rcu_qs 12 uperf
n_reads: 0  n_updates: 1692775  nreaders: 0  nupdaters: 12 duration: 10
n_reads: nan  n_updates: 70889.5
rcu_qs 16 uperf
n_reads: 0  n_updates: 1668440  nreaders: 0  nupdaters: 16 duration: 10
n_reads: nan  n_updates: 95898
rcu_qs 24 uperf
n_reads: 0  n_updates: 1692135  nreaders: 0  nupdaters: 24 duration: 10
n_reads: nan  n_updates: 141833
rcu_qs 32 uperf
n_reads: 0  n_updates: 1671522  nreaders: 0  nupdaters: 32 duration: 10
n_reads: nan  n_updates: 191442
rcu_qs 48 uperf
n_reads: 0  n_updates: 1677365  nreaders: 0  nupdaters: 48 duration: 10
n_reads: nan  n_updates: 286163
rcu_qs 64 uperf
n_reads: 0  n_updates: 1687831  nreaders: 0  nupdaters: 64 duration: 10
n_reads: nan  n_updates: 379185
rcu_rcg 1 rperf
n_reads: 66877000  n_updates: 0  nreaders: 1  nupdaters: 0 duration: 10
n_reads: 149.528  n_updates: nan
rcu_rcg 2 rperf
n_reads: 101483000  n_updates: 0  nreaders: 2  nupdaters: 0 duration: 10
n_reads: 197.077  n_updates: nan
rcu_rcg 3 rperf
n_reads: 99558000  n_updates: 0  nreaders: 3  nupdaters: 0 duration: 10
n_reads: 301.332  n_updates: nan
rcu_rcg 4 rperf
n_reads: 106947000  n_updates: 0  nreaders: 4  nupdaters: 0 duration: 10
n_reads: 374.017  n_updates: nan
rcu_rcg 6 rperf
n_reads: 79702000  n_updates: 0  nreaders: 6  nupdaters: 0 duration: 10
n_reads: 752.804  n_updates: nan
rcu_rcg 8 rperf
n_reads: 85586000  n_updates: 0  nreaders: 8  nupdaters: 0 duration: 10
n_reads: 934.732  n_updates: nan
rcu_rcg 12 rperf
n_reads: 65221000  n_updates: 0  nreaders: 12  nupdaters: 0 duration: 10
n_reads: 1839.9  n_updates: nan
rcu_rcg 16 rperf
n_reads: 65678000  n_updates: 0  nreaders: 16  nupdaters: 0 duration: 10
n_reads: 2436.13  n_updates: nan
rcu_rcg 24 rperf
n_reads: 56680000  n_updates: 0  nreaders: 24  nupdaters: 0 duration: 10
n_reads: 4234.3  n_updates: nan
rcu_rcg 32 rperf
n_reads: 48120000  n_updates: 0  nreaders: 32  nupdaters: 0 duration: 10
n_reads: 6650.04  n_updates: nan
rcu_rcg 48 rperf
n_reads: 37412000  n_updates: 0  nreaders: 48  nupdaters: 0 duration: 10
n_reads: 12830.1  n_updates: nan
rcu_rcg 64 rperf
n_reads: 30467000  n_updates: 0  nreaders: 64  nupdaters: 0 duration: 10
n_reads: 21006.3  n_updates: nan
rcu_rcg 1 uperf
n_reads: 0  n_updates: 112748611  nreaders: 0  nupdaters: 1 duration: 10
n_reads: nan  n_updates: 88.6929
rcu_rcg 2 uperf
n_reads: 0  n_updates: 225130748  nreaders: 0  nupdaters: 2 duration: 10
n_reads: nan  n_updates: 88.8373
rcu_rcg 3 uperf
n_reads: 0  n_updates: 334760708  nreaders: 0  nupdaters: 3 duration: 10
n_reads: nan  n_updates: 89.6163
rcu_rcg 4 uperf
n_reads: 0  n_updates: 436579388  nreaders: 0  nupdaters: 4 duration: 10
n_reads: nan  n_updates: 91.6214
rcu_rcg 6 uperf
n_reads: 0  n_updates: 668058999  nreaders: 0  nupdaters: 6 duration: 10
n_reads: nan  n_updates: 89.8124
rcu_rcg 8 uperf
n_reads: 0  n_updates: 864697626  nreaders: 0  nupdaters: 8 duration: 10
n_reads: nan  n_updates: 92.5179
rcu_rcg 12 uperf
n_reads: 0  n_updates: 1319374784  nreaders: 0  nupdaters: 12 duration: 10
n_reads: nan  n_updates: 90.9522
rcu_rcg 16 uperf
n_reads: 0  n_updates: 1784198740  nreaders: 0  nupdaters: 16 duration: 10
n_reads: nan  n_updates: 89.6761
rcu_rcg 24 uperf
n_reads: 0  n_updates: 2653755008  nreaders: 0  nupdaters: 24 duration: 10
n_reads: nan  n_updates: 90.4379
rcu_rcg 32 uperf
n_reads: 0  n_updates: 3512458552  nreaders: 0  nupdaters: 32 duration: 10
n_reads: nan  n_updates: 91.1043
rcu_rcg 48 uperf
n_reads: 0  n_updates: 5299253817  nreaders: 0  nupdaters: 48 duration: 10
n_reads: nan  n_updates: 90.5788
rcu_rcg 64 uperf
n_reads: 0  n_updates: 6960926552  nreaders: 0  nupdaters: 64 duration: 10
n_reads: nan  n_updates: 91.9418
rcu_rcpg 1 rperf
n_reads: 23691000  n_updates: 0  nreaders: 1  nupdaters: 0 duration: 10
n_reads: 422.101  n_updates: nan
rcu_rcpg 2 rperf
n_reads: 34249000  n_updates: 0  nreaders: 2  nupdaters: 0 duration: 10
n_reads: 583.959  n_updates: nan
rcu_rcpg 3 rperf
n_reads: 53602000  n_updates: 0  nreaders: 3  nupdaters: 0 duration: 10
n_reads: 559.681  n_updates: nan
rcu_rcpg 4 rperf
n_reads: 63728000  n_updates: 0  nreaders: 4  nupdaters: 0 duration: 10
n_reads: 627.668  n_updates: nan
rcu_rcpg 6 rperf
n_reads: 46640000  n_updates: 0  nreaders: 6  nupdaters: 0 duration: 10
n_reads: 1286.45  n_updates: nan
rcu_rcpg 8 rperf
n_reads: 50736000  n_updates: 0  nreaders: 8  nupdaters: 0 duration: 10
n_reads: 1576.79  n_updates: nan
rcu_rcpg 12 rperf
n_reads: 48787000  n_updates: 0  nreaders: 12  nupdaters: 0 duration: 10
n_reads: 2459.67  n_updates: nan
rcu_rcpg 16 rperf
n_reads: 47185000  n_updates: 0  nreaders: 16  nupdaters: 0 duration: 10
n_reads: 3390.91  n_updates: nan
rcu_rcpg 24 rperf
n_reads: 45595000  n_updates: 0  nreaders: 24  nupdaters: 0 duration: 10
n_reads: 5263.74  n_updates: nan
rcu_rcpg 32 rperf
n_reads: 38054000  n_updates: 0  nreaders: 32  nupdaters: 0 duration: 10
n_reads: 8409.1  n_updates: nan
rcu_rcpg 48 rperf
n_reads: 32964000  n_updates: 0  nreaders: 48  nupdaters: 0 duration: 10
n_reads: 14561.3  n_updates: nan
rcu_rcpg 64 rperf
n_reads: 27468000  n_updates: 0  nreaders: 64  nupdaters: 0 duration: 10
n_reads: 23299.8  n_updates: nan
rcu_rcpg 1 uperf
n_reads: 0  n_updates: 36852166  nreaders: 0  nupdaters: 1 duration: 10
n_reads: nan  n_updates: 271.354
rcu_rcpg 2 uperf
n_reads: 0  n_updates: 15041060  nreaders: 0  nupdaters: 2 duration: 10
n_reads: nan  n_updates: 1329.69
rcu_rcpg 3 uperf
n_reads: 0  n_updates: 10420690  nreaders: 0  nupdaters: 3 duration: 10
n_reads: nan  n_updates: 2878.89
rcu_rcpg 4 uperf
n_reads: 0  n_updates: 9710775  nreaders: 0  nupdaters: 4 duration: 10
n_reads: nan  n_updates: 4119.14
rcu_rcpg 6 uperf
n_reads: 0  n_updates: 10403340  nreaders: 0  nupdaters: 6 duration: 10
n_reads: nan  n_updates: 5767.38
rcu_rcpg 8 uperf
n_reads: 0  n_updates: 10726764  nreaders: 0  nupdaters: 8 duration: 10
n_reads: nan  n_updates: 7457.98
rcu_rcpg 12 uperf
n_reads: 0  n_updates: 10644576  nreaders: 0  nupdaters: 12 duration: 10
n_reads: nan  n_updates: 11273.3
rcu_rcpg 16 uperf
n_reads: 0  n_updates: 11137378  nreaders: 0  nupdaters: 16 duration: 10
n_reads: nan  n_updates: 14366
rcu_rcpg 24 uperf
n_reads: 0  n_updates: 11243282  nreaders: 0  nupdaters: 24 duration: 10
n_reads: nan  n_updates: 21346.1
rcu_rcpg 32 uperf
n_reads: 0  n_updates: 11877268  nreaders: 0  nupdaters: 32 duration: 10
n_reads: nan  n_updates: 26942.2
rcu_rcpg 48 uperf
n_reads: 0  n_updates: 12511483  nreaders: 0  nupdaters: 48 duration: 10
n_reads: nan  n_updates: 38364.8
rcu_rcpg 64 uperf
n_reads: 0  n_updates: 11617676  nreaders: 0  nupdaters: 64 duration: 10
n_reads: nan  n_updates: 55088.5
rcu_rcpl 1 rperf
n_reads: 27182000  n_updates: 0  nreaders: 1  nupdaters: 0 duration: 10
n_reads: 367.891  n_updates: nan
rcu_rcpl 2 rperf
n_reads: 37937000  n_updates: 0  nreaders: 2  nupdaters: 0 duration: 10
n_reads: 527.19  n_updates: nan
rcu_rcpl 3 rperf
n_reads: 64521000  n_updates: 0  nreaders: 3  nupdaters: 0 duration: 10
n_reads: 464.965  n_updates: nan
rcu_rcpl 4 rperf
n_reads: 67985000  n_updates: 0  nreaders: 4  nupdaters: 0 duration: 10
n_reads: 588.365  n_updates: nan
rcu_rcpl 6 rperf
n_reads: 112965000  n_updates: 0  nreaders: 6  nupdaters: 0 duration: 10
n_reads: 531.138  n_updates: nan
rcu_rcpl 8 rperf
n_reads: 149016000  n_updates: 0  nreaders: 8  nupdaters: 0 duration: 10
n_reads: 536.855  n_updates: nan
rcu_rcpl 12 rperf
n_reads: 224289000  n_updates: 0  nreaders: 12  nupdaters: 0 duration: 10
n_reads: 535.024  n_updates: nan
rcu_rcpl 16 rperf
n_reads: 297057000  n_updates: 0  nreaders: 16  nupdaters: 0 duration: 10
n_reads: 538.617  n_updates: nan
rcu_rcpl 24 rperf
n_reads: 446072000  n_updates: 0  nreaders: 24  nupdaters: 0 duration: 10
n_reads: 538.03  n_updates: nan
rcu_rcpl 32 rperf
n_reads: 598795000  n_updates: 0  nreaders: 32  nupdaters: 0 duration: 10
n_reads: 534.407  n_updates: nan
rcu_rcpl 48 rperf
n_reads: 891195000  n_updates: 0  nreaders: 48  nupdaters: 0 duration: 10
n_reads: 538.603  n_updates: nan
rcu_rcpl 64 rperf
n_reads: 1194507000  n_updates: 0  nreaders: 64  nupdaters: 0 duration: 10
n_reads: 535.786  n_updates: nan
rcu_rcpl 1 uperf
n_reads: 0  n_updates: 1310820  nreaders: 0  nupdaters: 1 duration: 10
n_reads: nan  n_updates: 7628.81
rcu_rcpl 2 uperf
n_reads: 0  n_updates: 1038219  nreaders: 0  nupdaters: 2 duration: 10
n_reads: nan  n_updates: 19263.8
rcu_rcpl 3 uperf
n_reads: 0  n_updates: 1030299  nreaders: 0  nupdaters: 3 duration: 10
n_reads: nan  n_updates: 29117.8
rcu_rcpl 4 uperf
n_reads: 0  n_updates: 1044501  nreaders: 0  nupdaters: 4 duration: 10
n_reads: nan  n_updates: 38295.8
rcu_rcpl 6 uperf
n_reads: 0  n_updates: 1036972  nreaders: 0  nupdaters: 6 duration: 10
n_reads: nan  n_updates: 57860.8
rcu_rcpl 8 uperf
n_reads: 0  n_updates: 1067742  nreaders: 0  nupdaters: 8 duration: 10
n_reads: nan  n_updates: 74924.5
rcu_rcpl 12 uperf
n_reads: 0  n_updates: 1028330  nreaders: 0  nupdaters: 12 duration: 10
n_reads: nan  n_updates: 116694
rcu_rcpl 16 uperf
n_reads: 0  n_updates: 1033957  nreaders: 0  nupdaters: 16 duration: 10
n_reads: nan  n_updates: 154745
rcu_rcpl 24 uperf
n_reads: 0  n_updates: 1036346  nreaders: 0  nupdaters: 24 duration: 10
n_reads: nan  n_updates: 231583
rcu_rcpl 32 uperf
n_reads: 0  n_updates: 1051958  nreaders: 0  nupdaters: 32 duration: 10
n_reads: nan  n_updates: 304195
rcu_rcpl 48 uperf
n_reads: 0  n_updates: 1034094  nreaders: 0  nupdaters: 48 duration: 10
n_reads: nan  n_updates: 464174
rcu_rcpl 64 uperf
n_reads: 0  n_updates: 1028174  nreaders: 0  nupdaters: 64 duration: 10
n_reads: nan  n_updates: 622463
rcu_rcpls 1 rperf
n_reads: 29378000  n_updates: 0  nreaders: 1  nupdaters: 0 duration: 10
n_reads: 340.391  n_updates: nan
rcu_rcpls 2 rperf
n_reads: 38717000  n_updates: 0  nreaders: 2  nupdaters: 0 duration: 10
n_reads: 516.569  n_updates: nan
rcu_rcpls 3 rperf
n_reads: 68468000  n_updates: 0  nreaders: 3  nupdaters: 0 duration: 10
n_reads: 438.161  n_updates: nan
rcu_rcpls 4 rperf
n_reads: 75047000  n_updates: 0  nreaders: 4  nupdaters: 0 duration: 10
n_reads: 532.999  n_updates: nan
rcu_rcpls 6 rperf
n_reads: 115825000  n_updates: 0  nreaders: 6  nupdaters: 0 duration: 10
n_reads: 518.023  n_updates: nan
rcu_rcpls 8 rperf
n_reads: 154584000  n_updates: 0  nreaders: 8  nupdaters: 0 duration: 10
n_reads: 517.518  n_updates: nan
rcu_rcpls 12 rperf
n_reads: 230218000  n_updates: 0  nreaders: 12  nupdaters: 0 duration: 10
n_reads: 521.245  n_updates: nan
rcu_rcpls 16 rperf
n_reads: 308526000  n_updates: 0  nreaders: 16  nupdaters: 0 duration: 10
n_reads: 518.595  n_updates: nan
rcu_rcpls 24 rperf
n_reads: 459823000  n_updates: 0  nreaders: 24  nupdaters: 0 duration: 10
n_reads: 521.94  n_updates: nan
rcu_rcpls 32 rperf
n_reads: 612423000  n_updates: 0  nreaders: 32  nupdaters: 0 duration: 10
n_reads: 522.515  n_updates: nan
rcu_rcpls 48 rperf
n_reads: 915219000  n_updates: 0  nreaders: 48  nupdaters: 0 duration: 10
n_reads: 524.465  n_updates: nan
rcu_rcpls 64 rperf
n_reads: 1219303000  n_updates: 0  nreaders: 64  nupdaters: 0 duration: 10
n_reads: 524.89  n_updates: nan
rcu_rcpls 1 uperf
n_reads: 0  n_updates: 1729662  nreaders: 0  nupdaters: 1 duration: 10
n_reads: nan  n_updates: 5781.48
rcu_rcpls 2 uperf
n_reads: 0  n_updates: 1261021  nreaders: 0  nupdaters: 2 duration: 10
n_reads: nan  n_updates: 15860.2
rcu_rcpls 3 uperf
n_reads: 0  n_updates: 1362886  nreaders: 0  nupdaters: 3 duration: 10
n_reads: nan  n_updates: 22012.1
rcu_rcpls 4 uperf
n_reads: 0  n_updates: 1332673  nreaders: 0  nupdaters: 4 duration: 10
n_reads: nan  n_updates: 30014.9
rcu_rcpls 6 uperf
n_reads: 0  n_updates: 1364958  nreaders: 0  nupdaters: 6 duration: 10
n_reads: nan  n_updates: 43957.4
rcu_rcpls 8 uperf
n_reads: 0  n_updates: 1309566  nreaders: 0  nupdaters: 8 duration: 10
n_reads: nan  n_updates: 61088.9
rcu_rcpls 12 uperf
n_reads: 0  n_updates: 1340712  nreaders: 0  nupdaters: 12 duration: 10
n_reads: nan  n_updates: 89504.7
rcu_rcpls 16 uperf
n_reads: 0  n_updates: 1351648  nreaders: 0  nupdaters: 16 duration: 10
n_reads: nan  n_updates: 118374
rcu_rcpls 24 uperf
n_reads: 0  n_updates: 1347739  nreaders: 0  nupdaters: 24 duration: 10
n_reads: nan  n_updates: 178076
rcu_rcpls 32 uperf
n_reads: 0  n_updates: 1336135  nreaders: 0  nupdaters: 32 duration: 10
n_reads: nan  n_updates: 239497
rcu_rcpls 48 uperf
n_reads: 0  n_updates: 1349228  nreaders: 0  nupdaters: 48 duration: 10
n_reads: nan  n_updates: 355759
rcu_rcpls 64 uperf
n_reads: 0  n_updates: 1392608  nreaders: 0  nupdaters: 64 duration: 10
n_reads: nan  n_updates: 459569
rcu_ts 1 rperf
n_reads: 49459000  n_updates: 0  nreaders: 1  nupdaters: 0 duration: 10
n_reads: 202.188  n_updates: nan
rcu_ts 2 rperf
n_reads: 78572000  n_updates: 0  nreaders: 2  nupdaters: 0 duration: 10
n_reads: 254.544  n_updates: nan
rcu_ts 3 rperf
n_reads: 128368000  n_updates: 0  nreaders: 3  nupdaters: 0 duration: 10
n_reads: 233.703  n_updates: nan
rcu_ts 4 rperf
n_reads: 157139000  n_updates: 0  nreaders: 4  nupdaters: 0 duration: 10
n_reads: 254.552  n_updates: nan
rcu_ts 6 rperf
n_reads: 235581000  n_updates: 0  nreaders: 6  nupdaters: 0 duration: 10
n_reads: 254.689  n_updates: nan
rcu_ts 8 rperf
n_reads: 311416000  n_updates: 0  nreaders: 8  nupdaters: 0 duration: 10
n_reads: 256.891  n_updates: nan
rcu_ts 12 rperf
n_reads: 469068000  n_updates: 0  nreaders: 12  nupdaters: 0 duration: 10
n_reads: 255.826  n_updates: nan
rcu_ts 16 rperf
n_reads: 615676000  n_updates: 0  nreaders: 16  nupdaters: 0 duration: 10
n_reads: 259.877  n_updates: nan
rcu_ts 24 rperf
n_reads: 912138000  n_updates: 0  nreaders: 24  nupdaters: 0 duration: 10
n_reads: 263.118  n_updates: nan
rcu_ts 32 rperf
n_reads: 1232237000  n_updates: 0  nreaders: 32  nupdaters: 0 duration: 10
n_reads: 259.69  n_updates: nan
rcu_ts 48 rperf
n_reads: 1843225000  n_updates: 0  nreaders: 48  nupdaters: 0 duration: 10
n_reads: 260.413  n_updates: nan
rcu_ts 64 rperf
n_reads: 2473153000  n_updates: 0  nreaders: 64  nupdaters: 0 duration: 10
n_reads: 258.779  n_updates: nan
rcu_ts 1 uperf
n_reads: 0  n_updates: 2904735  nreaders: 0  nupdaters: 1 duration: 10
n_reads: nan  n_updates: 3442.65
rcu_ts 2 uperf
n_reads: 0  n_updates: 1758403  nreaders: 0  nupdaters: 2 duration: 10
n_reads: nan  n_updates: 11374
rcu_ts 3 uperf
n_reads: 0  n_updates: 1793937  nreaders: 0  nupdaters: 3 duration: 10
n_reads: nan  n_updates: 16723
rcu_ts 4 uperf
n_reads: 0  n_updates: 1980403  nreaders: 0  nupdaters: 4 duration: 10
n_reads: nan  n_updates: 20197.9
rcu_ts 6 uperf
n_reads: 0  n_updates: 2000187  nreaders: 0  nupdaters: 6 duration: 10
n_reads: nan  n_updates: 29997.2
rcu_ts 8 uperf
n_reads: 0  n_updates: 1963286  nreaders: 0  nupdaters: 8 duration: 10
n_reads: nan  n_updates: 40748
rcu_ts 12 uperf
n_reads: 0  n_updates: 2139861  nreaders: 0  nupdaters: 12 duration: 10
n_reads: nan  n_updates: 56078.4
rcu_ts 16 uperf
n_reads: 0  n_updates: 2455120  nreaders: 0  nupdaters: 16 duration: 10
n_reads: nan  n_updates: 65169.9
rcu_ts 24 uperf
n_reads: 0  n_updates: 2601892  nreaders: 0  nupdaters: 24 duration: 10
n_reads: nan  n_updates: 92240.6
rcu_ts 32 uperf
n_reads: 0  n_updates: 2618298  nreaders: 0  nupdaters: 32 duration: 10
n_reads: nan  n_updates: 122217
rcu_ts 48 uperf
n_reads: 0  n_updates: 2590803  nreaders: 0  nupdaters: 48 duration: 10
n_reads: nan  n_updates: 185271
rcu_ts 64 uperf
n_reads: 0  n_updates: 2562883  nreaders: 0  nupdaters: 64 duration: 10
n_reads: nan  n_updates: 249719
