rcu 1 rperf 1
n_reads: 32850000  n_updates: 0  nreaders: 1  nupdaters: 0 duration: 1
ns/read: 30.4414  ns/update: nan
rcu 2 rperf 1
n_reads: 65652000  n_updates: 0  nreaders: 2  nupdaters: 0 duration: 1
ns/read: 30.4637  ns/update: nan
rcu 1 uperf 1
n_reads: 0  n_updates: 3156712  nreaders: 0  nupdaters: 1 duration: 1
ns/read: nan  ns/update: 316.785
rcu 2 uperf 1
n_reads: 0  n_updates: 1387928  nreaders: 0  nupdaters: 2 duration: 1
ns/read: nan  ns/update: 1441
rcu64 1 rperf 1
n_reads: 32941000  n_updates: 0  nreaders: 1  nupdaters: 0 duration: 1
ns/read: 30.3573  ns/update: nan
rcu64 2 rperf 1
n_reads: 66044000  n_updates: 0  nreaders: 2  nupdaters: 0 duration: 1
ns/read: 30.2828  ns/update: nan
rcu64 1 uperf 1
n_reads: 0  n_updates: 2998510  nreaders: 0  nupdaters: 1 duration: 1
ns/read: nan  ns/update: 333.499
rcu64 2 uperf 1
n_reads: 0  n_updates: 1368885  nreaders: 0  nupdaters: 2 duration: 1
ns/read: nan  ns/update: 1461.04
rcu_lock 1 rperf 1
n_reads: 17633000  n_updates: 0  nreaders: 1  nupdaters: 0 duration: 1
ns/read: 56.7118  ns/update: nan
rcu_lock 2 rperf 1
n_reads: 5412000  n_updates: 0  nreaders: 2  nupdaters: 0 duration: 1
ns/read: 369.549  ns/update: nan
rcu_lock 1 uperf 1
n_reads: 0  n_updates: 17972153  nreaders: 0  nupdaters: 1 duration: 1
ns/read: nan  ns/update: 55.6416
rcu_lock 2 uperf 1
n_reads: 0  n_updates: 5501306  nreaders: 0  nupdaters: 2 duration: 1
ns/read: nan  ns/update: 363.55
rcu_lock_percpu 1 rperf 1
n_reads: 12978000  n_updates: 0  nreaders: 1  nupdaters: 0 duration: 1
ns/read: 77.0535  ns/update: nan
rcu_lock_percpu 2 rperf 1
n_reads: 6405000  n_updates: 0  nreaders: 2  nupdaters: 0 duration: 1
ns/read: 312.256  ns/update: nan
rcu_lock_percpu 1 uperf 1
n_reads: 0  n_updates: 3656617  nreaders: 0  nupdaters: 1 duration: 1
ns/read: nan  ns/update: 273.477
rcu_lock_percpu 2 uperf 1
n_reads: 0  n_updates: 3149359  nreaders: 0  nupdaters: 2 duration: 1
ns/read: nan  ns/update: 635.05
rcu_nest 1 rperf 1
n_reads: 31394000  n_updates: 0  nreaders: 1  nupdaters: 0 duration: 1
ns/read: 31.8532  ns/update: nan
rcu_nest 2 rperf 1
n_reads: 63115000  n_updates: 0  nreaders: 2  nupdaters: 0 duration: 1
ns/read: 31.6882  ns/update: nan
rcu_nest 1 uperf 1
n_reads: 0  n_updates: 3088674  nreaders: 0  nupdaters: 1 duration: 1
ns/read: nan  ns/update: 323.764
rcu_nest 2 uperf 1
n_reads: 0  n_updates: 1455819  nreaders: 0  nupdaters: 2 duration: 1
ns/read: nan  ns/update: 1373.8
rcu_nest_qs 1 rperf 1
n_reads: 30309000  n_updates: 0  nreaders: 1  nupdaters: 0 duration: 1
ns/read: 32.9935  ns/update: nan
rcu_nest_qs 2 rperf 1
n_reads: 60206000  n_updates: 0  nreaders: 2  nupdaters: 0 duration: 1
ns/read: 33.2193  ns/update: nan
rcu_nest_qs 1 uperf 1
n_reads: 0  n_updates: 3104742  nreaders: 0  nupdaters: 1 duration: 1
ns/read: nan  ns/update: 322.088
rcu_nest_qs 2 uperf 1
n_reads: 0  n_updates: 1488771  nreaders: 0  nupdaters: 2 duration: 1
ns/read: nan  ns/update: 1343.39
rcu_qs 1 rperf 1
n_reads: 38668815000  n_updates: 0  nreaders: 1  nupdaters: 0 duration: 1
ns/read: 0.0258606  ns/update: nan
rcu_qs 2 rperf 1
n_reads: 76963334000  n_updates: 0  nreaders: 2  nupdaters: 0 duration: 1
ns/read: 0.0259864  ns/update: nan
rcu_qs 1 uperf 1
n_reads: 0  n_updates: 3150870  nreaders: 0  nupdaters: 1 duration: 1
ns/read: nan  ns/update: 317.373
rcu_qs 2 uperf 1
n_reads: 0  n_updates: 1383398  nreaders: 0  nupdaters: 2 duration: 1
ns/read: nan  ns/update: 1445.72
rcu_rcg 1 rperf 1
n_reads: 35333000  n_updates: 0  nreaders: 1  nupdaters: 0 duration: 1
ns/read: 28.3022  ns/update: nan
rcu_rcg 2 rperf 1
n_reads: 8969000  n_updates: 0  nreaders: 2  nupdaters: 0 duration: 1
ns/read: 222.99  ns/update: nan
rcu_rcg 1 uperf 1
n_reads: 0  n_updates: 64840891  nreaders: 0  nupdaters: 1 duration: 1
ns/read: nan  ns/update: 15.4224
rcu_rcg 2 uperf 1
n_reads: 0  n_updates: 127739859  nreaders: 0  nupdaters: 2 duration: 1
ns/read: nan  ns/update: 15.6568
rcu_rcpg 1 rperf 1
n_reads: 9875000  n_updates: 0  nreaders: 1  nupdaters: 0 duration: 1
ns/read: 101.266  ns/update: nan
rcu_rcpg 2 rperf 1
n_reads: 4037000  n_updates: 0  nreaders: 2  nupdaters: 0 duration: 1
ns/read: 495.417  ns/update: nan
rcu_rcpg 1 uperf 1
n_reads: 0  n_updates: 11166860  nreaders: 0  nupdaters: 1 duration: 1
ns/read: nan  ns/update: 89.5507
rcu_rcpg 2 uperf 1
n_reads: 0  n_updates: 3499139  nreaders: 0  nupdaters: 2 duration: 1
ns/read: nan  ns/update: 571.569
rcu_rcpl 1 rperf 1
n_reads: 10750000  n_updates: 0  nreaders: 1  nupdaters: 0 duration: 1
ns/read: 93.0233  ns/update: nan
rcu_rcpl 2 rperf 1
n_reads: 21492000  n_updates: 0  nreaders: 2  nupdaters: 0 duration: 1
ns/read: 93.0579  ns/update: nan
rcu_rcpl 1 uperf 1
n_reads: 0  n_updates: 2107484  nreaders: 0  nupdaters: 1 duration: 1
ns/read: nan  ns/update: 474.499
rcu_rcpl 2 uperf 1
n_reads: 0  n_updates: 1027089  nreaders: 0  nupdaters: 2 duration: 1
ns/read: nan  ns/update: 1947.25
rcu_rcpls 1 rperf 1
n_reads: 10230000  n_updates: 0  nreaders: 1  nupdaters: 0 duration: 1
ns/read: 97.7517  ns/update: nan
rcu_rcpls 2 rperf 1
n_reads: 20605000  n_updates: 0  nreaders: 2  nupdaters: 0 duration: 1
ns/read: 97.0638  ns/update: nan
rcu_rcpls 1 uperf 1
n_reads: 0  n_updates: 2207292  nreaders: 0  nupdaters: 1 duration: 1
ns/read: nan  ns/update: 453.044
rcu_rcpls 2 uperf 1
n_reads: 0  n_updates: 1194720  nreaders: 0  nupdaters: 2 duration: 1
ns/read: nan  ns/update: 1674.03
rcu_ts 1 rperf 1
n_reads: 7619000  n_updates: 0  nreaders: 1  nupdaters: 0 duration: 1
ns/read: 131.251  ns/update: nan
rcu_ts 2 rperf 1
n_reads: 15216000  n_updates: 0  nreaders: 2  nupdaters: 0 duration: 1
ns/read: 131.441  ns/update: nan
rcu_ts 1 uperf 1
n_reads: 0  n_updates: 2751946  nreaders: 0  nupdaters: 1 duration: 1
ns/read: nan  ns/update: 363.379
rcu_ts 2 uperf 1
n_reads: 0  n_updates: 1349524  nreaders: 0  nupdaters: 2 duration: 1
ns/read: nan  ns/update: 1482
