rcu 1 rperf 2
n_reads: 72647000  n_updates: 0  nreaders: 1  nupdaters: 0 duration: 10
n_reads: 137.652  n_updates: nan
rcu 2 rperf 2
n_reads: 115633000  n_updates: 0  nreaders: 2  nupdaters: 0 duration: 10
n_reads: 172.961  n_updates: nan
rcu 3 rperf 2
n_reads: 184207000  n_updates: 0  nreaders: 3  nupdaters: 0 duration: 10
n_reads: 162.86  n_updates: nan
rcu 4 rperf 2
n_reads: 226304000  n_updates: 0  nreaders: 4  nupdaters: 0 duration: 10
n_reads: 176.753  n_updates: nan
rcu 6 rperf 2
n_reads: 296901000  n_updates: 0  nreaders: 6  nupdaters: 0 duration: 10
n_reads: 202.088  n_updates: nan
rcu 8 rperf 2
n_reads: 452324000  n_updates: 0  nreaders: 8  nupdaters: 0 duration: 10
n_reads: 176.864  n_updates: nan
rcu 12 rperf 2
n_reads: 649842000  n_updates: 0  nreaders: 12  nupdaters: 0 duration: 10
n_reads: 184.66  n_updates: nan
rcu 16 rperf 2
n_reads: 839118000  n_updates: 0  nreaders: 16  nupdaters: 0 duration: 10
n_reads: 190.676  n_updates: nan
rcu 24 rperf 2
n_reads: 1283446000  n_updates: 0  nreaders: 24  nupdaters: 0 duration: 10
n_reads: 186.997  n_updates: nan
rcu 32 rperf 2
n_reads: 1721434000  n_updates: 0  nreaders: 32  nupdaters: 0 duration: 10
n_reads: 185.892  n_updates: nan
rcu 48 rperf 2
n_reads: 2631203000  n_updates: 0  nreaders: 48  nupdaters: 0 duration: 10
n_reads: 182.426  n_updates: nan
rcu 64 rperf 2
n_reads: 3510775000  n_updates: 0  nreaders: 64  nupdaters: 0 duration: 10
n_reads: 182.296  n_updates: nan
rcu 1 uperf 2
n_reads: 0  n_updates: 4968922  nreaders: 0  nupdaters: 1 duration: 10
n_reads: nan  n_updates: 2012.51
rcu 2 uperf 2
n_reads: 0  n_updates: 2612858  nreaders: 0  nupdaters: 2 duration: 10
n_reads: nan  n_updates: 7654.45
rcu 3 uperf 2
n_reads: 0  n_updates: 2957563  nreaders: 0  nupdaters: 3 duration: 10
n_reads: nan  n_updates: 10143.5
rcu 4 uperf 2
n_reads: 0  n_updates: 3057899  nreaders: 0  nupdaters: 4 duration: 10
n_reads: nan  n_updates: 13080.9
rcu 6 uperf 2
n_reads: 0  n_updates: 2971659  nreaders: 0  nupdaters: 6 duration: 10
n_reads: nan  n_updates: 20190.7
rcu 8 uperf 2
n_reads: 0  n_updates: 3033582  nreaders: 0  nupdaters: 8 duration: 10
n_reads: nan  n_updates: 26371.5
rcu 12 uperf 2
n_reads: 0  n_updates: 2946904  nreaders: 0  nupdaters: 12 duration: 10
n_reads: nan  n_updates: 40720.7
rcu 16 uperf 2
n_reads: 0  n_updates: 2990629  nreaders: 0  nupdaters: 16 duration: 10
n_reads: nan  n_updates: 53500.5
rcu 24 uperf 2
n_reads: 0  n_updates: 2963236  nreaders: 0  nupdaters: 24 duration: 10
n_reads: nan  n_updates: 80992.5
rcu 32 uperf 2
n_reads: 0  n_updates: 2969321  nreaders: 0  nupdaters: 32 duration: 10
n_reads: nan  n_updates: 107769
rcu 48 uperf 2
n_reads: 0  n_updates: 2946184  nreaders: 0  nupdaters: 48 duration: 10
n_reads: nan  n_updates: 162923
rcu 64 uperf 2
n_reads: 0  n_updates: 2940830  nreaders: 0  nupdaters: 64 duration: 10
n_reads: nan  n_updates: 217626
rcu64 1 rperf 2
n_reads: 71370000  n_updates: 0  nreaders: 1  nupdaters: 0 duration: 10
n_reads: 140.115  n_updates: nan
rcu64 2 rperf 2
n_reads: 114145000  n_updates: 0  nreaders: 2  nupdaters: 0 duration: 10
n_reads: 175.216  n_updates: nan
rcu64 3 rperf 2
n_reads: 187770000  n_updates: 0  nreaders: 3  nupdaters: 0 duration: 10
n_reads: 159.77  n_updates: nan
rcu64 4 rperf 2
n_reads: 224778000  n_updates: 0  nreaders: 4  nupdaters: 0 duration: 10
n_reads: 177.953  n_updates: nan
rcu64 6 rperf 2
n_reads: 344259000  n_updates: 0  nreaders: 6  nupdaters: 0 duration: 10
n_reads: 174.287  n_updates: nan
rcu64 8 rperf 2
n_reads: 455987000  n_updates: 0  nreaders: 8  nupdaters: 0 duration: 10
n_reads: 175.444  n_updates: nan
rcu64 12 rperf 2
n_reads: 666461000  n_updates: 0  nreaders: 12  nupdaters: 0 duration: 10
n_reads: 180.056  n_updates: nan
rcu64 16 rperf 2
n_reads: 899007000  n_updates: 0  nreaders: 16  nupdaters: 0 duration: 10
n_reads: 177.974  n_updates: nan
rcu64 24 rperf 2
n_reads: 1326068000  n_updates: 0  nreaders: 24  nupdaters: 0 duration: 10
n_reads: 180.986  n_updates: nan
rcu64 32 rperf 2
n_reads: 1780036000  n_updates: 0  nreaders: 32  nupdaters: 0 duration: 10
n_reads: 179.772  n_updates: nan
rcu64 48 rperf 2
n_reads: 2676930000  n_updates: 0  nreaders: 48  nupdaters: 0 duration: 10
n_reads: 179.31  n_updates: nan
rcu64 64 rperf 2
n_reads: 3581757000  n_updates: 0  nreaders: 64  nupdaters: 0 duration: 10
n_reads: 178.683  n_updates: nan
rcu64 1 uperf 2
n_reads: 0  n_updates: 4478304  nreaders: 0  nupdaters: 1 duration: 10
n_reads: nan  n_updates: 2232.99
rcu64 2 uperf 2
n_reads: 0  n_updates: 1983644  nreaders: 0  nupdaters: 2 duration: 10
n_reads: nan  n_updates: 10082.5
rcu64 3 uperf 2
n_reads: 0  n_updates: 2351451  nreaders: 0  nupdaters: 3 duration: 10
n_reads: nan  n_updates: 12758.1
rcu64 4 uperf 2
n_reads: 0  n_updates: 2668689  nreaders: 0  nupdaters: 4 duration: 10
n_reads: nan  n_updates: 14988.6
rcu64 6 uperf 2
n_reads: 0  n_updates: 2730351  nreaders: 0  nupdaters: 6 duration: 10
n_reads: nan  n_updates: 21975.2
rcu64 8 uperf 2
n_reads: 0  n_updates: 2805228  nreaders: 0  nupdaters: 8 duration: 10
n_reads: nan  n_updates: 28518.2
rcu64 12 uperf 2
n_reads: 0  n_updates: 2805458  nreaders: 0  nupdaters: 12 duration: 10
n_reads: nan  n_updates: 42773.8
rcu64 16 uperf 2
n_reads: 0  n_updates: 2822956  nreaders: 0  nupdaters: 16 duration: 10
n_reads: nan  n_updates: 56678.2
rcu64 24 uperf 2
n_reads: 0  n_updates: 2819699  nreaders: 0  nupdaters: 24 duration: 10
n_reads: nan  n_updates: 85115.5
rcu64 32 uperf 2
n_reads: 0  n_updates: 2811141  nreaders: 0  nupdaters: 32 duration: 10
n_reads: nan  n_updates: 113833
rcu64 48 uperf 2
n_reads: 0  n_updates: 2803804  nreaders: 0  nupdaters: 48 duration: 10
n_reads: nan  n_updates: 171196
rcu64 64 uperf 2
n_reads: 0  n_updates: 2795846  nreaders: 0  nupdaters: 64 duration: 10
n_reads: nan  n_updates: 228911
rcu_lock 1 rperf 2
n_reads: 79772000  n_updates: 0  nreaders: 1  nupdaters: 0 duration: 10
n_reads: 125.357  n_updates: nan
rcu_lock 2 rperf 2
n_reads: 25855000  n_updates: 0  nreaders: 2  nupdaters: 0 duration: 10
n_reads: 773.545  n_updates: nan
rcu_lock 3 rperf 2
n_reads: 41857000  n_updates: 0  nreaders: 3  nupdaters: 0 duration: 10
n_reads: 716.726  n_updates: nan
rcu_lock 4 rperf 2
n_reads: 30186000  n_updates: 0  nreaders: 4  nupdaters: 0 duration: 10
n_reads: 1325.12  n_updates: nan
rcu_lock 6 rperf 2
n_reads: 19422000  n_updates: 0  nreaders: 6  nupdaters: 0 duration: 10
n_reads: 3089.28  n_updates: nan
rcu_lock 8 rperf 2
n_reads: 18888000  n_updates: 0  nreaders: 8  nupdaters: 0 duration: 10
n_reads: 4235.49  n_updates: nan
rcu_lock 12 rperf 2
n_reads: 18724000  n_updates: 0  nreaders: 12  nupdaters: 0 duration: 10
n_reads: 6408.89  n_updates: nan
rcu_lock 16 rperf 2
n_reads: 17564000  n_updates: 0  nreaders: 16  nupdaters: 0 duration: 10
n_reads: 9109.54  n_updates: nan
rcu_lock 24 rperf 2
n_reads: 18377000  n_updates: 0  nreaders: 24  nupdaters: 0 duration: 10
n_reads: 13059.8  n_updates: nan
rcu_lock 32 rperf 2
n_reads: 17450000  n_updates: 0  nreaders: 32  nupdaters: 0 duration: 10
n_reads: 18338.1  n_updates: nan
rcu_lock 48 rperf 2
n_reads: 18469000  n_updates: 0  nreaders: 48  nupdaters: 0 duration: 10
n_reads: 25989.5  n_updates: nan
rcu_lock 64 rperf 2
n_reads: 17042000  n_updates: 0  nreaders: 64  nupdaters: 0 duration: 10
n_reads: 37554.3  n_updates: nan
rcu_lock 1 uperf 2
n_reads: 0  n_updates: 64435277  nreaders: 0  nupdaters: 1 duration: 10
n_reads: nan  n_updates: 155.194
rcu_lock 2 uperf 2
n_reads: 0  n_updates: 24592917  nreaders: 0  nupdaters: 2 duration: 10
n_reads: nan  n_updates: 813.242
rcu_lock 3 uperf 2
n_reads: 0  n_updates: 21725174  nreaders: 0  nupdaters: 3 duration: 10
n_reads: nan  n_updates: 1380.89
rcu_lock 4 uperf 2
n_reads: 0  n_updates: 20695003  nreaders: 0  nupdaters: 4 duration: 10
n_reads: nan  n_updates: 1932.83
rcu_lock 6 uperf 2
n_reads: 0  n_updates: 18719601  nreaders: 0  nupdaters: 6 duration: 10
n_reads: nan  n_updates: 3205.2
rcu_lock 8 uperf 2
n_reads: 0  n_updates: 19189918  nreaders: 0  nupdaters: 8 duration: 10
n_reads: nan  n_updates: 4168.86
rcu_lock 12 uperf 2
n_reads: 0  n_updates: 24017389  nreaders: 0  nupdaters: 12 duration: 10
n_reads: nan  n_updates: 4996.38
rcu_lock 16 uperf 2
n_reads: 0  n_updates: 24617631  nreaders: 0  nupdaters: 16 duration: 10
n_reads: nan  n_updates: 6499.41
rcu_lock 24 uperf 2
n_reads: 0  n_updates: 26446734  nreaders: 0  nupdaters: 24 duration: 10
n_reads: nan  n_updates: 9074.84
rcu_lock 32 uperf 2
n_reads: 0  n_updates: 27400013  nreaders: 0  nupdaters: 32 duration: 10
n_reads: nan  n_updates: 11678.8
rcu_lock 48 uperf 2
n_reads: 0  n_updates: 25580383  nreaders: 0  nupdaters: 48 duration: 10
n_reads: nan  n_updates: 18764.4
rcu_lock 64 uperf 2
n_reads: 0  n_updates: 26295463  nreaders: 0  nupdaters: 64 duration: 10
n_reads: nan  n_updates: 24338.8
rcu_lock_percpu 1 rperf 2
n_reads: 48960000  n_updates: 0  nreaders: 1  nupdaters: 0 duration: 10
n_reads: 204.248  n_updates: nan
rcu_lock_percpu 2 rperf 2
n_reads: 82631000  n_updates: 0  nreaders: 2  nupdaters: 0 duration: 10
n_reads: 242.04  n_updates: nan
rcu_lock_percpu 3 rperf 2
n_reads: 129013000  n_updates: 0  nreaders: 3  nupdaters: 0 duration: 10
n_reads: 232.535  n_updates: nan
rcu_lock_percpu 4 rperf 2
n_reads: 156020000  n_updates: 0  nreaders: 4  nupdaters: 0 duration: 10
n_reads: 256.377  n_updates: nan
rcu_lock_percpu 6 rperf 2
n_reads: 240233000  n_updates: 0  nreaders: 6  nupdaters: 0 duration: 10
n_reads: 249.758  n_updates: nan
rcu_lock_percpu 8 rperf 2
n_reads: 313175000  n_updates: 0  nreaders: 8  nupdaters: 0 duration: 10
n_reads: 255.448  n_updates: nan
rcu_lock_percpu 12 rperf 2
n_reads: 400177000  n_updates: 0  nreaders: 12  nupdaters: 0 duration: 10
n_reads: 299.867  n_updates: nan
rcu_lock_percpu 16 rperf 2
n_reads: 498310000  n_updates: 0  nreaders: 16  nupdaters: 0 duration: 10
n_reads: 321.085  n_updates: nan
rcu_lock_percpu 24 rperf 2
n_reads: 677777000  n_updates: 0  nreaders: 24  nupdaters: 0 duration: 10
n_reads: 354.099  n_updates: nan
rcu_lock_percpu 32 rperf 2
n_reads: 871203000  n_updates: 0  nreaders: 32  nupdaters: 0 duration: 10
n_reads: 367.308  n_updates: nan
rcu_lock_percpu 48 rperf 2
n_reads: 1244973000  n_updates: 0  nreaders: 48  nupdaters: 0 duration: 10
n_reads: 385.551  n_updates: nan
rcu_lock_percpu 64 rperf 2
n_reads: 1607791000  n_updates: 0  nreaders: 64  nupdaters: 0 duration: 10
n_reads: 398.062  n_updates: nan
rcu_lock_percpu 1 uperf 2
n_reads: 0  n_updates: 4657476  nreaders: 0  nupdaters: 1 duration: 10
n_reads: nan  n_updates: 2147.09
rcu_lock_percpu 2 uperf 2
n_reads: 0  n_updates: 7459240  nreaders: 0  nupdaters: 2 duration: 10
n_reads: nan  n_updates: 2681.24
rcu_lock_percpu 3 uperf 2
n_reads: 0  n_updates: 9845732  nreaders: 0  nupdaters: 3 duration: 10
n_reads: nan  n_updates: 3047.01
rcu_lock_percpu 4 uperf 2
n_reads: 0  n_updates: 11605409  nreaders: 0  nupdaters: 4 duration: 10
n_reads: nan  n_updates: 3446.67
rcu_lock_percpu 6 uperf 2
n_reads: 0  n_updates: 13049895  nreaders: 0  nupdaters: 6 duration: 10
n_reads: nan  n_updates: 4597.74
rcu_lock_percpu 8 uperf 2
n_reads: 0  n_updates: 12211587  nreaders: 0  nupdaters: 8 duration: 10
n_reads: nan  n_updates: 6551.16
rcu_lock_percpu 12 uperf 2
n_reads: 0  n_updates: 10261083  nreaders: 0  nupdaters: 12 duration: 10
n_reads: nan  n_updates: 11694.7
rcu_lock_percpu 16 uperf 2
n_reads: 0  n_updates: 9314900  nreaders: 0  nupdaters: 16 duration: 10
n_reads: nan  n_updates: 17176.8
rcu_lock_percpu 24 uperf 2
n_reads: 0  n_updates: 8275948  nreaders: 0  nupdaters: 24 duration: 10
n_reads: nan  n_updates: 28999.7
rcu_lock_percpu 32 uperf 2
n_reads: 0  n_updates: 7732921  nreaders: 0  nupdaters: 32 duration: 10
n_reads: nan  n_updates: 41381.5
rcu_lock_percpu 48 uperf 2
n_reads: 0  n_updates: 6473830  nreaders: 0  nupdaters: 48 duration: 10
n_reads: nan  n_updates: 74144.7
rcu_lock_percpu 64 uperf 2
n_reads: 0  n_updates: 5585055  nreaders: 0  nupdaters: 64 duration: 10
n_reads: nan  n_updates: 114592
rcu_nest 1 rperf 2
n_reads: 26623000  n_updates: 0  nreaders: 1  nupdaters: 0 duration: 10
n_reads: 375.615  n_updates: nan
rcu_nest 2 rperf 2
n_reads: 40381000  n_updates: 0  nreaders: 2  nupdaters: 0 duration: 10
n_reads: 495.282  n_updates: nan
rcu_nest 3 rperf 2
n_reads: 65469000  n_updates: 0  nreaders: 3  nupdaters: 0 duration: 10
n_reads: 458.232  n_updates: nan
rcu_nest 4 rperf 2
n_reads: 74384000  n_updates: 0  nreaders: 4  nupdaters: 0 duration: 10
n_reads: 537.75  n_updates: nan
rcu_nest 6 rperf 2
n_reads: 117097000  n_updates: 0  nreaders: 6  nupdaters: 0 duration: 10
n_reads: 512.396  n_updates: nan
rcu_nest 8 rperf 2
n_reads: 159231000  n_updates: 0  nreaders: 8  nupdaters: 0 duration: 10
n_reads: 502.415  n_updates: nan
rcu_nest 12 rperf 2
n_reads: 235950000  n_updates: 0  nreaders: 12  nupdaters: 0 duration: 10
n_reads: 508.582  n_updates: nan
rcu_nest 16 rperf 2
n_reads: 304785000  n_updates: 0  nreaders: 16  nupdaters: 0 duration: 10
n_reads: 524.96  n_updates: nan
rcu_nest 24 rperf 2
n_reads: 465324000  n_updates: 0  nreaders: 24  nupdaters: 0 duration: 10
n_reads: 515.77  n_updates: nan
rcu_nest 32 rperf 2
n_reads: 631381000  n_updates: 0  nreaders: 32  nupdaters: 0 duration: 10
n_reads: 506.826  n_updates: nan
rcu_nest 48 rperf 2
n_reads: 942548000  n_updates: 0  nreaders: 48  nupdaters: 0 duration: 10
n_reads: 509.258  n_updates: nan
rcu_nest 64 rperf 2
n_reads: 1236494000  n_updates: 0  nreaders: 64  nupdaters: 0 duration: 10
n_reads: 517.592  n_updates: nan
rcu_nest 1 uperf 2
n_reads: 0  n_updates: 2388300  nreaders: 0  nupdaters: 1 duration: 10
n_reads: nan  n_updates: 4187.08
rcu_nest 2 uperf 2
n_reads: 0  n_updates: 1663139  nreaders: 0  nupdaters: 2 duration: 10
n_reads: nan  n_updates: 12025.5
rcu_nest 3 uperf 2
n_reads: 0  n_updates: 1537937  nreaders: 0  nupdaters: 3 duration: 10
n_reads: nan  n_updates: 19506.7
rcu_nest 4 uperf 2
n_reads: 0  n_updates: 1532723  nreaders: 0  nupdaters: 4 duration: 10
n_reads: nan  n_updates: 26097.3
rcu_nest 6 uperf 2
n_reads: 0  n_updates: 1503850  nreaders: 0  nupdaters: 6 duration: 10
n_reads: nan  n_updates: 39897.6
rcu_nest 8 uperf 2
n_reads: 0  n_updates: 1558853  nreaders: 0  nupdaters: 8 duration: 10
n_reads: nan  n_updates: 51319.8
rcu_nest 12 uperf 2
n_reads: 0  n_updates: 1510365  nreaders: 0  nupdaters: 12 duration: 10
n_reads: nan  n_updates: 79451
rcu_nest 16 uperf 2
n_reads: 0  n_updates: 1561909  nreaders: 0  nupdaters: 16 duration: 10
n_reads: nan  n_updates: 102439
rcu_nest 24 uperf 2
n_reads: 0  n_updates: 1520179  nreaders: 0  nupdaters: 24 duration: 10
n_reads: nan  n_updates: 157876
rcu_nest 32 uperf 2
n_reads: 0  n_updates: 1490080  nreaders: 0  nupdaters: 32 duration: 10
n_reads: nan  n_updates: 214754
rcu_nest 48 uperf 2
n_reads: 0  n_updates: 1509116  nreaders: 0  nupdaters: 48 duration: 10
n_reads: nan  n_updates: 318067
rcu_nest 64 uperf 2
n_reads: 0  n_updates: 1493617  nreaders: 0  nupdaters: 64 duration: 10
n_reads: nan  n_updates: 428490
rcu_nest_qs 1 rperf 2
n_reads: 37120000  n_updates: 0  nreaders: 1  nupdaters: 0 duration: 10
n_reads: 269.397  n_updates: nan
rcu_nest_qs 2 rperf 2
n_reads: 50596000  n_updates: 0  nreaders: 2  nupdaters: 0 duration: 10
n_reads: 395.288  n_updates: nan
rcu_nest_qs 3 rperf 2
n_reads: 87762000  n_updates: 0  nreaders: 3  nupdaters: 0 duration: 10
n_reads: 341.834  n_updates: nan
rcu_nest_qs 4 rperf 2
n_reads: 100998000  n_updates: 0  nreaders: 4  nupdaters: 0 duration: 10
n_reads: 396.047  n_updates: nan
rcu_nest_qs 6 rperf 2
n_reads: 151647000  n_updates: 0  nreaders: 6  nupdaters: 0 duration: 10
n_reads: 395.656  n_updates: nan
rcu_nest_qs 8 rperf 2
n_reads: 202079000  n_updates: 0  nreaders: 8  nupdaters: 0 duration: 10
n_reads: 395.885  n_updates: nan
rcu_nest_qs 12 rperf 2
n_reads: 303167000  n_updates: 0  nreaders: 12  nupdaters: 0 duration: 10
n_reads: 395.821  n_updates: nan
rcu_nest_qs 16 rperf 2
n_reads: 403159000  n_updates: 0  nreaders: 16  nupdaters: 0 duration: 10
n_reads: 396.866  n_updates: nan
rcu_nest_qs 24 rperf 2
n_reads: 605668000  n_updates: 0  nreaders: 24  nupdaters: 0 duration: 10
n_reads: 396.257  n_updates: nan
rcu_nest_qs 32 rperf 2
n_reads: 806737000  n_updates: 0  nreaders: 32  nupdaters: 0 duration: 10
n_reads: 396.66  n_updates: nan
rcu_nest_qs 48 rperf 2
n_reads: 1211684000  n_updates: 0  nreaders: 48  nupdaters: 0 duration: 10
n_reads: 396.143  n_updates: nan
rcu_nest_qs 64 rperf 2
n_reads: 1612710000  n_updates: 0  nreaders: 64  nupdaters: 0 duration: 10
n_reads: 396.848  n_updates: nan
rcu_nest_qs 1 uperf 2
n_reads: 0  n_updates: 2187808  nreaders: 0  nupdaters: 1 duration: 10
n_reads: nan  n_updates: 4570.79
rcu_nest_qs 2 uperf 2
n_reads: 0  n_updates: 1456409  nreaders: 0  nupdaters: 2 duration: 10
n_reads: nan  n_updates: 13732.4
rcu_nest_qs 3 uperf 2
n_reads: 0  n_updates: 1404877  nreaders: 0  nupdaters: 3 duration: 10
n_reads: nan  n_updates: 21354.2
rcu_nest_qs 4 uperf 2
n_reads: 0  n_updates: 1424039  nreaders: 0  nupdaters: 4 duration: 10
n_reads: nan  n_updates: 28089.1
rcu_nest_qs 6 uperf 2
n_reads: 0  n_updates: 1455110  nreaders: 0  nupdaters: 6 duration: 10
n_reads: nan  n_updates: 41234
rcu_nest_qs 8 uperf 2
n_reads: 0  n_updates: 1398671  nreaders: 0  nupdaters: 8 duration: 10
n_reads: nan  n_updates: 57197.2
rcu_nest_qs 12 uperf 2
n_reads: 0  n_updates: 1431338  nreaders: 0  nupdaters: 12 duration: 10
n_reads: nan  n_updates: 83837.6
rcu_nest_qs 16 uperf 2
n_reads: 0  n_updates: 1421636  nreaders: 0  nupdaters: 16 duration: 10
n_reads: nan  n_updates: 112546
rcu_nest_qs 24 uperf 2
n_reads: 0  n_updates: 1411590  nreaders: 0  nupdaters: 24 duration: 10
n_reads: nan  n_updates: 170021
rcu_nest_qs 32 uperf 2
n_reads: 0  n_updates: 1397625  nreaders: 0  nupdaters: 32 duration: 10
n_reads: nan  n_updates: 228960
rcu_nest_qs 48 uperf 2
n_reads: 0  n_updates: 1394120  nreaders: 0  nupdaters: 48 duration: 10
n_reads: nan  n_updates: 344303
rcu_nest_qs 64 uperf 2
n_reads: 0  n_updates: 1393761  nreaders: 0  nupdaters: 64 duration: 10
n_reads: nan  n_updates: 459189
rcu_qs 1 rperf 2
n_reads: 114158000  n_updates: 0  nreaders: 1  nupdaters: 0 duration: 10
n_reads: 87.5979  n_updates: nan
rcu_qs 2 rperf 2
n_reads: 145746000  n_updates: 0  nreaders: 2  nupdaters: 0 duration: 10
n_reads: 137.225  n_updates: nan
rcu_qs 3 rperf 2
n_reads: 259712000  n_updates: 0  nreaders: 3  nupdaters: 0 duration: 10
n_reads: 115.513  n_updates: nan
rcu_qs 4 rperf 2
n_reads: 290646000  n_updates: 0  nreaders: 4  nupdaters: 0 duration: 10
n_reads: 137.624  n_updates: nan
rcu_qs 6 rperf 2
n_reads: 437458000  n_updates: 0  nreaders: 6  nupdaters: 0 duration: 10
n_reads: 137.156  n_updates: nan
rcu_qs 8 rperf 2
n_reads: 583343000  n_updates: 0  nreaders: 8  nupdaters: 0 duration: 10
n_reads: 137.141  n_updates: nan
rcu_qs 12 rperf 2
n_reads: 871331000  n_updates: 0  nreaders: 12  nupdaters: 0 duration: 10
n_reads: 137.72  n_updates: nan
rcu_qs 16 rperf 2
n_reads: 1165516000  n_updates: 0  nreaders: 16  nupdaters: 0 duration: 10
n_reads: 137.278  n_updates: nan
rcu_qs 24 rperf 2
n_reads: 1748988000  n_updates: 0  nreaders: 24  nupdaters: 0 duration: 10
n_reads: 137.222  n_updates: nan
rcu_qs 32 rperf 2
n_reads: 2333117000  n_updates: 0  nreaders: 32  nupdaters: 0 duration: 10
n_reads: 137.156  n_updates: nan
rcu_qs 48 rperf 2
n_reads: 3502486000  n_updates: 0  nreaders: 48  nupdaters: 0 duration: 10
n_reads: 137.046  n_updates: nan
rcu_qs 64 rperf 2
n_reads: 4669831000  n_updates: 0  nreaders: 64  nupdaters: 0 duration: 10
n_reads: 137.05  n_updates: nan
rcu_qs 1 uperf 2
n_reads: 0  n_updates: 3108300  nreaders: 0  nupdaters: 1 duration: 10
n_reads: nan  n_updates: 3217.19
rcu_qs 2 uperf 2
n_reads: 0  n_updates: 1854981  nreaders: 0  nupdaters: 2 duration: 10
n_reads: nan  n_updates: 10781.8
rcu_qs 3 uperf 2
n_reads: 0  n_updates: 1812118  nreaders: 0  nupdaters: 3 duration: 10
n_reads: nan  n_updates: 16555.2
rcu_qs 4 uperf 2
n_reads: 0  n_updates: 1722751  nreaders: 0  nupdaters: 4 duration: 10
n_reads: nan  n_updates: 23218.7
rcu_qs 6 uperf 2
n_reads: 0  n_updates: 1735487  nreaders: 0  nupdaters: 6 duration: 10
n_reads: nan  n_updates: 34572.4
rcu_qs 8 uperf 2
n_reads: 0  n_updates: 1753569  nreaders: 0  nupdaters: 8 duration: 10
n_reads: nan  n_updates: 45621.2
rcu_qs 12 uperf 2
n_reads: 0  n_updates: 1720157  nreaders: 0  nupdaters: 12 duration: 10
n_reads: nan  n_updates: 69761.1
rcu_qs 16 uperf 2
n_reads: 0  n_updates: 1706672  nreaders: 0  nupdaters: 16 duration: 10
n_reads: nan  n_updates: 93749.7
rcu_qs 24 uperf 2
n_reads: 0  n_updates: 1710026  nreaders: 0  nupdaters: 24 duration: 10
n_reads: nan  n_updates: 140349
rcu_qs 32 uperf 2
n_reads: 0  n_updates: 1672599  nreaders: 0  nupdaters: 32 duration: 10
n_reads: nan  n_updates: 191319
rcu_qs 48 uperf 2
n_reads: 0  n_updates: 1681731  nreaders: 0  nupdaters: 48 duration: 10
n_reads: nan  n_updates: 285420
rcu_qs 64 uperf 2
n_reads: 0  n_updates: 1670480  nreaders: 0  nupdaters: 64 duration: 10
n_reads: nan  n_updates: 383123
rcu_rcg 1 rperf 2
n_reads: 65713000  n_updates: 0  nreaders: 1  nupdaters: 0 duration: 10
n_reads: 152.177  n_updates: nan
rcu_rcg 2 rperf 2
n_reads: 104541000  n_updates: 0  nreaders: 2  nupdaters: 0 duration: 10
n_reads: 191.312  n_updates: nan
rcu_rcg 3 rperf 2
n_reads: 101207000  n_updates: 0  nreaders: 3  nupdaters: 0 duration: 10
n_reads: 296.422  n_updates: nan
rcu_rcg 4 rperf 2
n_reads: 98227000  n_updates: 0  nreaders: 4  nupdaters: 0 duration: 10
n_reads: 407.22  n_updates: nan
rcu_rcg 6 rperf 2
n_reads: 67522000  n_updates: 0  nreaders: 6  nupdaters: 0 duration: 10
n_reads: 888.599  n_updates: nan
rcu_rcg 8 rperf 2
n_reads: 80605000  n_updates: 0  nreaders: 8  nupdaters: 0 duration: 10
n_reads: 992.494  n_updates: nan
rcu_rcg 12 rperf 2
n_reads: 71945000  n_updates: 0  nreaders: 12  nupdaters: 0 duration: 10
n_reads: 1667.94  n_updates: nan
rcu_rcg 16 rperf 2
n_reads: 61764000  n_updates: 0  nreaders: 16  nupdaters: 0 duration: 10
n_reads: 2590.51  n_updates: nan
rcu_rcg 24 rperf 2
n_reads: 56031000  n_updates: 0  nreaders: 24  nupdaters: 0 duration: 10
n_reads: 4283.34  n_updates: nan
rcu_rcg 32 rperf 2
n_reads: 47345000  n_updates: 0  nreaders: 32  nupdaters: 0 duration: 10
n_reads: 6758.9  n_updates: nan
rcu_rcg 48 rperf 2
n_reads: 37591000  n_updates: 0  nreaders: 48  nupdaters: 0 duration: 10
n_reads: 12769  n_updates: nan
rcu_rcg 64 rperf 2
n_reads: 30455000  n_updates: 0  nreaders: 64  nupdaters: 0 duration: 10
n_reads: 21014.6  n_updates: nan
rcu_rcg 1 uperf 2
n_reads: 0  n_updates: 114439938  nreaders: 0  nupdaters: 1 duration: 10
n_reads: nan  n_updates: 87.3821
rcu_rcg 2 uperf 2
n_reads: 0  n_updates: 221813214  nreaders: 0  nupdaters: 2 duration: 10
n_reads: nan  n_updates: 90.166
rcu_rcg 3 uperf 2
n_reads: 0  n_updates: 337809190  nreaders: 0  nupdaters: 3 duration: 10
n_reads: nan  n_updates: 88.8075
rcu_rcg 4 uperf 2
n_reads: 0  n_updates: 444611434  nreaders: 0  nupdaters: 4 duration: 10
n_reads: nan  n_updates: 89.9662
rcu_rcg 6 uperf 2
n_reads: 0  n_updates: 663595678  nreaders: 0  nupdaters: 6 duration: 10
n_reads: nan  n_updates: 90.4165
rcu_rcg 8 uperf 2
n_reads: 0  n_updates: 857669891  nreaders: 0  nupdaters: 8 duration: 10
n_reads: nan  n_updates: 93.276
rcu_rcg 12 uperf 2
n_reads: 0  n_updates: 1350109413  nreaders: 0  nupdaters: 12 duration: 10
n_reads: nan  n_updates: 88.8817
rcu_rcg 16 uperf 2
n_reads: 0  n_updates: 1756157418  nreaders: 0  nupdaters: 16 duration: 10
n_reads: nan  n_updates: 91.108
rcu_rcg 24 uperf 2
n_reads: 0  n_updates: 2647012732  nreaders: 0  nupdaters: 24 duration: 10
n_reads: nan  n_updates: 90.6682
rcu_rcg 32 uperf 2
n_reads: 0  n_updates: 3523555929  nreaders: 0  nupdaters: 32 duration: 10
n_reads: nan  n_updates: 90.8173
rcu_rcg 48 uperf 2
n_reads: 0  n_updates: 5232960735  nreaders: 0  nupdaters: 48 duration: 10
n_reads: nan  n_updates: 91.7263
rcu_rcg 64 uperf 2
n_reads: 0  n_updates: 7023036078  nreaders: 0  nupdaters: 64 duration: 10
n_reads: nan  n_updates: 91.1287
rcu_rcpg 1 rperf 2
n_reads: 22875000  n_updates: 0  nreaders: 1  nupdaters: 0 duration: 10
n_reads: 437.158  n_updates: nan
rcu_rcpg 2 rperf 2
n_reads: 34898000  n_updates: 0  nreaders: 2  nupdaters: 0 duration: 10
n_reads: 573.099  n_updates: nan
rcu_rcpg 3 rperf 2
n_reads: 55639000  n_updates: 0  nreaders: 3  nupdaters: 0 duration: 10
n_reads: 539.19  n_updates: nan
rcu_rcpg 4 rperf 2
n_reads: 49560000  n_updates: 0  nreaders: 4  nupdaters: 0 duration: 10
n_reads: 807.103  n_updates: nan
rcu_rcpg 6 rperf 2
n_reads: 47446000  n_updates: 0  nreaders: 6  nupdaters: 0 duration: 10
n_reads: 1264.6  n_updates: nan
rcu_rcpg 8 rperf 2
n_reads: 52896000  n_updates: 0  nreaders: 8  nupdaters: 0 duration: 10
n_reads: 1512.4  n_updates: nan
rcu_rcpg 12 rperf 2
n_reads: 49946000  n_updates: 0  nreaders: 12  nupdaters: 0 duration: 10
n_reads: 2402.59  n_updates: nan
rcu_rcpg 16 rperf 2
n_reads: 45590000  n_updates: 0  nreaders: 16  nupdaters: 0 duration: 10
n_reads: 3509.54  n_updates: nan
rcu_rcpg 24 rperf 2
n_reads: 43659000  n_updates: 0  nreaders: 24  nupdaters: 0 duration: 10
n_reads: 5497.15  n_updates: nan
rcu_rcpg 32 rperf 2
n_reads: 40166000  n_updates: 0  nreaders: 32  nupdaters: 0 duration: 10
n_reads: 7966.94  n_updates: nan
rcu_rcpg 48 rperf 2
n_reads: 32568000  n_updates: 0  nreaders: 48  nupdaters: 0 duration: 10
n_reads: 14738.4  n_updates: nan
rcu_rcpg 64 rperf 2
n_reads: 27006000  n_updates: 0  nreaders: 64  nupdaters: 0 duration: 10
n_reads: 23698.4  n_updates: nan
rcu_rcpg 1 uperf 2
n_reads: 0  n_updates: 36038169  nreaders: 0  nupdaters: 1 duration: 10
n_reads: nan  n_updates: 277.484
rcu_rcpg 2 uperf 2
n_reads: 0  n_updates: 16134990  nreaders: 0  nupdaters: 2 duration: 10
n_reads: nan  n_updates: 1239.54
rcu_rcpg 3 uperf 2
n_reads: 0  n_updates: 12065680  nreaders: 0  nupdaters: 3 duration: 10
n_reads: nan  n_updates: 2486.39
rcu_rcpg 4 uperf 2
n_reads: 0  n_updates: 10033603  nreaders: 0  nupdaters: 4 duration: 10
n_reads: nan  n_updates: 3986.6
rcu_rcpg 6 uperf 2
n_reads: 0  n_updates: 10207310  nreaders: 0  nupdaters: 6 duration: 10
n_reads: nan  n_updates: 5878.14
rcu_rcpg 8 uperf 2
n_reads: 0  n_updates: 10651935  nreaders: 0  nupdaters: 8 duration: 10
n_reads: nan  n_updates: 7510.37
rcu_rcpg 12 uperf 2
n_reads: 0  n_updates: 11074500  nreaders: 0  nupdaters: 12 duration: 10
n_reads: nan  n_updates: 10835.7
rcu_rcpg 16 uperf 2
n_reads: 0  n_updates: 11003261  nreaders: 0  nupdaters: 16 duration: 10
n_reads: nan  n_updates: 14541.1
rcu_rcpg 24 uperf 2
n_reads: 0  n_updates: 11040398  nreaders: 0  nupdaters: 24 duration: 10
n_reads: nan  n_updates: 21738.3
rcu_rcpg 32 uperf 2
n_reads: 0  n_updates: 11787580  nreaders: 0  nupdaters: 32 duration: 10
n_reads: nan  n_updates: 27147.2
rcu_rcpg 48 uperf 2
n_reads: 0  n_updates: 11677565  nreaders: 0  nupdaters: 48 duration: 10
n_reads: nan  n_updates: 41104.5
rcu_rcpg 64 uperf 2
n_reads: 0  n_updates: 11727913  nreaders: 0  nupdaters: 64 duration: 10
n_reads: nan  n_updates: 54570.7
rcu_rcpl 1 rperf 2
n_reads: 27174000  n_updates: 0  nreaders: 1  nupdaters: 0 duration: 10
n_reads: 367.999  n_updates: nan
rcu_rcpl 2 rperf 2
n_reads: 37746000  n_updates: 0  nreaders: 2  nupdaters: 0 duration: 10
n_reads: 529.857  n_updates: nan
rcu_rcpl 3 rperf 2
n_reads: 65188000  n_updates: 0  nreaders: 3  nupdaters: 0 duration: 10
n_reads: 460.207  n_updates: nan
rcu_rcpl 4 rperf 2
n_reads: 75054000  n_updates: 0  nreaders: 4  nupdaters: 0 duration: 10
n_reads: 532.95  n_updates: nan
rcu_rcpl 6 rperf 2
n_reads: 113037000  n_updates: 0  nreaders: 6  nupdaters: 0 duration: 10
n_reads: 530.8  n_updates: nan
rcu_rcpl 8 rperf 2
n_reads: 145918000  n_updates: 0  nreaders: 8  nupdaters: 0 duration: 10
n_reads: 548.253  n_updates: nan
rcu_rcpl 12 rperf 2
n_reads: 226101000  n_updates: 0  nreaders: 12  nupdaters: 0 duration: 10
n_reads: 530.736  n_updates: nan
rcu_rcpl 16 rperf 2
n_reads: 298177000  n_updates: 0  nreaders: 16  nupdaters: 0 duration: 10
n_reads: 536.594  n_updates: nan
rcu_rcpl 24 rperf 2
n_reads: 448514000  n_updates: 0  nreaders: 24  nupdaters: 0 duration: 10
n_reads: 535.1  n_updates: nan
rcu_rcpl 32 rperf 2
n_reads: 600596000  n_updates: 0  nreaders: 32  nupdaters: 0 duration: 10
n_reads: 532.804  n_updates: nan
rcu_rcpl 48 rperf 2
n_reads: 893720000  n_updates: 0  nreaders: 48  nupdaters: 0 duration: 10
n_reads: 537.081  n_updates: nan
rcu_rcpl 64 rperf 2
n_reads: 1193377000  n_updates: 0  nreaders: 64  nupdaters: 0 duration: 10
n_reads: 536.293  n_updates: nan
rcu_rcpl 1 uperf 2
n_reads: 0  n_updates: 1310405  nreaders: 0  nupdaters: 1 duration: 10
n_reads: nan  n_updates: 7631.23
rcu_rcpl 2 uperf 2
n_reads: 0  n_updates: 1033396  nreaders: 0  nupdaters: 2 duration: 10
n_reads: nan  n_updates: 19353.7
rcu_rcpl 3 uperf 2
n_reads: 0  n_updates: 1032088  nreaders: 0  nupdaters: 3 duration: 10
n_reads: nan  n_updates: 29067.3
rcu_rcpl 4 uperf 2
n_reads: 0  n_updates: 1055410  nreaders: 0  nupdaters: 4 duration: 10
n_reads: nan  n_updates: 37900
rcu_rcpl 6 uperf 2
n_reads: 0  n_updates: 1043205  nreaders: 0  nupdaters: 6 duration: 10
n_reads: nan  n_updates: 57515.1
rcu_rcpl 8 uperf 2
n_reads: 0  n_updates: 1054253  nreaders: 0  nupdaters: 8 duration: 10
n_reads: nan  n_updates: 75883.1
rcu_rcpl 12 uperf 2
n_reads: 0  n_updates: 1023711  nreaders: 0  nupdaters: 12 duration: 10
n_reads: nan  n_updates: 117221
rcu_rcpl 16 uperf 2
n_reads: 0  n_updates: 1036128  nreaders: 0  nupdaters: 16 duration: 10
n_reads: nan  n_updates: 154421
rcu_rcpl 24 uperf 2
n_reads: 0  n_updates: 1034835  nreaders: 0  nupdaters: 24 duration: 10
n_reads: nan  n_updates: 231921
rcu_rcpl 32 uperf 2
n_reads: 0  n_updates: 1048173  nreaders: 0  nupdaters: 32 duration: 10
n_reads: nan  n_updates: 305293
rcu_rcpl 48 uperf 2
n_reads: 0  n_updates: 1036018  nreaders: 0  nupdaters: 48 duration: 10
n_reads: nan  n_updates: 463312
rcu_rcpl 64 uperf 2
n_reads: 0  n_updates: 1028675  nreaders: 0  nupdaters: 64 duration: 10
n_reads: nan  n_updates: 622160
rcu_rcpls 1 rperf 2
n_reads: 29255000  n_updates: 0  nreaders: 1  nupdaters: 0 duration: 10
n_reads: 341.822  n_updates: nan
rcu_rcpls 2 rperf 2
n_reads: 38668000  n_updates: 0  nreaders: 2  nupdaters: 0 duration: 10
n_reads: 517.224  n_updates: nan
rcu_rcpls 3 rperf 2
n_reads: 67337000  n_updates: 0  nreaders: 3  nupdaters: 0 duration: 10
n_reads: 445.52  n_updates: nan
rcu_rcpls 4 rperf 2
n_reads: 74914000  n_updates: 0  nreaders: 4  nupdaters: 0 duration: 10
n_reads: 533.946  n_updates: nan
rcu_rcpls 6 rperf 2
n_reads: 116449000  n_updates: 0  nreaders: 6  nupdaters: 0 duration: 10
n_reads: 515.247  n_updates: nan
rcu_rcpls 8 rperf 2
n_reads: 149602000  n_updates: 0  nreaders: 8  nupdaters: 0 duration: 10
n_reads: 534.752  n_updates: nan
rcu_rcpls 12 rperf 2
n_reads: 229034000  n_updates: 0  nreaders: 12  nupdaters: 0 duration: 10
n_reads: 523.94  n_updates: nan
rcu_rcpls 16 rperf 2
n_reads: 309909000  n_updates: 0  nreaders: 16  nupdaters: 0 duration: 10
n_reads: 516.281  n_updates: nan
rcu_rcpls 24 rperf 2
n_reads: 459376000  n_updates: 0  nreaders: 24  nupdaters: 0 duration: 10
n_reads: 522.448  n_updates: nan
rcu_rcpls 32 rperf 2
n_reads: 613651000  n_updates: 0  nreaders: 32  nupdaters: 0 duration: 10
n_reads: 521.469  n_updates: nan
rcu_rcpls 48 rperf 2
n_reads: 921098000  n_updates: 0  nreaders: 48  nupdaters: 0 duration: 10
n_reads: 521.117  n_updates: nan
rcu_rcpls 64 rperf 2
n_reads: 1224715000  n_updates: 0  nreaders: 64  nupdaters: 0 duration: 10
n_reads: 522.571  n_updates: nan
rcu_rcpls 1 uperf 2
n_reads: 0  n_updates: 1729127  nreaders: 0  nupdaters: 1 duration: 10
n_reads: nan  n_updates: 5783.27
rcu_rcpls 2 uperf 2
n_reads: 0  n_updates: 1339079  nreaders: 0  nupdaters: 2 duration: 10
n_reads: nan  n_updates: 14935.6
rcu_rcpls 3 uperf 2
n_reads: 0  n_updates: 1415890  nreaders: 0  nupdaters: 3 duration: 10
n_reads: nan  n_updates: 21188.1
rcu_rcpls 4 uperf 2
n_reads: 0  n_updates: 1313635  nreaders: 0  nupdaters: 4 duration: 10
n_reads: nan  n_updates: 30449.9
rcu_rcpls 6 uperf 2
n_reads: 0  n_updates: 1304077  nreaders: 0  nupdaters: 6 duration: 10
n_reads: nan  n_updates: 46009.6
rcu_rcpls 8 uperf 2
n_reads: 0  n_updates: 1375318  nreaders: 0  nupdaters: 8 duration: 10
n_reads: nan  n_updates: 58168.4
rcu_rcpls 12 uperf 2
n_reads: 0  n_updates: 1339383  nreaders: 0  nupdaters: 12 duration: 10
n_reads: nan  n_updates: 89593.5
rcu_rcpls 16 uperf 2
n_reads: 0  n_updates: 1377311  nreaders: 0  nupdaters: 16 duration: 10
n_reads: nan  n_updates: 116168
rcu_rcpls 24 uperf 2
n_reads: 0  n_updates: 1349369  nreaders: 0  nupdaters: 24 duration: 10
n_reads: nan  n_updates: 177861
rcu_rcpls 32 uperf 2
n_reads: 0  n_updates: 1344591  nreaders: 0  nupdaters: 32 duration: 10
n_reads: nan  n_updates: 237991
rcu_rcpls 48 uperf 2
n_reads: 0  n_updates: 1339267  nreaders: 0  nupdaters: 48 duration: 10
n_reads: nan  n_updates: 358405
rcu_rcpls 64 uperf 2
n_reads: 0  n_updates: 1360190  nreaders: 0  nupdaters: 64 duration: 10
n_reads: nan  n_updates: 470523
rcu_ts 1 rperf 2
n_reads: 49593000  n_updates: 0  nreaders: 1  nupdaters: 0 duration: 10
n_reads: 201.641  n_updates: nan
rcu_ts 2 rperf 2
n_reads: 80676000  n_updates: 0  nreaders: 2  nupdaters: 0 duration: 10
n_reads: 247.905  n_updates: nan
rcu_ts 3 rperf 2
n_reads: 129149000  n_updates: 0  nreaders: 3  nupdaters: 0 duration: 10
n_reads: 232.29  n_updates: nan
rcu_ts 4 rperf 2
n_reads: 158026000  n_updates: 0  nreaders: 4  nupdaters: 0 duration: 10
n_reads: 253.123  n_updates: nan
rcu_ts 6 rperf 2
n_reads: 236632000  n_updates: 0  nreaders: 6  nupdaters: 0 duration: 10
n_reads: 253.558  n_updates: nan
rcu_ts 8 rperf 2
n_reads: 314587000  n_updates: 0  nreaders: 8  nupdaters: 0 duration: 10
n_reads: 254.302  n_updates: nan
rcu_ts 12 rperf 2
n_reads: 463328000  n_updates: 0  nreaders: 12  nupdaters: 0 duration: 10
n_reads: 258.996  n_updates: nan
rcu_ts 16 rperf 2
n_reads: 622078000  n_updates: 0  nreaders: 16  nupdaters: 0 duration: 10
n_reads: 257.202  n_updates: nan
rcu_ts 24 rperf 2
n_reads: 912613000  n_updates: 0  nreaders: 24  nupdaters: 0 duration: 10
n_reads: 262.981  n_updates: nan
rcu_ts 32 rperf 2
n_reads: 1231604000  n_updates: 0  nreaders: 32  nupdaters: 0 duration: 10
n_reads: 259.824  n_updates: nan
rcu_ts 48 rperf 2
n_reads: 1872299000  n_updates: 0  nreaders: 48  nupdaters: 0 duration: 10
n_reads: 256.369  n_updates: nan
rcu_ts 64 rperf 2
n_reads: 2455079000  n_updates: 0  nreaders: 64  nupdaters: 0 duration: 10
n_reads: 260.684  n_updates: nan
rcu_ts 1 uperf 2
n_reads: 0  n_updates: 2900663  nreaders: 0  nupdaters: 1 duration: 10
n_reads: nan  n_updates: 3447.49
rcu_ts 2 uperf 2
n_reads: 0  n_updates: 1748092  nreaders: 0  nupdaters: 2 duration: 10
n_reads: nan  n_updates: 11441
rcu_ts 3 uperf 2
n_reads: 0  n_updates: 1893896  nreaders: 0  nupdaters: 3 duration: 10
n_reads: nan  n_updates: 15840.4
rcu_ts 4 uperf 2
n_reads: 0  n_updates: 1867616  nreaders: 0  nupdaters: 4 duration: 10
n_reads: nan  n_updates: 21417.7
rcu_ts 6 uperf 2
n_reads: 0  n_updates: 2040243  nreaders: 0  nupdaters: 6 duration: 10
n_reads: nan  n_updates: 29408.3
rcu_ts 8 uperf 2
n_reads: 0  n_updates: 2053057  nreaders: 0  nupdaters: 8 duration: 10
n_reads: nan  n_updates: 38966.3
rcu_ts 12 uperf 2
n_reads: 0  n_updates: 2131219  nreaders: 0  nupdaters: 12 duration: 10
n_reads: nan  n_updates: 56305.8
rcu_ts 16 uperf 2
n_reads: 0  n_updates: 2450742  nreaders: 0  nupdaters: 16 duration: 10
n_reads: nan  n_updates: 65286.4
rcu_ts 24 uperf 2
n_reads: 0  n_updates: 2602811  nreaders: 0  nupdaters: 24 duration: 10
n_reads: nan  n_updates: 92208
rcu_ts 32 uperf 2
n_reads: 0  n_updates: 2596595  nreaders: 0  nupdaters: 32 duration: 10
n_reads: nan  n_updates: 123238
rcu_ts 48 uperf 2
n_reads: 0  n_updates: 2581550  nreaders: 0  nupdaters: 48 duration: 10
n_reads: nan  n_updates: 185935
rcu_ts 64 uperf 2
n_reads: 0  n_updates: 2558761  nreaders: 0  nupdaters: 64 duration: 10
n_reads: nan  n_updates: 250121
