Run for rcu with 1 CPUs and delay 100
Points: 153.087 153.270 153.324 153.719 153.758 154.548 161.656 161.821 161.823 161.925 161.943 161.974 162.013 162.043 162.100 162.149 162.502 162.692 162.703 162.838 163.471 163.516 164.137 164.330 164.518 165.428 166.160 166.498 167.073 167.722
Average reader duration: 161.491 nanoseconds
Minimum reader duration: 153.087
Median reader duration: 162.072
Maximum reader duration: 167.722
Run for srcu with 1 CPUs and delay 100
Points: 161.153 161.490 161.539 161.638 161.693 161.802 161.849 161.859 162.021 162.022 162.057 162.073 162.207 162.209 162.408 162.455 163.522 164.349 164.657 164.776 165.632 166.135 168.344 168.994 169.069 169.207 169.989 176.057 176.575 178.281
Average reader duration: 165.202 nanoseconds
Minimum reader duration: 161.153
Median reader duration: 162.308
Maximum reader duration: 178.281
Run for refcnt with 1 CPUs and delay 100
Points: 158.743 159.160 159.198 159.221 159.226 159.283 159.338 159.462 159.816 159.839 159.923 160.350 161.600 161.733 164.907 166.085 168.511 172.448 172.511 172.581 172.732 172.863 172.864 172.925 172.970 173.015 173.079 173.197 173.950 175.091
Average reader duration: 166.221 nanoseconds
Minimum reader duration: 158.743
Median reader duration: 163.32
Maximum reader duration: 175.091
Run for rwlock with 1 CPUs and delay 100
Points: 159.036 159.212 159.548 159.666 159.674 159.738 159.741 159.806 159.825 159.829 159.904 159.906 159.926 160.099 160.116 160.164 160.229 160.263 160.274 160.410 160.456 162.272 163.112 165.342 165.843 165.981 167.361 168.341 172.471 180.399
Average reader duration: 162.298 nanoseconds
Minimum reader duration: 159.036
Median reader duration: 160.108
Maximum reader duration: 180.399
Run for rwsem with 1 CPUs and delay 100
Points: 162.332 162.942 162.950 162.980 163.095 163.100 163.200 163.306 163.380 163.541 168.725 169.523 172.461 176.211 176.836 177.411 178.604 179.210 179.284 179.398 179.403 179.697 179.726 180.043 180.064 180.299 180.350 181.295 182.679 185.489
Average reader duration: 173.251 nanoseconds
Minimum reader duration: 162.332
Median reader duration: 176.524
Maximum reader duration: 185.489
Run for rcu with 1 CPUs and delay 200
Points: 271.448 272.715 272.895 274.566 275.186 275.521 275.635 275.639 275.671 275.803 275.858 275.953 276.002 276.238 276.372 276.415 276.478 276.750 276.793 277.027 277.093 277.244 277.930 278.354 279.281 279.577 280.605 281.026 281.236 283.541
Average reader duration: 276.828 nanoseconds
Minimum reader duration: 271.448
Median reader duration: 276.305
Maximum reader duration: 283.541
Run for srcu with 1 CPUs and delay 200
Points: 268.906 269.066 275.909 277.576 280.718 280.802 281.104 284.030 284.256 284.366 284.496 284.578 284.618 284.636 284.646 284.798 284.831 284.832 284.912 285.011 285.195 285.635 285.710 285.752 286.133 286.210 286.259 286.507 287.227 287.586
Average reader duration: 283.21 nanoseconds
Minimum reader duration: 268.906
Median reader duration: 284.641
Maximum reader duration: 287.586
Run for refcnt with 1 CPUs and delay 200
Points: 274.689 277.689 281.303 281.406 281.420 281.503 281.577 281.699 281.727 281.730 281.750 281.828 281.835 281.837 281.840 281.848 281.857 281.904 281.943 282.138 282.203 282.208 282.263 282.307 282.516 282.669 282.869 283.043 283.216 283.435
Average reader duration: 281.675 nanoseconds
Minimum reader duration: 274.689
Median reader duration: 281.838
Maximum reader duration: 283.435
Run for rwlock with 1 CPUs and delay 200
Points: 264.863 265.218 265.542 265.976 266.133 266.147 266.325 272.324 272.524 272.626 273.543 274.766 278.380 279.418 280.950 281.345 281.421 281.740 281.760 281.764 281.885 281.951 281.987 282.022 282.170 282.878 283.336 284.987 286.565 295.831
Average reader duration: 277.213 nanoseconds
Minimum reader duration: 264.863
Median reader duration: 280.184
Maximum reader duration: 295.831
Run for rwsem with 1 CPUs and delay 200
Points: 269.781 276.751 276.756 277.214 277.270 277.275 277.357 277.364 277.369 277.479 277.579 277.634 277.922 277.995 278.213 278.682 281.494 281.593 282.439 282.633 283.460 285.578 285.945 286.228 286.381 287.299 287.991 290.505 294.633 295.419
Average reader duration: 281.475 nanoseconds
Minimum reader duration: 269.781
Median reader duration: 278.104
Maximum reader duration: 295.419
Run for rcu with 1 CPUs and delay 500
Points: 611.857 611.984 612.024 612.052 612.113 612.203 612.229 612.243 612.376 612.387 612.408 612.423 612.841 612.899 612.917 613.056 615.057 615.142 615.829 617.768 619.023 621.888 626.538 629.093 629.106 629.192 630.696 631.694 631.855 633.258
Average reader duration: 618.138 nanoseconds
Minimum reader duration: 611.857
Median reader duration: 612.908
Maximum reader duration: 633.258
Run for srcu with 1 CPUs and delay 500
Points: 622.548 622.651 622.841 622.886 622.934 623.130 625.027 626.111 626.183 626.506 627.124 627.894 628.401 629.131 630.900 631.127 638.258 639.221 639.443 640.287 641.267 643.180 643.709 651.382 653.777 654.533 657.518 659.046 660.340 661.197
Average reader duration: 636.618 nanoseconds
Minimum reader duration: 622.548
Median reader duration: 630.015
Maximum reader duration: 661.197
Run for refcnt with 1 CPUs and delay 500
Points: 619.191 619.341 619.403 619.688 619.858 620.340 620.899 621.500 621.541 621.629 621.669 621.892 622.093 622.106 623.272 624.586 624.788 625.581 626.349 626.625 627.270 627.551 631.784 633.036 637.154 639.188 639.330 641.065 646.058 692.001
Average reader duration: 628.56 nanoseconds
Minimum reader duration: 619.191
Median reader duration: 622.689
Maximum reader duration: 692.001
Run for rwlock with 1 CPUs and delay 500
Points: 618.633 619.281 619.302 619.589 619.795 620.244 620.276 621.098 621.307 621.359 621.428 621.461 621.561 621.645 621.967 622.897 623.870 625.421 629.008 635.182 635.463 638.551 638.853 639.025 639.464 640.024 640.342 642.023 643.416 663.965
Average reader duration: 628.882 nanoseconds
Minimum reader duration: 618.633
Median reader duration: 621.806
Maximum reader duration: 663.965
Run for rwsem with 1 CPUs and delay 500
Points: 623.674 624.003 624.713 625.791 626.565 626.691 627.037 627.042 627.093 627.101 627.379 627.795 628.137 628.144 628.318 628.882 628.924 629.011 629.131 630.135 631.273 632.002 634.238 636.034 636.796 637.768 640.427 643.987 644.744 646.662
Average reader duration: 630.983 nanoseconds
Minimum reader duration: 623.674
Median reader duration: 628.231
Maximum reader duration: 646.662
Run for rcu with 1 CPUs and delay 1000
Points: 1049.880 1050.756 1054.485 1054.692 1054.738 1054.775 1054.906 1055.174 1055.570 1056.338 1056.473 1056.494 1056.612 1057.237 1057.282 1057.421 1057.488 1057.676 1058.813 1059.342 1060.677 1060.966 1060.967 1061.727 1061.952 1062.337 1067.823 1068.675 1069.941 1072.588
Average reader duration: 1058.79 nanoseconds
Minimum reader duration: 1049.880
Median reader duration: 1057.26
Maximum reader duration: 1072.588
Run for srcu with 1 CPUs and delay 1000
Points: 1045.139 1047.582 1050.587 1050.827 1051.010 1051.030 1051.218 1051.334 1051.641 1051.890 1051.953 1052.614 1052.657 1053.174 1053.316 1054.021 1055.443 1056.008 1056.689 1056.958 1063.209 1063.739 1063.999 1064.126 1064.285 1064.652 1065.852 1066.271 1067.682 1086.132
Average reader duration: 1057.17 nanoseconds
Minimum reader duration: 1045.139
Median reader duration: 1053.24
Maximum reader duration: 1086.132
Run for refcnt with 1 CPUs and delay 1000
Points: 1035.267 1035.576 1039.892 1045.019 1045.440 1045.498 1045.513 1046.049 1046.084 1046.720 1046.845 1046.910 1048.543 1052.920 1053.590 1055.550 1056.700 1057.081 1057.429 1058.124 1058.498 1059.882 1063.469 1063.571 1065.892 1070.074 1073.210 1074.594 1117.521 1125.462
Average reader duration: 1057.9 nanoseconds
Minimum reader duration: 1035.267
Median reader duration: 1053.26
Maximum reader duration: 1125.462
Run for rwlock with 1 CPUs and delay 1000
Points: 1046.527 1047.551 1047.630 1047.983 1048.217 1049.291 1049.305 1049.389 1050.447 1050.643 1050.706 1050.715 1050.729 1053.534 1054.925 1055.161 1055.900 1055.905 1056.962 1059.397 1060.234 1060.671 1060.801 1061.322 1062.008 1063.579 1064.197 1065.069 1066.065 1067.623
Average reader duration: 1055.42 nanoseconds
Minimum reader duration: 1046.527
Median reader duration: 1054.23
Maximum reader duration: 1067.623
Run for rwsem with 1 CPUs and delay 1000
Points: 1041.685 1042.021 1042.436 1043.427 1044.072 1044.226 1044.384 1044.615 1045.798 1045.886 1045.948 1046.972 1047.251 1047.372 1052.026 1052.238 1052.426 1054.512 1055.864 1056.927 1058.590 1059.859 1065.679 1074.201 1074.502 1074.897 1075.544 1095.977 1137.714 1154.489
Average reader duration: 1060.72 nanoseconds
Minimum reader duration: 1041.685
Median reader duration: 1049.7
Maximum reader duration: 1154.489
Run for rcu with 1 CPUs and delay 2000
Points: 2042.984 2045.104 2049.963 2052.148 2058.204 2060.508 2062.058 2063.066 2063.710 2064.898 2066.068 2066.914 2067.186 2067.726 2068.940 2069.464 2069.614 2070.479 2070.696 2071.389 2071.931 2072.214 2073.474 2077.733 2079.286 2086.844 2087.401 2090.288 2100.398 2155.834
Average reader duration: 2071.55 nanoseconds
Minimum reader duration: 2042.984
Median reader duration: 2068.33
Maximum reader duration: 2155.834
Run for srcu with 1 CPUs and delay 2000
Points: 2037.288 2047.040 2047.606 2048.965 2051.844 2060.775 2060.961 2066.706 2066.844 2068.199 2069.253 2070.462 2070.551 2071.489 2072.181 2072.832 2073.313 2073.638 2077.680 2083.287 2085.940 2086.995 2088.077 2088.105 2089.190 2091.400 2092.062 2092.638 2105.610 2112.839
Average reader duration: 2074.13 nanoseconds
Minimum reader duration: 2037.288
Median reader duration: 2071.84
Maximum reader duration: 2112.839
Run for refcnt with 1 CPUs and delay 2000
Points: 2032.901 2036.865 2037.265 2045.300 2048.828 2053.085 2053.675 2054.707 2055.116 2056.112 2057.449 2058.269 2060.203 2060.758 2062.023 2062.630 2064.302 2064.498 2065.604 2066.320 2068.035 2068.402 2069.557 2070.135 2070.507 2072.354 2073.355 2076.486 2077.067 2079.127
Average reader duration: 2060.7 nanoseconds
Minimum reader duration: 2032.901
Median reader duration: 2061.39
Maximum reader duration: 2079.127
Run for rwlock with 1 CPUs and delay 2000
Points: 2035.789 2043.569 2045.893 2048.178 2048.522 2049.672 2053.321 2055.862 2055.951 2055.969 2056.088 2057.315 2057.470 2058.369 2059.462 2059.701 2060.147 2060.705 2060.707 2060.904 2061.428 2063.893 2064.483 2068.428 2073.561 2075.884 2078.579 2080.069 2080.977 2092.506
Average reader duration: 2060.78 nanoseconds
Minimum reader duration: 2035.789
Median reader duration: 2058.92
Maximum reader duration: 2092.506
Run for rwsem with 1 CPUs and delay 2000
Points: 2041.912 2049.148 2051.179 2052.409 2052.434 2052.820 2053.059 2055.771 2056.309 2057.354 2057.636 2059.255 2061.420 2062.131 2063.084 2064.549 2065.477 2065.712 2066.092 2066.133 2066.240 2067.484 2067.879 2070.158 2071.212 2073.620 2074.890 2078.329 2082.234 2086.072
Average reader duration: 2063.07 nanoseconds
Minimum reader duration: 2041.912
Median reader duration: 2062.61
Maximum reader duration: 2086.072
Run for rcu with 1 CPUs and delay 5000
Points: 5055.772 5056.223 5057.598 5058.509 5059.106 5063.612 5063.999 5064.201 5064.601 5066.308 5068.866 5068.975 5075.156 5076.493 5081.565 5081.667 5086.429 5091.003 5093.389 5093.680 5094.988 5096.164 5102.563 5103.433 5103.451 5106.232 5108.860 5113.832 5131.404 5133.678
Average reader duration: 5084.06 nanoseconds
Minimum reader duration: 5055.772
Median reader duration: 5079.03
Maximum reader duration: 5133.678
Run for srcu with 1 CPUs and delay 5000
Points: 5061.081 5067.085 5067.662 5068.581 5071.667 5071.799 5072.155 5072.413 5075.356 5075.543 5077.927 5079.841 5085.030 5086.816 5091.553 5093.321 5096.330 5097.216 5100.107 5101.435 5101.633 5104.768 5108.541 5109.762 5111.402 5124.781 5127.464 5128.592 5130.100 5158.567
Average reader duration: 5093.95 nanoseconds
Minimum reader duration: 5061.081
Median reader duration: 5089.18
Maximum reader duration: 5158.567
Run for refcnt with 1 CPUs and delay 5000
Points: 5056.792 5060.761 5061.151 5062.314 5064.722 5066.667 5066.942 5069.638 5070.079 5072.010 5073.221 5073.712 5074.503 5078.866 5079.135 5080.341 5080.916 5085.795 5085.883 5088.233 5090.606 5094.624 5096.784 5107.013 5110.623 5114.813 5114.940 5137.478 5137.933 5144.004
Average reader duration: 5086.68 nanoseconds
Minimum reader duration: 5056.792
Median reader duration: 5079
Maximum reader duration: 5144.004
Run for rwlock with 1 CPUs and delay 5000
Points: 5061.277 5067.023 5067.560 5072.378 5072.652 5072.798 5075.574 5075.801 5078.098 5078.461 5080.713 5081.945 5084.330 5084.972 5085.775 5088.567 5093.574 5100.285 5100.331 5108.478 5109.998 5110.141 5111.615 5112.568 5114.586 5114.876 5115.822 5119.030 5137.309 5276.081
Average reader duration: 5098.42 nanoseconds
Minimum reader duration: 5061.277
Median reader duration: 5085.37
Maximum reader duration: 5276.081
Run for rwsem with 1 CPUs and delay 5000
Points: 5063.826 5064.315 5065.130 5065.498 5065.515 5068.551 5068.616 5068.844 5071.954 5072.374 5072.484 5076.174 5076.310 5077.721 5078.802 5084.217 5088.641 5090.810 5092.901 5099.942 5103.124 5105.335 5112.756 5113.450 5120.265 5121.818 5124.312 5130.760 5133.311 5144.485
Average reader duration: 5090.74 nanoseconds
Minimum reader duration: 5063.826
Median reader duration: 5078.26
Maximum reader duration: 5144.485
Run for rcu with 1 CPUs and delay 10000
Points: 10072.665 10076.070 10080.614 10082.713 10086.603 10088.175 10090.716 10095.233 10095.719 10098.459 10098.960 10102.586 10102.797 10103.730 10105.055 10108.451 10110.086 10115.215 10115.558 10118.161 10118.612 10119.578 10132.435 10135.259 10139.088 10139.694 10155.698 10172.868 10185.817 10225.268
Average reader duration: 10115.7 nanoseconds
Minimum reader duration: 10072.665
Median reader duration: 10104.4
Maximum reader duration: 10225.268
Run for srcu with 1 CPUs and delay 10000
Points: 10077.884 10079.212 10080.425 10080.925 10080.980 10083.333 10083.927 10085.425 10085.536 10085.547 10085.827 10090.791 10097.068 10097.368 10097.893 10098.450 10098.958 10109.795 10109.868 10112.269 10113.621 10113.946 10122.201 10125.476 10132.559 10165.641 10178.860 10180.085 10190.015 10198.144
Average reader duration: 10111.4 nanoseconds
Minimum reader duration: 10077.884
Median reader duration: 10097.6
Maximum reader duration: 10198.144
Run for refcnt with 1 CPUs and delay 10000
Points: 10075.339 10076.390 10078.722 10079.107 10080.058 10081.629 10081.970 10083.600 10087.405 10087.873 10088.841 10091.860 10093.756 10093.858 10094.679 10097.473 10106.216 10108.073 10110.961 10116.671 10118.857 10119.230 10123.461 10144.147 10149.982 10166.051 10175.639 10177.591 10179.857 10181.923
Average reader duration: 10111.7 nanoseconds
Minimum reader duration: 10075.339
Median reader duration: 10094.3
Maximum reader duration: 10181.923
Run for rwlock with 1 CPUs and delay 10000
Points: 10075.843 10076.099 10076.406 10077.488 10077.863 10079.784 10083.664 10085.035 10088.040 10088.958 10089.135 10094.285 10098.576 10099.142 10100.301 10100.467 10100.559 10103.848 10105.795 10111.112 10113.871 10128.892 10136.694 10138.259 10138.322 10156.191 10156.967 10160.781 10169.037 10183.881
Average reader duration: 10109.8 nanoseconds
Minimum reader duration: 10075.843
Median reader duration: 10099.7
Maximum reader duration: 10183.881
Run for rwsem with 1 CPUs and delay 10000
Points: 10086.891 10093.441 10094.646 10094.799 10099.898 10100.116 10101.193 10103.059 10103.934 10107.008 10109.169 10110.742 10111.836 10117.855 10123.342 10125.987 10129.404 10129.792 10130.409 10134.306 10135.209 10143.402 10148.996 10156.108 10156.791 10156.915 10163.492 10167.885 10168.843 10170.836
Average reader duration: 10125.9 nanoseconds
Minimum reader duration: 10086.891
Median reader duration: 10120.6
Maximum reader duration: 10170.836
Run for rcu with 1 CPUs and delay 20000
Points: 20050.100 20056.660 20057.044 20058.478 20058.614 20059.792 20066.199 20068.832 20073.260 20074.448 20076.637 20077.707 20088.630 20089.299 20095.041 20103.351 20105.712 20106.995 20110.968 20113.181 20126.247 20134.424 20145.907 20149.549 20162.689 20165.465 20176.687 20186.912 20187.293 20236.947
Average reader duration: 20108.8 nanoseconds
Minimum reader duration: 20050.100
Median reader duration: 20092.2
Maximum reader duration: 20236.947
Run for srcu with 1 CPUs and delay 20000
Points: 20061.158 20062.158 20063.463 20065.527 20068.064 20076.503 20078.737 20089.748 20093.365 20093.527 20100.556 20103.267 20108.055 20109.488 20110.771 20113.925 20126.137 20128.969 20131.975 20132.804 20137.176 20143.040 20169.061 20177.814 20187.496 20195.557 20199.059 20232.564 20264.469 20340.260
Average reader duration: 20132.2 nanoseconds
Minimum reader duration: 20061.158
Median reader duration: 20110.1
Maximum reader duration: 20340.260
Run for refcnt with 1 CPUs and delay 20000
Points: 20051.520 20053.156 20054.449 20059.266 20059.754 20060.883 20061.293 20061.896 20065.440 20065.695 20083.254 20085.634 20092.233 20093.734 20094.309 20098.895 20109.292 20116.048 20120.842 20122.593 20128.289 20132.427 20133.874 20134.167 20147.344 20147.978 20155.752 20163.335 20183.164 20194.688
Average reader duration: 20104.4 nanoseconds
Minimum reader duration: 20051.520
Median reader duration: 20094
Maximum reader duration: 20194.688
Run for rwlock with 1 CPUs and delay 20000
Points: 20065.930 20072.260 20075.033 20075.096 20077.810 20078.591 20081.565 20083.597 20085.470 20086.864 20088.868 20089.392 20101.106 20108.365 20108.602 20118.213 20140.080 20142.629 20142.769 20144.870 20145.177 20148.610 20149.323 20157.690 20166.045 20166.141 20172.103 20175.335 20180.808 20191.884
Average reader duration: 20120.7 nanoseconds
Minimum reader duration: 20065.930
Median reader duration: 20108.5
Maximum reader duration: 20191.884
Run for rwsem with 1 CPUs and delay 20000
Points: 20056.884 20059.469 20059.764 20069.774 20070.330 20070.900 20072.799 20074.218 20086.709 20090.068 20097.500 20101.611 20105.438 20108.607 20111.003 20111.337 20113.647 20114.693 20117.702 20120.350 20123.984 20126.674 20131.887 20134.169 20136.909 20138.051 20142.171 20144.912 20158.452 20173.914
Average reader duration: 20107.5 nanoseconds
Minimum reader duration: 20056.884
Median reader duration: 20109.8
Maximum reader duration: 20173.914
Run for rcu with 10 CPUs and delay 100
Points: 163.624 163.694 165.123 165.616 166.149 166.372 166.442 166.926 166.949 167.314 167.370 167.424 167.799 167.891 167.899 168.117 168.242 168.613 168.755 168.953 168.968 169.058 169.160 169.518 169.605 169.651 169.955 170.555 173.613 175.714
Average reader duration: 168.169 nanoseconds
Minimum reader duration: 163.624
Median reader duration: 167.895
Maximum reader duration: 175.714
Run for srcu with 10 CPUs and delay 100
Points: 170.086 170.531 171.266 171.703 171.766 171.856 171.911 172.036 172.081 172.515 172.517 172.538 172.655 172.659 173.109 173.560 173.748 174.176 174.206 174.436 174.478 174.560 175.426 176.061 176.222 177.429 177.813 178.398 178.544 181.194
Average reader duration: 173.983 nanoseconds
Minimum reader duration: 170.086
Median reader duration: 172.884
Maximum reader duration: 181.194
Run for refcnt with 10 CPUs and delay 100
Points: 1194.606 1204.253 1224.749 1236.105 1237.087 1243.669 1250.765 1250.938 1254.085 1259.793 1284.181 1286.878 1289.136 1291.572 1296.232 1298.043 1301.591 1302.663 1306.740 1306.823 1307.994 1316.096 1321.186 1334.164 1336.982 1345.451 1347.664 1349.809 1372.888 1389.132
Average reader duration: 1291.38 nanoseconds
Minimum reader duration: 1194.606
Median reader duration: 1293.9
Maximum reader duration: 1389.132
Run for rwlock with 10 CPUs and delay 100
Points: 1114.254 1143.111 1161.767 1171.243 1188.830 1203.470 1216.285 1246.871 1253.967 1255.656 1258.583 1258.829 1274.189 1274.866 1279.876 1284.587 1287.583 1293.424 1298.661 1299.301 1299.478 1305.787 1307.954 1309.423 1314.486 1318.076 1321.662 1326.095 1337.266 1352.441
Average reader duration: 1265.27 nanoseconds
Minimum reader duration: 1114.254
Median reader duration: 1277.37
Maximum reader duration: 1352.441
Run for rwsem with 10 CPUs and delay 100
Points: 1341.577 1361.276 1365.855 1393.464 1401.708 1432.080 1432.397 1438.350 1446.932 1450.056 1458.274 1459.303 1461.791 1463.799 1507.777 1510.828 1519.678 1616.997 1621.792 1622.371 1638.741 1645.192 1650.325 1768.822 1781.848 1792.105 1848.202 1850.492 1852.957 1864.486
Average reader duration: 1566.65 nanoseconds
Minimum reader duration: 1341.577
Median reader duration: 1485.79
Maximum reader duration: 1864.486
Run for rcu with 10 CPUs and delay 200
Points: 268.272 270.302 271.086 271.268 271.732 271.745 271.869 272.000 272.020 272.051 272.149 273.008 273.896 273.928 274.003 274.250 274.344 275.246 275.503 275.882 275.998 276.422 277.439 277.676 277.887 278.165 278.741 279.608 279.639 280.289
Average reader duration: 274.547 nanoseconds
Minimum reader duration: 268.272
Median reader duration: 273.966
Maximum reader duration: 280.289
Run for srcu with 10 CPUs and delay 200
Points: 280.409 280.584 281.036 281.084 281.564 281.579 281.650 281.718 281.747 281.983 281.991 282.074 282.207 282.305 282.352 282.468 282.525 282.628 282.643 282.857 283.127 283.514 283.563 283.943 284.085 284.538 285.276 286.086 286.490 287.248
Average reader duration: 282.842 nanoseconds
Minimum reader duration: 280.409
Median reader duration: 282.328
Maximum reader duration: 287.248
Run for refcnt with 10 CPUs and delay 200
Points: 1416.463 1430.898 1441.506 1444.189 1448.764 1449.802 1451.419 1451.523 1451.530 1453.285 1455.879 1455.965 1456.419 1457.238 1457.790 1458.865 1458.905 1459.322 1459.428 1465.429 1466.801 1467.573 1468.500 1470.722 1479.084 1485.082 1496.494 1510.301 1514.132 1522.445
Average reader duration: 1463.53 nanoseconds
Minimum reader duration: 1416.463
Median reader duration: 1457.51
Maximum reader duration: 1522.445
Run for rwlock with 10 CPUs and delay 200
Points: 943.528 952.855 953.624 956.109 963.379 968.886 970.880 973.286 974.892 1007.106 1011.816 1020.244 1026.989 1029.429 1032.106 1051.288 1053.687 1057.242 1060.660 1071.101 1077.203 1077.837 1090.996 1094.482 1096.941 1099.525 1233.801 1235.431 1245.026 1247.732
Average reader duration: 1052.6 nanoseconds
Minimum reader duration: 943.528
Median reader duration: 1030.77
Maximum reader duration: 1247.732
Run for rwsem with 10 CPUs and delay 200
Points: 1434.829 1447.249 1449.173 1452.149 1452.286 1462.172 1467.619 1471.587 1473.714 1476.749 1479.288 1479.288 1487.239 1489.435 1493.127 1493.306 1495.726 1498.739 1499.988 1502.956 1505.500 1507.258 1510.953 1512.775 1523.120 1525.710 1528.080 1530.585 1551.023 1560.659
Average reader duration: 1492.08 nanoseconds
Minimum reader duration: 1434.829
Median reader duration: 1491.28
Maximum reader duration: 1560.659
Run for rcu with 10 CPUs and delay 500
Points: 616.969 617.450 618.162 621.857 626.036 626.126 626.784 627.190 627.208 627.246 627.437 627.669 628.013 628.449 629.227 629.271 630.026 630.519 630.952 632.761 636.501 636.780 636.868 637.035 638.547 639.116 640.021 641.529 644.129 647.557
Average reader duration: 630.915 nanoseconds
Minimum reader duration: 616.969
Median reader duration: 628.838
Maximum reader duration: 647.557
Run for srcu with 10 CPUs and delay 500
Points: 630.111 630.402 630.697 631.843 631.869 632.119 632.239 632.794 632.950 633.420 633.527 633.689 634.419 634.420 635.130 635.239 635.740 636.449 638.025 638.669 639.463 639.904 640.397 641.606 644.323 646.818 647.374 649.598 650.033 651.796
Average reader duration: 637.502 nanoseconds
Minimum reader duration: 630.111
Median reader duration: 634.775
Maximum reader duration: 651.796
Run for refcnt with 10 CPUs and delay 500
Points: 1187.380 1228.156 1376.131 1377.310 1379.467 1385.590 1387.977 1398.772 1399.511 1399.829 1400.387 1400.898 1401.298 1404.311 1405.028 1409.859 1410.461 1411.215 1420.340 1430.473 1431.092 1432.071 1432.403 1433.882 1439.877 1440.837 1440.965 1450.777 1572.093 1676.793
Average reader duration: 1412.17 nanoseconds
Minimum reader duration: 1187.380
Median reader duration: 1404.67
Maximum reader duration: 1676.793
Run for rwlock with 10 CPUs and delay 500
Points: 1681.835 1688.572 1689.150 1691.444 1701.701 1709.808 1712.751 1727.847 1728.243 1728.536 1731.298 1731.714 1731.826 1732.150 1739.749 1752.213 1752.636 1754.166 1754.708 1757.051 1758.101 1760.088 1764.681 1768.108 1768.131 1773.924 1792.639 1794.284 1834.772 1847.936
Average reader duration: 1745.34 nanoseconds
Minimum reader duration: 1681.835
Median reader duration: 1735.95
Maximum reader duration: 1847.936
Run for rwsem with 10 CPUs and delay 500
Points: 1710.685 1713.381 1720.780 1722.219 1733.440 1738.443 1739.382 1752.195 1766.581 1784.915 1789.422 1790.802 1813.326 1820.203 1823.931 1824.711 1826.021 1828.124 1836.040 1841.903 1846.269 1850.264 1855.895 1857.712 1874.901 1892.612 1900.606 1901.612 1920.228 1934.625
Average reader duration: 1813.71 nanoseconds
Minimum reader duration: 1710.685
Median reader duration: 1822.07
Maximum reader duration: 1934.625
Run for rcu with 10 CPUs and delay 1000
Points: 1050.424 1053.182 1053.372 1055.078 1056.006 1056.268 1057.115 1058.584 1058.951 1059.101 1059.899 1063.059 1063.328 1066.123 1067.295 1067.340 1067.362 1067.722 1068.156 1068.394 1069.736 1070.070 1070.469 1070.473 1072.670 1074.204 1074.320 1075.876 1076.178 1077.787
Average reader duration: 1064.95 nanoseconds
Minimum reader duration: 1050.424
Median reader duration: 1066.71
Maximum reader duration: 1077.787
Run for srcu with 10 CPUs and delay 1000
Points: 1046.143 1047.937 1048.799 1050.327 1050.332 1050.607 1050.902 1050.911 1051.055 1051.449 1051.669 1051.887 1053.201 1053.635 1053.718 1054.705 1056.418 1059.590 1061.642 1062.596 1062.627 1063.471 1065.451 1068.465 1068.959 1069.854 1070.589 1073.871 1074.266 1076.349
Average reader duration: 1058.38 nanoseconds
Minimum reader duration: 1046.143
Median reader duration: 1053.68
Maximum reader duration: 1076.349
Run for refcnt with 10 CPUs and delay 1000
Points: 1659.509 1664.974 1665.615 1668.613 1670.022 1671.315 1671.883 1673.952 1674.252 1674.558 1675.239 1675.670 1675.712 1676.545 1678.131 1678.508 1679.123 1690.281 1915.639 1921.762 1936.645 1943.663 1962.199 1968.152 1969.060 1971.379 1985.318 1987.077 1994.670 2008.652
Average reader duration: 1789.6 nanoseconds
Minimum reader duration: 1659.509
Median reader duration: 1677.34
Maximum reader duration: 2008.652
Run for rwlock with 10 CPUs and delay 1000
Points: 1760.379 1857.351 1876.530 1882.030 1883.416 1884.014 1888.432 1896.048 1899.005 1901.357 1903.931 1908.412 1908.727 1916.371 1932.902 1937.405 1941.256 1972.755 2012.346 2026.179 2033.545 2036.773 2055.289 2055.521 2056.650 2061.224 2061.730 2061.940 2062.238 2167.578
Average reader duration: 1961.38 nanoseconds
Minimum reader duration: 1760.379
Median reader duration: 1924.64
Maximum reader duration: 2167.578
Run for rwsem with 10 CPUs and delay 1000
Points: 2388.485 2394.603 2400.110 2404.709 2414.639 2416.420 2435.215 2436.873 2484.116 2492.398 2510.496 2515.152 2539.738 2541.842 2566.825 2576.398 2576.863 2587.227 2594.550 2596.557 2604.209 2615.261 2624.099 2644.215 2654.939 2658.530 2663.673 2699.452 2712.693 2744.028
Average reader duration: 2549.81 nanoseconds
Minimum reader duration: 2388.485
Median reader duration: 2554.33
Maximum reader duration: 2744.028
Run for rcu with 10 CPUs and delay 2000
Points: 2047.968 2062.187 2064.643 2067.063 2067.617 2068.171 2068.233 2069.149 2072.531 2072.536 2072.690 2072.744 2073.013 2073.146 2074.463 2074.888 2076.076 2078.270 2079.149 2079.199 2079.551 2080.597 2082.184 2085.571 2086.832 2087.382 2089.280 2106.339 2108.647 2110.414
Average reader duration: 2077.68 nanoseconds
Minimum reader duration: 2047.968
Median reader duration: 2073.8
Maximum reader duration: 2110.414
Run for srcu with 10 CPUs and delay 2000
Points: 2048.566 2057.540 2059.177 2059.630 2059.742 2060.004 2060.222 2060.225 2060.896 2064.242 2064.556 2066.179 2066.996 2067.634 2067.869 2068.484 2072.078 2072.612 2073.574 2074.048 2076.500 2077.232 2079.677 2080.816 2080.867 2081.044 2090.292 2090.726 2090.971 2105.372
Average reader duration: 2071.26 nanoseconds
Minimum reader duration: 2048.566
Median reader duration: 2067.75
Maximum reader duration: 2105.372
Run for refcnt with 10 CPUs and delay 2000
Points: 2531.491 2533.330 2538.837 2543.066 2550.242 2550.502 2550.877 2551.423 2551.909 2552.948 2554.913 2562.123 2563.956 2564.714 2564.948 2566.152 2566.996 2572.210 2573.909 2574.050 2574.327 2575.242 2575.755 2576.825 2580.338 2580.491 2585.638 2591.867 2594.051 2632.123
Average reader duration: 2566.18 nanoseconds
Minimum reader duration: 2531.491
Median reader duration: 2564.83
Maximum reader duration: 2632.123
Run for rwlock with 10 CPUs and delay 2000
Points: 2506.949 2512.364 2513.505 2516.980 2517.146 2518.275 2522.256 2522.288 2523.434 2523.440 2523.707 2529.184 2530.411 2532.708 2534.968 2538.643 2549.210 2549.880 2558.449 2608.633 2613.329 2614.688 2628.168 2632.594 2634.962 2641.744 2643.007 2644.734 2648.574 2658.823
Average reader duration: 2566.44 nanoseconds
Minimum reader duration: 2506.949
Median reader duration: 2533.84
Maximum reader duration: 2658.823
Run for rwsem with 10 CPUs and delay 2000
Points: 2583.442 2585.639 2592.907 2598.252 2603.252 2603.808 2624.663 2631.730 2631.988 2644.390 2661.571 2734.102 2776.697 2783.154 2794.618 2797.297 2814.328 2817.512 2828.298 2828.731 2835.896 2851.857 2857.181 2888.576 2897.008 2913.703 2924.324 2934.637 2936.390 2962.420
Average reader duration: 2764.61 nanoseconds
Minimum reader duration: 2583.442
Median reader duration: 2788.89
Maximum reader duration: 2962.420
Run for rcu with 10 CPUs and delay 5000
Points: 5076.668 5077.002 5079.969 5080.208 5080.833 5082.257 5083.337 5083.981 5085.851 5087.549 5088.563 5089.350 5090.689 5092.407 5096.114 5099.481 5099.653 5103.616 5105.713 5106.387 5106.789 5108.288 5109.024 5109.165 5109.493 5110.095 5110.593 5110.974 5113.089 5116.342
Average reader duration: 5096.45 nanoseconds
Minimum reader duration: 5076.668
Median reader duration: 5094.26
Maximum reader duration: 5116.342
Run for srcu with 10 CPUs and delay 5000
Points: 5073.751 5077.917 5079.627 5082.024 5083.063 5084.031 5084.614 5084.662 5088.734 5088.854 5090.259 5090.877 5091.175 5098.058 5098.260 5101.160 5102.236 5103.872 5108.044 5110.421 5110.811 5111.111 5114.591 5117.029 5118.251 5118.966 5119.456 5134.114 5201.452 5203.073
Average reader duration: 5105.68 nanoseconds
Minimum reader duration: 5073.751
Median reader duration: 5098.16
Maximum reader duration: 5203.073
Run for refcnt with 10 CPUs and delay 5000
Points: 5574.473 5577.298 5580.087 5582.743 5582.875 5585.738 5587.077 5592.303 5594.695 5597.393 5597.748 5597.991 5601.981 5605.357 5606.329 5607.684 5608.182 5608.471 5609.184 5609.449 5609.688 5611.905 5616.464 5619.642 5626.326 5628.585 5633.139 5636.871 5638.357 5653.071
Average reader duration: 5606.04 nanoseconds
Minimum reader duration: 5574.473
Median reader duration: 5605.84
Maximum reader duration: 5653.071
Run for rwlock with 10 CPUs and delay 5000
Points: 5544.321 5545.717 5549.485 5551.269 5552.331 5554.001 5554.782 5555.570 5556.861 5559.879 5565.257 5566.130 5566.907 5567.903 5571.762 5572.277 5576.794 5577.138 5577.754 5578.602 5585.021 5585.133 5585.502 5589.466 5594.748 5596.253 5601.219 5604.261 5607.088 5614.079
Average reader duration: 5573.58 nanoseconds
Minimum reader duration: 5544.321
Median reader duration: 5569.83
Maximum reader duration: 5614.079
Run for rwsem with 10 CPUs and delay 5000
Points: 5598.582 5614.578 5620.304 5622.150 5625.401 5629.706 5630.528 5630.797 5637.988 5638.952 5645.648 5647.506 5649.392 5650.324 5650.919 5652.625 5655.710 5657.182 5657.690 5658.980 5670.950 5675.328 5675.521 5677.649 5688.224 5696.783 5698.343 5704.488 5708.897 5709.308
Average reader duration: 5656.02 nanoseconds
Minimum reader duration: 5598.582
Median reader duration: 5650.62
Maximum reader duration: 5709.308
Run for rcu with 10 CPUs and delay 10000
Points: 10080.798 10089.258 10092.130 10093.995 10095.097 10096.628 10100.253 10101.598 10104.130 10104.424 10105.197 10105.691 10106.128 10110.731 10112.545 10112.852 10117.110 10118.725 10124.787 10125.570 10128.958 10129.440 10133.125 10135.927 10137.414 10137.551 10141.094 10142.831 10146.821 10164.965
Average reader duration: 10116.5 nanoseconds
Minimum reader duration: 10080.798
Median reader duration: 10111.6
Maximum reader duration: 10164.965
Run for srcu with 10 CPUs and delay 10000
Points: 10086.852 10090.417 10094.397 10095.155 10096.211 10097.967 10098.106 10101.241 10102.836 10106.187 10111.151 10120.182 10122.567 10123.410 10127.685 10132.905 10133.092 10136.057 10136.329 10139.908 10140.612 10144.531 10145.871 10149.153 10149.917 10150.548 10153.020 10158.263 10160.155 10161.584
Average reader duration: 10125.5 nanoseconds
Minimum reader duration: 10086.852
Median reader duration: 10125.5
Maximum reader duration: 10161.584
Run for refcnt with 10 CPUs and delay 10000
Points: 10553.520 10557.133 10565.162 10565.351 10565.978 10567.280 10570.951 10573.393 10578.833 10581.519 10587.358 10588.950 10589.038 10597.542 10602.057 10603.086 10614.152 10618.991 10619.071 10620.259 10628.037 10628.444 10634.198 10635.045 10640.224 10640.860 10642.326 10645.860 10660.020 10663.684
Average reader duration: 10604.6 nanoseconds
Minimum reader duration: 10553.520
Median reader duration: 10599.8
Maximum reader duration: 10663.684
Run for rwlock with 10 CPUs and delay 10000
Points: 10560.530 10566.408 10574.718 10575.904 10581.648 10583.333 10586.573 10588.521 10593.940 10594.041 10597.885 10602.468 10604.868 10606.950 10612.743 10618.187 10625.320 10626.447 10628.595 10633.673 10634.244 10636.887 10637.778 10643.096 10644.209 10645.346 10649.252 10652.268 10664.435 10680.186
Average reader duration: 10615 nanoseconds
Minimum reader duration: 10560.530
Median reader duration: 10609.8
Maximum reader duration: 10680.186
Run for rwsem with 10 CPUs and delay 10000
Points: 10592.942 10595.623 10601.482 10601.496 10604.813 10604.994 10611.609 10614.787 10618.413 10620.284 10620.723 10622.562 10628.170 10631.582 10632.022 10634.466 10634.582 10642.379 10648.532 10661.660 10663.145 10664.684 10667.409 10669.331 10669.614 10677.031 10678.518 10682.023 10696.504 10710.170
Average reader duration: 10640.1 nanoseconds
Minimum reader duration: 10592.942
Median reader duration: 10631.8
Maximum reader duration: 10710.170
Run for rcu with 10 CPUs and delay 20000
Points: 20083.500 20083.879 20085.416 20086.206 20086.521 20086.700 20089.041 20096.591 20098.736 20101.955 20103.604 20105.553 20110.100 20110.734 20114.774 20115.514 20115.839 20118.525 20118.958 20119.082 20119.521 20126.062 20129.622 20130.297 20131.242 20132.441 20137.580 20146.987 20151.908 20152.066
Average reader duration: 20113 nanoseconds
Minimum reader duration: 20083.500
Median reader duration: 20112.8
Maximum reader duration: 20152.066
Run for srcu with 10 CPUs and delay 20000
Points: 20093.320 20093.615 20096.609 20097.536 20098.634 20100.670 20100.984 20101.940 20102.172 20102.191 20102.423 20110.698 20113.414 20113.632 20114.453 20116.544 20116.815 20117.545 20118.215 20127.949 20128.162 20131.263 20132.726 20137.039 20143.173 20146.591 20146.831 20147.893 20149.168 20154.480
Average reader duration: 20118.6 nanoseconds
Minimum reader duration: 20093.320
Median reader duration: 20114
Maximum reader duration: 20154.480
Run for refcnt with 10 CPUs and delay 20000
Points: 20590.566 20594.445 20595.542 20597.235 20600.633 20611.161 20634.152 20636.156 20642.845 20653.633 20661.296 20669.098 20673.126 20674.714 20674.844 20677.450 20681.402 20682.020 20683.181 20687.503 20698.123 20701.723 20703.246 20711.740 20714.994 20716.729 20754.075 20754.246 20757.453 20774.010
Average reader duration: 20673.6 nanoseconds
Minimum reader duration: 20590.566
Median reader duration: 20674.8
Maximum reader duration: 20774.010
Run for rwlock with 10 CPUs and delay 20000
Points: 20612.708 20628.312 20629.482 20654.924 20657.672 20659.346 20664.653 20673.142 20673.532 20674.996 20680.019 20687.883 20689.530 20693.650 20695.051 20695.612 20696.151 20696.190 20698.284 20700.256 20717.852 20720.182 20722.501 20723.456 20724.801 20737.327 20743.992 20747.938 20749.337 20797.320
Average reader duration: 20694.9 nanoseconds
Minimum reader duration: 20612.708
Median reader duration: 20694.4
Maximum reader duration: 20797.320
Run for rwsem with 10 CPUs and delay 20000
Points: 20593.753 20605.804 20610.422 20614.102 20619.244 20621.369 20622.644 20622.847 20622.942 20624.851 20627.667 20638.403 20642.296 20646.020 20653.555 20653.953 20661.991 20664.665 20665.245 20674.721 20684.107 20684.959 20691.697 20699.078 20701.837 20705.968 20707.687 20721.924 20742.313 20838.859
Average reader duration: 20662.2 nanoseconds
Minimum reader duration: 20593.753
Median reader duration: 20649.8
Maximum reader duration: 20838.859
Run for rcu with 100 CPUs and delay 100
Points: 163.815 164.092 164.170 164.649 164.678 164.682 164.730 164.753 164.892 164.975 165.052 165.084 165.132 165.188 165.251 165.436 165.480 165.645 165.655 165.844 166.115 166.315 166.338 166.396 166.419 166.619 166.669 167.000 167.381 167.643
Average reader duration: 165.537 nanoseconds
Minimum reader duration: 163.815
Median reader duration: 165.219
Maximum reader duration: 167.643
Run for srcu with 100 CPUs and delay 100
Points: 173.753 173.930 174.403 174.497 174.510 175.078 175.141 175.155 175.187 175.217 175.422 175.539 175.625 175.743 175.869 176.019 176.106 176.177 176.189 176.253 176.411 176.427 176.440 176.609 176.856 177.148 177.458 178.281 179.052 179.706
Average reader duration: 176.007 nanoseconds
Minimum reader duration: 173.753
Median reader duration: 175.806
Maximum reader duration: 179.706
Run for refcnt with 100 CPUs and delay 100
Points: 3438.082 3457.830 3509.606 3538.556 3560.023 3576.947 3633.465 3660.865 3691.284 3786.630 3790.510 3802.470 3825.690 3832.844 3847.891 3850.627 3877.185 3931.346 3953.682 3981.392 3987.956 3989.885 3992.213 3995.978 4002.120 4015.727 4035.513 4049.512 4091.831 4114.142
Average reader duration: 3827.39 nanoseconds
Minimum reader duration: 3438.082
Median reader duration: 3840.37
Maximum reader duration: 4114.142
Run for rwlock with 100 CPUs and delay 100
Points: 3298.847 3429.337 3435.181 3449.648 3458.981 3474.403 3498.046 3499.806 3506.963 3514.046 3519.629 3524.892 3534.789 3543.463 3544.576 3562.624 3571.848 3599.337 3600.194 3600.883 3605.586 3619.151 3621.492 3629.493 3727.508 3743.888 3837.957 3839.970 3857.947 3863.980
Average reader duration: 3583.82 nanoseconds
Minimum reader duration: 3298.847
Median reader duration: 3544.02
Maximum reader duration: 3863.980
Run for rwsem with 100 CPUs and delay 100
Points: 8347.027 10486.742 10941.198 11075.727 11393.596 11401.746 13309.501 13493.972 13853.413 13912.062 14017.043 14343.753 14395.146 14405.274 14531.050 14684.417 14709.208 14771.192 14898.559 15073.808 15153.248 15163.128 15257.071 15347.526 15353.767 15387.774 15460.058 15509.763 15632.618 15799.051
Average reader duration: 13936.9 nanoseconds
Minimum reader duration: 8347.027
Median reader duration: 14468.2
Maximum reader duration: 15799.051
Run for rcu with 100 CPUs and delay 200
Points: 276.543 276.705 276.750 276.827 276.851 276.859 276.977 277.165 277.212 277.352 277.451 277.514 277.609 277.658 277.897 277.956 278.024 278.047 278.073 278.197 278.217 278.232 278.841 279.957 280.208 280.422 280.583 280.757 282.758 284.965
Average reader duration: 278.42 nanoseconds
Minimum reader duration: 276.543
Median reader duration: 277.778
Maximum reader duration: 284.965
Run for srcu with 100 CPUs and delay 200
Points: 284.046 285.287 285.632 285.973 286.127 286.189 286.302 286.329 286.377 286.454 286.610 287.034 287.072 287.334 287.487 287.954 287.972 288.219 288.569 288.753 288.908 289.412 289.417 290.834 291.489 291.865 292.939 293.790 294.289 296.537
Average reader duration: 288.507 nanoseconds
Minimum reader duration: 284.046
Median reader duration: 287.411
Maximum reader duration: 296.537
Run for refcnt with 100 CPUs and delay 200
Points: 4499.112 4507.243 5362.562 5468.529 5696.259 5735.083 5830.965 5974.200 6003.753 6066.389 6604.805 6646.326 6648.189 6665.486 6693.609 6713.389 6733.988 6746.909 6833.512 6840.770 6852.664 6860.970 6909.697 6994.273 6999.672 7057.399 7079.008 7197.989 7198.778 7228.613
Average reader duration: 6421.67 nanoseconds
Minimum reader duration: 4499.112
Median reader duration: 6679.55
Maximum reader duration: 7228.613
Run for rwlock with 100 CPUs and delay 200
Points: 3787.771 4839.874 4865.550 5001.725 5026.518 5070.567 5150.599 5293.113 5393.354 5426.092 5437.354 5442.085 5452.651 5463.146 5485.214 5529.298 5543.621 5577.742 5648.985 5652.841 5687.738 5775.606 5833.383 5847.449 5848.733 5962.956 5971.428 6115.484 6273.475 6408.784
Average reader duration: 5493.77 nanoseconds
Minimum reader duration: 3787.771
Median reader duration: 5474.18
Maximum reader duration: 6408.784
Run for rwsem with 100 CPUs and delay 200
Points: 7302.915 7498.888 7814.763 7836.691 7852.379 7871.793 7930.065 8045.938 8052.114 8265.827 8398.211 8448.335 8456.207 8461.251 8538.315 8571.099 8586.642 8628.250 8640.595 8791.538 8835.769 9008.487 9050.667 9113.871 9114.505 9177.236 9463.823 9539.915 9601.781 9652.838
Average reader duration: 8551.69 nanoseconds
Minimum reader duration: 7302.915
Median reader duration: 8499.78
Maximum reader duration: 9652.838
Run for rcu with 100 CPUs and delay 500
Points: 637.641 639.480 639.682 639.921 640.311 640.975 641.522 641.969 641.975 642.178 642.675 643.866 644.231 644.399 644.453 645.193 645.244 645.262 645.314 646.081 646.096 647.016 647.398 647.697 649.138 649.445 649.705 650.792 650.999 652.834
Average reader duration: 644.783 nanoseconds
Minimum reader duration: 637.641
Median reader duration: 644.426
Maximum reader duration: 652.834
Run for srcu with 100 CPUs and delay 500
Points: 647.223 647.844 648.163 648.342 648.609 648.682 649.014 649.275 649.797 649.994 650.730 650.796 651.292 651.408 653.891 654.646 654.655 654.847 654.891 655.060 655.313 655.572 656.161 656.364 656.410 656.490 657.845 662.987 663.048 665.431
Average reader duration: 653.493 nanoseconds
Minimum reader duration: 647.223
Median reader duration: 652.649
Maximum reader duration: 665.431
Run for refcnt with 100 CPUs and delay 500
Points: 4335.168 4411.023 4596.687 4652.636 4943.405 5035.971 6105.123 6503.540 6559.013 6823.525 6843.936 6879.928 6987.005 7037.625 7058.306 7097.193 7104.707 7110.048 7117.928 7156.391 7161.270 7201.872 7266.866 7404.815 7407.452 7415.389 7430.193 7483.744 7540.812 7628.214
Average reader duration: 6609.99 nanoseconds
Minimum reader duration: 4335.168
Median reader duration: 7047.97
Maximum reader duration: 7628.214
Run for rwlock with 100 CPUs and delay 500
Points: 3718.631 3728.392 3752.475 3754.925 3762.370 3792.824 3795.353 3819.268 3820.937 3829.843 3882.538 3926.548 3947.561 3961.699 3986.025 4024.125 4045.220 4076.015 4091.608 4105.728 4133.769 4138.889 4155.591 4175.722 4189.178 4192.155 4364.865 4368.695 4413.069 4443.989
Average reader duration: 4013.27 nanoseconds
Minimum reader duration: 3718.631
Median reader duration: 3973.86
Maximum reader duration: 4443.989
Run for rwsem with 100 CPUs and delay 500
Points: 7739.517 7839.847 8027.905 8139.075 8631.071 8683.777 8788.096 8866.542 8877.763 8890.743 8922.087 8943.652 8952.580 9299.148 9416.916 9435.706 9449.205 9506.091 9521.593 9579.409 9620.977 9737.120 9800.305 9854.018 9926.611 9968.790 9972.896 10301.488 10332.785 10347.299
Average reader duration: 9245.77 nanoseconds
Minimum reader duration: 7739.517
Median reader duration: 9358.03
Maximum reader duration: 10347.299
Run for rcu with 100 CPUs and delay 1000
Points: 1050.971 1051.064 1051.085 1051.184 1051.459 1051.671 1051.979 1052.429 1052.552 1052.685 1052.730 1052.730 1053.007 1053.176 1053.393 1054.263 1054.606 1055.119 1056.560 1056.813 1057.195 1058.098 1058.786 1060.117 1060.519 1061.898 1062.427 1063.829 1064.761 1065.983
Average reader duration: 1055.77 nanoseconds
Minimum reader duration: 1050.971
Median reader duration: 1053.28
Maximum reader duration: 1065.983
Run for srcu with 100 CPUs and delay 1000
Points: 1053.259 1053.679 1054.399 1054.549 1054.843 1054.961 1055.151 1055.522 1055.765 1056.231 1056.370 1057.723 1057.901 1060.603 1060.660 1063.764 1064.065 1064.534 1065.417 1066.027 1067.715 1069.193 1069.760 1070.633 1070.651 1070.828 1072.767 1074.461 1074.608 1080.581
Average reader duration: 1062.89 nanoseconds
Minimum reader duration: 1053.259
Median reader duration: 1060.63
Maximum reader duration: 1080.581
Run for refcnt with 100 CPUs and delay 1000
Points: 4537.667 4540.705 4548.942 4569.410 4572.137 4601.671 4610.933 4622.259 4622.964 4623.417 4626.723 4627.671 4634.439 4638.247 4643.005 4651.044 4653.889 4667.585 4678.035 4678.799 4683.039 4684.772 4743.429 4760.855 4805.888 4809.855 4824.575 4894.825 4964.131 5015.589
Average reader duration: 4684.55 nanoseconds
Minimum reader duration: 4537.667
Median reader duration: 4640.63
Maximum reader duration: 5015.589
Run for rwlock with 100 CPUs and delay 1000
Points: 4066.996 4109.644 4344.585 4670.544 5135.068 5205.491 5261.093 5267.001 5362.695 5375.328 5654.860 5693.545 5829.243 5889.694 5927.191 6077.610 6170.810 6203.033 6589.947 6668.540 6674.351 6801.018 6894.906 7020.911 7081.616 7083.682 7143.824 7149.931 7253.854 7269.803
Average reader duration: 5995.89 nanoseconds
Minimum reader duration: 4066.996
Median reader duration: 5908.44
Maximum reader duration: 7269.803
Run for rwsem with 100 CPUs and delay 1000
Points: 9041.750 10403.453 10728.774 10888.352 11046.109 11304.708 11305.617 11327.652 11359.114 11365.747 11367.328 11411.139 11419.234 11625.035 11731.820 11754.087 11861.107 11861.772 11866.594 11889.616 11903.862 11977.958 12124.591 12282.928 12368.548 12607.965 12677.483 12820.329 12941.153 12976.047
Average reader duration: 11674.7 nanoseconds
Minimum reader duration: 9041.750
Median reader duration: 11678.4
Maximum reader duration: 12976.047
Run for rcu with 100 CPUs and delay 2000
Points: 2072.304 2072.674 2073.781 2074.778 2076.656 2079.483 2079.546 2079.832 2079.956 2081.778 2083.128 2087.469 2089.023 2089.915 2090.647 2091.531 2092.120 2092.371 2093.887 2094.367 2096.128 2096.246 2099.707 2102.306 2104.782 2105.386 2112.183 2112.446 2112.456 2165.386
Average reader duration: 2092.74 nanoseconds
Minimum reader duration: 2072.304
Median reader duration: 2090.28
Maximum reader duration: 2165.386
Run for srcu with 100 CPUs and delay 2000
Points: 2071.465 2071.608 2073.066 2073.958 2074.133 2074.135 2074.520 2076.217 2077.995 2082.844 2083.065 2085.694 2085.905 2087.467 2088.654 2093.184 2093.846 2095.730 2096.750 2096.965 2097.242 2097.858 2098.902 2099.597 2099.702 2101.905 2104.577 2105.707 2109.100 2117.863
Average reader duration: 2089.66 nanoseconds
Minimum reader duration: 2071.465
Median reader duration: 2088.06
Maximum reader duration: 2117.863
Run for refcnt with 100 CPUs and delay 2000
Points: 4753.961 4849.849 4881.307 4882.965 4895.169 4898.227 4900.832 4960.281 4971.902 4974.610 4988.744 4988.948 4994.088 5006.472 5031.827 5041.222 5041.555 5045.146 5058.426 5094.463 5096.000 5102.653 5145.983 5170.691 5192.629 5193.903 5197.872 5270.467 5276.072 5285.862
Average reader duration: 5039.74 nanoseconds
Minimum reader duration: 4753.961
Median reader duration: 5019.15
Maximum reader duration: 5285.862
Run for rwlock with 100 CPUs and delay 2000
Points: 5776.282 5817.014 5844.234 5920.477 5976.855 5981.532 6029.444 6032.127 6034.106 6035.373 6051.123 6196.781 6737.073 6842.895 6993.902 7063.410 7095.073 7155.800 7162.620 7271.439 7341.564 7352.193 7368.711 7385.621 7434.803 7436.859 7448.356 7488.699 7587.182 7711.891
Average reader duration: 6752.45 nanoseconds
Minimum reader duration: 5776.282
Median reader duration: 6918.4
Maximum reader duration: 7711.891
Run for rwsem with 100 CPUs and delay 2000
Points: 9795.682 9809.955 9847.853 9916.950 9945.088 9960.013 9960.326 9977.590 10007.022 10009.110 10019.699 10048.749 10053.421 10085.423 10113.500 10132.928 10146.914 10161.017 10174.039 10188.672 10228.698 10250.364 10252.044 10269.267 10284.733 10356.849 10385.270 10397.858 10440.191 10476.979
Average reader duration: 10123.2 nanoseconds
Minimum reader duration: 9795.682
Median reader duration: 10099.5
Maximum reader duration: 10476.979
Run for rcu with 100 CPUs and delay 5000
Points: 5103.904 5105.543 5110.009 5114.499 5120.134 5122.164 5122.636 5122.943 5123.391 5125.224 5126.677 5131.488 5134.417 5135.411 5140.801 5157.811 5162.797 5324.819 5397.168 5423.095 5489.392 5494.425 5519.654 5534.497 5553.643 5560.531 5698.023 5765.119 5989.941 6218.083
Average reader duration: 5337.61 nanoseconds
Minimum reader duration: 5103.904
Median reader duration: 5138.11
Maximum reader duration: 6218.083
Run for srcu with 100 CPUs and delay 5000
Points: 5114.471 5119.392 5122.409 5126.274 5126.372 5126.927 5127.044 5127.407 5128.923 5134.164 5136.959 5137.343 5140.425 5141.986 5144.887 5145.963 5146.865 5146.989 5149.032 5152.464 5152.529 5157.071 5352.539 5394.688 5423.537 5425.922 5562.603 5594.467 5612.819 5703.044
Average reader duration: 5235.85 nanoseconds
Minimum reader duration: 5114.471
Median reader duration: 5143.44
Maximum reader duration: 5703.044
Run for refcnt with 100 CPUs and delay 5000
Points: 7769.011 8022.304 8117.254 8202.538 8329.682 8425.808 8497.802 8505.817 8540.464 8550.591 8569.114 8598.504 8650.781 8742.914 8780.857 8787.576 8794.620 8801.183 8862.244 8880.334 8883.723 8903.442 8923.931 8959.979 8969.164 8982.340 8983.067 8985.881 8994.864 9168.373
Average reader duration: 8672.81 nanoseconds
Minimum reader duration: 7769.011
Median reader duration: 8761.89
Maximum reader duration: 9168.373
Run for rwlock with 100 CPUs and delay 5000
Points: 7754.462 7880.005 7894.918 7969.812 8023.395 8026.910 8101.257 8154.956 8157.093 8157.454 8193.621 8198.503 8211.142 8245.405 8252.368 8268.409 8279.031 8286.436 8303.190 8320.928 8322.285 8335.122 8354.447 8372.934 8373.543 8383.223 8392.629 8397.486 8403.318 8620.605
Average reader duration: 8221.16 nanoseconds
Minimum reader duration: 7754.462
Median reader duration: 8248.89
Maximum reader duration: 8620.605
Run for rwsem with 100 CPUs and delay 5000
Points: 12121.568 12219.258 12372.588 12456.609 12473.234 12487.973 12504.851 12584.498 12636.369 12662.005 12686.063 12699.713 12702.617 12726.979 12733.176 12824.242 12868.451 12889.391 12918.089 12966.424 13120.495 13161.546 13210.238 13242.849 13264.068 13317.677 13360.887 13568.794 13577.668 13611.084
Average reader duration: 12865.6 nanoseconds
Minimum reader duration: 12121.568
Median reader duration: 12730.1
Maximum reader duration: 13611.084
Run for rcu with 100 CPUs and delay 10000
Points: 10112.193 10115.813 10119.738 10133.910 10138.197 10144.298 10158.770 10169.009 10170.493 10173.306 10239.566 10260.914 10271.817 10272.041 10277.248 10283.299 10342.694 10347.347 10351.770 10363.261 10377.219 10377.504 10387.280 10440.323 10455.340 10465.864 10479.193 10501.188 10534.805 10573.948
Average reader duration: 10301.3 nanoseconds
Minimum reader duration: 10112.193
Median reader duration: 10274.6
Maximum reader duration: 10573.948
Run for srcu with 100 CPUs and delay 10000
Points: 10101.436 10106.374 10107.023 10112.527 10113.912 10119.962 10120.333 10124.764 10128.533 10129.026 10130.660 10133.205 10134.683 10139.487 10151.409 10152.189 10157.526 10162.130 10162.770 10176.621 10177.495 10180.155 10208.517 10222.171 10266.647 10283.929 10288.052 10288.518 10336.594 10379.041
Average reader duration: 10176.5 nanoseconds
Minimum reader duration: 10101.436
Median reader duration: 10145.4
Maximum reader duration: 10379.041
Run for refcnt with 100 CPUs and delay 10000
Points: 11291.875 11293.469 11472.116 11473.021 11477.106 11494.666 11514.449 11531.099 11537.398 11549.071 11553.384 11553.856 11559.645 11564.211 11567.737 11585.267 11613.359 11619.957 11635.948 11638.152 11656.811 11658.431 11665.937 11674.378 11675.692 11688.765 11722.573 11768.158 11778.823 11795.441
Average reader duration: 11587 nanoseconds
Minimum reader duration: 11291.875
Median reader duration: 11566
Maximum reader duration: 11795.441
Run for rwlock with 100 CPUs and delay 10000
Points: 11459.065 11465.234 11472.070 11477.285 11479.940 11481.686 11487.520 11497.088 11514.710 11527.520 11527.827 11541.447 11545.239 11557.541 11560.305 11562.078 11564.314 11574.692 11576.819 11579.063 11588.847 11588.984 11611.634 11611.670 11614.427 11679.933 11709.771 11717.710 11738.381 11868.719
Average reader duration: 11572.7 nanoseconds
Minimum reader duration: 11459.065
Median reader duration: 11558.9
Maximum reader duration: 11868.719
Run for rwsem with 100 CPUs and delay 10000
Points: 14382.313 14464.907 14524.143 14567.980 14748.384 14780.322 14783.490 14838.271 14907.579 15005.477 15024.196 15058.963 15131.203 15181.839 15242.511 15287.082 15296.971 15360.687 15377.861 15397.015 15439.129 15512.945 15780.833 15919.229 16113.296 16115.512 16121.073 16203.004 16565.565 16718.987
Average reader duration: 15328.4 nanoseconds
Minimum reader duration: 14382.313
Median reader duration: 15212.2
Maximum reader duration: 16718.987
Run for rcu with 100 CPUs and delay 20000
Points: 20106.521 20113.616 20117.349 20120.634 20127.574 20132.357 20133.596 20135.279 20136.010 20145.056 20146.055 20156.583 20156.969 20175.238 20182.908 20188.488 20207.956 20245.446 20263.749 20278.458 20286.880 20298.545 20353.229 20387.926 20421.009 20479.116 20626.317 20645.287 20652.366 20765.493
Average reader duration: 20272.9 nanoseconds
Minimum reader duration: 20106.521
Median reader duration: 20179.1
Maximum reader duration: 20765.493
Run for srcu with 100 CPUs and delay 20000
Points: 20105.131 20109.133 20132.418 20134.038 20139.538 20141.158 20143.720 20146.904 20148.079 20155.772 20158.339 20167.772 20171.110 20172.824 20179.083 20184.643 20185.293 20198.672 20202.992 20255.824 20297.095 20387.690 20487.087 20567.431 20978.977 20982.094 20997.660 21444.324 21550.510 21556.392
Average reader duration: 20416.1 nanoseconds
Minimum reader duration: 20105.131
Median reader duration: 20176
Maximum reader duration: 21556.392
Run for refcnt with 100 CPUs and delay 20000
Points: 20671.732 20692.920 20706.120 20708.378 20715.424 20715.596 20716.636 20719.698 20720.082 20721.224 20723.728 20729.395 20729.932 20732.151 20732.689 20737.389 20741.563 20746.071 20751.468 20778.912 20814.364 20841.681 20857.166 20859.502 20876.639 20886.768 20886.876 20898.102 20904.155 20985.667
Average reader duration: 20776.7 nanoseconds
Minimum reader duration: 20671.732
Median reader duration: 20732.4
Maximum reader duration: 20985.667
Run for rwlock with 100 CPUs and delay 20000
Points: 20676.739 20679.296 20695.947 20698.648 20700.049 20708.243 20711.528 20711.915 20716.465 20718.378 20719.485 20724.489 20730.259 20732.662 20744.635 20748.389 20752.672 20754.837 20762.548 20825.088 20830.181 20858.171 20898.393 20909.544 20923.901 20933.351 20995.578 21083.511 21293.952 21478.376
Average reader duration: 20823.9 nanoseconds
Minimum reader duration: 20676.739
Median reader duration: 20738.6
Maximum reader duration: 21478.376
Run for rwsem with 100 CPUs and delay 20000
Points: 24783.285 24792.375 24805.718 24812.583 24849.598 24892.516 24896.330 24899.750 24904.460 24908.112 24917.274 25013.903 25014.158 25033.016 25059.645 25076.313 25083.280 25116.966 25134.724 25156.532 25240.988 25280.494 25316.167 25437.492 25452.837 25536.200 25553.751 25608.560 25633.304 25640.482
Average reader duration: 25128.4 nanoseconds
Minimum reader duration: 24783.285
Median reader duration: 25046.3
Maximum reader duration: 25640.482
