Run for rcu with 1 CPUs and delay 100
Points: 149.468 149.763 149.808 149.902 149.946 150.093 150.118 150.787 155.699 157.659 157.907 157.914 157.973 158.057 158.198 158.245 158.411 158.488 158.496 158.511 160.753 161.974 162.478 162.758 164.442 168.274 173.556 173.724 176.066 176.652
Average reader duration: 159.204 nanoseconds
Minimum reader duration: 149.468
Median reader duration: 158.127
Maximum reader duration: 176.652
Run for srcu with 1 CPUs and delay 100
Points: 154.264 154.274 154.303 154.320 154.450 154.483 154.543 154.555 154.614 154.813 154.966 155.015 155.040 155.148 155.163 155.166 155.469 155.941 156.101 156.255 156.511 157.027 160.446 161.464 163.024 163.825 166.087 177.021 177.632 182.146
Average reader duration: 158.802 nanoseconds
Minimum reader duration: 154.264
Median reader duration: 155.156
Maximum reader duration: 182.146
Run for refcnt with 1 CPUs and delay 100
Points: 151.418 151.509 151.720 151.742 151.811 151.848 151.878 151.934 151.992 151.996 152.031 152.129 152.137 152.154 152.194 152.202 152.369 152.426 152.493 152.522 152.749 152.803 152.916 152.942 152.956 153.970 155.489 157.525 164.259 165.500
Average reader duration: 153.387 nanoseconds
Minimum reader duration: 151.418
Median reader duration: 152.174
Maximum reader duration: 165.500
Run for rwlock with 1 CPUs and delay 100
Points: 154.291 154.566 154.844 155.093 155.366 156.614 157.067 163.351 163.371 163.493 163.511 163.588 163.646 163.707 163.774 163.913 163.939 163.968 163.982 164.043 164.217 164.271 164.389 165.584 168.010 177.069 179.755 180.156 187.221 187.280
Average reader duration: 165.136 nanoseconds
Minimum reader duration: 154.291
Median reader duration: 163.74
Maximum reader duration: 187.280
Run for rwsem with 1 CPUs and delay 100
Points: 154.736 155.000 155.415 155.734 155.807 155.985 155.989 155.990 156.049 156.061 156.067 156.107 156.149 156.234 156.393 156.408 156.416 156.435 156.495 156.784 156.903 157.236 161.958 162.712 164.473 165.579 166.453 171.428 175.930 181.403
Average reader duration: 159.478 nanoseconds
Minimum reader duration: 154.736
Median reader duration: 156.314
Maximum reader duration: 181.403
Run for rcu with 1 CPUs and delay 200
Points: 274.445 274.615 274.625 274.807 275.048 275.568 276.681 276.867 277.659 277.983 278.514 279.153 279.558 279.933 280.828 281.592 283.398 286.048 286.168 286.868 289.715 289.916 290.829 294.528 295.142 295.291 296.034 296.230 296.237 307.033
Average reader duration: 284.377 nanoseconds
Minimum reader duration: 274.445
Median reader duration: 280.38
Maximum reader duration: 307.033
Run for srcu with 1 CPUs and delay 200
Points: 279.381 287.624 293.758 295.027 295.597 295.733 296.106 296.418 297.805 298.105 299.023 299.047 299.197 299.934 300.979 301.041 301.134 301.184 301.199 301.250 301.294 301.356 301.641 301.825 301.827 301.846 302.324 302.948 303.094 304.973
Average reader duration: 298.756 nanoseconds
Minimum reader duration: 279.381
Median reader duration: 300.457
Maximum reader duration: 304.973
Run for refcnt with 1 CPUs and delay 200
Points: 284.374 284.520 284.600 284.803 284.910 285.229 285.363 285.872 285.886 285.892 289.642 291.235 292.465 293.299 294.191 294.460 298.078 298.483 298.549 298.641 298.720 298.800 298.872 298.944 298.977 299.068 299.337 299.761 300.248 301.201
Average reader duration: 293.147 nanoseconds
Minimum reader duration: 284.374
Median reader duration: 293.745
Maximum reader duration: 301.201
Run for rwlock with 1 CPUs and delay 200
Points: 276.260 278.991 280.146 284.044 284.214 284.244 284.654 284.943 289.069 289.149 291.995 292.355 293.884 294.119 295.099 296.431 296.705 296.793 297.343 298.284 298.517 299.424 299.678 299.903 300.058 300.236 300.357 301.186 302.158 303.043
Average reader duration: 293.109 nanoseconds
Minimum reader duration: 276.260
Median reader duration: 294.609
Maximum reader duration: 303.043
Run for rwsem with 1 CPUs and delay 200
Points: 297.181 297.333 298.550 299.922 301.002 301.154 301.578 301.594 301.645 301.740 301.771 301.936 301.970 301.983 302.033 302.487 302.535 302.565 302.620 302.956 303.219 303.250 303.251 303.832 303.893 304.069 304.443 304.705 305.349 306.091
Average reader duration: 302.222 nanoseconds
Minimum reader duration: 297.181
Median reader duration: 302.008
Maximum reader duration: 306.091
Run for rcu with 1 CPUs and delay 500
Points: 636.989 639.846 640.307 640.850 640.975 641.207 641.315 641.804 641.972 642.357 642.415 642.896 642.958 643.361 643.415 643.494 643.865 644.106 644.106 646.036 646.149 650.704 650.948 651.105 651.335 651.974 652.638 656.076 656.081 656.995
Average reader duration: 645.609 nanoseconds
Minimum reader duration: 636.989
Median reader duration: 643.388
Maximum reader duration: 656.995
Run for srcu with 1 CPUs and delay 500
Points: 642.805 644.014 644.023 644.436 644.867 645.598 646.096 646.659 647.183 647.784 648.064 648.080 648.347 649.316 649.447 650.794 652.253 653.215 657.588 659.904 660.184 660.601 660.684 661.017 661.248 664.870 665.917 666.411 669.319 676.016
Average reader duration: 653.891 nanoseconds
Minimum reader duration: 642.805
Median reader duration: 649.381
Maximum reader duration: 676.016
Run for refcnt with 1 CPUs and delay 500
Points: 638.246 638.583 638.724 638.819 639.030 639.086 639.217 639.277 639.459 639.504 639.557 639.767 639.809 639.934 640.159 640.405 640.639 640.680 640.680 640.686 640.741 640.843 641.223 641.297 641.446 642.142 643.419 643.944 644.863 655.375
Average reader duration: 640.918 nanoseconds
Minimum reader duration: 638.246
Median reader duration: 640.046
Maximum reader duration: 655.375
Run for rwlock with 1 CPUs and delay 500
Points: 645.924 650.363 653.716 654.776 655.964 656.305 656.392 656.588 656.616 656.704 656.709 656.798 658.418 659.782 660.237 666.115 668.056 668.710 669.660 670.833 671.296 672.015 672.637 674.522 674.608 675.098 677.732 678.555 678.643 690.893
Average reader duration: 664.822 nanoseconds
Minimum reader duration: 645.924
Median reader duration: 660.01
Maximum reader duration: 690.893
Run for rwsem with 1 CPUs and delay 500
Points: 642.296 642.767 643.082 643.175 643.356 643.643 643.893 644.179 644.194 644.416 644.557 644.922 644.947 645.009 645.626 645.813 645.814 645.882 645.921 646.920 646.983 647.386 647.398 647.524 648.716 653.834 656.901 657.162 659.990 670.347
Average reader duration: 647.555 nanoseconds
Minimum reader duration: 642.296
Median reader duration: 645.317
Maximum reader duration: 670.347
Run for rcu with 1 CPUs and delay 1000
Points: 1061.294 1061.488 1061.873 1062.032 1063.088 1063.834 1064.254 1065.011 1065.096 1065.579 1065.628 1066.049 1066.077 1066.921 1067.174 1067.458 1068.087 1068.329 1068.590 1069.459 1073.313 1073.732 1077.079 1081.280 1081.533 1081.601 1084.015 1084.501 1150.245 1155.706
Average reader duration: 1075.01 nanoseconds
Minimum reader duration: 1061.294
Median reader duration: 1067.05
Maximum reader duration: 1155.706
Run for srcu with 1 CPUs and delay 1000
Points: 1064.999 1065.989 1066.160 1066.689 1067.021 1068.403 1071.877 1071.923 1072.087 1072.108 1072.200 1072.217 1072.260 1072.801 1073.074 1073.658 1074.332 1074.797 1075.313 1075.781 1077.098 1077.229 1078.803 1080.232 1081.138 1082.193 1082.421 1084.024 1086.141 1150.711
Average reader duration: 1076.79 nanoseconds
Minimum reader duration: 1064.999
Median reader duration: 1072.94
Maximum reader duration: 1150.711
Run for refcnt with 1 CPUs and delay 1000
Points: 1060.132 1063.283 1063.573 1064.363 1065.473 1065.901 1066.665 1066.717 1067.458 1068.235 1068.240 1068.296 1068.911 1069.275 1069.523 1070.779 1071.032 1071.463 1072.591 1073.765 1075.120 1076.296 1078.988 1079.782 1080.318 1080.552 1080.897 1081.410 1082.538 1101.835
Average reader duration: 1072.45 nanoseconds
Minimum reader duration: 1060.132
Median reader duration: 1069.4
Maximum reader duration: 1101.835
Run for rwlock with 1 CPUs and delay 1000
Points: 1062.359 1063.710 1065.366 1065.399 1065.707 1066.441 1066.751 1067.546 1067.547 1069.512 1071.693 1074.453 1076.485 1077.265 1077.608 1079.929 1080.298 1080.435 1080.562 1085.755 1086.731 1087.408 1090.249 1091.145 1091.821 1095.898 1096.103 1097.794 1098.291 1100.869
Average reader duration: 1079.37 nanoseconds
Minimum reader duration: 1062.359
Median reader duration: 1077.44
Maximum reader duration: 1100.869
Run for rwsem with 1 CPUs and delay 1000
Points: 1064.644 1065.670 1066.714 1068.607 1071.236 1072.520 1075.418 1075.424 1076.050 1076.178 1076.574 1076.745 1076.843 1077.317 1077.444 1077.518 1077.581 1077.839 1078.100 1078.318 1078.489 1078.812 1079.128 1080.025 1080.435 1080.766 1082.237 1088.166 1091.609 1093.932
Average reader duration: 1077.34 nanoseconds
Minimum reader duration: 1064.644
Median reader duration: 1077.38
Maximum reader duration: 1093.932
Run for rcu with 1 CPUs and delay 2000
Points: 2063.080 2063.256 2063.678 2065.302 2065.438 2068.890 2069.218 2069.809 2071.472 2072.159 2073.017 2074.135 2076.988 2077.651 2079.800 2080.199 2082.031 2083.885 2085.914 2087.454 2087.710 2088.434 2089.275 2091.873 2098.382 2098.927 2102.722 2106.990 2108.183 2117.625
Average reader duration: 2082.12 nanoseconds
Minimum reader duration: 2063.080
Median reader duration: 2078.73
Maximum reader duration: 2117.625
Run for srcu with 1 CPUs and delay 2000
Points: 2066.376 2066.765 2066.838 2067.314 2067.458 2068.706 2068.736 2069.147 2069.874 2070.557 2070.708 2071.860 2073.120 2073.760 2073.902 2074.489 2075.469 2076.335 2076.450 2079.196 2079.256 2079.831 2081.189 2083.348 2085.381 2085.549 2087.443 2090.420 2090.920 2091.221
Average reader duration: 2076.05 nanoseconds
Minimum reader duration: 2066.376
Median reader duration: 2073.83
Maximum reader duration: 2091.221
Run for refcnt with 1 CPUs and delay 2000
Points: 2060.697 2062.571 2063.946 2064.205 2064.848 2065.287 2065.490 2065.731 2066.385 2066.854 2067.497 2067.556 2067.621 2069.100 2070.334 2070.717 2072.245 2072.769 2079.651 2081.284 2081.711 2082.162 2082.285 2082.689 2085.881 2088.543 2090.675 2091.573 2095.981 2102.821
Average reader duration: 2074.97 nanoseconds
Minimum reader duration: 2060.697
Median reader duration: 2069.72
Maximum reader duration: 2102.821
Run for rwlock with 1 CPUs and delay 2000
Points: 2059.072 2059.629 2060.363 2060.704 2061.236 2061.893 2061.949 2062.487 2064.755 2065.166 2066.490 2069.145 2071.397 2073.890 2074.227 2074.550 2078.029 2080.464 2081.211 2081.356 2085.965 2086.648 2088.305 2088.456 2089.813 2090.145 2097.118 2101.613 2110.588 2130.632
Average reader duration: 2077.91 nanoseconds
Minimum reader duration: 2059.072
Median reader duration: 2074.06
Maximum reader duration: 2130.632
Run for rwsem with 1 CPUs and delay 2000
Points: 2069.695 2070.484 2071.108 2071.896 2072.027 2072.981 2072.983 2073.000 2074.086 2075.941 2078.520 2081.971 2082.810 2082.971 2083.109 2084.130 2084.701 2085.220 2086.587 2086.760 2087.750 2088.532 2088.590 2090.986 2092.007 2095.797 2096.252 2097.720 2098.610 2131.821
Average reader duration: 2084.3 nanoseconds
Minimum reader duration: 2069.695
Median reader duration: 2083.04
Maximum reader duration: 2131.821
Run for rcu with 1 CPUs and delay 5000
Points: 5071.566 5074.136 5076.510 5076.764 5077.151 5078.342 5078.814 5080.197 5083.280 5085.461 5086.687 5092.880 5094.508 5100.846 5101.811 5102.173 5104.666 5108.868 5111.354 5112.013 5115.361 5118.076 5120.768 5122.234 5123.401 5134.762 5136.469 5137.133 5147.777 5151.676
Average reader duration: 5103.52 nanoseconds
Minimum reader duration: 5071.566
Median reader duration: 5101.33
Maximum reader duration: 5151.676
Run for srcu with 1 CPUs and delay 5000
Points: 5065.793 5071.532 5073.840 5075.231 5078.093 5079.283 5084.442 5087.471 5088.468 5088.510 5091.261 5092.823 5099.862 5104.264 5106.952 5109.187 5111.852 5113.304 5114.208 5115.318 5116.545 5118.278 5123.419 5131.158 5132.932 5135.388 5136.493 5138.223 5141.722 5157.421
Average reader duration: 5106.11 nanoseconds
Minimum reader duration: 5065.793
Median reader duration: 5105.61
Maximum reader duration: 5157.421
Run for refcnt with 1 CPUs and delay 5000
Points: 5082.333 5082.710 5082.904 5083.120 5084.524 5084.782 5087.590 5089.676 5089.957 5098.525 5102.297 5103.128 5104.110 5112.473 5112.960 5116.788 5117.685 5118.392 5118.915 5119.078 5120.169 5121.564 5123.452 5123.759 5127.107 5131.447 5140.384 5141.098 5145.956 5157.512
Average reader duration: 5110.81 nanoseconds
Minimum reader duration: 5082.333
Median reader duration: 5112.72
Maximum reader duration: 5157.512
Run for rwlock with 1 CPUs and delay 5000
Points: 5081.062 5081.948 5085.290 5085.356 5086.709 5087.873 5088.061 5090.176 5090.621 5096.894 5098.287 5099.095 5106.045 5108.873 5109.020 5109.592 5109.942 5110.153 5118.502 5118.801 5126.276 5139.345 5140.701 5141.435 5146.389 5150.429 5152.046 5153.062 5171.826 5174.425
Average reader duration: 5115.27 nanoseconds
Minimum reader duration: 5081.062
Median reader duration: 5108.95
Maximum reader duration: 5174.425
Run for rwsem with 1 CPUs and delay 5000
Points: 5068.857 5069.475 5071.828 5071.943 5076.360 5082.445 5082.676 5082.963 5083.097 5085.195 5087.223 5087.597 5095.608 5095.793 5096.379 5100.433 5100.717 5106.873 5110.020 5114.621 5115.569 5115.878 5117.319 5117.901 5125.294 5130.207 5132.393 5139.390 5141.620 5312.051
Average reader duration: 5107.26 nanoseconds
Minimum reader duration: 5068.857
Median reader duration: 5096.09
Maximum reader duration: 5312.051
Run for rcu with 1 CPUs and delay 10000
Points: 10082.244 10083.494 10088.037 10092.844 10093.099 10095.336 10099.349 10100.975 10103.545 10104.256 10107.056 10114.439 10114.998 10115.514 10119.343 10122.932 10123.649 10124.824 10126.714 10128.469 10134.559 10139.190 10140.455 10144.617 10149.292 10151.269 10168.857 10173.631 10176.886 10183.995
Average reader duration: 10123.5 nanoseconds
Minimum reader duration: 10082.244
Median reader duration: 10117.4
Maximum reader duration: 10183.995
Run for srcu with 1 CPUs and delay 10000
Points: 10080.394 10085.910 10086.918 10088.617 10090.429 10092.449 10092.801 10092.909 10096.540 10097.062 10097.600 10098.794 10100.757 10111.740 10113.704 10116.278 10123.063 10133.387 10136.869 10137.425 10141.054 10141.469 10145.768 10146.417 10155.016 10157.217 10171.908 10182.990 10188.738 10190.032
Average reader duration: 10123.1 nanoseconds
Minimum reader duration: 10080.394
Median reader duration: 10112.7
Maximum reader duration: 10190.032
Run for refcnt with 1 CPUs and delay 10000
Points: 10077.582 10082.656 10089.215 10089.416 10092.085 10092.601 10092.763 10093.421 10095.452 10098.429 10099.544 10101.420 10109.566 10109.681 10110.914 10114.349 10116.547 10129.523 10130.630 10153.912 10155.348 10159.374 10162.672 10168.135 10175.430 10177.244 10180.749 10184.202 10202.660 10211.317
Average reader duration: 10128.6 nanoseconds
Minimum reader duration: 10077.582
Median reader duration: 10110.3
Maximum reader duration: 10211.317
Run for rwlock with 1 CPUs and delay 10000
Points: 10085.121 10093.738 10099.034 10099.589 10103.424 10103.668 10103.722 10104.132 10105.352 10108.090 10110.932 10115.546 10116.872 10121.424 10121.810 10123.374 10126.918 10131.004 10132.314 10140.210 10146.489 10146.947 10158.016 10166.802 10168.709 10173.871 10184.878 10191.659 10233.418 14150.604
Average reader duration: 10265.6 nanoseconds
Minimum reader duration: 10085.121
Median reader duration: 10121.6
Maximum reader duration: 14150.604
Run for rwsem with 1 CPUs and delay 10000
Points: 10085.092 10087.068 10087.967 10090.530 10091.976 10092.359 10094.140 10095.245 10095.387 10100.985 10101.030 10101.266 10102.923 10105.871 10106.146 10113.533 10113.827 10114.343 10119.591 10120.467 10126.340 10135.646 10137.667 10144.113 10150.656 10162.173 10167.658 10180.657 10183.091 10222.542
Average reader duration: 10121 nanoseconds
Minimum reader duration: 10085.092
Median reader duration: 10106
Maximum reader duration: 10222.542
Run for rcu with 1 CPUs and delay 20000
Points: 20057.949 20061.702 20062.305 20065.015 20067.252 20078.936 20079.194 20086.281 20088.742 20089.927 20093.388 20093.670 20098.236 20099.038 20101.020 20104.001 20105.760 20107.870 20108.321 20135.807 20138.358 20139.945 20140.177 20143.290 20143.592 20145.930 20155.669 20202.438 20220.853 20233.828
Average reader duration: 20114.9 nanoseconds
Minimum reader duration: 20057.949
Median reader duration: 20100
Maximum reader duration: 20233.828
Run for srcu with 1 CPUs and delay 20000
Points: 20066.808 20067.854 20068.708 20077.060 20080.563 20085.462 20086.403 20089.569 20096.166 20102.449 20104.516 20105.957 20106.767 20108.449 20116.905 20117.399 20118.649 20121.856 20127.539 20129.365 20135.120 20135.963 20136.784 20138.130 20139.868 20142.569 20153.365 20169.682 20176.867 20198.121
Average reader duration: 20116.8 nanoseconds
Minimum reader duration: 20066.808
Median reader duration: 20112.7
Maximum reader duration: 20198.121
Run for refcnt with 1 CPUs and delay 20000
Points: 20058.958 20060.987 20086.898 20105.402 20117.972 20131.661 20134.902 20161.497 20192.120 20232.930 20236.111 20238.349 20245.337 20250.606 20251.736 20254.741 20258.776 20259.984 20263.440 20263.744 20266.878 20280.574 20296.464 20308.291 20312.084 20328.401 20336.035 20340.105 20385.776 20388.807
Average reader duration: 20235 nanoseconds
Minimum reader duration: 20058.958
Median reader duration: 20251.2
Maximum reader duration: 20388.807
Run for rwlock with 1 CPUs and delay 20000
Points: 20121.108 20182.642 20246.388 20258.638 20259.828 20267.894 20269.438 20277.411 20279.986 20282.335 20299.531 20307.490 20311.664 20326.395 20334.875 20336.697 20338.205 20343.845 20349.972 20363.700 20365.858 20366.520 20373.694 20405.461 20410.510 20413.357 20414.943 20427.675 20563.046 20587.047
Average reader duration: 20336.2 nanoseconds
Minimum reader duration: 20121.108
Median reader duration: 20330.6
Maximum reader duration: 20587.047
Run for rwsem with 1 CPUs and delay 20000
Points: 20066.608 20069.661 20070.726 20074.112 20075.660 20075.998 20080.939 20089.981 20100.426 20101.572 20104.456 20112.004 20114.524 20117.042 20118.285 20123.912 20126.579 20128.861 20134.429 20134.436 20135.858 20138.188 20140.899 20143.580 20147.848 20151.369 20154.776 20169.108 20173.879 20184.531
Average reader duration: 20118.7 nanoseconds
Minimum reader duration: 20066.608
Median reader duration: 20117.7
Maximum reader duration: 20184.531
Run for rcu with 10 CPUs and delay 100
Points: 161.695 162.843 162.944 162.958 163.174 163.347 163.723 163.854 163.868 163.888 164.515 164.788 164.857 164.979 165.246 165.335 165.705 165.797 166.424 166.653 167.177 167.704 167.758 168.122 168.511 168.635 169.465 171.232 173.283 173.456
Average reader duration: 166.065 nanoseconds
Minimum reader duration: 161.695
Median reader duration: 165.113
Maximum reader duration: 173.456
Run for srcu with 10 CPUs and delay 100
Points: 162.377 163.018 163.633 163.677 163.973 165.051 165.264 165.569 165.603 166.421 167.368 167.491 167.905 168.178 168.191 168.904 169.182 169.451 169.701 170.403 171.255 171.640 171.820 171.956 171.998 172.533 175.031 175.874 176.172 179.154
Average reader duration: 168.96 nanoseconds
Minimum reader duration: 162.377
Median reader duration: 168.185
Maximum reader duration: 179.154
Run for refcnt with 10 CPUs and delay 100
Points: 1179.429 1186.084 1187.674 1191.183 1191.822 1194.761 1198.372 1200.696 1206.566 1212.056 1217.073 1229.703 1237.470 1280.760 1290.900 1294.813 1301.513 1313.753 1318.967 1319.670 1323.588 1330.855 1331.682 1336.480 1340.946 1349.025 1360.311 1363.856 1375.233 1406.629
Average reader duration: 1275.73 nanoseconds
Minimum reader duration: 1179.429
Median reader duration: 1285.83
Maximum reader duration: 1406.629
Run for rwlock with 10 CPUs and delay 100
Points: 1064.414 1077.183 1087.712 1093.526 1115.017 1116.500 1134.665 1137.958 1141.344 1146.306 1150.900 1164.006 1174.360 1185.112 1185.908 1188.773 1195.983 1196.204 1199.843 1200.309 1217.109 1220.994 1254.411 1312.038 1312.972 1360.371 1360.465 1366.317 1379.132 1401.759
Average reader duration: 1204.72 nanoseconds
Minimum reader duration: 1064.414
Median reader duration: 1185.51
Maximum reader duration: 1401.759
Run for rwsem with 10 CPUs and delay 100
Points: 1512.583 1515.535 1534.619 1553.826 1560.759 1570.149 1596.034 1606.107 1606.388 1606.961 1610.926 1612.097 1623.889 1625.237 1645.678 1648.428 1648.832 1649.018 1651.337 1652.883 1658.611 1659.701 1664.315 1675.729 1693.961 1711.873 1714.220 1792.685 1804.509 1927.145
Average reader duration: 1644.47 nanoseconds
Minimum reader duration: 1512.583
Median reader duration: 1635.46
Maximum reader duration: 1927.145
Run for rcu with 10 CPUs and delay 200
Points: 285.166 285.375 286.016 286.768 286.862 287.068 287.999 288.446 288.605 288.678 289.197 289.458 290.239 290.447 290.784 291.075 291.106 291.198 291.371 291.651 292.613 293.070 293.520 293.882 294.007 294.865 295.424 295.885 298.780 302.228
Average reader duration: 291.059 nanoseconds
Minimum reader duration: 285.166
Median reader duration: 290.615
Maximum reader duration: 302.228
Run for srcu with 10 CPUs and delay 200
Points: 290.211 290.269 291.242 292.150 293.354 294.304 294.538 294.653 296.210 296.391 297.027 297.855 298.137 298.161 298.216 298.365 298.541 299.048 299.256 299.350 299.814 299.903 299.973 300.018 300.023 300.033 300.224 300.650 300.787 303.378
Average reader duration: 297.403 nanoseconds
Minimum reader duration: 290.211
Median reader duration: 298.188
Maximum reader duration: 303.378
Run for refcnt with 10 CPUs and delay 200
Points: 1334.122 1334.482 1337.508 1344.215 1344.477 1344.619 1346.880 1347.873 1347.985 1349.147 1349.503 1352.402 1353.692 1354.005 1354.950 1357.931 1362.275 1363.430 1366.837 1366.847 1383.538 1386.020 1389.776 1396.179 1397.467 1402.933 1404.512 1410.061 1549.190 1565.606
Average reader duration: 1376.62 nanoseconds
Minimum reader duration: 1334.122
Median reader duration: 1354.48
Maximum reader duration: 1565.606
Run for rwlock with 10 CPUs and delay 200
Points: 1570.077 1573.739 1577.103 1593.442 1595.536 1596.411 1611.393 1612.623 1620.019 1620.720 1624.099 1633.803 1640.312 1647.575 1649.846 1650.105 1655.291 1659.038 1662.521 1662.608 1669.406 1677.802 1685.462 1694.843 1695.870 1698.387 1707.374 1718.890 1720.159 1790.240
Average reader duration: 1650.49 nanoseconds
Minimum reader duration: 1570.077
Median reader duration: 1648.71
Maximum reader duration: 1790.240
Run for rwsem with 10 CPUs and delay 200
Points: 1800.989 1817.474 1827.390 1832.502 1863.956 1881.160 1885.222 1948.844 1957.271 2021.535 2022.322 2023.723 2030.455 2042.321 2050.770 2081.741 2089.804 2090.412 2107.965 2111.065 2113.613 2127.667 2134.243 2134.776 2139.127 2145.788 2148.424 2153.381 2547.677 2580.045
Average reader duration: 2057.06 nanoseconds
Minimum reader duration: 1800.989
Median reader duration: 2046.55
Maximum reader duration: 2580.045
Run for rcu with 10 CPUs and delay 500
Points: 643.085 645.948 647.012 647.173 648.451 649.683 650.327 650.339 651.866 651.925 652.041 652.933 653.251 655.242 657.088 657.350 657.516 657.604 657.815 657.896 658.715 659.250 659.662 659.693 660.535 661.688 663.291 665.614 665.683 669.626
Average reader duration: 655.61 nanoseconds
Minimum reader duration: 643.085
Median reader duration: 656.165
Maximum reader duration: 669.626
Run for srcu with 10 CPUs and delay 500
Points: 652.687 653.469 655.704 658.558 658.956 659.127 659.571 660.154 660.612 660.701 661.577 661.723 663.481 663.836 663.885 665.208 665.481 665.711 665.779 666.060 666.193 666.722 667.255 667.490 667.563 668.278 668.959 669.438 671.057 671.841
Average reader duration: 663.569 nanoseconds
Minimum reader duration: 652.687
Median reader duration: 663.861
Maximum reader duration: 671.841
Run for refcnt with 10 CPUs and delay 500
Points: 1260.671 1312.175 1365.416 1369.018 1385.285 1386.095 1402.411 1417.562 1421.730 1450.231 1459.442 1463.047 1529.069 1566.296 1573.148 1573.943 1575.680 1579.663 1586.024 1586.899 1592.796 1594.021 1596.370 1598.041 1600.126 1603.471 1604.934 1606.656 1607.409 1681.719
Average reader duration: 1511.64 nanoseconds
Minimum reader duration: 1260.671
Median reader duration: 1569.72
Maximum reader duration: 1681.719
Run for rwlock with 10 CPUs and delay 500
Points: 1655.794 1662.404 1668.596 1670.187 1672.865 1694.603 1698.447 1703.341 1705.600 1708.530 1713.177 1717.006 1722.804 1727.607 1729.342 1729.472 1729.976 1730.369 1731.147 1733.438 1734.706 1738.549 1739.702 1740.155 1741.633 1741.796 1743.806 1752.966 1792.380 1817.323
Average reader duration: 1721.59 nanoseconds
Minimum reader duration: 1655.794
Median reader duration: 1728.47
Maximum reader duration: 1817.323
Run for rwsem with 10 CPUs and delay 500
Points: 1803.122 1871.200 1913.675 1955.804 1979.044 2027.284 2030.742 2042.749 2049.916 2054.210 2102.935 2440.993 2442.456 2446.217 2446.459 2472.173 2480.491 2501.720 2508.574 2509.299 2510.188 2520.063 2520.946 2537.097 2562.019 2592.439 2616.168 2633.685 2639.787 2733.505
Average reader duration: 2331.5 nanoseconds
Minimum reader duration: 1803.122
Median reader duration: 2446.34
Maximum reader duration: 2733.505
Run for rcu with 10 CPUs and delay 1000
Points: 1067.996 1069.700 1070.399 1070.794 1072.061 1075.139 1075.202 1077.929 1078.004 1080.290 1081.085 1082.871 1083.647 1084.629 1085.110 1086.042 1086.615 1086.871 1086.923 1087.180 1087.454 1091.146 1092.467 1092.629 1093.041 1093.222 1093.481 1094.457 1096.067 1100.686
Average reader duration: 1084.1 nanoseconds
Minimum reader duration: 1067.996
Median reader duration: 1084.87
Maximum reader duration: 1100.686
Run for srcu with 10 CPUs and delay 1000
Points: 1074.667 1076.453 1076.797 1078.293 1081.479 1082.649 1083.311 1084.558 1084.636 1085.060 1085.334 1085.408 1085.665 1088.217 1089.406 1090.245 1090.296 1090.629 1092.394 1092.425 1092.962 1092.990 1093.909 1094.065 1096.196 1096.568 1096.600 1098.035 1098.660 1098.831
Average reader duration: 1088.56 nanoseconds
Minimum reader duration: 1074.667
Median reader duration: 1088.81
Maximum reader duration: 1098.831
Run for refcnt with 10 CPUs and delay 1000
Points: 1891.740 1903.612 1911.237 1911.685 1912.779 1914.328 1918.267 1918.682 1919.181 1919.319 1920.181 1920.576 1921.042 1921.545 1921.933 1922.621 1924.484 1925.188 1926.675 1928.100 1929.320 1934.753 1936.737 1938.243 1951.249 1955.191 1956.830 1964.197 1971.495 1991.985
Average reader duration: 1929.44 nanoseconds
Minimum reader duration: 1891.740
Median reader duration: 1921.74
Maximum reader duration: 1991.985
Run for rwlock with 10 CPUs and delay 1000
Points: 2220.545 2220.733 2224.779 2225.730 2229.941 2242.628 2249.686 2251.069 2266.511 2270.861 2277.589 2278.102 2282.379 2284.628 2284.721 2286.074 2288.714 2291.164 2306.790 2313.041 2313.236 2313.785 2319.197 2333.132 2344.149 2365.976 2373.360 2383.650 2420.010 2505.269
Average reader duration: 2298.91 nanoseconds
Minimum reader duration: 2220.545
Median reader duration: 2284.67
Maximum reader duration: 2505.269
Run for rwsem with 10 CPUs and delay 1000
Points: 2437.512 2453.648 2454.337 2455.428 2461.910 2462.162 2479.337 2518.797 2521.818 2566.500 2569.957 2573.139 2597.486 2597.514 2599.093 2600.117 2601.868 2606.563 2617.441 2630.991 2631.580 2637.900 2641.878 2642.630 2644.398 2666.195 2673.631 2704.997 2725.960 2781.338
Average reader duration: 2585.2 nanoseconds
Minimum reader duration: 2437.512
Median reader duration: 2598.3
Maximum reader duration: 2781.338
Run for rcu with 10 CPUs and delay 2000
Points: 2073.014 2073.456 2073.645 2073.939 2075.661 2076.220 2076.521 2076.618 2077.008 2077.143 2077.879 2078.044 2078.238 2079.397 2079.960 2080.771 2083.248 2086.931 2088.654 2088.832 2089.192 2090.378 2093.314 2093.816 2093.995 2095.043 2095.653 2095.702 2098.650 2108.776
Average reader duration: 2084.32 nanoseconds
Minimum reader duration: 2073.014
Median reader duration: 2079.68
Maximum reader duration: 2108.776
Run for srcu with 10 CPUs and delay 2000
Points: 2072.839 2075.182 2075.238 2075.878 2076.489 2076.558 2076.648 2077.916 2078.021 2079.865 2083.911 2083.926 2084.051 2085.867 2085.932 2086.007 2087.870 2088.530 2089.187 2090.080 2090.766 2092.450 2092.836 2093.477 2093.940 2094.658 2094.992 2099.085 2099.692 2100.076
Average reader duration: 2086.07 nanoseconds
Minimum reader duration: 2072.839
Median reader duration: 2085.9
Maximum reader duration: 2100.076
Run for refcnt with 10 CPUs and delay 2000
Points: 2569.791 2576.153 2580.937 2584.549 2586.972 2588.419 2592.847 2593.670 2595.252 2601.163 2603.404 2604.112 2605.780 2606.010 2606.629 2609.668 2610.769 2611.090 2615.915 2619.600 2630.457 2632.467 2633.081 2634.820 2637.035 2646.715 2648.688 2650.383 2656.037 2682.526
Average reader duration: 2613.83 nanoseconds
Minimum reader duration: 2569.791
Median reader duration: 2606.32
Maximum reader duration: 2682.526
Run for rwlock with 10 CPUs and delay 2000
Points: 2578.774 2587.690 2589.064 2591.036 2598.454 2608.915 2609.836 2638.051 2649.528 2677.591 2721.023 2733.558 2764.748 2782.711 2788.251 2801.805 2809.003 2820.778 2826.903 2830.756 2834.688 2836.541 2838.016 2840.239 2862.940 2863.888 2867.263 2875.633 2877.454 2908.251
Average reader duration: 2753.78 nanoseconds
Minimum reader duration: 2578.774
Median reader duration: 2785.48
Maximum reader duration: 2908.251
Run for rwsem with 10 CPUs and delay 2000
Points: 3057.164 3139.701 3150.715 3157.437 3173.486 3176.872 3185.310 3187.694 3187.873 3196.711 3209.911 3224.302 3226.516 3227.396 3235.903 3243.059 3244.002 3245.391 3251.892 3252.952 3255.690 3264.009 3270.595 3277.410 3286.489 3296.687 3318.192 3320.251 3339.498 3352.386
Average reader duration: 3231.85 nanoseconds
Minimum reader duration: 3057.164
Median reader duration: 3231.65
Maximum reader duration: 3352.386
Run for rcu with 10 CPUs and delay 5000
Points: 5074.180 5083.168 5084.481 5086.801 5087.757 5087.955 5088.189 5089.224 5089.660 5090.525 5092.270 5093.998 5094.053 5095.509 5096.936 5099.762 5101.418 5103.085 5103.691 5103.980 5106.082 5107.359 5112.960 5113.019 5113.946 5114.888 5115.326 5116.837 5121.204 5124.631
Average reader duration: 5099.76 nanoseconds
Minimum reader duration: 5074.180
Median reader duration: 5096.22
Maximum reader duration: 5124.631
Run for srcu with 10 CPUs and delay 5000
Points: 5085.374 5086.732 5088.413 5089.644 5090.151 5091.173 5091.829 5092.750 5093.774 5093.819 5094.438 5097.065 5100.074 5101.244 5107.366 5108.426 5109.242 5110.161 5113.439 5116.487 5117.813 5121.677 5122.609 5123.445 5124.044 5124.492 5124.729 5125.040 5126.836 5126.961
Average reader duration: 5106.64 nanoseconds
Minimum reader duration: 5085.374
Median reader duration: 5104.31
Maximum reader duration: 5126.961
Run for refcnt with 10 CPUs and delay 5000
Points: 5557.662 5559.722 5559.864 5560.437 5561.793 5562.493 5563.409 5567.138 5568.265 5573.053 5573.655 5574.620 5575.096 5578.286 5578.326 5580.367 5582.283 5582.319 5586.695 5587.000 5595.268 5599.709 5600.190 5600.634 5602.446 5603.523 5604.163 5604.383 5605.177 5610.110
Average reader duration: 5581.94 nanoseconds
Minimum reader duration: 5557.662
Median reader duration: 5578.31
Maximum reader duration: 5610.110
Run for rwlock with 10 CPUs and delay 5000
Points: 5617.437 5622.801 5626.100 5627.698 5630.304 5633.391 5638.514 5639.593 5643.796 5643.994 5646.299 5647.259 5649.575 5654.505 5656.154 5659.223 5660.779 5662.076 5670.468 5673.345 5674.559 5676.221 5681.711 5684.258 5698.219 5705.032 5713.054 5713.906 5717.374 5722.784
Average reader duration: 5663.01 nanoseconds
Minimum reader duration: 5617.437
Median reader duration: 5655.33
Maximum reader duration: 5722.784
Run for rwsem with 10 CPUs and delay 5000
Points: 5575.261 5575.877 5581.637 5583.994 5584.892 5587.466 5590.561 5593.558 5594.207 5595.154 5595.786 5595.952 5596.850 5601.053 5602.663 5603.415 5609.260 5612.143 5616.123 5619.838 5620.643 5623.331 5624.930 5626.862 5631.581 5632.493 5632.681 5635.521 5638.476 5646.448
Average reader duration: 5607.62 nanoseconds
Minimum reader duration: 5575.261
Median reader duration: 5601.86
Maximum reader duration: 5646.448
Run for rcu with 10 CPUs and delay 10000
Points: 10103.714 10107.227 10109.450 10109.942 10111.494 10117.242 10118.398 10122.818 10124.992 10127.254 10128.519 10129.028 10130.744 10131.570 10132.060 10136.936 10137.620 10143.475 10143.620 10144.214 10146.607 10148.997 10153.810 10155.472 10158.297 10158.612 10158.993 10160.590 10166.961 10174.492
Average reader duration: 10136.4 nanoseconds
Minimum reader duration: 10103.714
Median reader duration: 10131.8
Maximum reader duration: 10174.492
Run for srcu with 10 CPUs and delay 10000
Points: 10094.892 10096.717 10102.745 10107.855 10109.465 10112.393 10114.987 10116.205 10129.309 10130.172 10132.064 10134.635 10136.375 10136.467 10137.742 10138.765 10139.603 10140.312 10142.043 10144.745 10146.930 10147.964 10158.907 10169.817 10171.157 10172.215 10174.857 10176.063 10176.297 10183.855
Average reader duration: 10139.2 nanoseconds
Minimum reader duration: 10094.892
Median reader duration: 10137.1
Maximum reader duration: 10183.855
Run for refcnt with 10 CPUs and delay 10000
Points: 10552.874 10568.557 10575.310 10585.074 10594.983 10596.589 10597.813 10602.609 10604.677 10607.834 10607.843 10620.727 10620.772 10624.575 10624.713 10625.653 10628.413 10629.017 10632.480 10634.105 10641.519 10647.335 10647.662 10656.665 10659.408 10661.508 10661.572 10674.404 10674.791 10674.889
Average reader duration: 10624.5 nanoseconds
Minimum reader duration: 10552.874
Median reader duration: 10624.6
Maximum reader duration: 10674.889
Run for rwlock with 10 CPUs and delay 10000
Points: 10603.274 10608.915 10613.052 10619.440 10620.138 10623.822 10636.318 10644.056 10645.321 10649.452 10654.642 10663.275 10668.768 10672.835 10673.015 10680.998 10681.731 10686.234 10688.306 10695.392 10696.361 10696.637 10702.046 10706.789 10707.166 10709.426 10719.621 10723.011 10745.161 10862.960
Average reader duration: 10676.6 nanoseconds
Minimum reader duration: 10603.274
Median reader duration: 10672.9
Maximum reader duration: 10862.960
Run for rwsem with 10 CPUs and delay 10000
Points: 10601.919 10614.888 10619.037 10619.732 10627.121 10628.431 10629.432 10629.747 10629.917 10631.246 10633.932 10634.296 10634.983 10637.543 10642.152 10644.611 10647.108 10647.295 10647.748 10653.072 10655.864 10657.183 10659.067 10662.541 10663.311 10666.376 10667.933 10669.677 10692.118 10706.065
Average reader duration: 10645.1 nanoseconds
Minimum reader duration: 10601.919
Median reader duration: 10639.8
Maximum reader duration: 10706.065
Run for rcu with 10 CPUs and delay 20000
Points: 20100.098 20102.368 20103.735 20104.160 20105.545 20108.826 20111.338 20123.835 20124.773 20124.951 20125.646 20128.777 20132.130 20132.186 20133.449 20137.301 20140.981 20141.165 20143.333 20143.441 20151.433 20152.826 20153.127 20157.423 20158.446 20164.086 20166.418 20169.052 20174.123 20184.138
Average reader duration: 20136.6 nanoseconds
Minimum reader duration: 20100.098
Median reader duration: 20132.8
Maximum reader duration: 20184.138
Run for srcu with 10 CPUs and delay 20000
Points: 20091.517 20099.979 20100.190 20100.943 20103.282 20103.949 20113.650 20116.466 20116.950 20117.278 20120.890 20132.131 20142.964 20143.794 20144.530 20147.251 20148.696 20149.231 20151.231 20152.757 20158.153 20158.286 20159.242 20159.588 20160.214 20161.016 20167.162 20168.618 20170.594 20190.767
Average reader duration: 20138.4 nanoseconds
Minimum reader duration: 20091.517
Median reader duration: 20144.2
Maximum reader duration: 20190.767
Run for refcnt with 10 CPUs and delay 20000
Points: 20564.199 20569.010 20598.191 20607.093 20633.252 20646.542 20649.420 20651.452 20651.626 20652.526 20656.888 20660.244 20666.140 20667.047 20674.738 20675.020 20675.150 20675.968 20677.855 20678.311 20679.812 20686.092 20690.804 20698.653 20699.683 20704.842 20708.909 20709.106 20749.076 20754.241
Average reader duration: 20667.1 nanoseconds
Minimum reader duration: 20564.199
Median reader duration: 20670.9
Maximum reader duration: 20754.241
Run for rwlock with 10 CPUs and delay 20000
Points: 20613.165 20630.635 20651.316 20663.341 20667.214 20674.146 20675.719 20677.912 20681.841 20683.837 20683.931 20685.204 20686.408 20696.651 20708.797 20722.117 20723.333 20727.273 20731.193 20731.486 20740.470 20740.705 20752.640 20754.386 20764.529 20765.920 20767.503 20772.478 20774.763 20801.010
Average reader duration: 20711.7 nanoseconds
Minimum reader duration: 20613.165
Median reader duration: 20702.7
Maximum reader duration: 20801.010
Run for rwsem with 10 CPUs and delay 20000
Points: 20590.225 20606.347 20639.039 20645.474 20646.390 20647.980 20650.859 20654.164 20657.254 20659.813 20665.605 20669.229 20671.161 20671.551 20672.233 20673.449 20674.307 20675.750 20676.162 20677.370 20679.388 20680.921 20685.405 20688.140 20690.457 20692.516 20697.269 20707.054 20714.265 21405.994
Average reader duration: 20692.2 nanoseconds
Minimum reader duration: 20590.225
Median reader duration: 20671.9
Maximum reader duration: 21405.994
Run for rcu with 100 CPUs and delay 100
Points: 198.025 199.045 199.255 199.309 199.410 199.852 200.061 200.452 201.123 203.776 203.982 203.994 204.409 204.663 204.936 205.006 205.158 205.438 205.661 205.974 206.161 206.199 206.289 206.849 207.170 207.976 207.985 209.281 210.877 212.543
Average reader duration: 204.362 nanoseconds
Minimum reader duration: 198.025
Median reader duration: 204.8
Maximum reader duration: 212.543
Run for srcu with 100 CPUs and delay 100
Points: 206.390 206.630 207.057 208.324 208.637 208.715 209.147 209.348 209.697 210.349 210.808 211.945 212.767 213.136 213.645 213.864 213.977 214.422 214.934 215.977 216.472 216.770 217.151 217.204 217.940 218.409 220.551 225.883 228.782 231.408
Average reader duration: 214.345 nanoseconds
Minimum reader duration: 206.390
Median reader duration: 213.391
Maximum reader duration: 231.408
Run for refcnt with 100 CPUs and delay 100
Points: 3841.190 5904.797 5923.280 5943.752 6102.840 6119.156 6147.130 6150.309 6214.996 6227.416 6339.581 6507.334 6509.382 6532.147 6542.685 6578.731 6584.983 6619.030 6621.725 6624.957 6649.706 6662.792 6677.937 6700.252 6710.919 6719.645 6745.393 6786.927 6845.778 7209.725
Average reader duration: 6391.48 nanoseconds
Minimum reader duration: 3841.190
Median reader duration: 6537.42
Maximum reader duration: 7209.725
Run for rwlock with 100 CPUs and delay 100
Points: 7045.105 7410.847 7898.729 7970.429 7990.637 8082.243 8210.335 8287.285 8302.001 8324.721 8367.273 8405.844 8436.173 8447.947 8524.374 8561.380 8575.248 8690.884 8717.289 8766.410 8792.043 8935.924 8987.259 9242.499 9322.503 9466.484 9878.125 9879.591 10327.269 10389.405
Average reader duration: 8674.54 nanoseconds
Minimum reader duration: 7045.105
Median reader duration: 8486.16
Maximum reader duration: 10389.405
Run for rwsem with 100 CPUs and delay 100
Points: 11602.491 13549.650 14132.049 14634.694 15007.174 15201.392 15651.282 15756.698 16604.069 18613.428 18894.770 19444.554 19661.521 19751.524 19918.236 20241.843 20590.910 20648.618 20777.495 21150.564 21166.845 21287.481 21293.231 21308.873 21450.190 21487.254 21617.777 21742.379 22029.236 22092.242
Average reader duration: 18910.3 nanoseconds
Minimum reader duration: 11602.491
Median reader duration: 19834.9
Maximum reader duration: 22092.242
Run for rcu with 100 CPUs and delay 200
Points: 310.481 311.076 311.653 311.816 312.464 313.289 313.321 315.550 315.777 316.203 316.431 317.000 317.456 317.909 318.300 318.554 318.889 318.899 319.014 319.146 319.867 319.991 320.124 320.364 320.763 320.881 321.285 321.361 322.255 322.604
Average reader duration: 317.424 nanoseconds
Minimum reader duration: 310.481
Median reader duration: 318.105
Maximum reader duration: 322.604
Run for srcu with 100 CPUs and delay 200
Points: 315.461 316.723 317.354 318.598 318.841 319.334 319.546 321.376 322.418 322.832 323.813 324.008 324.122 324.404 325.068 325.396 325.409 325.869 326.444 326.497 326.857 327.192 327.460 328.619 328.849 329.151 329.389 329.788 329.921 332.531
Average reader duration: 324.442 nanoseconds
Minimum reader duration: 315.461
Median reader duration: 324.736
Maximum reader duration: 332.531
Run for refcnt with 100 CPUs and delay 200
Points: 3965.419 4000.571 4045.479 4048.450 4074.191 4083.939 4088.951 4089.602 4096.568 4098.735 4113.076 4132.264 4142.382 4157.541 4161.899 4169.299 4186.604 4195.589 4199.837 4206.587 4218.926 4235.350 4243.307 4252.522 4255.166 4259.442 4274.417 4285.115 4351.029 4410.309
Average reader duration: 4168.09 nanoseconds
Minimum reader duration: 3965.419
Median reader duration: 4159.72
Maximum reader duration: 4410.309
Run for rwlock with 100 CPUs and delay 200
Points: 7325.467 9325.307 9403.559 9516.797 9551.506 9667.677 9697.686 9949.384 10100.061 10196.461 10230.540 10282.434 10315.825 10380.260 10407.112 10427.530 10476.208 10566.946 10615.023 10624.581 10632.617 10697.471 10700.303 10783.207 10888.875 11022.257 11170.275 11399.320 11544.870 11652.526
Average reader duration: 10318.4 nanoseconds
Minimum reader duration: 7325.467
Median reader duration: 10393.7
Maximum reader duration: 11652.526
Run for rwsem with 100 CPUs and delay 200
Points: 9357.878 9498.916 9626.103 9682.340 9710.463 9715.880 9748.839 9751.222 9776.670 9805.447 9903.032 9908.616 9964.798 9973.858 9978.433 10005.506 10016.191 10044.790 10052.798 10078.488 10081.334 10098.251 10118.368 10121.223 10144.433 10162.007 10195.307 10220.796 10282.445 10612.639
Average reader duration: 9954.57 nanoseconds
Minimum reader duration: 9357.878
Median reader duration: 9976.15
Maximum reader duration: 10612.639
Run for rcu with 100 CPUs and delay 500
Points: 675.938 676.445 676.866 676.876 676.892 677.121 677.630 677.798 678.142 678.168 678.402 678.513 678.591 679.731 679.966 680.161 680.433 680.470 681.785 683.892 686.258 686.413 687.277 687.631 691.288 691.578 691.955 693.257 693.523 696.600
Average reader duration: 682.653 nanoseconds
Minimum reader duration: 675.938
Median reader duration: 679.849
Maximum reader duration: 696.600
Run for srcu with 100 CPUs and delay 500
Points: 683.884 685.129 686.273 687.696 687.720 688.003 688.714 688.917 689.099 690.340 690.476 690.627 690.716 690.730 691.326 695.126 695.546 697.060 698.074 698.448 698.509 698.842 699.006 699.130 699.176 699.228 699.330 700.499 702.340 703.279
Average reader duration: 693.775 nanoseconds
Minimum reader duration: 683.884
Median reader duration: 691.028
Maximum reader duration: 703.279
Run for refcnt with 100 CPUs and delay 500
Points: 4860.586 5366.630 5515.917 5725.599 5766.692 5768.975 5809.667 5821.073 5832.299 5962.910 5993.459 6308.635 6311.471 6336.496 6418.234 6440.574 6454.017 6467.092 6507.305 6520.381 6542.736 6577.171 6580.693 6649.172 6810.896 6886.453 6892.938 6914.937 6936.874 7189.306
Average reader duration: 6272.31 nanoseconds
Minimum reader duration: 4860.586
Median reader duration: 6377.36
Maximum reader duration: 7189.306
Run for rwlock with 100 CPUs and delay 500
Points: 6831.573 6997.471 7005.892 7058.228 7107.778 7131.025 7149.138 7152.438 7161.925 7184.948 7207.119 7226.456 7259.896 7283.096 7291.586 7318.123 7319.757 7321.609 7346.354 7349.385 7363.129 7387.034 7388.064 7403.257 7427.935 7431.103 7474.573 7677.418 7683.213 7683.429
Average reader duration: 7287.43 nanoseconds
Minimum reader duration: 6831.573
Median reader duration: 7287.34
Maximum reader duration: 7683.429
Run for rwsem with 100 CPUs and delay 500
Points: 12672.698 12701.780 12729.257 12750.610 12780.899 12796.295 12796.904 12807.710 12824.278 12831.356 12848.374 12869.005 12883.470 12934.593 12963.968 12985.821 13013.930 13016.247 13017.062 13040.034 13040.357 13086.901 13088.522 13095.578 13104.874 13104.942 13175.328 13202.272 13212.914 13236.678
Average reader duration: 12953.8 nanoseconds
Minimum reader duration: 12672.698
Median reader duration: 12949.3
Maximum reader duration: 13236.678
Run for rcu with 100 CPUs and delay 1000
Points: 1099.666 1100.431 1100.739 1103.494 1103.987 1104.183 1104.509 1104.617 1105.026 1105.365 1107.076 1107.463 1109.475 1110.473 1110.518 1111.829 1111.919 1112.419 1113.991 1115.481 1117.761 1118.206 1118.399 1119.302 1121.183 1121.476 1121.827 1122.568 1123.236 1124.968
Average reader duration: 1111.72 nanoseconds
Minimum reader duration: 1099.666
Median reader duration: 1110.5
Maximum reader duration: 1124.968
Run for srcu with 100 CPUs and delay 1000
Points: 1105.404 1105.441 1105.661 1107.430 1109.586 1109.735 1111.126 1111.327 1112.757 1113.305 1113.935 1114.148 1115.004 1115.652 1115.694 1115.822 1116.456 1116.491 1118.171 1118.359 1118.718 1119.381 1119.752 1119.964 1120.485 1120.650 1123.120 1123.154 1123.772 1131.284
Average reader duration: 1115.73 nanoseconds
Minimum reader duration: 1105.404
Median reader duration: 1115.67
Maximum reader duration: 1131.284
Run for refcnt with 100 CPUs and delay 1000
Points: 5033.679 5134.660 5190.803 5226.114 5257.157 5344.002 5584.711 5700.923 5750.061 6418.199 6540.802 6573.683 6770.851 6783.493 6783.785 6805.793 6817.467 6824.357 6834.417 6861.428 6872.791 6883.316 6907.709 6919.705 6925.587 6971.975 6987.720 7027.674 7097.092 7162.876
Average reader duration: 6399.76 nanoseconds
Minimum reader duration: 5033.679
Median reader duration: 6783.64
Maximum reader duration: 7162.876
Run for rwlock with 100 CPUs and delay 1000
Points: 7597.381 7723.299 7727.360 7757.730 7985.698 10284.495 10285.360 10530.594 10597.691 10628.103 10705.293 10751.860 10785.898 10796.754 11175.706 11222.170 11353.037 11413.222 11470.810 11485.863 11621.517 11698.024 11748.070 11788.524 11993.786 12033.155 12108.384 12150.737 12328.618 12791.525
Average reader duration: 10751.4 nanoseconds
Minimum reader duration: 7597.381
Median reader duration: 10986.2
Maximum reader duration: 12791.525
Run for rwsem with 100 CPUs and delay 1000
Points: 10351.794 10519.693 10805.751 10827.837 10829.057 10968.961 11009.799 11017.882 11080.127 11296.956 11332.203 11411.064 11448.604 11543.489 11583.419 11586.930 11737.937 12161.912 12180.094 12240.174 12291.984 12312.873 12362.625 12365.511 12470.999 12516.711 12626.857 12638.010 12688.019 12895.347
Average reader duration: 11703.4 nanoseconds
Minimum reader duration: 10351.794
Median reader duration: 11563.5
Maximum reader duration: 12895.347
Run for rcu with 100 CPUs and delay 2000
Points: 2104.229 2104.421 2104.569 2104.792 2104.974 2104.984 2105.221 2106.225 2107.695 2109.871 2112.014 2113.548 2113.707 2114.818 2115.900 2120.697 2125.673 2128.024 2128.337 2128.733 2129.945 2130.330 2137.413 2139.484 2140.698 2141.010 2145.879 2146.381 2154.338 2162.089
Average reader duration: 2122.87 nanoseconds
Minimum reader duration: 2104.229
Median reader duration: 2115.36
Maximum reader duration: 2162.089
Run for srcu with 100 CPUs and delay 2000
Points: 2105.331 2105.812 2106.045 2106.499 2108.720 2109.927 2110.176 2111.788 2112.459 2112.904 2113.096 2117.453 2117.856 2119.274 2122.870 2125.857 2130.377 2130.497 2130.854 2131.579 2132.421 2133.583 2136.284 2136.886 2137.162 2139.309 2140.454 2142.030 2177.129 2179.441
Average reader duration: 2126.14 nanoseconds
Minimum reader duration: 2105.331
Median reader duration: 2121.07
Maximum reader duration: 2179.441
Run for refcnt with 100 CPUs and delay 2000
Points: 5549.555 5607.674 5610.905 5629.782 5667.633 5747.493 5799.524 5853.481 5874.706 5923.042 5932.852 5948.742 5956.143 5958.579 5964.337 5968.952 5999.397 6000.233 6036.761 6040.557 6068.693 6086.789 6092.305 6097.650 6098.505 6108.466 6122.178 6200.632 6260.136 6423.809
Average reader duration: 5954.32 nanoseconds
Minimum reader duration: 5549.555
Median reader duration: 5961.46
Maximum reader duration: 6423.809
Run for rwlock with 100 CPUs and delay 2000
Points: 5828.886 5843.189 5871.976 5882.154 5958.253 5961.212 5972.713 5972.835 5975.188 5982.138 5990.500 6110.047 6114.878 6163.685 6179.327 6180.058 6182.488 6195.432 6203.586 6216.416 6291.744 6314.056 6450.119 6597.808 6716.875 6780.674 6826.282 6886.538 6919.503 7173.917
Average reader duration: 6258.08 nanoseconds
Minimum reader duration: 5828.886
Median reader duration: 6171.51
Maximum reader duration: 7173.917
Run for rwsem with 100 CPUs and delay 2000
Points: 11412.676 11975.965 12105.865 12594.643 12642.749 12682.651 12752.367 17822.441 18088.399 18475.706 18594.489 18674.016 19226.371 19465.645 19548.455 19782.977 19835.666 20148.696 20541.657 20611.299 20627.118 20658.087 20686.144 20822.131 20887.646 20943.804 21040.832 21192.508 21305.465 21541.827
Average reader duration: 18222.9 nanoseconds
Minimum reader duration: 11412.676
Median reader duration: 19507.1
Maximum reader duration: 21541.827
Run for rcu with 100 CPUs and delay 5000
Points: 5119.767 5122.068 5122.292 5123.565 5123.940 5125.302 5127.157 5129.175 5147.116 5147.452 5154.726 5159.038 5164.742 5166.240 5166.752 5192.120 5257.158 5282.270 5313.159 5350.659 5407.133 5409.737 5610.628 5632.415 5686.253 5818.817 5899.464 6048.343 6376.151 6992.074
Average reader duration: 5412.52 nanoseconds
Minimum reader duration: 5119.767
Median reader duration: 5166.5
Maximum reader duration: 6992.074
Run for srcu with 100 CPUs and delay 5000
Points: 5123.051 5126.315 5136.623 5136.846 5140.807 5144.449 5149.143 5150.327 5153.325 5154.000 5154.474 5160.072 5167.504 5169.540 5178.370 5183.130 5190.176 5229.929 5255.662 5266.100 5341.561 5342.703 5551.434 5563.285 5619.127 5670.920 5685.083 5797.731 5892.951 6200.567
Average reader duration: 5334.51 nanoseconds
Minimum reader duration: 5123.051
Median reader duration: 5173.95
Maximum reader duration: 6200.567
Run for refcnt with 100 CPUs and delay 5000
Points: 7504.595 7559.989 7561.656 7562.952 7563.858 7565.232 7572.893 7584.631 7595.360 7602.159 7604.054 7623.439 7632.246 7632.748 7645.025 7651.931 7655.371 7659.660 7661.294 7668.387 7683.260 7684.165 7686.812 7695.899 7724.839 7754.754 7771.890 7921.745 7954.192 8098.247
Average reader duration: 7669.44 nanoseconds
Minimum reader duration: 7504.595
Median reader duration: 7638.89
Maximum reader duration: 8098.247
Run for rwlock with 100 CPUs and delay 5000
Points: 9636.567 10112.989 10195.788 10231.874 10360.639 10471.732 10478.051 10518.942 10535.170 10571.875 10612.857 10658.222 10681.434 10765.769 10906.886 10970.107 11002.292 11085.871 11335.547 11355.819 11404.487 11437.030 11715.163 11835.199 11863.734 11904.149 11913.567 11931.381 12052.066 12088.695
Average reader duration: 11021.1 nanoseconds
Minimum reader duration: 9636.567
Median reader duration: 10836.3
Maximum reader duration: 12088.695
Run for rwsem with 100 CPUs and delay 5000
Points: 12834.536 13021.074 13097.574 13105.071 13157.895 13215.285 13221.373 13226.587 13252.365 13292.261 13292.421 13295.530 13305.422 13307.888 13365.840 13386.509 13416.098 13430.092 13441.996 13479.417 13486.403 13560.972 13605.153 13637.301 13646.414 13653.258 13687.136 13697.658 13802.321 13850.346
Average reader duration: 13392.4 nanoseconds
Minimum reader duration: 12834.536
Median reader duration: 13336.9
Maximum reader duration: 13850.346
Run for rcu with 100 CPUs and delay 10000
Points: 10116.545 10118.288 10124.654 10126.511 10130.041 10130.696 10132.988 10137.979 10149.411 10151.221 10152.520 10154.172 10163.874 10166.823 10167.048 10168.228 10168.439 10168.739 10175.568 10187.805 10189.896 10194.187 10215.866 10227.211 10253.428 10276.537 10286.710 10332.726 10395.569 10480.021
Average reader duration: 10194.8 nanoseconds
Minimum reader duration: 10116.545
Median reader duration: 10166.9
Maximum reader duration: 10480.021
Run for srcu with 100 CPUs and delay 10000
Points: 10115.067 10115.834 10116.675 10117.107 10119.496 10119.534 10120.271 10121.779 10133.166 10133.245 10134.272 10140.039 10143.957 10146.892 10158.948 10162.253 10162.361 10162.676 10177.536 10182.045 10182.587 10188.668 10193.696 10239.423 10268.291 10331.395 10360.161 10459.276 10463.459 10605.513
Average reader duration: 10202.5 nanoseconds
Minimum reader duration: 10115.067
Median reader duration: 10152.9
Maximum reader duration: 10605.513
Run for refcnt with 100 CPUs and delay 10000
Points: 11698.276 11764.678 11766.475 11790.572 11803.735 11813.183 11837.548 11852.990 11853.289 11860.250 11862.046 11869.833 11871.899 11872.512 11873.897 11881.555 11883.121 11898.147 11898.787 11899.870 11899.990 11904.269 11919.107 11955.968 11976.879 11986.014 11993.530 12041.127 12077.415 12090.502
Average reader duration: 11889.9 nanoseconds
Minimum reader duration: 11698.276
Median reader duration: 11873.2
Maximum reader duration: 12090.502
Run for rwlock with 100 CPUs and delay 10000
Points: 14024.106 14245.578 14416.369 14418.249 14511.324 14529.943 14628.975 14894.322 14985.895 15070.361 15072.048 15188.847 15194.593 15209.632 15293.357 15309.624 15332.316 15383.225 15429.138 15437.048 15476.479 15571.541 15583.395 15656.038 15658.165 15673.725 15747.422 15817.099 15846.415 15922.024
Average reader duration: 15184.2 nanoseconds
Minimum reader duration: 14024.106
Median reader duration: 15251.5
Maximum reader duration: 15922.024
Run for rwsem with 100 CPUs and delay 10000
Points: 14045.156 14144.709 14184.330 14297.389 14314.298 14353.893 14442.956 14502.622 14546.049 14557.785 14691.937 14710.426 14718.960 14836.544 14871.412 14881.872 14891.006 14957.653 14990.134 14991.670 15010.012 15039.791 15148.721 15274.000 15385.700 15465.142 15470.054 15623.056 15664.471 15770.848
Average reader duration: 14859.4 nanoseconds
Minimum reader duration: 14045.156
Median reader duration: 14854
Maximum reader duration: 15770.848
Run for rcu with 100 CPUs and delay 20000
Points: 20125.357 20126.952 20135.126 20143.674 20158.837 20159.981 20167.429 20170.240 20187.220 20195.329 20232.230 20240.258 20243.404 20317.152 20369.121 20437.310 20480.743 20488.738 20541.431 20554.473 20554.555 20593.430 20776.561 20811.978 20946.248 21021.444 21130.352 21193.936 21380.467 21753.410
Average reader duration: 20521.2 nanoseconds
Minimum reader duration: 20125.357
Median reader duration: 20343.1
Maximum reader duration: 21753.410
Run for srcu with 100 CPUs and delay 20000
Points: 20118.981 20121.569 20137.219 20138.082 20141.014 20143.657 20144.635 20146.959 20148.060 20150.678 20153.774 20160.075 20160.938 20161.810 20164.817 20189.155 20202.002 20204.159 20209.465 20308.230 20364.266 20369.087 20369.247 20434.967 20481.551 20523.187 20632.022 20726.810 20777.161 21420.424
Average reader duration: 20313.5 nanoseconds
Minimum reader duration: 20118.981
Median reader duration: 20163.3
Maximum reader duration: 21420.424
Run for refcnt with 100 CPUs and delay 20000
Points: 20712.688 20718.995 20720.396 20720.784 20724.102 20728.167 20728.747 20729.042 20730.844 20733.021 20735.490 20736.137 20745.218 20747.982 20750.646 20752.182 20755.341 20762.026 20762.725 20764.899 20770.913 20772.895 20772.898 20784.457 20799.051 20849.742 20860.422 21049.348 21398.989 21626.472
Average reader duration: 20814.8 nanoseconds
Minimum reader duration: 20712.688
Median reader duration: 20749.3
Maximum reader duration: 21626.472
Run for rwlock with 100 CPUs and delay 20000
Points: 21566.901 21630.815 21660.222 21674.249 21713.636 21725.681 21739.821 21745.794 21751.691 21806.244 21824.993 21854.260 21860.605 21875.012 21880.570 21884.934 21916.238 21916.743 21963.233 21982.823 22036.151 22082.681 22106.319 22109.780 22155.928 22168.771 22232.805 22456.677 22640.439 22962.597
Average reader duration: 21964.2 nanoseconds
Minimum reader duration: 21566.901
Median reader duration: 21877.8
Maximum reader duration: 22962.597
Run for rwsem with 100 CPUs and delay 20000
Points: 24945.748 24956.775 25119.576 25238.435 25506.627 25574.572 25593.175 25614.090 25665.871 25701.221 25704.822 25725.598 25758.928 25767.336 25844.170 25926.556 25933.115 25956.702 25974.752 26064.042 26068.599 26069.037 26147.566 26407.213 26478.523 26488.085 26573.497 26602.945 26611.408 26862.134
Average reader duration: 25896 nanoseconds
Minimum reader duration: 24945.748
Median reader duration: 25805.8
Maximum reader duration: 26862.134
