Run for rcu with 1 CPUs
Points: 2.884 2.887 2.888 2.888 2.889 2.889 2.889 2.891 2.893 2.893 2.894 2.894 2.895 2.895 2.895 2.896 2.896 2.896 2.897 2.897 2.897 2.898 2.898 2.900 2.901 2.902 3.047 3.143 3.145 4.783
Average reader duration: 2.97867 nanoseconds
Minimum reader duration: 2.884
Median reader duration: 2.895
Maximum reader duration: 4.783
Run for srcu with 1 CPUs
Points: 13.425 13.425 13.425 13.425 13.425 13.425 13.425 13.425 13.425 13.425 13.425 13.506 13.698 14.058 14.073 14.171 14.171 14.171 14.171 14.181 14.503 14.568 14.576 14.576 14.576 14.744 14.773 15.005 17.837 18.934
Average reader duration: 14.2656 nanoseconds
Minimum reader duration: 13.425
Median reader duration: 14.0655
Maximum reader duration: 18.934
Run for refcnt with 1 CPUs
Points: 9.477 10.003 10.004 10.004 10.004 10.004 10.004 10.004 10.004 10.004 10.004 10.004 10.004 10.004 10.004 10.004 10.005 10.290 10.290 10.290 10.290 10.295 10.329 10.339 10.555 10.570 11.181 11.960 12.343 12.418
Average reader duration: 10.3564 nanoseconds
Minimum reader duration: 9.477
Median reader duration: 10.004
Maximum reader duration: 12.418
Run for rwlock with 1 CPUs
Points: 15.350 16.057 16.058 16.058 16.058 16.315 16.373 16.511 16.790 16.822 16.949 16.949 16.949 16.949 16.950 16.950 16.950 16.950 16.950 16.950 17.434 17.434 17.440 17.474 17.699 17.706 17.714 17.780 18.191 18.881
Average reader duration: 16.988 nanoseconds
Minimum reader duration: 15.350
Median reader duration: 16.9495
Maximum reader duration: 18.881
Run for rwsem with 1 CPUs
Points: 13.162 13.162 13.162 13.162 13.162 13.162 13.162 13.162 13.162 13.162 13.162 13.162 13.532 13.653 13.770 13.796 13.893 13.900 13.956 14.105 14.189 14.191 14.290 14.290 14.290 14.291 14.310 14.445 15.146 15.563
Average reader duration: 13.7851 nanoseconds
Minimum reader duration: 13.162
Median reader duration: 13.7115
Maximum reader duration: 15.563
Run for rcu with 2 CPUs
Points: 3.049 3.049 3.050 3.051 3.051 3.053 3.053 3.053 3.053 3.054 3.054 3.055 3.056 3.056 3.060 3.095 3.096 3.101 3.101 3.103 3.123 3.146 3.147 3.150 3.185 3.186 3.213 3.232 3.234 3.583
Average reader duration: 3.1164 nanoseconds
Minimum reader duration: 3.049
Median reader duration: 3.058
Maximum reader duration: 3.583
Run for srcu with 2 CPUs
Points: 13.425 13.425 13.425 13.425 13.425 13.425 13.425 13.798 13.829 13.990 14.000 14.000 14.000 14.001 14.001 14.034 14.145 14.154 14.161 14.190 14.195 14.215 14.332 14.337 14.347 14.374 14.588 14.703 14.725 15.106
Average reader duration: 14.04 nanoseconds
Minimum reader duration: 13.425
Median reader duration: 14.001
Maximum reader duration: 15.106
Run for refcnt with 2 CPUs
Points: 9.740 9.740 9.740 9.883 9.883 9.919 9.979 10.005 10.029 10.147 10.295 10.299 10.441 10.442 10.561 10.643 10.693 10.811 10.885 11.220 11.548 11.551 11.617 11.634 11.731 11.762 11.779 11.981 12.412 15.375
Average reader duration: 10.8915 nanoseconds
Minimum reader duration: 9.740
Median reader duration: 10.5015
Maximum reader duration: 15.375
Run for rwlock with 2 CPUs
Points: 15.757 15.785 15.815 16.057 16.057 16.057 16.057 16.057 16.058 16.058 16.058 16.058 16.058 16.058 16.059 16.102 16.151 16.327 16.336 16.348 16.383 16.418 16.801 16.926 16.950 17.113 17.283 17.528 18.688 20.709
Average reader duration: 16.5371 nanoseconds
Minimum reader duration: 15.757
Median reader duration: 16.0585
Maximum reader duration: 20.709
Run for rwsem with 2 CPUs
Points: 13.140 13.162 13.162 13.479 13.527 13.726 13.726 13.726 13.761 13.839 13.853 13.857 14.080 14.091 14.092 14.142 14.144 14.204 14.210 14.458 14.500 14.500 14.575 14.611 14.672 14.703 15.013 15.388 15.709 15.717
Average reader duration: 14.1922 nanoseconds
Minimum reader duration: 13.140
Median reader duration: 14.0915
Maximum reader duration: 15.717
Run for rcu with 3 CPUs
Points: 2.890 2.890 2.891 2.891 2.892 2.892 2.894 2.894 2.894 2.895 2.895 2.896 2.896 2.896 2.897 2.898 2.899 2.902 2.913 2.914 2.917 2.945 2.952 2.970 3.001 3.031 3.033 3.249 5.601 6.320
Average reader duration: 3.1316 nanoseconds
Minimum reader duration: 2.890
Median reader duration: 2.8965
Maximum reader duration: 6.320
Run for srcu with 3 CPUs
Points: 13.425 13.425 13.477 13.547 13.598 13.610 13.674 13.674 13.674 13.674 13.674 13.674 13.674 13.674 13.675 13.675 13.714 13.766 13.768 13.795 13.796 13.809 13.823 13.869 13.887 14.057 14.057 14.156 14.270 14.342
Average reader duration: 13.7644 nanoseconds
Minimum reader duration: 13.425
Median reader duration: 13.6745
Maximum reader duration: 14.342
Run for refcnt with 3 CPUs
Points: 9.652 9.652 9.652 9.653 9.653 9.653 9.653 9.653 9.653 9.739 9.828 9.828 9.828 9.930 9.930 9.940 10.046 10.066 10.099 10.099 10.194 10.259 10.289 10.289 10.361 10.549 10.550 11.041 11.186 43.154
Average reader duration: 11.136 nanoseconds
Minimum reader duration: 9.652
Median reader duration: 9.93
Maximum reader duration: 43.154
Run for rwlock with 3 CPUs
Points: 16.006 16.037 16.147 16.302 16.312 16.355 16.389 16.439 16.483 16.495 16.499 16.643 16.653 16.678 16.705 16.814 16.862 16.955 17.005 17.100 17.266 17.284 17.391 17.489 17.612 17.859 18.031 18.353 19.082 19.278
Average reader duration: 17.0175 nanoseconds
Minimum reader duration: 16.006
Median reader duration: 16.6915
Maximum reader duration: 19.278
Run for rwsem with 3 CPUs
Points: 13.154 13.154 13.155 13.155 13.162 13.162 13.261 13.333 13.358 13.402 13.446 13.477 13.506 13.530 13.538 13.594 13.650 13.668 13.734 13.738 13.795 13.795 13.835 14.005 14.133 14.147 14.247 14.362 15.029 149.298
Average reader duration: 18.1608 nanoseconds
Minimum reader duration: 13.154
Median reader duration: 13.534
Maximum reader duration: 149.298
Run for rcu with 4 CPUs
Points: 2.955 2.957 2.958 2.958 2.958 2.973 3.079 3.082 3.083 3.084 3.095 3.110 3.178 3.185 3.188 3.239 3.280 3.417 3.545 3.564 3.871 5.015 5.029 5.123 5.161 5.227 5.372 5.518 5.760 6.631
Average reader duration: 3.85317 nanoseconds
Minimum reader duration: 2.955
Median reader duration: 3.1865
Maximum reader duration: 6.631
Run for srcu with 4 CPUs
Points: 13.425 13.472 13.573 13.612 13.612 13.612 13.612 13.612 13.660 13.721 13.726 13.755 13.755 13.773 13.798 13.798 13.798 13.798 13.798 13.798 13.899 13.899 13.900 13.999 14.046 14.049 14.188 14.299 14.342 14.461
Average reader duration: 13.8263 nanoseconds
Minimum reader duration: 13.425
Median reader duration: 13.7855
Maximum reader duration: 14.461
Run for refcnt with 4 CPUs
Points: 14.443 14.465 14.791 15.325 16.567 16.762 16.859 16.922 17.422 17.914 18.021 18.244 18.566 19.077 19.223 19.288 19.391 19.391 19.865 20.100 21.290 21.441 21.747 26.484 27.320 42.394 42.809 55.812 143.761 167.959
Average reader duration: 30.7884 nanoseconds
Minimum reader duration: 14.443
Median reader duration: 19.15
Maximum reader duration: 167.959
Run for rwlock with 4 CPUs
Points: 26.439 27.140 27.263 27.327 27.486 27.639 27.851 27.922 28.061 28.065 28.072 28.077 28.443 28.854 28.940 43.683 45.494 47.091 47.856 47.935 48.029 52.620 53.436 74.310 76.390 84.902 87.014 99.936 108.000 147.807
Average reader duration: 49.4027 nanoseconds
Minimum reader duration: 26.439
Median reader duration: 28.897
Maximum reader duration: 147.807
Run for rwsem with 4 CPUs
Points: 25.436 29.264 29.977 30.895 30.926 32.204 32.294 32.585 33.863 42.738 50.147 56.015 62.257 62.647 63.132 66.652 69.814 88.991 89.578 95.955 97.824 98.263 99.073 101.144 104.035 135.648 163.541 168.937 234.661 275.018
Average reader duration: 83.4505 nanoseconds
Minimum reader duration: 25.436
Median reader duration: 62.8895
Maximum reader duration: 275.018
Run for rcu with 5 CPUs
Points: 2.923 2.924 2.928 2.928 2.929 2.959 2.963 2.992 3.049 3.058 3.058 3.062 3.302 3.410 3.489 3.500 3.606 3.854 4.438 4.549 4.648 4.697 4.735 5.006 5.065 5.272 6.170 6.303 6.318 7.412
Average reader duration: 4.05157 nanoseconds
Minimum reader duration: 2.923
Median reader duration: 3.4495
Maximum reader duration: 7.412
Run for srcu with 5 CPUs
Points: 13.425 13.425 13.425 13.425 13.425 13.425 13.425 13.448 13.454 13.471 13.500 13.574 13.601 13.608 13.625 13.646 13.655 13.682 13.723 13.733 13.757 13.814 13.874 14.012 14.086 14.168 14.262 14.365 14.820 15.872
Average reader duration: 13.7908 nanoseconds
Minimum reader duration: 13.425
Median reader duration: 13.6165
Maximum reader duration: 15.872
Run for refcnt with 5 CPUs
Points: 22.871 23.205 23.343 23.885 23.904 24.489 24.744 24.857 25.095 25.415 26.284 26.511 40.429 42.490 44.221 66.070 74.625 84.355 87.160 97.428 102.359 108.799 109.696 112.901 115.263 117.177 117.664 124.266 152.698 159.927
Average reader duration: 68.4044 nanoseconds
Minimum reader duration: 22.871
Median reader duration: 43.3555
Maximum reader duration: 159.927
Run for rwlock with 5 CPUs
Points: 38.830 38.992 39.730 43.398 44.044 47.869 48.801 50.900 54.140 75.866 75.949 78.245 84.276 88.159 98.843 101.610 102.807 105.682 110.794 112.102 113.590 115.426 117.355 118.589 120.131 130.241 143.710 145.592 154.610 173.746
Average reader duration: 92.4676 nanoseconds
Minimum reader duration: 38.830
Median reader duration: 93.501
Maximum reader duration: 173.746
Run for rwsem with 5 CPUs
Points: 69.924 70.830 70.924 73.964 78.870 92.813 98.875 137.285 166.295 185.047 212.770 214.037 232.577 248.607 248.815 254.456 267.921 274.250 277.312 278.699 287.528 291.568 305.209 311.342 319.278 320.767 322.512 322.536 339.421 340.855
Average reader duration: 223.843 nanoseconds
Minimum reader duration: 69.924
Median reader duration: 248.711
Maximum reader duration: 340.855
Run for rcu with 6 CPUs
Points: 2.974 2.974 2.989 3.001 3.003 3.003 3.011 3.015 3.017 3.020 3.021 3.026 3.029 3.032 3.032 3.043 3.044 3.059 3.084 3.089 3.114 3.114 3.185 3.271 3.279 3.346 3.574 4.621 7.053 7.087
Average reader duration: 3.40367 nanoseconds
Minimum reader duration: 2.974
Median reader duration: 3.032
Maximum reader duration: 7.087
Run for srcu with 6 CPUs
Points: 13.550 13.866 13.872 13.928 13.933 13.990 13.990 14.005 14.039 14.247 14.265 14.420 14.446 14.510 14.566 14.611 14.619 14.624 14.815 14.898 14.898 14.913 14.953 14.980 15.026 15.039 15.183 15.249 15.281 15.307
Average reader duration: 14.5341 nanoseconds
Minimum reader duration: 13.550
Median reader duration: 14.538
Maximum reader duration: 15.307
Run for refcnt with 6 CPUs
Points: 68.267 68.434 68.925 69.188 77.049 81.940 82.796 87.799 93.378 110.941 114.670 115.361 115.947 117.114 118.627 120.581 129.139 132.016 141.662 144.506 146.961 155.026 159.539 169.305 172.281 172.366 179.995 180.949 189.728 275.269
Average reader duration: 128.659 nanoseconds
Minimum reader duration: 68.267
Median reader duration: 117.87
Maximum reader duration: 275.269
Run for rwlock with 6 CPUs
Points: 72.187 74.194 74.644 74.920 77.349 82.827 88.168 95.937 96.650 96.946 97.315 100.787 102.335 102.680 103.172 104.557 105.886 107.501 109.502 118.133 120.807 124.293 125.006 129.644 136.126 138.041 140.021 145.487 155.980 169.035
Average reader duration: 109.004 nanoseconds
Minimum reader duration: 72.187
Median reader duration: 102.926
Maximum reader duration: 169.035
Run for rwsem with 6 CPUs
Points: 140.836 162.265 237.900 280.920 283.708 358.114 422.139 433.903 439.755 442.963 462.421 465.878 496.781 510.819 516.694 522.315 525.681 531.774 539.824 543.597 568.492 578.827 627.922 629.627 630.926 632.344 667.467 685.770 709.921 713.594
Average reader duration: 492.106 nanoseconds
Minimum reader duration: 140.836
Median reader duration: 513.756
Maximum reader duration: 713.594
Run for rcu with 7 CPUs
Points: 2.978 3.000 3.008 3.038 3.070 3.233 3.250 3.597 3.769 3.878 4.008 4.121 4.134 4.134 4.179 4.204 4.214 4.357 4.395 4.402 4.414 4.802 4.921 5.387 7.224 7.554 7.590 7.755 7.919 7.967
Average reader duration: 4.6834 nanoseconds
Minimum reader duration: 2.978
Median reader duration: 4.1565
Maximum reader duration: 7.967
Run for srcu with 7 CPUs
Points: 13.638 13.638 13.638 13.638 13.638 13.730 13.745 13.746 13.754 13.825 13.844 13.861 13.861 13.914 14.047 14.055 14.077 14.100 14.146 14.225 14.304 14.324 14.515 14.689 14.774 14.842 14.928 14.935 15.345 16.337
Average reader duration: 14.2038 nanoseconds
Minimum reader duration: 13.638
Median reader duration: 13.9805
Maximum reader duration: 16.337
Run for refcnt with 7 CPUs
Points: 123.451 123.925 131.579 139.766 141.408 142.462 143.717 145.402 145.551 146.056 147.475 148.265 149.517 153.376 168.367 175.466 211.597 225.292 234.598 239.358 240.471 240.735 253.240 254.692 261.338 263.172 273.694 278.548 308.872 318.374
Average reader duration: 197.659 nanoseconds
Minimum reader duration: 123.451
Median reader duration: 160.871
Maximum reader duration: 318.374
Run for rwlock with 7 CPUs
Points: 136.376 147.524 162.639 164.522 165.668 167.711 168.349 171.016 171.065 171.449 171.627 171.806 173.496 174.979 175.712 175.919 181.573 183.752 184.746 194.428 197.514 198.020 201.493 207.071 217.278 227.601 238.189 239.052 301.431 304.798
Average reader duration: 191.56 nanoseconds
Minimum reader duration: 136.376
Median reader duration: 175.346
Maximum reader duration: 304.798
Run for rwsem with 7 CPUs
Points: 264.477 301.872 332.063 332.163 334.354 336.341 343.647 348.313 357.262 362.015 369.489 411.397 505.699 522.207 531.867 540.379 546.919 561.043 561.655 569.180 571.382 582.312 582.517 589.700 592.370 606.011 607.406 662.900 680.230 689.201
Average reader duration: 486.546 nanoseconds
Minimum reader duration: 264.477
Median reader duration: 527.037
Maximum reader duration: 689.201
Run for rcu with 8 CPUs
Points: 3.027 3.040 3.045 3.071 3.078 3.078 3.086 3.089 3.118 3.120 3.158 3.196 3.207 3.317 3.403 3.450 3.557 4.008 4.033 4.036 4.051 5.552 5.583 5.641 5.991 5.995 6.071 6.080 7.048 7.841
Average reader duration: 4.199 nanoseconds
Minimum reader duration: 3.027
Median reader duration: 3.36
Maximum reader duration: 7.841
Run for srcu with 8 CPUs
Points: 13.847 13.859 13.878 13.892 14.001 14.094 14.121 14.174 14.198 14.198 14.236 14.245 14.252 14.379 14.428 14.432 14.452 14.483 14.486 14.520 14.532 14.548 14.552 14.579 14.697 14.850 15.052 15.183 15.274 15.864
Average reader duration: 14.4435 nanoseconds
Minimum reader duration: 13.847
Median reader duration: 14.4035
Maximum reader duration: 15.864
Run for refcnt with 8 CPUs
Points: 107.302 108.453 113.086 116.058 118.573 120.502 121.129 130.993 132.333 134.060 134.968 142.472 142.615 147.416 148.045 148.740 149.731 152.207 153.935 155.427 159.218 160.325 164.352 165.966 166.870 169.487 174.957 197.494 201.802 208.512
Average reader duration: 148.234 nanoseconds
Minimum reader duration: 107.302
Median reader duration: 147.731
Maximum reader duration: 208.512
Run for rwlock with 8 CPUs
Points: 252.115 272.678 289.277 289.676 305.310 305.648 320.278 327.710 331.604 347.609 354.975 360.840 364.835 367.534 368.943 370.622 373.455 374.115 375.818 378.032 379.061 381.158 382.758 383.757 391.215 400.567 406.206 420.484 423.413 442.144
Average reader duration: 358.061 nanoseconds
Minimum reader duration: 252.115
Median reader duration: 368.238
Maximum reader duration: 442.144
Run for rwsem with 8 CPUs
Points: 314.189 330.534 332.005 342.870 344.630 347.394 348.475 353.304 359.871 364.112 382.107 385.837 387.311 390.117 394.401 395.745 403.668 417.447 449.771 452.924 454.794 463.343 466.471 467.774 477.634 487.684 503.567 508.701 516.426 586.186
Average reader duration: 414.31 nanoseconds
Minimum reader duration: 314.189
Median reader duration: 392.259
Maximum reader duration: 586.186
Run for rcu with 10 CPUs
Points: 2.962 3.008 3.010 3.024 3.245 3.412 3.495 3.757 3.776 3.820 3.867 3.876 4.097 4.574 4.641 4.771 4.809 4.880 5.381 5.495 5.550 5.764 5.913 6.169 6.218 6.240 6.327 6.496 7.818 8.314
Average reader duration: 4.82363 nanoseconds
Minimum reader duration: 2.962
Median reader duration: 4.6075
Maximum reader duration: 8.314
Run for srcu with 10 CPUs
Points: 13.724 13.851 13.867 14.028 14.064 14.069 14.069 14.150 14.150 14.150 14.150 14.174 14.202 14.205 14.228 14.234 14.236 14.257 14.328 14.349 14.398 14.425 14.512 14.587 14.625 14.687 14.692 14.724 14.828 15.062
Average reader duration: 14.3008 nanoseconds
Minimum reader duration: 13.724
Median reader duration: 14.2165
Maximum reader duration: 15.062
Run for refcnt with 10 CPUs
Points: 185.345 189.009 190.243 193.735 200.374 202.734 211.007 211.664 212.612 214.769 214.785 216.822 216.929 217.730 222.599 227.161 230.005 231.204 234.885 235.041 250.470 254.692 255.857 261.985 266.470 269.289 272.546 273.238 287.375 307.028
Average reader duration: 231.92 nanoseconds
Minimum reader duration: 185.345
Median reader duration: 220.164
Maximum reader duration: 307.028
Run for rwlock with 10 CPUs
Points: 244.497 270.972 280.645 299.119 299.630 308.879 312.089 313.872 317.863 317.962 327.764 330.681 332.513 334.243 347.496 353.462 355.249 361.043 363.356 369.210 373.442 384.104 390.111 394.973 396.395 400.512 411.479 415.802 420.921 444.415
Average reader duration: 349.09 nanoseconds
Minimum reader duration: 244.497
Median reader duration: 340.87
Maximum reader duration: 444.415
Run for rwsem with 10 CPUs
Points: 634.505 667.185 675.906 735.333 748.458 755.988 756.499 776.009 793.372 799.329 809.698 824.707 841.632 850.955 877.938 886.434 906.762 916.899 924.061 924.678 935.440 945.820 947.630 949.284 965.772 973.587 990.126 1016.928 1052.850 1098.837
Average reader duration: 866.087 nanoseconds
Minimum reader duration: 634.505
Median reader duration: 864.447
Maximum reader duration: 1098.837
Run for rcu with 12 CPUs
Points: 3.048 3.060 3.060 3.071 3.100 3.121 3.167 3.177 3.257 3.259 3.546 3.655 3.674 3.752 3.754 4.107 4.395 4.404 4.472 4.527 4.685 5.014 5.227 5.422 6.983 6.992 7.101 7.189 7.192 8.335
Average reader duration: 4.52487 nanoseconds
Minimum reader duration: 3.048
Median reader duration: 3.753
Maximum reader duration: 8.335
Run for srcu with 12 CPUs
Points: 13.901 13.907 13.922 13.962 13.974 14.042 14.072 14.184 14.238 14.322 14.378 14.382 14.386 14.479 14.506 14.539 14.561 14.592 14.671 14.684 14.699 14.701 14.729 14.755 14.822 14.850 14.885 14.948 15.282 15.351
Average reader duration: 14.4908 nanoseconds
Minimum reader duration: 13.901
Median reader duration: 14.4925
Maximum reader duration: 15.351
Run for refcnt with 12 CPUs
Points: 248.442 249.234 250.800 264.481 266.069 268.291 270.528 270.542 270.836 272.704 276.921 276.922 284.557 285.736 288.142 289.239 291.324 292.335 293.421 294.814 297.248 307.134 311.741 311.993 313.633 316.055 320.396 322.124 323.210 385.388
Average reader duration: 290.475 nanoseconds
Minimum reader duration: 248.442
Median reader duration: 286.939
Maximum reader duration: 385.388
Run for rwlock with 12 CPUs
Points: 462.162 501.709 503.996 507.973 517.211 517.950 522.478 525.248 530.006 531.888 532.240 534.468 535.063 535.783 536.834 538.272 543.059 545.161 545.281 545.748 548.854 551.471 551.944 553.008 553.467 554.312 554.711 558.087 558.241 558.492
Average reader duration: 535.171 nanoseconds
Minimum reader duration: 462.162
Median reader duration: 536.308
Maximum reader duration: 558.492
Run for rwsem with 12 CPUs
Points: 801.849 994.116 1023.124 1065.898 1072.999 1073.848 1082.061 1087.634 1087.919 1093.194 1112.090 1119.953 1123.428 1133.892 1140.483 1143.763 1148.544 1154.867 1161.049 1173.124 1173.610 1190.204 1192.410 1201.108 1204.947 1219.731 1219.800 1235.524 1249.696 1275.426
Average reader duration: 1131.88 nanoseconds
Minimum reader duration: 801.849
Median reader duration: 1137.19
Maximum reader duration: 1275.426
Run for rcu with 14 CPUs
Points: 3.016 3.048 3.144 3.176 3.233 3.591 3.612 3.620 3.658 3.664 3.713 3.720 3.731 4.011 4.074 4.183 4.210 4.455 4.475 4.644 4.753 4.836 4.906 4.960 5.164 5.167 5.236 5.349 5.434 5.441
Average reader duration: 4.20747 nanoseconds
Minimum reader duration: 3.016
Median reader duration: 4.0425
Maximum reader duration: 5.441
Run for srcu with 14 CPUs
Points: 13.878 13.996 14.025 14.100 14.155 14.169 14.180 14.189 14.198 14.201 14.238 14.376 14.426 14.441 14.444 14.584 14.600 14.634 14.644 14.732 14.871 14.925 14.969 15.019 15.175 15.285 15.428 15.487 15.527 16.028
Average reader duration: 14.6308 nanoseconds
Minimum reader duration: 13.878
Median reader duration: 14.4425
Maximum reader duration: 16.028
Run for refcnt with 14 CPUs
Points: 355.969 369.369 375.414 376.658 380.533 381.149 391.228 400.923 410.293 410.847 414.165 414.533 415.966 416.680 417.401 421.410 425.081 426.684 427.809 431.072 431.682 433.000 435.784 438.454 441.205 441.631 443.839 444.639 461.246 497.444
Average reader duration: 417.737 nanoseconds
Minimum reader duration: 355.969
Median reader duration: 417.041
Maximum reader duration: 497.444
Run for rwlock with 14 CPUs
Points: 540.165 545.592 550.980 563.488 566.995 583.615 603.140 605.539 608.230 615.417 617.772 619.863 620.302 621.093 624.765 627.396 627.652 630.580 632.623 640.215 643.498 644.076 644.384 644.928 645.344 648.292 654.303 655.472 662.294 666.859
Average reader duration: 618.496 nanoseconds
Minimum reader duration: 540.165
Median reader duration: 622.929
Maximum reader duration: 666.859
Run for rwsem with 14 CPUs
Points: 851.634 1109.901 1122.446 1149.822 1195.287 1207.226 1211.150 1221.491 1246.884 1260.148 1277.507 1287.889 1288.805 1315.261 1315.614 1322.682 1382.329 1382.526 1387.805 1391.597 1397.418 1398.524 1404.865 1406.467 1418.135 1428.448 1432.745 1439.628 1477.210 1478.133
Average reader duration: 1306.99 nanoseconds
Minimum reader duration: 851.634
Median reader duration: 1315.44
Maximum reader duration: 1478.133
Run for rcu with 16 CPUs
Points: 3.174 3.327 3.463 3.641 3.731 3.761 3.782 3.809 4.006 4.016 4.052 4.063 4.086 4.114 4.182 4.194 4.266 4.271 4.306 4.364 4.383 4.536 5.062 5.200 5.401 5.502 5.599 5.687 5.809 6.328
Average reader duration: 4.40383 nanoseconds
Minimum reader duration: 3.174
Median reader duration: 4.148
Maximum reader duration: 6.328
Run for srcu with 16 CPUs
Points: 14.194 14.276 14.277 14.336 14.373 14.373 14.411 14.437 14.454 14.468 14.481 14.485 14.592 14.616 14.713 14.797 14.826 14.855 14.859 14.890 14.967 15.034 15.129 15.138 15.222 15.257 15.549 15.585 15.705 16.164
Average reader duration: 14.8154 nanoseconds
Minimum reader duration: 14.194
Median reader duration: 14.6645
Maximum reader duration: 16.164
Run for refcnt with 16 CPUs
Points: 603.636 610.431 638.634 646.823 646.838 656.508 659.770 662.978 665.496 680.012 681.578 684.485 685.668 693.395 697.168 702.656 704.976 705.403 708.172 708.724 711.206 716.213 725.725 726.387 732.447 737.820 741.628 749.281 753.115 768.779
Average reader duration: 693.532 nanoseconds
Minimum reader duration: 603.636
Median reader duration: 695.282
Maximum reader duration: 768.779
Run for rwlock with 16 CPUs
Points: 627.339 654.777 662.992 683.618 693.629 699.136 700.814 705.438 705.485 711.960 713.433 715.153 715.247 723.198 726.987 736.545 738.807 742.165 745.925 748.894 749.679 757.013 760.295 762.902 778.029 783.408 783.659 784.915 804.630 845.910
Average reader duration: 732.066 nanoseconds
Minimum reader duration: 627.339
Median reader duration: 725.092
Maximum reader duration: 845.910
Run for rwsem with 16 CPUs
Points: 1257.572 1345.882 1399.016 1399.205 1406.797 1413.313 1434.228 1466.925 1473.963 1475.322 1498.787 1498.985 1522.610 1526.115 1529.313 1539.456 1543.334 1552.747 1556.420 1559.888 1562.396 1570.552 1581.639 1588.591 1591.583 1601.804 1615.875 1616.582 1617.603 1629.980
Average reader duration: 1512.55 nanoseconds
Minimum reader duration: 1257.572
Median reader duration: 1527.71
Maximum reader duration: 1629.980
Run for rcu with 20 CPUs
Points: 3.014 3.018 3.028 3.095 3.099 3.182 3.187 3.199 3.201 3.382 3.384 3.603 3.671 3.789 4.029 4.158 4.223 4.343 4.671 4.678 4.686 4.732 4.789 5.101 5.445 5.723 6.333 6.420 6.722 7.200
Average reader duration: 4.3035 nanoseconds
Minimum reader duration: 3.014
Median reader duration: 3.909
Maximum reader duration: 7.200
Run for srcu with 20 CPUs
Points: 14.279 14.319 14.325 14.379 14.384 14.413 14.423 14.445 14.593 14.637 14.648 14.652 14.665 14.693 14.706 14.731 14.789 14.792 14.863 14.974 14.984 15.063 15.128 15.259 15.303 15.402 15.451 15.551 15.659 16.006
Average reader duration: 14.8505 nanoseconds
Minimum reader duration: 14.279
Median reader duration: 14.6995
Maximum reader duration: 16.006
Run for refcnt with 20 CPUs
Points: 603.695 617.883 620.123 621.483 631.017 631.049 631.112 631.915 633.739 635.389 637.036 638.330 643.996 645.848 649.934 661.718 661.967 669.905 671.885 672.700 674.309 676.631 682.413 682.572 684.090 684.492 684.757 686.599 686.676 794.961
Average reader duration: 658.274 nanoseconds
Minimum reader duration: 603.695
Median reader duration: 647.891
Maximum reader duration: 794.961
Run for rwlock with 20 CPUs
Points: 1019.804 1022.523 1032.502 1056.558 1063.187 1068.578 1071.999 1072.842 1075.710 1076.558 1076.813 1078.426 1080.054 1080.670 1082.206 1082.804 1084.173 1086.459 1094.506 1095.093 1095.512 1095.972 1097.933 1100.467 1113.635 1115.328 1124.505 1141.120 1145.632 1199.084
Average reader duration: 1087.69 nanoseconds
Minimum reader duration: 1019.804
Median reader duration: 1081.44
Maximum reader duration: 1199.084
Run for rwsem with 20 CPUs
Points: 1827.349 1850.427 1915.905 1920.951 1966.369 1970.380 1993.814 1996.383 2003.361 2003.897 2005.541 2009.526 2011.556 2012.350 2013.179 2013.563 2029.356 2041.848 2043.662 2044.135 2049.857 2051.314 2052.197 2052.868 2056.935 2076.566 2078.026 2080.841 2086.567 2102.089
Average reader duration: 2012.03 nanoseconds
Minimum reader duration: 1827.349
Median reader duration: 2012.76
Maximum reader duration: 2102.089
Run for rcu with 24 CPUs
Points: 3.079 3.107 3.183 3.241 3.343 3.431 3.468 3.472 3.480 3.599 3.611 3.629 3.633 3.649 3.769 3.811 3.820 3.869 3.872 3.933 4.112 4.230 4.243 4.518 4.737 5.277 5.493 5.519 6.032 6.503
Average reader duration: 4.05543 nanoseconds
Minimum reader duration: 3.079
Median reader duration: 3.709
Maximum reader duration: 6.503
Run for srcu with 24 CPUs
Points: 14.220 14.262 14.319 14.404 14.513 14.549 14.589 14.618 14.635 14.674 14.713 14.722 14.836 14.895 14.993 15.016 15.018 15.049 15.076 15.080 15.081 15.179 15.204 15.255 15.454 15.514 15.692 15.714 15.942 15.957
Average reader duration: 14.9724 nanoseconds
Minimum reader duration: 14.220
Median reader duration: 14.944
Maximum reader duration: 15.957
Run for refcnt with 24 CPUs
Points: 967.269 977.524 990.138 1002.955 1015.896 1023.465 1025.104 1026.583 1031.323 1036.725 1038.444 1038.889 1042.334 1043.621 1046.788 1052.591 1054.337 1054.724 1060.021 1065.277 1070.300 1071.839 1072.348 1074.052 1074.358 1075.716 1081.073 1090.087 1093.082 1104.114
Average reader duration: 1046.7 nanoseconds
Minimum reader duration: 967.269
Median reader duration: 1045.2
Maximum reader duration: 1104.114
Run for rwlock with 24 CPUs
Points: 1117.853 1169.418 1170.292 1176.830 1179.509 1180.533 1181.869 1186.427 1186.510 1190.137 1191.495 1192.490 1197.473 1198.267 1198.994 1200.694 1204.363 1207.160 1211.423 1212.381 1212.839 1213.597 1215.998 1217.655 1222.730 1223.195 1224.262 1228.567 1248.089 1253.618
Average reader duration: 1200.49 nanoseconds
Minimum reader duration: 1117.853
Median reader duration: 1198.63
Maximum reader duration: 1253.618
Run for rwsem with 24 CPUs
Points: 1694.421 1811.090 1814.046 1832.722 1838.955 1854.881 1859.156 1871.035 1873.855 1888.169 1893.132 1916.939 1972.868 1995.036 2009.978 2012.463 2051.070 2053.367 2079.189 2155.125 2165.235 2173.809 2194.607 2211.570 2238.639 2280.881 2303.672 2349.722 2350.860 2411.809
Average reader duration: 2038.61 nanoseconds
Minimum reader duration: 1694.421
Median reader duration: 2002.51
Maximum reader duration: 2411.809
Run for rcu with 28 CPUs
Points: 3.077 3.192 3.281 3.319 3.364 3.414 3.421 3.464 3.489 3.546 3.563 3.588 3.758 4.087 4.127 4.257 4.261 4.262 4.275 4.329 4.423 4.566 4.619 4.625 4.652 4.853 4.896 5.088 5.334 5.405
Average reader duration: 4.0845 nanoseconds
Minimum reader duration: 3.077
Median reader duration: 4.107
Maximum reader duration: 5.405
Run for srcu with 28 CPUs
Points: 14.483 14.483 14.603 14.615 14.619 14.627 14.638 14.642 14.692 14.740 14.753 14.771 14.853 14.941 14.993 15.026 15.059 15.097 15.099 15.119 15.131 15.232 15.290 15.384 15.437 15.723 15.807 15.875 16.722 17.504
Average reader duration: 15.1319 nanoseconds
Minimum reader duration: 14.483
Median reader duration: 14.967
Maximum reader duration: 17.504
Run for refcnt with 28 CPUs
Points: 1057.513 1077.195 1100.242 1108.041 1114.022 1115.253 1115.555 1115.771 1120.154 1120.155 1127.749 1137.218 1138.208 1143.990 1146.238 1146.454 1148.921 1149.063 1149.590 1150.569 1153.272 1153.644 1154.650 1155.554 1157.307 1162.400 1163.518 1169.331 1181.835 1195.139
Average reader duration: 1137.62 nanoseconds
Minimum reader duration: 1057.513
Median reader duration: 1145.11
Maximum reader duration: 1195.139
Run for rwlock with 28 CPUs
Points: 1242.870 1266.044 1279.782 1281.698 1293.612 1297.424 1298.699 1301.086 1308.754 1312.450 1317.025 1326.709 1334.714 1340.848 1345.511 1352.592 1354.717 1358.218 1364.558 1365.283 1368.336 1369.535 1374.270 1383.243 1384.609 1385.549 1409.409 1417.741 1433.407 1462.329
Average reader duration: 1344.37 nanoseconds
Minimum reader duration: 1242.870
Median reader duration: 1343.18
Maximum reader duration: 1462.329
Run for rwsem with 28 CPUs
Points: 2023.497 2421.606 2442.488 2450.711 2454.774 2456.755 2484.832 2498.000 2504.284 2506.607 2533.935 2539.510 2542.927 2545.485 2552.531 2557.434 2586.870 2593.612 2620.132 2625.788 2627.665 2681.426 2683.677 2684.495 2710.153 2803.365 2826.867 2868.670 3005.387 3010.980
Average reader duration: 2594.82 nanoseconds
Minimum reader duration: 2023.497
Median reader duration: 2549.01
Maximum reader duration: 3010.980
Run for rcu with 32 CPUs
Points: 3.322 3.333 3.356 3.405 3.466 3.504 3.511 3.516 3.516 3.519 3.570 3.570 3.589 3.633 3.678 3.680 3.756 3.862 3.912 3.942 3.943 4.020 4.124 4.165 4.232 4.262 4.311 4.400 4.475 5.525
Average reader duration: 3.83657 nanoseconds
Minimum reader duration: 3.322
Median reader duration: 3.6555
Maximum reader duration: 5.525
Run for srcu with 32 CPUs
Points: 14.454 14.561 14.595 14.603 14.612 14.633 14.653 14.736 14.776 14.819 14.842 14.848 14.858 14.956 15.024 15.086 15.116 15.147 15.469 15.471 15.498 15.531 15.544 15.575 15.648 15.715 15.726 15.728 15.865 16.114
Average reader duration: 15.1401 nanoseconds
Minimum reader duration: 14.454
Median reader duration: 14.99
Maximum reader duration: 16.114
Run for refcnt with 32 CPUs
Points: 914.915 1000.345 1042.632 1117.719 1119.304 1126.265 1131.857 1134.399 1135.086 1138.609 1142.890 1144.262 1145.188 1146.267 1149.816 1150.943 1152.433 1152.627 1153.798 1156.767 1157.735 1159.391 1160.319 1161.207 1161.660 1168.664 1172.609 1175.195 1187.773 1188.986
Average reader duration: 1134.99 nanoseconds
Minimum reader duration: 914.915
Median reader duration: 1148.04
Maximum reader duration: 1188.986
Run for rwlock with 32 CPUs
Points: 1317.053 1318.355 1318.634 1320.700 1323.169 1325.271 1330.011 1333.436 1333.990 1336.258 1337.289 1338.914 1339.864 1341.537 1341.971 1342.837 1350.536 1353.376 1357.705 1359.232 1359.888 1365.421 1367.591 1377.994 1382.337 1400.036 1403.517 1404.835 1407.317 1439.872
Average reader duration: 1354.3 nanoseconds
Minimum reader duration: 1317.053
Median reader duration: 1341.75
Maximum reader duration: 1439.872
Run for rwsem with 32 CPUs
Points: 2265.947 2276.023 2295.491 2303.200 2318.275 2320.834 2324.223 2326.335 2332.789 2335.913 2348.146 2354.338 2373.320 2394.005 2419.134 2421.840 2452.905 2466.488 2473.969 2485.527 2521.245 2545.030 2556.181 2584.295 2617.972 2635.490 2645.075 2651.392 2714.682 2862.475
Average reader duration: 2454.08 nanoseconds
Minimum reader duration: 2265.947
Median reader duration: 2406.57
Maximum reader duration: 2862.475
Run for rcu with 40 CPUs
Points: 3.282 3.330 3.362 3.415 3.433 3.443 3.450 3.504 3.541 3.558 3.567 3.602 3.668 3.690 3.731 3.732 3.816 3.825 3.994 4.077 4.112 4.113 4.195 4.204 4.218 4.327 4.376 4.383 4.476 5.149
Average reader duration: 3.85243 nanoseconds
Minimum reader duration: 3.282
Median reader duration: 3.7105
Maximum reader duration: 5.149
Run for srcu with 40 CPUs
Points: 14.730 14.863 15.041 15.052 15.084 15.137 15.171 15.203 15.205 15.332 15.400 15.583 15.607 15.653 15.811 15.903 16.041 16.165 16.204 16.209 16.338 16.546 16.586 16.753 16.999 17.221 17.358 17.371 17.396 17.440
Average reader duration: 15.9801 nanoseconds
Minimum reader duration: 14.730
Median reader duration: 15.732
Maximum reader duration: 17.440
Run for refcnt with 40 CPUs
Points: 1301.088 1328.740 1344.166 1352.528 1372.067 1372.287 1374.038 1380.929 1381.731 1382.784 1385.254 1390.118 1393.902 1394.221 1406.276 1409.245 1423.264 1427.958 1448.189 1448.655 1458.024 1468.629 1475.563 1483.100 1511.028 1606.876 1667.131 1705.206 1740.585 1855.714
Average reader duration: 1456.31 nanoseconds
Minimum reader duration: 1301.088
Median reader duration: 1400.25
Maximum reader duration: 1855.714
Run for rwlock with 40 CPUs
Points: 1763.586 1882.237 1970.653 2010.338 2023.105 2024.185 2044.086 2050.727 2051.736 2065.545 2070.124 2078.829 2090.957 2093.042 2093.915 2094.692 2096.432 2097.627 2099.990 2112.342 2113.106 2113.912 2119.336 2124.312 2126.359 2128.036 2146.559 2158.870 2161.661 2169.314
Average reader duration: 2072.52 nanoseconds
Minimum reader duration: 1763.586
Median reader duration: 2093.48
Maximum reader duration: 2169.314
Run for rwsem with 40 CPUs
Points: 2852.059 2892.731 2893.325 2903.562 2920.759 2923.146 2932.648 2964.759 2974.373 2976.191 2981.983 2990.210 3015.594 3059.513 3165.953 3180.823 3186.244 3186.810 3192.201 3200.867 3201.648 3204.806 3209.588 3219.351 3226.830 3228.720 3248.648 3260.982 3265.358 3359.922
Average reader duration: 3093.99 nanoseconds
Minimum reader duration: 2852.059
Median reader duration: 3112.73
Maximum reader duration: 3359.922
Run for rcu with 48 CPUs
Points: 3.610 3.615 3.668 3.689 3.826 3.842 3.846 3.853 3.879 3.882 3.902 4.007 4.039 4.044 4.047 4.066 4.090 4.139 4.143 4.218 4.287 4.375 4.432 4.494 4.559 4.637 4.776 4.885 4.967 6.145
Average reader duration: 4.19873 nanoseconds
Minimum reader duration: 3.610
Median reader duration: 4.0455
Maximum reader duration: 6.145
Run for srcu with 48 CPUs
Points: 14.510 14.583 14.709 14.712 14.769 14.797 14.872 14.885 14.888 15.073 15.073 15.089 15.140 15.190 15.236 15.264 15.290 15.309 15.323 15.326 15.328 15.412 15.455 15.637 16.044 16.085 16.204 16.211 16.213 16.573
Average reader duration: 15.3067 nanoseconds
Minimum reader duration: 14.510
Median reader duration: 15.213
Maximum reader duration: 16.573
Run for refcnt with 48 CPUs
Points: 1087.620 1093.662 1113.922 1124.053 1124.410 1129.694 1148.376 1149.857 1155.059 1179.543 1179.904 1182.097 1187.471 1191.569 1193.018 1198.008 1198.591 1199.206 1199.261 1204.169 1214.118 1218.172 1234.306 1237.196 1237.434 1241.800 1247.335 1264.657 1278.160 1279.826
Average reader duration: 1189.75 nanoseconds
Minimum reader duration: 1087.620
Median reader duration: 1192.29
Maximum reader duration: 1279.826
Run for rwlock with 48 CPUs
Points: 1610.037 1639.196 1641.478 1645.179 1650.053 1650.219 1658.669 1664.087 1667.593 1667.942 1669.468 1676.608 1677.063 1678.327 1678.521 1682.608 1683.622 1686.239 1689.610 1695.383 1697.435 1698.528 1699.999 1711.705 1712.031 1717.498 1720.470 1725.164 1733.871 1738.822
Average reader duration: 1682.25 nanoseconds
Minimum reader duration: 1610.037
Median reader duration: 1678.42
Maximum reader duration: 1738.822
Run for rwsem with 48 CPUs
Points: 3152.158 3242.377 3421.157 3521.810 3548.290 3577.954 3686.842 3759.802 3930.475 3987.552 4005.527 4047.549 4113.026 4165.328 4181.858 4182.021 4186.818 4235.090 4241.314 4246.642 4259.138 4278.373 4307.250 4335.826 4394.350 4407.817 4413.661 4436.977 4551.430 4612.994
Average reader duration: 4047.71 nanoseconds
Minimum reader duration: 3152.158
Median reader duration: 4173.59
Maximum reader duration: 4612.994
Run for rcu with 56 CPUs
Points: 3.197 3.226 3.263 3.333 3.335 3.338 3.395 3.447 3.500 3.549 3.620 3.626 3.638 3.653 3.660 3.753 3.786 3.809 3.843 3.852 3.859 3.929 3.960 4.045 4.102 4.143 4.217 4.394 4.638 4.797
Average reader duration: 3.76357 nanoseconds
Minimum reader duration: 3.197
Median reader duration: 3.6565
Maximum reader duration: 4.797
Run for srcu with 56 CPUs
Points: 15.236 15.249 15.253 15.427 15.438 15.485 15.585 15.644 15.701 15.751 15.751 15.755 15.763 15.808 15.847 15.864 16.008 16.014 16.028 16.141 16.146 16.152 16.204 16.357 16.368 16.441 16.483 16.557 16.764 16.899
Average reader duration: 15.9373 nanoseconds
Minimum reader duration: 15.236
Median reader duration: 15.8275
Maximum reader duration: 16.899
Run for refcnt with 56 CPUs
Points: 1760.721 1761.560 1868.641 1875.820 1878.663 1904.750 1904.893 1912.098 1914.316 1920.144 1925.398 1934.648 1947.660 1951.296 1951.322 1980.357 1986.063 1986.750 1987.815 1991.812 1994.092 2032.581 2033.130 2086.955 2091.642 2233.012 2242.769 2243.526 2281.652 2322.913
Average reader duration: 1996.9 nanoseconds
Minimum reader duration: 1760.721
Median reader duration: 1951.31
Maximum reader duration: 2322.913
Run for rwlock with 56 CPUs
Points: 2822.491 2906.990 2928.895 2948.750 2972.600 2996.587 3015.592 3028.438 3028.713 3051.421 3121.974 3125.793 3152.533 3157.650 3177.563 3189.593 3194.175 3199.937 3228.442 3234.445 3237.965 3238.766 3246.631 3256.069 3258.854 3263.561 3295.791 3315.638 3336.440 3344.088
Average reader duration: 3142.55 nanoseconds
Minimum reader duration: 2822.491
Median reader duration: 3167.61
Maximum reader duration: 3344.088
Run for rwsem with 56 CPUs
Points: 5491.792 5544.059 5622.337 5656.803 5722.576 5779.741 5796.617 5854.337 5864.096 5872.652 5901.733 5934.707 5939.922 5964.568 5984.466 6067.375 6079.937 6097.162 6301.691 6319.687 6356.653 6372.368 6395.674 6396.636 6502.004 6565.011 6742.619 6746.565 6859.004 6957.776
Average reader duration: 6123.02 nanoseconds
Minimum reader duration: 5491.792
Median reader duration: 5974.52
Maximum reader duration: 6957.776
Run for rcu with 64 CPUs
Points: 3.175 3.232 3.283 3.302 3.368 3.387 3.458 3.468 3.483 3.524 3.547 3.590 3.636 3.656 3.677 3.681 3.808 3.837 3.840 3.908 3.930 3.955 3.969 3.993 3.994 4.010 4.109 4.243 4.422 4.424
Average reader duration: 3.7303 nanoseconds
Minimum reader duration: 3.175
Median reader duration: 3.6665
Maximum reader duration: 4.424
Run for srcu with 64 CPUs
Points: 15.840 16.720 16.747 16.911 16.959 16.967 17.104 17.206 17.230 17.245 17.253 17.262 17.299 17.302 17.346 17.389 17.414 17.444 17.454 17.460 17.498 17.587 17.613 17.661 17.784 17.791 17.810 17.861 17.981 19.419
Average reader duration: 17.3852 nanoseconds
Minimum reader duration: 15.840
Median reader duration: 17.324
Maximum reader duration: 19.419
Run for refcnt with 64 CPUs
Points: 1792.702 1821.884 1839.248 1902.374 1903.893 1904.724 1920.043 1923.314 1936.842 1938.881 1941.196 1946.945 1952.057 1955.804 1957.920 1958.538 1968.204 1986.322 1989.293 1991.948 1994.448 2005.536 2014.604 2018.592 2021.349 2021.823 2035.515 2037.314 2108.683 2177.467
Average reader duration: 1965.58 nanoseconds
Minimum reader duration: 1792.702
Median reader duration: 1956.86
Maximum reader duration: 2177.467
Run for rwlock with 64 CPUs
Points: 2103.120 2112.346 2139.923 2152.957 2163.676 2190.195 2191.092 2191.137 2211.147 2233.805 2250.920 2253.404 2270.607 2274.863 2288.364 2291.528 2305.033 2305.835 2314.481 2334.161 2336.144 2336.825 2338.515 2352.591 2367.054 2384.254 2396.629 2475.194 2544.436 2547.989
Average reader duration: 2288.61 nanoseconds
Minimum reader duration: 2103.120
Median reader duration: 2281.61
Maximum reader duration: 2547.989
Run for rwsem with 64 CPUs
Points: 4448.511 4524.938 4530.060 4571.919 4603.495 4607.178 4617.272 4621.147 4645.091 4645.735 4657.479 4671.971 4678.535 4692.286 4701.305 4701.342 4705.536 4718.571 4725.425 4729.968 4731.307 4731.348 4736.556 4737.042 4758.773 4773.884 4777.166 4830.571 4909.097 4918.141
Average reader duration: 4690.05 nanoseconds
Minimum reader duration: 4448.511
Median reader duration: 4696.8
Maximum reader duration: 4918.141
Run for rcu with 80 CPUs
Points: 3.513 3.565 3.649 3.673 3.684 3.707 3.708 3.712 3.723 3.725 3.730 3.745 3.803 3.814 3.820 3.842 3.857 3.862 3.867 3.871 3.952 3.988 4.017 4.038 4.057 4.153 4.196 4.312 4.330 4.794
Average reader duration: 3.89023 nanoseconds
Minimum reader duration: 3.513
Median reader duration: 3.817
Maximum reader duration: 4.794
Run for srcu with 80 CPUs
Points: 15.506 15.690 15.721 15.723 15.805 15.844 15.847 15.852 15.856 15.875 15.921 15.942 16.032 16.032 16.068 16.071 16.094 16.141 16.142 16.178 16.184 16.254 16.305 16.378 16.470 16.890 16.892 16.942 17.019 17.393
Average reader duration: 16.1689 nanoseconds
Minimum reader duration: 15.506
Median reader duration: 16.05
Maximum reader duration: 17.393
Run for refcnt with 80 CPUs
Points: 2197.418 2206.936 2207.468 2274.594 2295.388 2305.892 2310.095 2316.265 2320.538 2373.462 2381.959 2385.846 2386.725 2387.801 2394.550 2394.779 2402.942 2405.680 2407.270 2407.788 2420.492 2451.485 2452.343 2454.672 2468.246 2489.173 2490.405 2526.610 2586.303 2620.094
Average reader duration: 2390.77 nanoseconds
Minimum reader duration: 2197.418
Median reader duration: 2391.18
Maximum reader duration: 2620.094
Run for rwlock with 80 CPUs
Points: 3136.946 3200.801 3247.483 3309.969 3411.613 3488.389 3512.956 4432.306 4436.227 4479.205 4514.929 4517.130 4533.662 4566.572 4569.279 4571.142 4585.510 4606.123 4607.096 4631.422 4633.077 4663.276 4700.174 4721.413 4729.017 4739.090 4814.599 4917.332 4921.076 5036.478
Average reader duration: 4341.14 nanoseconds
Minimum reader duration: 3136.946
Median reader duration: 4567.93
Maximum reader duration: 5036.478
Run for rwsem with 80 CPUs
Points: 4957.378 8932.835 9055.581 9117.440 9123.331 9192.330 9212.789 9216.945 9265.382 9429.032 9608.760 9611.516 9643.182 9661.339 9689.461 9716.841 9869.279 9895.586 9957.353 10044.740 10099.694 10104.741 10255.834 10315.805 10326.458 10536.852 10694.663 10721.409 10816.416 11645.387
Average reader duration: 9690.61 nanoseconds
Minimum reader duration: 4957.378
Median reader duration: 9675.4
Maximum reader duration: 11645.387
Run for rcu with 96 CPUs
Points: 3.300 3.329 3.336 3.389 3.389 3.460 3.525 3.544 3.580 3.609 3.623 3.631 3.640 3.713 3.713 3.734 3.734 3.779 3.792 3.842 3.844 3.853 3.890 4.013 4.033 4.098 4.122 4.189 4.197 4.222
Average reader duration: 3.73743 nanoseconds
Minimum reader duration: 3.300
Median reader duration: 3.713
Maximum reader duration: 4.222
Run for srcu with 96 CPUs
Points: 15.347 15.482 15.582 15.604 15.608 15.621 15.655 15.689 15.695 15.784 15.820 15.834 15.851 15.954 15.978 15.995 16.058 16.103 16.132 16.154 16.168 16.176 16.204 16.300 16.318 16.458 16.491 16.682 16.723 16.941
Average reader duration: 16.0136 nanoseconds
Minimum reader duration: 15.347
Median reader duration: 15.966
Maximum reader duration: 16.941
Run for refcnt with 96 CPUs
Points: 2484.436 2731.564 3436.675 3463.130 3473.435 3487.547 3513.142 3553.115 3583.276 3627.291 3629.697 3631.535 3637.656 3637.676 3640.567 3644.116 3653.744 3661.828 3669.646 3672.069 3680.687 3686.441 3702.456 3712.218 3717.412 3719.674 3748.225 3767.375 3815.730 3904.320
Average reader duration: 3576.22 nanoseconds
Minimum reader duration: 2484.436
Median reader duration: 3639.12
Maximum reader duration: 3904.320
Run for rwlock with 96 CPUs
Points: 3260.578 3382.115 3385.619 3395.976 4610.951 4927.053 5033.753 5048.373 5064.799 5083.559 5091.858 5108.459 5123.043 5162.668 5168.454 5168.668 5171.831 5215.229 5225.537 5228.690 5235.041 5236.840 5243.877 5246.218 5261.005 5304.632 5333.749 5355.692 5358.547 5381.859
Average reader duration: 4927.16 nanoseconds
Minimum reader duration: 3260.578
Median reader duration: 5165.56
Maximum reader duration: 5381.859
Run for rwsem with 96 CPUs
Points: 6754.058 7042.047 7044.957 7050.844 7076.840 7241.910 7303.965 7342.725 7430.657 7434.278 7450.946 7467.774 7474.359 7480.261 7485.749 7506.319 7536.636 7558.051 7579.987 7603.830 7629.162 7649.081 7659.898 7689.626 7709.228 7713.541 7728.811 7739.429 7747.965 7853.506
Average reader duration: 7466.21 nanoseconds
Minimum reader duration: 6754.058
Median reader duration: 7483.01
Maximum reader duration: 7853.506
Run for rcu with 112 CPUs
Points: 3.276 3.313 3.341 3.349 3.352 3.365 3.367 3.371 3.384 3.420 3.430 3.445 3.470 3.470 3.482 3.496 3.513 3.515 3.515 3.537 3.539 3.545 3.550 3.599 3.599 3.651 3.651 3.706 3.789 3.934
Average reader duration: 3.49913 nanoseconds
Minimum reader duration: 3.276
Median reader duration: 3.476
Maximum reader duration: 3.934
Run for srcu with 112 CPUs
Points: 17.400 17.435 17.580 17.582 17.599 17.611 17.667 17.688 17.772 17.795 17.797 17.798 17.799 17.854 17.871 17.884 17.888 17.891 17.907 17.910 17.961 17.968 18.000 18.069 18.129 18.141 18.252 18.339 18.364 18.447
Average reader duration: 17.8799 nanoseconds
Minimum reader duration: 17.400
Median reader duration: 17.8625
Maximum reader duration: 18.447
Run for refcnt with 112 CPUs
Points: 3564.850 3584.454 3584.548 3630.474 3652.589 3679.955 3680.331 3704.088 3706.084 3720.531 3730.090 3737.238 3747.829 3749.581 3804.093 3807.245 3811.530 3811.972 3843.372 3861.916 3909.029 3909.767 3918.126 3997.554 4137.886 4156.715 4183.188 4202.604 4216.775 4246.843
Average reader duration: 3843.04 nanoseconds
Minimum reader duration: 3564.850
Median reader duration: 3776.84
Maximum reader duration: 4246.843
Run for rwlock with 112 CPUs
Points: 3904.426 4036.812 4066.826 4125.872 4128.746 4129.058 4133.837 4147.127 4185.688 4259.926 4405.694 5328.323 5343.253 5345.726 5402.521 5427.139 5470.697 5502.259 5512.843 5554.337 5597.328 5635.264 5638.109 5688.884 5721.296 5723.138 5827.158 5893.637 5908.215 5916.153
Average reader duration: 5065.34 nanoseconds
Minimum reader duration: 3904.426
Median reader duration: 5374.12
Maximum reader duration: 5916.153
Run for rwsem with 112 CPUs
Points: 8618.055 9105.542 9406.150 9547.366 9792.810 9990.350 10087.667 10127.310 10189.194 10236.177 10735.086 11063.132 11166.129 11547.409 11670.895 11685.563 11759.351 11856.508 11914.136 11953.933 12062.900 12118.867 12196.570 12214.842 12240.536 12263.482 12512.101 12558.209 12634.126 12934.544
Average reader duration: 11206.3 nanoseconds
Minimum reader duration: 8618.055
Median reader duration: 11609.2
Maximum reader duration: 12934.544
Run for rcu with 128 CPUs
Points: 3.369 3.370 3.435 3.507 3.580 3.593 3.597 3.606 3.621 3.622 3.644 3.660 3.677 3.679 3.684 3.691 3.706 3.715 3.739 3.781 3.823 3.831 3.833 3.835 3.850 3.902 3.965 4.006 4.067 4.134
Average reader duration: 3.7174 nanoseconds
Minimum reader duration: 3.369
Median reader duration: 3.6815
Maximum reader duration: 4.134
Run for srcu with 128 CPUs
Points: 16.088 16.101 16.196 16.341 16.353 16.358 16.392 16.433 16.488 16.495 16.549 16.563 16.589 16.605 16.682 16.741 16.790 16.902 16.921 16.922 17.108 17.143 17.193 17.319 17.479 17.533 17.687 17.750 17.914 17.965
Average reader duration: 16.8533 nanoseconds
Minimum reader duration: 16.088
Median reader duration: 16.6435
Maximum reader duration: 17.965
Run for refcnt with 128 CPUs
Points: 4691.486 4728.008 4837.788 4879.794 5033.738 5124.281 5133.259 5174.777 5177.792 5194.312 5206.810 5210.707 5218.051 5256.807 5258.557 5263.610 5338.645 5369.239 5407.719 5413.754 5428.631 5470.579 5473.692 5488.210 5492.795 5499.180 5515.938 5526.191 5599.403 5731.016
Average reader duration: 5271.49 nanoseconds
Minimum reader duration: 4691.486
Median reader duration: 5257.68
Maximum reader duration: 5731.016
Run for rwlock with 128 CPUs
Points: 5074.549 5118.408 5133.508 5140.410 5186.586 5202.554 5215.898 5250.487 5251.580 5254.971 5261.701 5261.711 5264.794 5269.427 5292.284 5314.045 5322.240 5327.335 5338.541 5381.588 5413.824 5426.358 5435.233 5482.676 5527.606 5547.905 5560.404 5574.906 5589.257 5784.859
Average reader duration: 5340.19 nanoseconds
Minimum reader duration: 5074.549
Median reader duration: 5280.86
Maximum reader duration: 5784.859
Run for rwsem with 128 CPUs
Points: 9066.678 9389.704 9416.496 9422.928 9541.962 9586.458 10335.660 10626.851 10638.038 10648.131 10684.593 10809.666 10910.836 10957.367 11003.312 11043.833 11236.562 11308.638 11311.787 11345.929 11392.354 11439.585 11495.904 11551.535 11723.459 11816.784 11832.819 11837.261 11844.834 11919.169
Average reader duration: 10871.3 nanoseconds
Minimum reader duration: 9066.678
Median reader duration: 10980.3
Maximum reader duration: 11919.169
Run for rcu with 160 CPUs
Points: 3.510 3.516 3.541 3.545 3.548 3.579 3.582 3.596 3.606 3.616 3.651 3.654 3.655 3.665 3.670 3.678 3.688 3.692 3.744 3.801 3.840 3.845 3.886 3.977 3.994 4.002 4.010 4.020 4.101 4.195
Average reader duration: 3.7469 nanoseconds
Minimum reader duration: 3.510
Median reader duration: 3.6675
Maximum reader duration: 4.195
Run for srcu with 160 CPUs
Points: 16.952 16.957 16.969 16.987 17.047 17.147 17.245 17.277 17.327 17.350 17.426 17.495 17.575 17.629 17.641 17.738 17.763 17.834 17.852 17.910 17.942 17.984 18.050 18.125 18.164 18.174 18.207 18.298 18.420 18.449
Average reader duration: 17.6645 nanoseconds
Minimum reader duration: 16.952
Median reader duration: 17.635
Maximum reader duration: 18.449
Run for refcnt with 160 CPUs
Points: 4830.479 4983.848 5029.490 5136.339 5413.110 5757.732 5808.429 5817.453 5823.001 5853.280 5875.607 5877.244 5885.000 5890.159 5904.742 5920.002 5938.800 5946.652 5954.199 5976.908 5979.285 6002.365 6050.136 6058.112 6065.695 6066.583 6132.402 6162.885 6186.905 6247.077
Average reader duration: 5819.13 nanoseconds
Minimum reader duration: 4830.479
Median reader duration: 5897.45
Maximum reader duration: 6247.077
Run for rwlock with 160 CPUs
Points: 6089.560 6144.317 6176.173 6188.126 6288.426 6323.791 6379.589 6382.592 6420.068 6424.804 6461.817 6484.448 6511.433 6519.147 6523.615 6527.189 6527.861 6543.304 6546.886 6560.884 6567.700 6569.369 6571.516 6580.711 6609.524 6616.649 6654.898 6665.679 6671.444 6675.251
Average reader duration: 6473.56 nanoseconds
Minimum reader duration: 6089.560
Median reader duration: 6521.38
Maximum reader duration: 6675.251
Run for rwsem with 160 CPUs
Points: 13181.531 13343.155 13520.612 13558.480 13580.756 13789.762 13908.340 13974.287 14074.703 14103.900 14216.664 14226.381 14234.633 14267.943 14271.378 14299.808 14307.076 14317.482 14362.386 14385.489 14426.813 14441.496 14455.248 14471.115 14530.064 14591.060 14633.902 14656.103 14674.212 14739.560
Average reader duration: 14184.8 nanoseconds
Minimum reader duration: 13181.531
Median reader duration: 14269.7
Maximum reader duration: 14739.560
Run for rcu with 192 CPUs
Points: 3.556 3.635 3.676 3.677 3.714 3.719 3.739 3.740 3.744 3.799 3.801 3.806 3.807 3.807 3.815 3.822 3.826 3.836 3.840 3.847 3.856 3.896 3.911 3.912 3.932 3.953 3.968 3.982 4.011 4.167
Average reader duration: 3.82647 nanoseconds
Minimum reader duration: 3.556
Median reader duration: 3.811
Maximum reader duration: 4.167
Run for srcu with 192 CPUs
Points: 16.135 16.416 16.460 16.541 16.661 16.720 16.782 16.796 16.810 16.817 16.852 16.867 16.922 17.005 17.039 17.053 17.095 17.124 17.176 17.208 17.212 17.220 17.264 17.274 17.286 17.395 17.456 17.595 17.808 17.860
Average reader duration: 17.0283 nanoseconds
Minimum reader duration: 16.135
Median reader duration: 17.022
Maximum reader duration: 17.860
Run for refcnt with 192 CPUs
Points: 5721.124 5977.433 6005.036 6181.911 6363.495 6375.725 6463.275 6464.851 6476.299 6493.166 6498.260 6537.538 6591.638 6597.734 6612.579 6622.441 6628.612 6640.579 6663.292 6681.447 6700.481 6749.476 6768.765 6770.646 6773.215 6830.385 6857.934 6870.126 6902.365 7831.050
Average reader duration: 6588.36 nanoseconds
Minimum reader duration: 5721.124
Median reader duration: 6605.16
Maximum reader duration: 7831.050
Run for rwlock with 192 CPUs
Points: 6226.728 6629.966 6854.768 6867.207 7035.403 7041.315 7114.646 7139.007 7147.347 7165.202 7166.614 7207.935 7250.650 7280.504 7344.516 7380.191 7422.916 7448.151 7478.334 7536.203 7549.464 7565.389 7569.997 7580.506 7585.286 7605.136 7617.383 7637.004 7646.597 7684.683
Average reader duration: 7292.63 nanoseconds
Minimum reader duration: 6226.728
Median reader duration: 7312.51
Maximum reader duration: 7684.683
Run for rwsem with 192 CPUs
Points: 16155.761 16838.072 16839.349 17562.914 17613.781 17731.122 17736.611 17746.295 17757.987 17861.120 17863.708 17870.332 17909.246 17923.001 17935.926 17940.448 17942.799 17944.278 17946.902 17948.148 18015.438 18087.626 18119.656 18146.525 18211.638 18224.424 18227.816 18273.276 18283.699 18469.867
Average reader duration: 17837.6 nanoseconds
Minimum reader duration: 16155.761
Median reader duration: 17929.5
Maximum reader duration: 18469.867
