Run for rcu with 1 CPUs
Points: 0.267 0.267 0.267 0.267 0.267 0.267 0.267 0.267 0.267 0.267 0.267 0.267 0.267 0.267 0.267 0.267 0.267 0.268 0.268 0.268 0.268 0.268 0.268 0.282 0.282 0.282 0.282 0.282 0.282 0.283
Average reader duration: 0.270733 nanoseconds
Minimum reader duration: 0.267
Median reader duration: 0.267
Maximum reader duration: 0.283
Run for srcu with 1 CPUs
Points: 13.425 13.425 13.425 13.425 13.425 13.425 13.718 14.171 14.171 14.171 14.171 14.171 14.171 14.171 14.171 14.171 14.171 14.171 14.171 14.174 14.407 14.452 14.576 14.576 15.005 15.102 15.139 15.257 16.299 16.457
Average reader duration: 14.3255 nanoseconds
Minimum reader duration: 13.425
Median reader duration: 14.171
Maximum reader duration: 16.457
Run for refcnt with 1 CPUs
Points: 9.477 9.477 9.477 9.477 9.477 9.477 9.477 9.477 9.477 9.477 9.477 9.477 9.477 9.477 9.477 9.477 9.477 9.477 9.477 9.477 9.477 9.477 9.477 9.478 10.003 10.004 10.237 10.274 10.281 11.366
Average reader duration: 9.6538 nanoseconds
Minimum reader duration: 9.477
Median reader duration: 9.477
Maximum reader duration: 11.366
Run for rwlock with 1 CPUs
Points: 10.684 10.801 11.314 11.319 11.320 11.320 11.320 11.320 11.320 11.320 11.320 11.320 11.320 11.320 11.320 11.320 11.320 11.320 11.320 11.320 11.320 11.871 11.949 11.949 11.950 12.509 12.696 12.855 12.934 13.311
Average reader duration: 11.6194 nanoseconds
Minimum reader duration: 10.684
Median reader duration: 11.32
Maximum reader duration: 13.311
Run for rwsem with 1 CPUs
Points: 14.290 14.290 14.290 14.290 14.290 14.290 14.290 14.290 15.273 16.134 17.369 17.863 17.863 17.863 17.863 17.863 17.863 17.863 17.863 17.863 17.863 17.863 17.863 18.012 18.224 18.589 18.787 18.982 19.172 19.406
Average reader duration: 16.9541 nanoseconds
Minimum reader duration: 14.290
Median reader duration: 17.863
Maximum reader duration: 19.406
Run for rcu with 2 CPUs
Points: 0.266 0.267 0.267 0.267 0.267 0.267 0.267 0.268 0.268 0.268 0.268 0.268 0.275 0.279 0.279 0.281 0.281 0.281 0.282 0.282 0.282 0.282 0.282 0.282 0.282 0.285 0.286 0.290 0.290 0.309
Average reader duration: 0.277267 nanoseconds
Minimum reader duration: 0.266
Median reader duration: 0.279
Maximum reader duration: 0.309
Run for srcu with 2 CPUs
Points: 13.425 13.425 13.425 13.425 13.425 13.425 13.547 13.573 13.732 14.353 14.373 14.373 14.373 14.374 14.374 14.374 14.501 14.556 14.729 14.756 14.757 14.763 14.790 14.850 15.086 15.516 15.516 15.683 16.648 18.058
Average reader duration: 14.5402 nanoseconds
Minimum reader duration: 13.425
Median reader duration: 14.374
Maximum reader duration: 18.058
Run for refcnt with 2 CPUs
Points: 9.477 9.477 9.477 9.477 9.477 9.477 9.477 9.477 9.477 9.477 9.477 9.477 9.740 9.740 9.740 9.740 9.740 9.740 9.740 9.740 9.741 9.838 9.859 9.883 10.026 10.034 10.101 10.195 10.251 10.270
Average reader duration: 9.72807 nanoseconds
Minimum reader duration: 9.477
Median reader duration: 9.74
Maximum reader duration: 10.270
Run for rwlock with 2 CPUs
Points: 10.843 11.049 11.148 11.301 11.319 11.320 11.634 11.634 11.634 11.634 11.634 11.634 11.634 11.634 11.634 11.634 11.634 11.634 11.634 11.642 11.805 11.817 11.948 11.948 11.948 12.061 12.228 12.252 12.277 12.467
Average reader duration: 11.6872 nanoseconds
Minimum reader duration: 10.843
Median reader duration: 11.634
Maximum reader duration: 12.467
Run for rwsem with 2 CPUs
Points: 13.151 13.151 13.151 13.162 13.162 13.162 13.274 13.488 13.516 13.517 13.517 13.519 13.579 13.642 13.676 13.726 13.726 13.726 13.726 13.881 13.883 14.082 14.201 14.290 14.360 14.648 15.048 15.231 16.096 17.845
Average reader duration: 13.9712 nanoseconds
Minimum reader duration: 13.151
Median reader duration: 13.659
Maximum reader duration: 17.845
Run for rcu with 3 CPUs
Points: 0.267 0.267 0.277 0.278 0.278 0.278 0.280 0.280 0.280 0.280 0.280 0.280 0.283 0.285 0.287 0.290 0.293 0.295 0.300 0.518 0.518 0.518 0.518 0.529 0.530 0.531 0.533 0.536 0.546 0.618
Average reader duration: 0.3751 nanoseconds
Minimum reader duration: 0.267
Median reader duration: 0.286
Maximum reader duration: 0.618
Run for srcu with 3 CPUs
Points: 13.425 13.425 13.922 14.057 14.057 14.057 14.057 14.058 14.058 14.125 14.127 14.140 14.156 14.200 14.294 14.307 14.352 14.404 14.653 14.684 14.760 14.819 14.890 14.922 15.058 15.221 15.266 15.447 16.709 18.518
Average reader duration: 14.6056 nanoseconds
Minimum reader duration: 13.425
Median reader duration: 14.247
Maximum reader duration: 18.518
Run for refcnt with 3 CPUs
Points: 9.477 9.477 9.477 9.477 9.477 9.477 9.477 9.477 9.477 9.477 9.477 9.477 9.509 9.520 9.653 9.653 9.659 9.719 9.735 9.748 9.748 9.748 9.753 9.837 9.896 9.910 10.012 10.396 10.511 87.472
Average reader duration: 12.2734 nanoseconds
Minimum reader duration: 9.477
Median reader duration: 9.5865
Maximum reader duration: 87.472
Run for rwlock with 3 CPUs
Points: 11.281 11.319 11.319 11.319 11.320 11.320 11.443 11.481 11.528 11.529 11.529 11.529 11.529 11.529 11.533 11.558 11.562 11.643 11.643 11.643 11.789 11.798 11.853 11.853 11.853 11.988 12.037 12.361 12.434 12.784
Average reader duration: 11.6769 nanoseconds
Minimum reader duration: 11.281
Median reader duration: 11.531
Maximum reader duration: 12.784
Run for rwsem with 3 CPUs
Points: 13.154 13.154 13.155 13.155 13.162 13.162 13.162 13.162 13.162 13.224 13.286 13.326 13.339 13.360 13.398 13.398 13.415 13.511 13.520 13.624 13.653 13.742 13.758 13.869 13.900 14.021 14.036 14.905 15.164 214.146
Average reader duration: 20.2341 nanoseconds
Minimum reader duration: 13.154
Median reader duration: 13.379
Maximum reader duration: 214.146
Run for rcu with 4 CPUs
Points: 0.268 0.268 0.271 0.271 0.271 0.271 0.271 0.271 0.271 0.271 0.272 0.272 0.275 0.275 0.275 0.279 0.279 0.281 0.281 0.281 0.281 0.283 0.283 0.292 0.644 0.644 0.644 0.644 0.644 0.907
Average reader duration: 0.358 nanoseconds
Minimum reader duration: 0.268
Median reader duration: 0.275
Maximum reader duration: 0.907
Run for srcu with 4 CPUs
Points: 13.680 13.782 13.798 13.798 13.824 13.825 13.857 13.893 13.959 14.070 14.104 14.109 14.318 14.374 14.374 14.521 14.557 14.569 14.583 14.652 14.702 14.756 14.775 14.843 14.968 15.168 15.242 15.406 15.539 15.767
Average reader duration: 14.4604 nanoseconds
Minimum reader duration: 13.680
Median reader duration: 14.374
Maximum reader duration: 15.767
Run for refcnt with 4 CPUs
Points: 14.385 14.476 14.760 14.820 14.830 14.878 14.971 14.974 14.979 14.983 14.984 15.008 15.025 15.077 15.089 15.097 15.156 15.195 15.229 15.285 15.398 15.410 15.479 15.709 16.291 20.135 21.364 21.530 21.560 46.925
Average reader duration: 16.9667 nanoseconds
Minimum reader duration: 14.385
Median reader duration: 15.083
Maximum reader duration: 46.925
Run for rwlock with 4 CPUs
Points: 19.760 19.885 20.855 21.498 22.576 22.860 22.887 27.244 35.193 42.204 62.784 66.373 66.481 67.817 69.945 74.155 75.222 75.742 77.256 78.523 79.330 80.208 80.847 81.050 84.138 86.380 99.029 102.810 118.897 140.071
Average reader duration: 64.0673 nanoseconds
Minimum reader duration: 19.760
Median reader duration: 68.881
Maximum reader duration: 140.071
Run for rwsem with 4 CPUs
Points: 29.136 29.269 30.159 30.482 30.615 30.977 31.435 31.552 33.044 46.449 47.898 62.250 69.019 72.365 80.914 121.275 131.994 157.292 173.412 179.782 203.840 224.903 242.765 284.911 303.919 342.862 356.386 368.167 379.479 402.659
Average reader duration: 150.974 nanoseconds
Minimum reader duration: 29.136
Median reader duration: 76.6395
Maximum reader duration: 402.659
Run for rcu with 5 CPUs
Points: 0.270 0.273 0.277 0.284 0.313 0.421 0.427 0.434 0.440 0.440 0.440 0.442 0.449 0.568 0.569 0.569 0.569 0.572 0.574 0.578 0.578 0.578 0.581 0.593 0.728 0.732 0.908 0.949 0.977 1.045
Average reader duration: 0.5526 nanoseconds
Minimum reader duration: 0.270
Median reader duration: 0.5685
Maximum reader duration: 1.045
Run for srcu with 5 CPUs
Points: 13.575 13.954 14.022 14.022 14.051 14.084 14.122 14.272 14.325 14.391 14.451 14.452 14.489 14.597 14.614 14.624 14.709 14.765 14.783 14.790 14.809 14.850 15.070 15.124 15.167 15.248 15.382 15.497 15.870 16.017
Average reader duration: 14.6709 nanoseconds
Minimum reader duration: 13.575
Median reader duration: 14.6055
Maximum reader duration: 16.017
Run for refcnt with 5 CPUs
Points: 18.348 36.553 37.167 37.179 41.554 70.027 70.266 70.649 71.281 71.351 71.487 71.717 71.908 72.359 74.503 78.677 79.543 80.701 83.050 85.423 86.820 99.818 107.815 114.914 118.336 125.294 137.459 139.943 169.894 172.387
Average reader duration: 85.5474 nanoseconds
Minimum reader duration: 18.348
Median reader duration: 73.431
Maximum reader duration: 172.387
Run for rwlock with 5 CPUs
Points: 25.492 25.602 31.697 39.703 52.394 53.217 55.982 58.803 61.225 67.329 67.906 70.356 76.187 77.320 78.395 79.151 83.088 92.944 95.687 96.969 97.933 105.730 106.699 126.919 131.851 136.277 149.786 150.852 176.630 179.444
Average reader duration: 88.3856 nanoseconds
Minimum reader duration: 25.492
Median reader duration: 77.8575
Maximum reader duration: 179.444
Run for rwsem with 5 CPUs
Points: 98.647 99.514 100.038 105.717 107.805 109.135 116.100 121.805 124.347 125.281 137.484 152.315 161.655 173.357 175.464 179.689 183.927 187.127 187.807 196.877 239.646 244.042 317.580 321.612 335.440 337.919 339.771 342.888 362.089 395.650
Average reader duration: 202.691 nanoseconds
Minimum reader duration: 98.647
Median reader duration: 174.411
Maximum reader duration: 395.650
Run for rcu with 6 CPUs
Points: 0.275 0.275 0.278 0.278 0.278 0.278 0.278 0.278 0.278 0.279 0.279 0.281 0.292 0.292 0.294 0.305 0.401 0.401 0.403 0.403 0.574 0.646 0.646 0.646 0.646 0.646 0.647 0.647 0.647 0.649
Average reader duration: 0.417333 nanoseconds
Minimum reader duration: 0.275
Median reader duration: 0.293
Maximum reader duration: 0.649
Run for srcu with 6 CPUs
Points: 13.425 13.425 13.426 13.426 13.530 13.545 13.666 13.675 13.757 13.853 13.934 13.990 13.990 14.036 14.044 14.062 14.182 14.184 14.242 14.250 14.369 14.401 14.443 14.671 14.877 14.935 15.024 15.143 15.339 16.702
Average reader duration: 14.2182 nanoseconds
Minimum reader duration: 13.425
Median reader duration: 14.04
Maximum reader duration: 16.702
Run for refcnt with 6 CPUs
Points: 55.403 65.702 75.496 84.095 86.907 93.826 96.485 97.460 99.971 106.481 106.696 112.367 113.098 115.103 116.357 125.513 128.513 132.326 133.686 135.988 139.254 140.042 141.914 145.703 148.408 150.952 152.555 160.222 160.439 173.410
Average reader duration: 119.812 nanoseconds
Minimum reader duration: 55.403
Median reader duration: 115.73
Maximum reader duration: 173.410
Run for rwlock with 6 CPUs
Points: 39.831 42.493 45.675 45.860 46.575 48.024 50.966 51.525 53.486 54.149 57.940 58.231 64.810 65.973 69.180 71.575 83.107 85.137 95.292 100.927 109.392 110.593 113.750 114.128 115.887 116.912 119.433 119.707 121.160 122.423
Average reader duration: 79.8047 nanoseconds
Minimum reader duration: 39.831
Median reader duration: 67.5765
Maximum reader duration: 122.423
Run for rwsem with 6 CPUs
Points: 167.057 172.498 188.038 196.080 200.829 201.342 203.648 205.054 208.841 209.409 216.631 220.169 220.209 224.026 226.472 234.611 240.827 242.597 244.385 248.315 251.542 264.732 269.282 272.293 279.458 284.229 287.245 292.985 300.601 309.283
Average reader duration: 236.09 nanoseconds
Minimum reader duration: 167.057
Median reader duration: 225.249
Maximum reader duration: 309.283
Run for rcu with 7 CPUs
Points: 0.279 0.281 0.281 0.284 0.384 0.386 0.487 0.487 0.487 0.487 0.493 0.514 0.577 0.594 0.594 0.594 0.594 0.594 0.595 0.595 0.595 0.595 0.600 0.631 0.698 0.698 0.699 0.805 0.805 0.805
Average reader duration: 0.5506 nanoseconds
Minimum reader duration: 0.279
Median reader duration: 0.594
Maximum reader duration: 0.805
Run for srcu with 7 CPUs
Points: 13.425 13.425 13.425 13.717 13.737 13.806 13.849 13.867 13.908 13.917 13.931 13.967 14.028 14.073 14.086 14.145 14.264 14.359 14.406 14.469 14.559 14.721 15.093 15.156 15.355 15.531 15.630 15.848 16.257 16.307
Average reader duration: 14.442 nanoseconds
Minimum reader duration: 13.425
Median reader duration: 14.0795
Maximum reader duration: 16.307
Run for refcnt with 7 CPUs
Points: 88.273 99.386 105.769 108.229 115.520 127.126 133.404 143.867 149.316 149.761 149.971 150.981 151.997 161.289 168.953 171.152 171.758 173.528 173.653 174.143 174.600 181.260 181.580 182.025 190.315 190.756 193.339 196.314 198.021 198.271
Average reader duration: 158.485 nanoseconds
Minimum reader duration: 88.273
Median reader duration: 165.121
Maximum reader duration: 198.271
Run for rwlock with 7 CPUs
Points: 88.973 89.942 101.428 106.236 108.663 110.119 112.016 112.722 112.981 115.337 118.813 121.390 136.404 136.713 137.006 137.349 139.473 144.751 147.951 150.458 154.717 156.902 159.890 160.096 169.619 178.394 186.103 190.034 192.233 194.698
Average reader duration: 139.047 nanoseconds
Minimum reader duration: 88.973
Median reader duration: 136.859
Maximum reader duration: 194.698
Run for rwsem with 7 CPUs
Points: 331.913 370.110 378.847 386.870 407.434 414.710 420.118 420.593 425.191 445.206 459.120 459.131 461.453 484.187 485.437 494.365 495.500 498.799 499.120 528.111 528.993 546.074 559.726 578.854 592.699 612.219 643.220 665.724 699.779 791.854
Average reader duration: 502.845 nanoseconds
Minimum reader duration: 331.913
Median reader duration: 484.812
Maximum reader duration: 791.854
Run for rcu with 8 CPUs
Points: 0.276 0.292 0.367 0.368 0.373 0.374 0.375 0.379 0.429 0.456 0.458 0.465 0.539 0.550 0.554 0.567 0.577 0.586 0.644 0.644 0.644 0.646 0.652 0.738 0.744 0.744 0.745 0.832 0.832 0.832
Average reader duration: 0.556067 nanoseconds
Minimum reader duration: 0.276
Median reader duration: 0.552
Maximum reader duration: 0.832
Run for srcu with 8 CPUs
Points: 13.798 13.857 13.892 13.892 13.963 13.964 13.974 13.982 14.016 14.028 14.143 14.159 14.203 14.207 14.212 14.226 14.273 14.375 14.464 14.500 14.508 14.564 14.650 14.743 14.760 14.905 15.030 15.323 15.420 15.884
Average reader duration: 14.3972 nanoseconds
Minimum reader duration: 13.798
Median reader duration: 14.2095
Maximum reader duration: 15.884
Run for refcnt with 8 CPUs
Points: 75.961 86.013 87.785 90.639 91.073 96.519 99.200 107.733 113.559 115.472 122.970 122.995 125.819 126.986 129.310 129.641 129.721 132.401 133.102 133.408 136.614 137.008 138.133 147.406 153.468 154.297 156.084 157.114 161.354 181.079
Average reader duration: 125.762 nanoseconds
Minimum reader duration: 75.961
Median reader duration: 128.148
Maximum reader duration: 181.079
Run for rwlock with 8 CPUs
Points: 90.693 105.903 114.454 116.106 117.553 118.965 120.297 120.567 121.830 122.458 126.836 127.969 128.738 129.277 129.934 137.206 142.150 146.791 147.619 148.628 151.927 154.079 163.713 165.314 173.065 173.246 176.614 186.471 190.613 202.076
Average reader duration: 141.703 nanoseconds
Minimum reader duration: 90.693
Median reader duration: 129.606
Maximum reader duration: 202.076
Run for rwsem with 8 CPUs
Points: 315.992 316.919 328.197 336.232 342.304 352.036 375.504 389.468 397.811 399.552 431.306 442.011 472.351 476.374 477.445 479.083 480.926 486.062 486.132 490.895 500.021 501.025 501.103 502.059 503.314 509.888 525.405 534.000 549.307 580.075
Average reader duration: 449.427 nanoseconds
Minimum reader duration: 315.992
Median reader duration: 476.909
Maximum reader duration: 580.075
Run for rcu with 10 CPUs
Points: 0.285 0.287 0.289 0.290 0.291 0.295 0.296 0.312 0.358 0.358 0.360 0.362 0.364 0.365 0.433 0.434 0.437 0.443 0.467 0.505 0.586 0.587 0.595 0.601 0.637 0.642 0.660 0.660 0.804 0.915
Average reader duration: 0.463933 nanoseconds
Minimum reader duration: 0.285
Median reader duration: 0.399
Maximum reader duration: 0.915
Run for srcu with 10 CPUs
Points: 13.798 13.801 13.887 14.134 14.138 14.191 14.200 14.241 14.244 14.283 14.374 14.424 14.424 14.439 14.469 14.476 14.687 14.723 14.838 14.840 14.850 15.005 15.158 15.197 15.273 15.286 15.378 15.476 15.629 16.658
Average reader duration: 14.684 nanoseconds
Minimum reader duration: 13.798
Median reader duration: 14.454
Maximum reader duration: 16.658
Run for refcnt with 10 CPUs
Points: 259.941 269.244 277.630 286.420 289.173 289.708 291.206 293.099 305.944 308.118 308.338 318.012 322.425 324.217 324.556 338.344 341.922 344.373 354.081 361.041 362.201 363.823 365.297 371.851 373.677 374.308 374.572 374.940 378.617 386.401
Average reader duration: 331.116 nanoseconds
Minimum reader duration: 259.941
Median reader duration: 324.386
Maximum reader duration: 386.401
Run for rwlock with 10 CPUs
Points: 162.220 165.582 184.629 185.993 187.775 188.535 191.347 192.765 193.979 194.574 195.038 195.414 195.485 195.775 196.018 196.057 197.286 198.262 211.791 216.684 216.783 219.142 220.448 228.209 230.505 233.829 236.914 239.568 243.335 243.962
Average reader duration: 205.263 nanoseconds
Minimum reader duration: 162.220
Median reader duration: 195.897
Maximum reader duration: 243.962
Run for rwsem with 10 CPUs
Points: 866.908 880.304 882.382 885.438 887.977 918.559 935.724 938.132 945.768 983.049 983.795 991.418 994.724 1006.591 1015.534 1020.343 1024.047 1025.070 1028.879 1031.127 1058.106 1063.418 1067.470 1082.443 1104.039 1126.646 1151.293 1151.454 1191.027 1230.304
Average reader duration: 1015.73 nanoseconds
Minimum reader duration: 866.908
Median reader duration: 1011.06
Maximum reader duration: 1230.304
Run for rcu with 12 CPUs
Points: 0.284 0.287 0.291 0.345 0.345 0.345 0.347 0.349 0.406 0.407 0.408 0.408 0.409 0.409 0.469 0.471 0.482 0.510 0.525 0.531 0.608 0.629 0.649 0.653 0.664 0.708 0.773 0.833 0.834 0.842
Average reader duration: 0.507367 nanoseconds
Minimum reader duration: 0.284
Median reader duration: 0.439
Maximum reader duration: 0.842
Run for srcu with 12 CPUs
Points: 14.148 14.187 14.214 14.218 14.221 14.235 14.249 14.268 14.283 14.297 14.331 14.383 14.418 14.426 14.434 14.461 14.585 14.619 14.712 14.833 14.860 14.879 14.907 14.977 14.993 15.119 15.137 15.150 15.531 15.654
Average reader duration: 14.6243 nanoseconds
Minimum reader duration: 14.148
Median reader duration: 14.43
Maximum reader duration: 15.654
Run for refcnt with 12 CPUs
Points: 314.263 327.835 334.123 336.196 339.937 342.874 346.084 346.547 347.980 351.776 363.284 367.656 368.201 369.566 369.753 378.789 382.566 387.441 388.235 389.444 393.743 397.242 427.957 450.064 451.059 458.131 486.025 486.433 495.957 499.250
Average reader duration: 389.947 nanoseconds
Minimum reader duration: 314.263
Median reader duration: 369.659
Maximum reader duration: 499.250
Run for rwlock with 12 CPUs
Points: 223.786 224.413 226.571 239.932 242.064 243.537 244.428 245.811 246.495 249.639 252.135 255.234 258.831 258.875 263.696 268.892 270.041 272.822 277.272 277.386 277.588 278.192 283.208 284.754 286.444 287.688 289.061 297.867 298.004 328.530
Average reader duration: 265.107 nanoseconds
Minimum reader duration: 223.786
Median reader duration: 261.286
Maximum reader duration: 328.530
Run for rwsem with 12 CPUs
Points: 1201.259 1227.287 1228.108 1228.260 1231.496 1238.133 1245.137 1248.116 1249.362 1254.483 1265.633 1284.475 1298.385 1299.111 1316.478 1334.399 1340.876 1345.022 1348.879 1350.262 1351.620 1362.787 1421.949 1431.381 1456.334 1507.808 1532.079 1559.993 1619.159 1629.144
Average reader duration: 1346.91 nanoseconds
Minimum reader duration: 1201.259
Median reader duration: 1307.79
Maximum reader duration: 1629.144
Run for rcu with 14 CPUs
Points: 0.347 0.387 0.390 0.436 0.445 0.450 0.455 0.482 0.497 0.502 0.516 0.528 0.542 0.549 0.570 0.597 0.597 0.599 0.619 0.620 0.646 0.648 0.651 0.652 0.689 0.735 0.779 0.808 0.816 0.832
Average reader duration: 0.579467 nanoseconds
Minimum reader duration: 0.347
Median reader duration: 0.5595
Maximum reader duration: 0.832
Run for srcu with 14 CPUs
Points: 13.836 13.886 13.912 14.073 14.086 14.137 14.166 14.177 14.186 14.204 14.205 14.286 14.293 14.338 14.343 14.411 14.418 14.443 14.458 14.533 14.533 14.572 14.576 14.669 14.757 14.798 14.943 15.204 15.218 15.329
Average reader duration: 14.433 nanoseconds
Minimum reader duration: 13.836
Median reader duration: 14.3405
Maximum reader duration: 15.329
Run for refcnt with 14 CPUs
Points: 364.717 388.549 389.265 397.149 402.038 406.846 407.366 407.490 420.086 422.147 422.501 424.174 438.221 441.238 442.660 452.371 456.103 468.117 470.352 473.820 476.690 479.029 482.926 484.492 488.168 497.806 499.031 521.236 522.155 586.269
Average reader duration: 451.1 nanoseconds
Minimum reader duration: 364.717
Median reader duration: 441.949
Maximum reader duration: 586.269
Run for rwlock with 14 CPUs
Points: 325.168 374.044 377.426 380.662 381.255 384.789 387.863 394.871 399.257 401.684 402.692 403.302 403.657 407.680 418.218 426.989 435.386 436.342 440.562 443.810 449.604 459.177 463.208 463.795 481.665 486.408 498.883 511.121 526.164 531.809
Average reader duration: 429.916 nanoseconds
Minimum reader duration: 325.168
Median reader duration: 412.949
Maximum reader duration: 531.809
Run for rwsem with 14 CPUs
Points: 788.942 835.489 843.088 846.065 850.327 853.024 856.334 863.929 888.573 894.049 923.127 925.459 927.218 928.316 931.199 936.036 943.142 943.597 943.959 944.256 950.847 952.674 953.305 968.157 973.558 978.125 986.231 994.980 997.535 1059.292
Average reader duration: 922.694 nanoseconds
Minimum reader duration: 788.942
Median reader duration: 929.757
Maximum reader duration: 1059.292
Run for rcu with 16 CPUs
Points: 0.300 0.329 0.332 0.376 0.376 0.381 0.421 0.436 0.462 0.469 0.482 0.489 0.512 0.547 0.559 0.607 0.610 0.648 0.651 0.663 0.692 0.706 0.714 0.718 0.746 0.756 0.803 0.833 0.852 1.001
Average reader duration: 0.582367 nanoseconds
Minimum reader duration: 0.300
Median reader duration: 0.553
Maximum reader duration: 1.001
Run for srcu with 16 CPUs
Points: 13.998 14.070 14.145 14.239 14.456 14.479 14.535 14.541 14.544 14.550 14.599 14.644 14.671 14.849 14.902 14.914 14.986 15.004 15.202 15.230 15.379 15.545 15.578 15.613 15.712 15.887 16.104 16.475 16.666 16.743
Average reader duration: 15.0753 nanoseconds
Minimum reader duration: 13.998
Median reader duration: 14.8755
Maximum reader duration: 16.743
Run for refcnt with 16 CPUs
Points: 494.896 521.725 532.270 536.439 540.208 540.492 543.042 548.238 568.495 568.951 570.182 574.499 575.909 578.050 580.527 580.678 581.784 582.610 586.800 593.177 593.954 599.008 602.569 609.081 609.640 610.782 618.712 627.862 633.075 651.538
Average reader duration: 578.506 nanoseconds
Minimum reader duration: 494.896
Median reader duration: 579.288
Maximum reader duration: 651.538
Run for rwlock with 16 CPUs
Points: 551.686 577.617 587.647 596.184 597.136 599.446 603.178 604.530 609.590 610.101 610.894 619.647 621.101 623.501 628.732 629.976 635.137 640.931 643.433 647.814 650.492 653.220 654.188 659.896 659.968 667.003 678.896 679.119 686.449 695.260
Average reader duration: 630.759 nanoseconds
Minimum reader duration: 551.686
Median reader duration: 626.116
Maximum reader duration: 695.260
Run for rwsem with 16 CPUs
Points: 1149.445 1161.446 1201.926 1204.569 1205.693 1277.347 1277.899 1294.278 1296.552 1300.459 1303.073 1317.994 1320.690 1342.936 1344.780 1350.598 1351.608 1356.467 1360.959 1364.781 1370.047 1382.227 1390.202 1393.649 1404.993 1411.010 1413.254 1430.459 1436.875 1452.837
Average reader duration: 1328.97 nanoseconds
Minimum reader duration: 1149.445
Median reader duration: 1343.86
Maximum reader duration: 1452.837
Run for rcu with 20 CPUs
Points: 0.286 0.310 0.320 0.320 0.396 0.403 0.407 0.410 0.410 0.435 0.438 0.450 0.455 0.487 0.501 0.504 0.507 0.513 0.517 0.526 0.544 0.545 0.547 0.563 0.614 0.620 0.724 0.724 0.761 0.877
Average reader duration: 0.5038 nanoseconds
Minimum reader duration: 0.286
Median reader duration: 0.494
Maximum reader duration: 0.877
Run for srcu with 20 CPUs
Points: 14.204 14.282 14.310 14.423 14.426 14.514 14.520 14.643 14.662 14.678 14.691 14.713 14.783 14.792 14.846 14.896 14.897 14.912 14.978 15.032 15.139 15.164 15.248 15.316 15.423 15.567 15.613 15.754 15.906 16.207
Average reader duration: 14.9513 nanoseconds
Minimum reader duration: 14.204
Median reader duration: 14.819
Maximum reader duration: 16.207
Run for refcnt with 20 CPUs
Points: 687.662 710.898 711.699 714.048 715.738 716.240 726.361 726.806 727.642 733.815 739.861 745.052 745.070 752.226 752.765 756.802 762.039 763.516 766.438 771.014 773.019 774.287 775.473 776.641 785.824 787.330 805.124 806.292 817.190 825.152
Average reader duration: 755.067 nanoseconds
Minimum reader duration: 687.662
Median reader duration: 752.495
Maximum reader duration: 825.152
Run for rwlock with 20 CPUs
Points: 601.815 662.632 665.520 666.097 669.936 682.263 683.383 686.627 687.966 690.126 691.184 691.842 693.206 694.334 695.786 698.325 698.496 702.876 719.219 720.470 720.820 732.934 733.917 747.714 749.751 754.689 754.877 761.212 768.336 770.962
Average reader duration: 706.577 nanoseconds
Minimum reader duration: 601.815
Median reader duration: 695.06
Maximum reader duration: 770.962
Run for rwsem with 20 CPUs
Points: 1576.469 1688.624 1702.246 1703.824 1706.454 1711.186 1711.763 1729.914 1738.130 1758.296 1758.826 1778.665 1784.356 1785.344 1798.345 1811.286 1820.229 1825.557 1826.297 1834.314 1845.170 1850.412 1871.333 1882.886 1895.129 1901.619 1905.562 1913.486 1926.606 2009.855
Average reader duration: 1801.74 nanoseconds
Minimum reader duration: 1576.469
Median reader duration: 1791.84
Maximum reader duration: 2009.855
Run for rcu with 24 CPUs
Points: 0.288 0.296 0.316 0.318 0.319 0.320 0.327 0.336 0.337 0.337 0.352 0.356 0.385 0.401 0.417 0.424 0.424 0.426 0.431 0.445 0.454 0.456 0.458 0.475 0.484 0.489 0.504 0.533 0.533 0.624
Average reader duration: 0.408833 nanoseconds
Minimum reader duration: 0.288
Median reader duration: 0.409
Maximum reader duration: 0.624
Run for srcu with 24 CPUs
Points: 14.317 14.380 14.496 14.578 14.625 14.639 14.669 14.772 14.840 14.852 14.914 14.943 15.007 15.017 15.035 15.038 15.048 15.066 15.086 15.102 15.190 15.299 15.366 15.514 15.535 15.806 15.829 15.933 16.115 16.874
Average reader duration: 15.1295 nanoseconds
Minimum reader duration: 14.317
Median reader duration: 15.026
Maximum reader duration: 16.874
Run for refcnt with 24 CPUs
Points: 734.090 736.920 739.593 742.018 743.248 743.575 744.702 745.490 745.580 748.627 749.536 750.342 750.463 751.594 755.555 756.690 757.883 764.558 769.283 769.464 771.643 790.913 805.310 811.563 835.573 864.326 871.264 877.752 894.164 895.950
Average reader duration: 780.589 nanoseconds
Minimum reader duration: 734.090
Median reader duration: 753.574
Maximum reader duration: 895.950
Run for rwlock with 24 CPUs
Points: 919.143 933.366 938.783 939.111 939.236 939.581 941.895 946.622 946.814 954.429 956.053 959.891 962.221 963.216 964.162 970.829 972.700 975.793 977.352 977.357 980.135 983.878 984.917 986.453 986.506 987.198 987.622 988.671 1007.148 1022.839
Average reader duration: 966.464 nanoseconds
Minimum reader duration: 919.143
Median reader duration: 963.689
Maximum reader duration: 1022.839
Run for rwsem with 24 CPUs
Points: 1207.236 1295.072 1301.225 1308.876 1309.100 1313.541 1315.272 1318.732 1322.670 1333.708 1358.046 1383.489 1413.577 1552.697 1648.213 1672.920 1684.567 1686.947 1706.856 1708.435 1713.769 1714.388 1719.565 1728.299 1825.440 1843.483 1860.869 1889.487 1911.880 1929.211
Average reader duration: 1565.92 nanoseconds
Minimum reader duration: 1207.236
Median reader duration: 1600.45
Maximum reader duration: 1929.211
Run for rcu with 28 CPUs
Points: 0.303 0.310 0.338 0.370 0.371 0.377 0.377 0.389 0.391 0.401 0.415 0.416 0.419 0.426 0.452 0.456 0.472 0.485 0.494 0.506 0.507 0.515 0.519 0.520 0.531 0.547 0.559 0.588 0.613 0.680
Average reader duration: 0.458233 nanoseconds
Minimum reader duration: 0.303
Median reader duration: 0.439
Maximum reader duration: 0.680
Run for srcu with 28 CPUs
Points: 14.270 14.330 14.375 14.487 14.606 14.616 14.688 14.731 14.735 14.803 14.804 14.808 14.853 14.854 14.858 14.907 14.947 14.955 15.040 15.089 15.186 15.241 15.337 15.398 15.402 15.514 15.517 15.716 15.820 16.238
Average reader duration: 15.0042 nanoseconds
Minimum reader duration: 14.270
Median reader duration: 14.856
Maximum reader duration: 16.238
Run for refcnt with 28 CPUs
Points: 895.056 895.158 902.279 915.129 919.250 920.494 922.546 923.496 929.410 932.536 932.818 933.415 933.485 935.593 937.471 947.959 948.435 951.615 952.409 953.493 956.356 960.473 966.452 966.779 967.781 971.734 975.150 976.466 984.098 1015.892
Average reader duration: 944.108 nanoseconds
Minimum reader duration: 895.056
Median reader duration: 936.532
Maximum reader duration: 1015.892
Run for rwlock with 28 CPUs
Points: 983.803 986.595 991.032 996.431 999.462 1001.839 1004.775 1010.890 1010.919 1010.930 1011.570 1017.057 1018.420 1022.692 1023.116 1023.310 1025.440 1026.748 1027.073 1027.555 1028.771 1032.813 1046.332 1048.493 1050.661 1053.866 1062.650 1068.756 1070.271 1087.109
Average reader duration: 1025.65 nanoseconds
Minimum reader duration: 983.803
Median reader duration: 1022.9
Maximum reader duration: 1087.109
Run for rwsem with 28 CPUs
Points: 2264.500 2271.333 2370.585 2389.367 2403.963 2406.933 2446.249 2452.411 2455.427 2459.816 2507.151 2513.731 2534.155 2535.085 2538.580 2539.101 2576.355 2588.584 2601.223 2603.898 2620.318 2630.020 2657.586 2659.348 2660.944 2671.801 2681.169 2686.191 2702.673 2762.670
Average reader duration: 2539.71 nanoseconds
Minimum reader duration: 2264.500
Median reader duration: 2536.83
Maximum reader duration: 2762.670
Run for rcu with 32 CPUs
Points: 0.284 0.287 0.306 0.311 0.325 0.333 0.375 0.380 0.423 0.424 0.425 0.430 0.430 0.448 0.457 0.468 0.469 0.473 0.475 0.479 0.488 0.491 0.506 0.526 0.570 0.608 0.626 0.666 0.745 0.773
Average reader duration: 0.4667 nanoseconds
Minimum reader duration: 0.284
Median reader duration: 0.4525
Maximum reader duration: 0.773
Run for srcu with 32 CPUs
Points: 14.407 14.427 14.531 14.584 14.589 14.631 14.651 14.681 14.708 14.877 14.940 14.943 15.013 15.018 15.035 15.043 15.059 15.079 15.171 15.192 15.217 15.226 15.254 15.411 15.482 15.805 15.825 15.855 16.233 17.581
Average reader duration: 15.1489 nanoseconds
Minimum reader duration: 14.407
Median reader duration: 15.0265
Maximum reader duration: 17.581
Run for refcnt with 32 CPUs
Points: 1055.960 1079.019 1097.084 1109.766 1119.106 1124.566 1124.624 1126.286 1127.313 1130.288 1135.737 1139.829 1141.507 1142.507 1149.909 1150.947 1153.029 1153.365 1155.740 1160.719 1161.643 1162.365 1163.352 1164.120 1168.325 1177.110 1184.412 1189.585 1204.626 1246.080
Average reader duration: 1146.63 nanoseconds
Minimum reader duration: 1055.960
Median reader duration: 1146.21
Maximum reader duration: 1246.080
Run for rwlock with 32 CPUs
Points: 1288.349 1296.705 1303.807 1314.366 1328.414 1340.531 1340.859 1346.291 1349.459 1351.527 1352.680 1353.123 1353.461 1353.462 1354.261 1356.316 1357.322 1359.555 1360.919 1361.305 1367.281 1371.473 1372.366 1374.977 1381.667 1385.962 1386.726 1386.841 1400.883 1415.200
Average reader duration: 1355.54 nanoseconds
Minimum reader duration: 1288.349
Median reader duration: 1353.86
Maximum reader duration: 1415.200
Run for rwsem with 32 CPUs
Points: 2602.200 2604.717 2607.875 2614.143 2614.997 2619.467 2621.639 2624.514 2625.245 2625.617 2630.653 2637.021 2637.464 2646.452 2656.383 2671.259 2679.339 2684.258 2687.226 2691.288 2696.702 2702.803 2709.692 2710.816 2710.920 2714.095 2729.403 2730.585 2901.219 2963.068
Average reader duration: 2678.37 nanoseconds
Minimum reader duration: 2602.200
Median reader duration: 2651.42
Maximum reader duration: 2963.068
Run for rcu with 40 CPUs
Points: 0.290 0.317 0.337 0.370 0.372 0.381 0.394 0.409 0.410 0.411 0.416 0.417 0.421 0.439 0.455 0.458 0.459 0.460 0.462 0.471 0.492 0.513 0.518 0.531 0.533 0.550 0.597 0.601 0.617 0.828
Average reader duration: 0.4643 nanoseconds
Minimum reader duration: 0.290
Median reader duration: 0.447
Maximum reader duration: 0.828
Run for srcu with 40 CPUs
Points: 14.687 14.800 14.836 14.841 14.962 15.364 15.422 15.617 15.623 15.663 15.723 15.735 15.797 15.803 15.936 15.945 15.950 16.008 16.086 16.088 16.128 16.204 16.316 16.352 16.358 16.390 16.569 16.633 16.939 17.452
Average reader duration: 15.8742 nanoseconds
Minimum reader duration: 14.687
Median reader duration: 15.8695
Maximum reader duration: 17.452
Run for refcnt with 40 CPUs
Points: 1455.715 1461.930 1464.083 1465.172 1480.951 1481.453 1486.139 1496.304 1496.715 1500.353 1501.107 1513.013 1515.687 1530.213 1535.280 1549.032 1549.907 1551.307 1552.371 1558.363 1564.434 1574.308 1579.280 1579.411 1584.444 1589.531 1646.131 1652.875 1686.267 1720.335
Average reader duration: 1544.07 nanoseconds
Minimum reader duration: 1455.715
Median reader duration: 1532.75
Maximum reader duration: 1720.335
Run for rwlock with 40 CPUs
Points: 1299.694 1303.579 1307.851 1312.134 1319.285 1322.652 1332.467 1333.426 1340.266 1340.621 1354.901 1360.055 1376.887 1384.219 1384.391 1393.657 1394.022 1399.569 1410.772 1423.192 1459.922 1502.855 1554.809 1562.876 1568.712 1577.845 1579.000 1604.736 1617.842 1617.949
Average reader duration: 1424.67 nanoseconds
Minimum reader duration: 1299.694
Median reader duration: 1384.31
Maximum reader duration: 1617.949
Run for rwsem with 40 CPUs
Points: 2267.569 2306.196 2340.201 2345.507 2345.800 2361.626 2498.576 2554.954 2715.716 2765.468 2838.487 2879.447 2881.448 2901.815 2939.879 3044.678 3112.158 3160.050 3167.413 3184.251 3203.600 3213.212 3236.205 3236.981 3264.281 3280.015 3307.810 3309.714 3310.179 3337.820
Average reader duration: 2910.37 nanoseconds
Minimum reader duration: 2267.569
Median reader duration: 2920.85
Maximum reader duration: 3337.820
Run for rcu with 48 CPUs
Points: 0.296 0.296 0.333 0.335 0.349 0.364 0.379 0.392 0.426 0.429 0.436 0.440 0.443 0.444 0.446 0.452 0.456 0.473 0.477 0.498 0.501 0.502 0.526 0.528 0.531 0.569 0.570 0.605 0.609 0.661
Average reader duration: 0.458867 nanoseconds
Minimum reader duration: 0.296
Median reader duration: 0.445
Maximum reader duration: 0.661
Run for srcu with 48 CPUs
Points: 14.495 14.572 14.621 14.634 14.659 14.664 14.678 14.760 14.790 14.892 14.985 15.112 15.216 15.225 15.338 15.359 15.399 15.413 15.502 15.514 15.524 15.554 15.580 15.682 15.779 15.860 15.988 16.009 16.068 16.192
Average reader duration: 15.2688 nanoseconds
Minimum reader duration: 14.495
Median reader duration: 15.2815
Maximum reader duration: 16.192
Run for refcnt with 48 CPUs
Points: 1402.713 1415.197 1436.286 1442.998 1447.480 1453.118 1454.052 1474.891 1486.063 1497.748 1507.563 1509.375 1518.773 1518.895 1523.789 1536.144 1545.360 1563.277 1564.655 1569.355 1571.716 1572.492 1583.901 1594.920 1607.102 1626.572 1634.860 1642.473 1710.071 1724.564
Average reader duration: 1537.88 nanoseconds
Minimum reader duration: 1402.713
Median reader duration: 1521.34
Maximum reader duration: 1724.564
Run for rwlock with 48 CPUs
Points: 1611.842 1664.683 1692.284 1693.580 1699.436 1713.099 1713.962 1721.731 1737.346 1745.848 1758.723 1763.529 1764.655 1767.779 1772.667 1786.223 1786.895 1787.526 1799.365 1805.733 1810.228 1813.219 1842.928 1855.476 1863.750 1877.933 1878.320 1897.005 1992.417 1993.997
Average reader duration: 1787.07 nanoseconds
Minimum reader duration: 1611.842
Median reader duration: 1770.22
Maximum reader duration: 1993.997
Run for rwsem with 48 CPUs
Points: 3542.905 3612.982 3628.048 3640.972 3665.655 3682.942 3685.818 3691.386 3703.149 3715.600 3723.711 3725.678 3726.377 3748.362 3748.438 3756.862 3759.796 3764.483 3794.029 3804.756 3841.506 3849.304 3886.406 3911.614 3925.000 3940.300 3954.286 3987.713 4178.744 4185.311
Average reader duration: 3792.74 nanoseconds
Minimum reader duration: 3542.905
Median reader duration: 3748.4
Maximum reader duration: 4185.311
Run for rcu with 56 CPUs
Points: 0.337 0.341 0.349 0.364 0.368 0.371 0.383 0.384 0.387 0.392 0.398 0.408 0.416 0.438 0.440 0.470 0.473 0.474 0.491 0.495 0.506 0.511 0.529 0.537 0.551 0.567 0.588 0.588 0.635 0.693
Average reader duration: 0.4628 nanoseconds
Minimum reader duration: 0.337
Median reader duration: 0.439
Maximum reader duration: 0.693
Run for srcu with 56 CPUs
Points: 14.552 14.618 14.722 14.781 14.810 14.893 15.039 15.134 15.148 15.265 15.299 15.405 15.437 15.489 15.625 15.705 15.721 15.807 15.854 15.860 16.041 16.193 16.394 16.654 16.740 16.745 16.837 17.329 17.409 17.715
Average reader duration: 15.774 nanoseconds
Minimum reader duration: 14.552
Median reader duration: 15.557
Maximum reader duration: 17.715
Run for refcnt with 56 CPUs
Points: 1542.710 1552.559 1573.427 1583.663 1624.385 1634.304 1647.806 1651.828 1656.696 1660.586 1664.323 1669.838 1698.579 1703.942 1715.375 1738.424 1758.365 1767.482 1785.059 1788.356 1796.821 1805.568 1825.494 1833.104 1849.769 1913.225 1915.154 1924.459 1935.164 1981.176
Average reader duration: 1739.92 nanoseconds
Minimum reader duration: 1542.710
Median reader duration: 1709.66
Maximum reader duration: 1981.176
Run for rwlock with 56 CPUs
Points: 1873.085 1890.681 1890.691 1898.871 1901.467 1908.445 1911.863 1915.619 1916.897 1931.326 1938.854 1941.131 1955.283 1956.281 1956.540 1962.353 1967.872 1971.674 1980.816 2016.969 2034.108 2034.546 2035.211 2041.749 2046.877 2048.378 2053.233 2074.421 2076.239 2157.471
Average reader duration: 1976.3 nanoseconds
Minimum reader duration: 1873.085
Median reader duration: 1956.41
Maximum reader duration: 2157.471
Run for rwsem with 56 CPUs
Points: 4335.494 4342.463 4355.248 4372.884 4404.468 4409.307 4425.893 4431.839 4449.578 4454.692 4528.982 4551.242 4551.589 4553.848 4560.483 4566.266 4572.376 4586.774 4594.856 4596.809 4597.016 4615.953 4645.831 4654.031 4657.382 4660.334 4710.691 4744.693 4804.919 4809.166
Average reader duration: 4551.5 nanoseconds
Minimum reader duration: 4335.494
Median reader duration: 4557.17
Maximum reader duration: 4809.166
Run for rcu with 64 CPUs
Points: 0.295 0.299 0.328 0.334 0.347 0.348 0.371 0.376 0.384 0.394 0.399 0.399 0.404 0.404 0.417 0.428 0.438 0.441 0.446 0.447 0.472 0.483 0.531 0.536 0.536 0.542 0.550 0.553 0.563 0.572
Average reader duration: 0.434567 nanoseconds
Minimum reader duration: 0.295
Median reader duration: 0.4105
Maximum reader duration: 0.572
Run for srcu with 64 CPUs
Points: 15.298 15.443 15.541 15.689 15.711 15.713 15.842 15.861 15.887 15.930 15.965 16.009 16.014 16.035 16.097 16.127 16.160 16.172 16.233 16.244 16.273 16.277 16.300 16.363 16.440 16.574 16.646 16.738 17.051 17.246
Average reader duration: 16.1293 nanoseconds
Minimum reader duration: 15.298
Median reader duration: 16.066
Maximum reader duration: 17.246
Run for refcnt with 64 CPUs
Points: 1981.258 1993.849 2002.767 2038.833 2048.986 2072.694 2096.367 2105.920 2108.188 2108.190 2112.803 2117.867 2119.405 2127.642 2131.281 2133.919 2144.258 2145.289 2155.803 2155.839 2173.939 2189.741 2210.732 2216.702 2224.573 2231.461 2251.248 2290.613 2346.530 2347.024
Average reader duration: 2146.12 nanoseconds
Minimum reader duration: 1981.258
Median reader duration: 2129.46
Maximum reader duration: 2347.024
Run for rwlock with 64 CPUs
Points: 1835.965 1840.098 1892.550 1922.061 1949.733 1954.327 1958.566 1958.855 1960.991 1969.632 1986.027 2014.370 2029.337 2064.625 2087.541 2090.442 2100.404 2123.111 2124.747 2126.344 2129.138 2166.283 2168.950 2172.500 2183.609 2226.293 2237.600 2248.416 2298.330 2310.735
Average reader duration: 2071.05 nanoseconds
Minimum reader duration: 1835.965
Median reader duration: 2076.08
Maximum reader duration: 2310.735
Run for rwsem with 64 CPUs
Points: 3531.901 3543.726 3557.235 3603.771 3710.628 3767.237 3976.491 4017.009 4028.993 4051.057 4077.703 4080.679 4161.110 4571.533 4583.617 4590.265 4619.735 4637.535 4650.243 4681.529 4681.900 4696.510 4699.970 4710.866 4724.200 4779.245 5018.983 5050.766 5062.198 5158.225
Average reader duration: 4367.5 nanoseconds
Minimum reader duration: 3531.901
Median reader duration: 4577.58
Maximum reader duration: 5158.225
Run for rcu with 80 CPUs
Points: 0.316 0.323 0.334 0.341 0.349 0.350 0.353 0.354 0.358 0.363 0.366 0.369 0.380 0.384 0.395 0.397 0.397 0.404 0.405 0.412 0.413 0.417 0.419 0.427 0.436 0.440 0.454 0.455 0.480 0.561
Average reader duration: 0.395067 nanoseconds
Minimum reader duration: 0.316
Median reader duration: 0.3895
Maximum reader duration: 0.561
Run for srcu with 80 CPUs
Points: 15.316 15.463 15.505 15.523 15.546 15.550 15.594 15.598 15.606 15.637 15.710 15.712 15.751 15.759 15.782 15.789 15.834 15.928 15.935 15.974 15.997 16.047 16.074 16.154 16.186 16.435 16.457 16.551 16.825 17.554
Average reader duration: 15.9264 nanoseconds
Minimum reader duration: 15.316
Median reader duration: 15.7705
Maximum reader duration: 17.554
Run for refcnt with 80 CPUs
Points: 2392.043 2441.342 2453.060 2462.081 2473.106 2510.620 2514.416 2569.768 2573.079 2600.197 2626.299 2653.607 2660.661 2754.223 2800.909 3060.313 3224.989 3232.943 3502.684 3507.706 3515.301 3543.531 3559.447 3598.559 3609.237 3644.930 3654.493 3705.336 3856.718 3888.719
Average reader duration: 3053.01 nanoseconds
Minimum reader duration: 2392.043
Median reader duration: 2777.57
Maximum reader duration: 3888.719
Run for rwlock with 80 CPUs
Points: 2534.468 2592.774 2625.772 2642.043 2664.100 2682.155 2701.695 2712.777 2728.736 2754.010 2775.197 2775.764 2779.218 2802.482 2808.091 2837.788 2857.317 2873.728 2900.935 2904.691 2905.071 2943.122 2969.445 2983.183 3014.191 3054.073 3061.314 3110.902 3114.679 3230.381
Average reader duration: 2844.67 nanoseconds
Minimum reader duration: 2534.468
Median reader duration: 2805.29
Maximum reader duration: 3230.381
Run for rwsem with 80 CPUs
Points: 6497.304 7020.160 7089.664 7295.703 7420.848 7514.193 7933.157 7937.392 7938.363 7989.861 8091.072 8124.370 8135.587 8177.704 8194.183 8268.725 8335.321 8356.524 8367.408 8479.411 8651.353 8701.549 8776.376 8879.568 8901.233 9002.038 9021.477 9207.604 9207.889 9459.372
Average reader duration: 8232.51 nanoseconds
Minimum reader duration: 6497.304
Median reader duration: 8185.94
Maximum reader duration: 9459.372
Run for rcu with 96 CPUs
Points: 0.318 0.323 0.337 0.342 0.344 0.355 0.359 0.361 0.365 0.366 0.368 0.376 0.380 0.380 0.384 0.387 0.394 0.405 0.413 0.417 0.417 0.423 0.427 0.439 0.440 0.458 0.467 0.475 0.480 0.517
Average reader duration: 0.397233 nanoseconds
Minimum reader duration: 0.318
Median reader duration: 0.382
Maximum reader duration: 0.517
Run for srcu with 96 CPUs
Points: 16.556 16.631 16.743 16.803 16.812 16.863 16.901 16.917 16.940 16.972 16.995 17.058 17.086 17.122 17.124 17.180 17.201 17.301 17.341 17.381 17.436 17.458 17.464 17.466 17.469 17.533 17.629 17.773 17.776 17.873
Average reader duration: 17.1935 nanoseconds
Minimum reader duration: 16.556
Median reader duration: 17.123
Maximum reader duration: 17.873
Run for refcnt with 96 CPUs
Points: 2840.783 2871.350 3007.800 3180.859 3181.567 3192.731 3194.932 3259.285 3284.529 3322.327 3367.503 3484.657 3500.775 3863.605 4006.777 4115.819 4292.424 4303.844 4307.756 4314.694 4329.840 4342.496 4374.049 4375.743 4380.778 4404.452 4430.242 4461.493 4548.688 4712.559
Average reader duration: 3841.81 nanoseconds
Minimum reader duration: 2840.783
Median reader duration: 3935.19
Maximum reader duration: 4712.559
Run for rwlock with 96 CPUs
Points: 3262.667 3309.683 3319.695 3340.448 3354.665 3407.906 3452.795 3549.845 4122.413 4152.490 4156.552 4158.316 4167.428 4190.699 4214.460 4216.607 4219.128 4234.741 4235.081 4238.848 4248.246 4257.712 4272.298 4315.068 4326.853 4327.929 4418.299 4433.899 4542.822 4597.789
Average reader duration: 4034.85 nanoseconds
Minimum reader duration: 3262.667
Median reader duration: 4202.58
Maximum reader duration: 4597.789
Run for rwsem with 96 CPUs
Points: 7112.811 7133.277 7151.720 7176.909 7178.402 7184.587 7192.936 7242.627 7262.524 7302.361 7329.487 7331.114 7336.197 7342.748 7371.600 7407.638 7414.090 7420.659 7438.048 7442.273 7473.589 7485.666 7491.872 7500.386 7502.921 7518.454 7527.997 7549.699 7591.874 7675.523
Average reader duration: 7369.67 nanoseconds
Minimum reader duration: 7112.811
Median reader duration: 7357.17
Maximum reader duration: 7675.523
Run for rcu with 112 CPUs
Points: 0.313 0.319 0.322 0.327 0.329 0.330 0.331 0.333 0.340 0.351 0.362 0.363 0.365 0.375 0.381 0.384 0.384 0.386 0.388 0.390 0.390 0.395 0.403 0.410 0.429 0.431 0.432 0.445 0.453 0.460
Average reader duration: 0.377367 nanoseconds
Minimum reader duration: 0.313
Median reader duration: 0.378
Maximum reader duration: 0.460
Run for srcu with 112 CPUs
Points: 16.166 16.210 16.328 16.355 16.380 16.412 16.419 16.437 16.473 16.505 16.508 16.647 16.669 16.685 16.738 16.864 16.876 16.982 17.016 17.037 17.051 17.108 17.130 17.145 17.169 17.178 17.206 17.678 17.818 18.599
Average reader duration: 16.8596 nanoseconds
Minimum reader duration: 16.166
Median reader duration: 16.7115
Maximum reader duration: 18.599
Run for refcnt with 112 CPUs
Points: 3308.723 3314.592 3389.789 3399.942 3407.237 3410.283 3440.124 3448.969 3467.718 3467.744 3469.794 3488.382 3491.540 3496.231 3497.195 3498.760 3505.270 3516.886 3519.386 3527.554 3538.850 3542.574 3560.248 3571.880 3573.863 3623.027 3700.854 3702.106 3744.172 3770.687
Average reader duration: 3513.15 nanoseconds
Minimum reader duration: 3308.723
Median reader duration: 3496.71
Maximum reader duration: 3770.687
Run for rwlock with 112 CPUs
Points: 3231.398 3271.986 3388.221 3392.282 3414.640 3418.462 3429.599 3489.027 3558.744 3566.344 3590.032 3603.621 3631.858 3658.458 3680.525 3697.289 3725.743 3767.345 3784.102 3818.033 3832.029 3899.725 3901.279 3908.350 3908.353 3944.312 3978.883 4136.177 4149.824 4276.412
Average reader duration: 3701.77 nanoseconds
Minimum reader duration: 3231.398
Median reader duration: 3669.49
Maximum reader duration: 4276.412
Run for rwsem with 112 CPUs
Points: 8942.986 9195.243 9255.091 10693.428 10852.466 11033.643 11040.136 11048.985 11095.108 11112.868 11182.746 11360.361 11430.241 11505.702 11517.377 11533.563 11540.291 11571.816 11583.755 11599.563 11691.946 11701.247 11725.476 11823.344 11854.652 11878.065 11887.751 11934.766 12155.607 12344.583
Average reader duration: 11269.8 nanoseconds
Minimum reader duration: 8942.986
Median reader duration: 11511.5
Maximum reader duration: 12344.583
Run for rcu with 128 CPUs
Points: 0.335 0.337 0.347 0.349 0.352 0.355 0.358 0.358 0.359 0.373 0.376 0.376 0.376 0.378 0.397 0.398 0.400 0.407 0.407 0.409 0.416 0.417 0.424 0.430 0.435 0.442 0.451 0.452 0.452 0.456
Average reader duration: 0.394067 nanoseconds
Minimum reader duration: 0.335
Median reader duration: 0.3875
Maximum reader duration: 0.456
Run for srcu with 128 CPUs
Points: 15.777 15.854 15.963 15.984 16.117 16.207 16.235 16.270 16.278 16.301 16.372 16.373 16.387 16.407 16.550 16.587 16.607 16.643 16.688 16.699 16.700 16.777 16.839 16.841 16.881 17.120 17.201 17.234 17.235 17.361
Average reader duration: 16.5496 nanoseconds
Minimum reader duration: 15.777
Median reader duration: 16.4785
Maximum reader duration: 17.361
Run for refcnt with 128 CPUs
Points: 3596.651 3668.181 3703.928 3748.051 3786.844 3803.538 3819.811 3854.735 4007.119 4019.413 4064.755 4067.169 4074.944 4079.005 4120.350 4122.916 4124.260 4160.527 4182.090 4188.298 4243.676 4259.686 4287.037 4287.793 4331.329 4361.734 4421.846 4448.377 4480.348 4536.732
Average reader duration: 4095.04 nanoseconds
Minimum reader duration: 3596.651
Median reader duration: 4099.68
Maximum reader duration: 4536.732
Run for rwlock with 128 CPUs
Points: 4018.812 4097.308 4124.246 4152.834 4190.865 4237.869 4239.361 4249.302 4331.213 4333.083 4357.270 4433.212 4455.039 4564.406 4653.373 4734.255 4853.640 5004.276 5073.983 5122.418 5163.772 5170.279 5196.929 5240.441 5298.763 5303.581 5363.811 5383.928 5470.672 5830.158
Average reader duration: 4754.97 nanoseconds
Minimum reader duration: 4018.812
Median reader duration: 4608.89
Maximum reader duration: 5830.158
Run for rwsem with 128 CPUs
Points: 7952.183 8070.536 8905.705 9398.084 9507.069 9577.804 9605.325 9657.654 9736.192 9800.031 9800.139 9808.455 9827.242 9864.770 9912.317 9985.606 10022.976 10053.409 10075.435 10100.867 10117.838 10129.397 10131.464 10141.168 10198.127 10208.725 10219.569 10222.806 10310.281 10312.451
Average reader duration: 9788.45 nanoseconds
Minimum reader duration: 7952.183
Median reader duration: 9888.54
Maximum reader duration: 10312.451
Run for rcu with 160 CPUs
Points: 0.322 0.327 0.333 0.333 0.333 0.336 0.336 0.344 0.351 0.353 0.354 0.357 0.359 0.362 0.362 0.368 0.373 0.378 0.382 0.384 0.384 0.387 0.387 0.396 0.399 0.401 0.401 0.403 0.441 0.481
Average reader duration: 0.3709 nanoseconds
Minimum reader duration: 0.322
Median reader duration: 0.362
Maximum reader duration: 0.481
Run for srcu with 160 CPUs
Points: 16.605 16.612 16.620 16.650 16.701 16.712 16.754 16.955 16.988 17.005 17.007 17.030 17.045 17.069 17.101 17.112 17.158 17.226 17.250 17.351 17.451 17.506 17.598 17.614 17.678 17.766 17.808 18.072 18.578 18.727
Average reader duration: 17.2583 nanoseconds
Minimum reader duration: 16.605
Median reader duration: 17.085
Maximum reader duration: 18.727
Run for refcnt with 160 CPUs
Points: 4732.024 4837.482 4896.547 4935.250 4984.638 5086.235 5139.791 5162.684 5223.942 5262.322 5334.892 5337.428 5345.605 5349.332 5353.022 5393.593 5411.522 5425.349 5436.902 5501.779 5511.334 5540.539 5554.975 5650.667 5687.708 5802.836 5912.855 5936.404 5936.529 5992.818
Average reader duration: 5389.23 nanoseconds
Minimum reader duration: 4732.024
Median reader duration: 5351.18
Maximum reader duration: 5992.818
Run for rwlock with 160 CPUs
Points: 5088.152 5184.996 5186.789 5264.710 5403.953 5584.382 5622.485 5636.016 5646.051 5686.270 5686.694 5779.970 5829.630 5874.849 5894.217 5915.154 5918.350 5919.281 5930.675 5931.864 5962.566 6022.109 6022.440 6031.948 6066.796 6086.452 6159.274 6188.059 6225.837 6557.531
Average reader duration: 5810.25 nanoseconds
Minimum reader duration: 5088.152
Median reader duration: 5884.53
Maximum reader duration: 6557.531
Run for rwsem with 160 CPUs
Points: 11465.003 11537.090 11829.524 11924.535 12063.843 12215.029 12553.871 12593.204 12648.168 12692.181 12737.119 12789.412 12939.759 12942.379 13051.692 13071.394 13099.091 13100.074 13138.843 13138.970 13145.116 13217.930 13218.776 13232.011 13240.397 13252.480 13309.675 13364.313 13442.126 13485.084
Average reader duration: 12814.6 nanoseconds
Minimum reader duration: 11465.003
Median reader duration: 12997
Maximum reader duration: 13485.084
Run for rcu with 192 CPUs
Points: 0.327 0.333 0.334 0.334 0.335 0.340 0.341 0.345 0.345 0.349 0.352 0.356 0.358 0.361 0.362 0.363 0.366 0.372 0.374 0.374 0.375 0.377 0.380 0.384 0.392 0.412 0.423 0.431 0.432 0.492
Average reader duration: 0.370633 nanoseconds
Minimum reader duration: 0.327
Median reader duration: 0.3615
Maximum reader duration: 0.492
Run for srcu with 192 CPUs
Points: 17.265 17.308 17.479 17.525 17.530 17.532 17.565 17.679 17.682 17.693 17.702 17.703 17.804 17.812 17.843 17.916 17.925 17.927 18.000 18.020 18.041 18.087 18.107 18.121 18.162 18.244 18.281 18.301 18.606 18.613
Average reader duration: 17.8824 nanoseconds
Minimum reader duration: 17.265
Median reader duration: 17.8275
Maximum reader duration: 18.613
Run for refcnt with 192 CPUs
Points: 6025.066 6509.871 6559.810 6699.356 6822.745 6834.435 6845.436 6859.224 6896.143 6922.285 6939.476 6974.694 6990.319 6997.448 7012.278 7069.533 7085.688 7096.189 7119.994 7126.113 7131.645 7155.662 7164.806 7172.060 7200.944 7201.591 7253.100 7279.783 7335.502 7352.903
Average reader duration: 6987.8 nanoseconds
Minimum reader duration: 6025.066
Median reader duration: 7004.86
Maximum reader duration: 7352.903
Run for rwlock with 192 CPUs
Points: 7074.775 7077.563 7127.386 7129.435 7131.390 7144.069 7150.690 7155.446 7174.139 7184.503 7196.754 7217.128 7241.913 7286.467 7287.779 7290.731 7312.281 7323.238 7330.479 7336.272 7349.165 7354.484 7362.099 7366.989 7369.709 7437.860 7445.162 7447.949 7457.741 7474.344
Average reader duration: 7274.6 nanoseconds
Minimum reader duration: 7074.775
Median reader duration: 7287.12
Maximum reader duration: 7474.344
Run for rwsem with 192 CPUs
Points: 13718.457 13874.581 14044.034 14287.767 14330.564 14373.331 14396.790 14729.840 14778.590 14927.949 14941.363 14980.088 15027.164 15062.043 15118.845 15123.518 15163.290 15371.020 15373.560 15478.407 15482.451 15596.967 15610.581 15695.923 15916.438 15939.911 16033.874 16035.468 16061.411 16292.774
Average reader duration: 15125.6 nanoseconds
Minimum reader duration: 13718.457
Median reader duration: 15090.4
Maximum reader duration: 16292.774
