count_atomic 1 rperf 2
n_reads: 127707000  n_updates: 0  nreaders: 1  nupdaters: 0 duration: 240
ns/read: 1.8793  ns/update: nan
count_atomic 1 rperf 2
n_reads: 127689000  n_updates: 0  nreaders: 1  nupdaters: 0 duration: 240
ns/read: 1.87957  ns/update: nan
count_atomic 1 rperf 2
n_reads: 127659000  n_updates: 0  nreaders: 1  nupdaters: 0 duration: 240
ns/read: 1.88001  ns/update: nan
count_atomic 1 rperf 2
n_reads: 127658000  n_updates: 0  nreaders: 1  nupdaters: 0 duration: 240
ns/read: 1.88002  ns/update: nan
count_atomic 2 rperf 2
n_reads: 255313000  n_updates: 0  nreaders: 2  nupdaters: 0 duration: 240
ns/read: 1.88005  ns/update: nan
count_atomic 2 rperf 2
n_reads: 255295000  n_updates: 0  nreaders: 2  nupdaters: 0 duration: 240
ns/read: 1.88018  ns/update: nan
count_atomic 2 rperf 2
n_reads: 255305000  n_updates: 0  nreaders: 2  nupdaters: 0 duration: 240
ns/read: 1.8801  ns/update: nan
count_atomic 2 rperf 2
n_reads: 255299000  n_updates: 0  nreaders: 2  nupdaters: 0 duration: 240
ns/read: 1.88015  ns/update: nan
count_atomic 3 rperf 2
n_reads: 382940000  n_updates: 0  nreaders: 3  nupdaters: 0 duration: 240
ns/read: 1.88019  ns/update: nan
count_atomic 3 rperf 2
n_reads: 382959000  n_updates: 0  nreaders: 3  nupdaters: 0 duration: 240
ns/read: 1.8801  ns/update: nan
count_atomic 3 rperf 2
n_reads: 382927000  n_updates: 0  nreaders: 3  nupdaters: 0 duration: 240
ns/read: 1.88025  ns/update: nan
count_atomic 3 rperf 2
n_reads: 382930000  n_updates: 0  nreaders: 3  nupdaters: 0 duration: 240
ns/read: 1.88024  ns/update: nan
count_atomic 4 rperf 2
n_reads: 510661000  n_updates: 0  nreaders: 4  nupdaters: 0 duration: 240
ns/read: 1.87992  ns/update: nan
count_atomic 4 rperf 2
n_reads: 510441000  n_updates: 0  nreaders: 4  nupdaters: 0 duration: 240
ns/read: 1.88073  ns/update: nan
count_atomic 4 rperf 2
n_reads: 510512000  n_updates: 0  nreaders: 4  nupdaters: 0 duration: 240
ns/read: 1.88047  ns/update: nan
count_atomic 4 rperf 2
n_reads: 510674000  n_updates: 0  nreaders: 4  nupdaters: 0 duration: 240
ns/read: 1.87987  ns/update: nan
count_atomic 5 rperf 2
n_reads: 638121000  n_updates: 0  nreaders: 5  nupdaters: 0 duration: 240
ns/read: 1.88052  ns/update: nan
count_atomic 5 rperf 2
n_reads: 638051000  n_updates: 0  nreaders: 5  nupdaters: 0 duration: 240
ns/read: 1.88073  ns/update: nan
count_atomic 5 rperf 2
n_reads: 638036000  n_updates: 0  nreaders: 5  nupdaters: 0 duration: 240
ns/read: 1.88077  ns/update: nan
count_atomic 5 rperf 2
n_reads: 638043000  n_updates: 0  nreaders: 5  nupdaters: 0 duration: 240
ns/read: 1.88075  ns/update: nan
count_atomic 6 rperf 2
n_reads: 765569000  n_updates: 0  nreaders: 6  nupdaters: 0 duration: 240
ns/read: 1.88095  ns/update: nan
count_atomic 6 rperf 2
n_reads: 765585000  n_updates: 0  nreaders: 6  nupdaters: 0 duration: 240
ns/read: 1.88091  ns/update: nan
count_atomic 6 rperf 2
n_reads: 765243000  n_updates: 0  nreaders: 6  nupdaters: 0 duration: 240
ns/read: 1.88176  ns/update: nan
count_atomic 6 rperf 2
n_reads: 765582000  n_updates: 0  nreaders: 6  nupdaters: 0 duration: 240
ns/read: 1.88092  ns/update: nan
count_atomic 7 rperf 2
n_reads: 893070000  n_updates: 0  nreaders: 7  nupdaters: 0 duration: 240
ns/read: 1.88115  ns/update: nan
count_atomic 7 rperf 2
n_reads: 893245000  n_updates: 0  nreaders: 7  nupdaters: 0 duration: 240
ns/read: 1.88078  ns/update: nan
count_atomic 7 rperf 2
n_reads: 892958000  n_updates: 0  nreaders: 7  nupdaters: 0 duration: 240
ns/read: 1.88139  ns/update: nan
count_atomic 7 rperf 2
n_reads: 892963000  n_updates: 0  nreaders: 7  nupdaters: 0 duration: 240
ns/read: 1.88138  ns/update: nan
count_atomic 8 rperf 2
n_reads: 1020690000  n_updates: 0  nreaders: 8  nupdaters: 0 duration: 240
ns/read: 1.88108  ns/update: nan
count_atomic 8 rperf 2
n_reads: 1020994000  n_updates: 0  nreaders: 8  nupdaters: 0 duration: 240
ns/read: 1.88052  ns/update: nan
count_atomic 8 rperf 2
n_reads: 1019220000  n_updates: 0  nreaders: 8  nupdaters: 0 duration: 240
ns/read: 1.88379  ns/update: nan
count_atomic 8 rperf 2
n_reads: 1020625000  n_updates: 0  nreaders: 8  nupdaters: 0 duration: 240
ns/read: 1.8812  ns/update: nan
count_atomic 1 uperf 2
n_reads: 0  n_updates: 5036000  nreaders: 0  nupdaters: 1 duration: 240
ns/read: nan  ns/update: 47.6569
count_atomic 1 uperf 2
n_reads: 0  n_updates: 4966000  nreaders: 0  nupdaters: 1 duration: 240
ns/read: nan  ns/update: 48.3286
count_atomic 1 uperf 2
n_reads: 0  n_updates: 5471000  nreaders: 0  nupdaters: 1 duration: 240
ns/read: nan  ns/update: 43.8677
count_atomic 1 uperf 2
n_reads: 0  n_updates: 5047000  nreaders: 0  nupdaters: 1 duration: 240
ns/read: nan  ns/update: 47.553
count_atomic 2 uperf 2
n_reads: 0  n_updates: 4414000  nreaders: 0  nupdaters: 2 duration: 240
ns/read: nan  ns/update: 108.745
count_atomic 2 uperf 2
n_reads: 0  n_updates: 4425000  nreaders: 0  nupdaters: 2 duration: 240
ns/read: nan  ns/update: 108.475
count_atomic 2 uperf 2
n_reads: 0  n_updates: 4404000  nreaders: 0  nupdaters: 2 duration: 240
ns/read: nan  ns/update: 108.992
count_atomic 2 uperf 2
n_reads: 0  n_updates: 4436000  nreaders: 0  nupdaters: 2 duration: 240
ns/read: nan  ns/update: 108.206
count_atomic 3 uperf 2
n_reads: 0  n_updates: 3490000  nreaders: 0  nupdaters: 3 duration: 240
ns/read: nan  ns/update: 206.304
count_atomic 3 uperf 2
n_reads: 0  n_updates: 3306000  nreaders: 0  nupdaters: 3 duration: 240
ns/read: nan  ns/update: 217.786
count_atomic 3 uperf 2
n_reads: 0  n_updates: 3346000  nreaders: 0  nupdaters: 3 duration: 240
ns/read: nan  ns/update: 215.182
count_atomic 3 uperf 2
n_reads: 0  n_updates: 3503000  nreaders: 0  nupdaters: 3 duration: 240
ns/read: nan  ns/update: 205.538
count_atomic 4 uperf 2
n_reads: 0  n_updates: 2692000  nreaders: 0  nupdaters: 4 duration: 240
ns/read: nan  ns/update: 356.612
count_atomic 4 uperf 2
n_reads: 0  n_updates: 2800000  nreaders: 0  nupdaters: 4 duration: 240
ns/read: nan  ns/update: 342.857
count_atomic 4 uperf 2
n_reads: 0  n_updates: 2514000  nreaders: 0  nupdaters: 4 duration: 240
ns/read: nan  ns/update: 381.862
count_atomic 4 uperf 2
n_reads: 0  n_updates: 2648000  nreaders: 0  nupdaters: 4 duration: 240
ns/read: nan  ns/update: 362.538
count_atomic 5 uperf 2
n_reads: 0  n_updates: 2963000  nreaders: 0  nupdaters: 5 duration: 240
ns/read: nan  ns/update: 404.995
count_atomic 5 uperf 2
n_reads: 0  n_updates: 2838000  nreaders: 0  nupdaters: 5 duration: 240
ns/read: nan  ns/update: 422.833
count_atomic 5 uperf 2
n_reads: 0  n_updates: 2681000  nreaders: 0  nupdaters: 5 duration: 240
ns/read: nan  ns/update: 447.594
count_atomic 5 uperf 2
n_reads: 0  n_updates: 2864000  nreaders: 0  nupdaters: 5 duration: 240
ns/read: nan  ns/update: 418.994
count_atomic 6 uperf 2
n_reads: 0  n_updates: 3007000  nreaders: 0  nupdaters: 6 duration: 240
ns/read: nan  ns/update: 478.883
count_atomic 6 uperf 2
n_reads: 0  n_updates: 2904000  nreaders: 0  nupdaters: 6 duration: 240
ns/read: nan  ns/update: 495.868
count_atomic 6 uperf 2
n_reads: 0  n_updates: 2759000  nreaders: 0  nupdaters: 6 duration: 240
ns/read: nan  ns/update: 521.928
count_atomic 6 uperf 2
n_reads: 0  n_updates: 2831000  nreaders: 0  nupdaters: 6 duration: 240
ns/read: nan  ns/update: 508.654
count_atomic 7 uperf 2
n_reads: 0  n_updates: 2249000  nreaders: 0  nupdaters: 7 duration: 240
ns/read: nan  ns/update: 746.999
count_atomic 7 uperf 2
n_reads: 0  n_updates: 2464000  nreaders: 0  nupdaters: 7 duration: 240
ns/read: nan  ns/update: 681.818
count_atomic 7 uperf 2
n_reads: 0  n_updates: 2360000  nreaders: 0  nupdaters: 7 duration: 240
ns/read: nan  ns/update: 711.864
count_atomic 7 uperf 2
n_reads: 0  n_updates: 2290000  nreaders: 0  nupdaters: 7 duration: 240
ns/read: nan  ns/update: 733.624
count_atomic 8 uperf 2
n_reads: 0  n_updates: 2386000  nreaders: 0  nupdaters: 8 duration: 240
ns/read: nan  ns/update: 804.694
count_atomic 8 uperf 2
n_reads: 0  n_updates: 2428000  nreaders: 0  nupdaters: 8 duration: 240
ns/read: nan  ns/update: 790.774
count_atomic 8 uperf 2
n_reads: 0  n_updates: 2452000  nreaders: 0  nupdaters: 8 duration: 240
ns/read: nan  ns/update: 783.034
count_atomic 8 uperf 2
n_reads: 0  n_updates: 2473000  nreaders: 0  nupdaters: 8 duration: 240
ns/read: nan  ns/update: 776.385
count_end 1 rperf 2
n_reads: 1878000  n_updates: 0  nreaders: 1  nupdaters: 0 duration: 240
ns/read: 127.796  ns/update: nan
count_end 1 rperf 2
n_reads: 1831000  n_updates: 0  nreaders: 1  nupdaters: 0 duration: 240
ns/read: 131.076  ns/update: nan
count_end 1 rperf 2
n_reads: 1563000  n_updates: 0  nreaders: 1  nupdaters: 0 duration: 240
ns/read: 153.551  ns/update: nan
count_end 1 rperf 2
n_reads: 1831000  n_updates: 0  nreaders: 1  nupdaters: 0 duration: 240
ns/read: 131.076  ns/update: nan
count_end 2 rperf 2
n_reads: 808000  n_updates: 0  nreaders: 2  nupdaters: 0 duration: 240
ns/read: 594.059  ns/update: nan
count_end 2 rperf 2
n_reads: 819000  n_updates: 0  nreaders: 2  nupdaters: 0 duration: 240
ns/read: 586.081  ns/update: nan
count_end 2 rperf 2
n_reads: 811000  n_updates: 0  nreaders: 2  nupdaters: 0 duration: 240
ns/read: 591.862  ns/update: nan
count_end 2 rperf 2
n_reads: 787000  n_updates: 0  nreaders: 2  nupdaters: 0 duration: 240
ns/read: 609.911  ns/update: nan
count_end 3 rperf 2
n_reads: 557000  n_updates: 0  nreaders: 3  nupdaters: 0 duration: 240
ns/read: 1292.64  ns/update: nan
count_end 3 rperf 2
n_reads: 653000  n_updates: 0  nreaders: 3  nupdaters: 0 duration: 240
ns/read: 1102.6  ns/update: nan
count_end 3 rperf 2
n_reads: 656000  n_updates: 0  nreaders: 3  nupdaters: 0 duration: 240
ns/read: 1097.56  ns/update: nan
count_end 3 rperf 2
n_reads: 653000  n_updates: 0  nreaders: 3  nupdaters: 0 duration: 240
ns/read: 1102.6  ns/update: nan
count_end 4 rperf 2
n_reads: 617000  n_updates: 0  nreaders: 4  nupdaters: 0 duration: 240
ns/read: 1555.92  ns/update: nan
count_end 4 rperf 2
n_reads: 570000  n_updates: 0  nreaders: 4  nupdaters: 0 duration: 240
ns/read: 1684.21  ns/update: nan
count_end 4 rperf 2
n_reads: 594000  n_updates: 0  nreaders: 4  nupdaters: 0 duration: 240
ns/read: 1616.16  ns/update: nan
count_end 4 rperf 2
n_reads: 616000  n_updates: 0  nreaders: 4  nupdaters: 0 duration: 240
ns/read: 1558.44  ns/update: nan
count_end 5 rperf 2
n_reads: 511000  n_updates: 0  nreaders: 5  nupdaters: 0 duration: 240
ns/read: 2348.34  ns/update: nan
count_end 5 rperf 2
n_reads: 514000  n_updates: 0  nreaders: 5  nupdaters: 0 duration: 240
ns/read: 2334.63  ns/update: nan
count_end 5 rperf 2
n_reads: 506000  n_updates: 0  nreaders: 5  nupdaters: 0 duration: 240
ns/read: 2371.54  ns/update: nan
count_end 5 rperf 2
n_reads: 516000  n_updates: 0  nreaders: 5  nupdaters: 0 duration: 240
ns/read: 2325.58  ns/update: nan
count_end 6 rperf 2
n_reads: 531000  n_updates: 0  nreaders: 6  nupdaters: 0 duration: 240
ns/read: 2711.86  ns/update: nan
count_end 6 rperf 2
n_reads: 542000  n_updates: 0  nreaders: 6  nupdaters: 0 duration: 240
ns/read: 2656.83  ns/update: nan
count_end 6 rperf 2
n_reads: 510000  n_updates: 0  nreaders: 6  nupdaters: 0 duration: 240
ns/read: 2823.53  ns/update: nan
count_end 6 rperf 2
n_reads: 515000  n_updates: 0  nreaders: 6  nupdaters: 0 duration: 240
ns/read: 2796.12  ns/update: nan
count_end 7 rperf 2
n_reads: 522000  n_updates: 0  nreaders: 7  nupdaters: 0 duration: 240
ns/read: 3218.39  ns/update: nan
count_end 7 rperf 2
n_reads: 508000  n_updates: 0  nreaders: 7  nupdaters: 0 duration: 240
ns/read: 3307.09  ns/update: nan
count_end 7 rperf 2
n_reads: 521000  n_updates: 0  nreaders: 7  nupdaters: 0 duration: 240
ns/read: 3224.57  ns/update: nan
count_end 7 rperf 2
n_reads: 542000  n_updates: 0  nreaders: 7  nupdaters: 0 duration: 240
ns/read: 3099.63  ns/update: nan
count_end 8 rperf 2
n_reads: 539000  n_updates: 0  nreaders: 8  nupdaters: 0 duration: 240
ns/read: 3562.15  ns/update: nan
count_end 8 rperf 2
n_reads: 530000  n_updates: 0  nreaders: 8  nupdaters: 0 duration: 240
ns/read: 3622.64  ns/update: nan
count_end 8 rperf 2
n_reads: 547000  n_updates: 0  nreaders: 8  nupdaters: 0 duration: 240
ns/read: 3510.05  ns/update: nan
count_end 8 rperf 2
n_reads: 524000  n_updates: 0  nreaders: 8  nupdaters: 0 duration: 240
ns/read: 3664.12  ns/update: nan
count_end 1 uperf 2
n_reads: 0  n_updates: 30291000  nreaders: 0  nupdaters: 1 duration: 240
ns/read: nan  ns/update: 7.92315
count_end 1 uperf 2
n_reads: 0  n_updates: 30195000  nreaders: 0  nupdaters: 1 duration: 240
ns/read: nan  ns/update: 7.94834
count_end 1 uperf 2
n_reads: 0  n_updates: 30260000  nreaders: 0  nupdaters: 1 duration: 240
ns/read: nan  ns/update: 7.93126
count_end 1 uperf 2
n_reads: 0  n_updates: 30269000  nreaders: 0  nupdaters: 1 duration: 240
ns/read: nan  ns/update: 7.9289
count_end 2 uperf 2
n_reads: 0  n_updates: 60434000  nreaders: 0  nupdaters: 2 duration: 240
ns/read: nan  ns/update: 7.94255
count_end 2 uperf 2
n_reads: 0  n_updates: 60399000  nreaders: 0  nupdaters: 2 duration: 240
ns/read: nan  ns/update: 7.94715
count_end 2 uperf 2
n_reads: 0  n_updates: 60402000  nreaders: 0  nupdaters: 2 duration: 240
ns/read: nan  ns/update: 7.94676
count_end 2 uperf 2
n_reads: 0  n_updates: 60524000  nreaders: 0  nupdaters: 2 duration: 240
ns/read: nan  ns/update: 7.93074
count_end 3 uperf 2
n_reads: 0  n_updates: 90268000  nreaders: 0  nupdaters: 3 duration: 240
ns/read: nan  ns/update: 7.97625
count_end 3 uperf 2
n_reads: 0  n_updates: 90239000  nreaders: 0  nupdaters: 3 duration: 240
ns/read: nan  ns/update: 7.97881
count_end 3 uperf 2
n_reads: 0  n_updates: 90522000  nreaders: 0  nupdaters: 3 duration: 240
ns/read: nan  ns/update: 7.95387
count_end 3 uperf 2
n_reads: 0  n_updates: 90289000  nreaders: 0  nupdaters: 3 duration: 240
ns/read: nan  ns/update: 7.97439
count_end 4 uperf 2
n_reads: 0  n_updates: 120043000  nreaders: 0  nupdaters: 4 duration: 240
ns/read: nan  ns/update: 7.99713
count_end 4 uperf 2
n_reads: 0  n_updates: 119464000  nreaders: 0  nupdaters: 4 duration: 240
ns/read: nan  ns/update: 8.03589
count_end 4 uperf 2
n_reads: 0  n_updates: 119901000  nreaders: 0  nupdaters: 4 duration: 240
ns/read: nan  ns/update: 8.00661
count_end 4 uperf 2
n_reads: 0  n_updates: 120180000  nreaders: 0  nupdaters: 4 duration: 240
ns/read: nan  ns/update: 7.98802
count_end 5 uperf 2
n_reads: 0  n_updates: 149321000  nreaders: 0  nupdaters: 5 duration: 240
ns/read: nan  ns/update: 8.03638
count_end 5 uperf 2
n_reads: 0  n_updates: 149463000  nreaders: 0  nupdaters: 5 duration: 240
ns/read: nan  ns/update: 8.02874
count_end 5 uperf 2
n_reads: 0  n_updates: 147421000  nreaders: 0  nupdaters: 5 duration: 240
ns/read: nan  ns/update: 8.13995
count_end 5 uperf 2
n_reads: 0  n_updates: 149959000  nreaders: 0  nupdaters: 5 duration: 240
ns/read: nan  ns/update: 8.00219
count_end 6 uperf 2
n_reads: 0  n_updates: 177065000  nreaders: 0  nupdaters: 6 duration: 240
ns/read: nan  ns/update: 8.13261
count_end 6 uperf 2
n_reads: 0  n_updates: 180353000  nreaders: 0  nupdaters: 6 duration: 240
ns/read: nan  ns/update: 7.98434
count_end 6 uperf 2
n_reads: 0  n_updates: 179780000  nreaders: 0  nupdaters: 6 duration: 240
ns/read: nan  ns/update: 8.00979
count_end 6 uperf 2
n_reads: 0  n_updates: 177166000  nreaders: 0  nupdaters: 6 duration: 240
ns/read: nan  ns/update: 8.12797
count_end 7 uperf 2
n_reads: 0  n_updates: 209978000  nreaders: 0  nupdaters: 7 duration: 240
ns/read: nan  ns/update: 8.00084
count_end 7 uperf 2
n_reads: 0  n_updates: 207650000  nreaders: 0  nupdaters: 7 duration: 240
ns/read: nan  ns/update: 8.09054
count_end 7 uperf 2
n_reads: 0  n_updates: 209557000  nreaders: 0  nupdaters: 7 duration: 240
ns/read: nan  ns/update: 8.01691
count_end 7 uperf 2
n_reads: 0  n_updates: 203884000  nreaders: 0  nupdaters: 7 duration: 240
ns/read: nan  ns/update: 8.23998
count_end 8 uperf 2
n_reads: 0  n_updates: 237528000  nreaders: 0  nupdaters: 8 duration: 240
ns/read: nan  ns/update: 8.08326
count_end 8 uperf 2
n_reads: 0  n_updates: 236971000  nreaders: 0  nupdaters: 8 duration: 240
ns/read: nan  ns/update: 8.10226
count_end 8 uperf 2
n_reads: 0  n_updates: 232024000  nreaders: 0  nupdaters: 8 duration: 240
ns/read: nan  ns/update: 8.27501
count_end 8 uperf 2
n_reads: 0  n_updates: 236681000  nreaders: 0  nupdaters: 8 duration: 240
ns/read: nan  ns/update: 8.11218
count_nonatomic 1 rperf 2
n_reads: 127688000  n_updates: 0  nreaders: 1  nupdaters: 0 duration: 240
ns/read: 1.87958  ns/update: nan
count_nonatomic 1 rperf 2
n_reads: 127654000  n_updates: 0  nreaders: 1  nupdaters: 0 duration: 240
ns/read: 1.88008  ns/update: nan
count_nonatomic 1 rperf 2
n_reads: 127646000  n_updates: 0  nreaders: 1  nupdaters: 0 duration: 240
ns/read: 1.8802  ns/update: nan
count_nonatomic 1 rperf 2
n_reads: 127648000  n_updates: 0  nreaders: 1  nupdaters: 0 duration: 240
ns/read: 1.88017  ns/update: nan
count_nonatomic 2 rperf 2
n_reads: 255305000  n_updates: 0  nreaders: 2  nupdaters: 0 duration: 240
ns/read: 1.8801  ns/update: nan
count_nonatomic 2 rperf 2
n_reads: 255300000  n_updates: 0  nreaders: 2  nupdaters: 0 duration: 240
ns/read: 1.88014  ns/update: nan
count_nonatomic 2 rperf 2
n_reads: 255359000  n_updates: 0  nreaders: 2  nupdaters: 0 duration: 240
ns/read: 1.87971  ns/update: nan
count_nonatomic 2 rperf 2
n_reads: 255319000  n_updates: 0  nreaders: 2  nupdaters: 0 duration: 240
ns/read: 1.88  ns/update: nan
count_nonatomic 3 rperf 2
n_reads: 382938000  n_updates: 0  nreaders: 3  nupdaters: 0 duration: 240
ns/read: 1.8802  ns/update: nan
count_nonatomic 3 rperf 2
n_reads: 383017000  n_updates: 0  nreaders: 3  nupdaters: 0 duration: 240
ns/read: 1.87981  ns/update: nan
count_nonatomic 3 rperf 2
n_reads: 382975000  n_updates: 0  nreaders: 3  nupdaters: 0 duration: 240
ns/read: 1.88002  ns/update: nan
count_nonatomic 3 rperf 2
n_reads: 382956000  n_updates: 0  nreaders: 3  nupdaters: 0 duration: 240
ns/read: 1.88011  ns/update: nan
count_nonatomic 4 rperf 2
n_reads: 510468000  n_updates: 0  nreaders: 4  nupdaters: 0 duration: 240
ns/read: 1.88063  ns/update: nan
count_nonatomic 4 rperf 2
n_reads: 510579000  n_updates: 0  nreaders: 4  nupdaters: 0 duration: 240
ns/read: 1.88022  ns/update: nan
count_nonatomic 4 rperf 2
n_reads: 510538000  n_updates: 0  nreaders: 4  nupdaters: 0 duration: 240
ns/read: 1.88037  ns/update: nan
count_nonatomic 4 rperf 2
n_reads: 510529000  n_updates: 0  nreaders: 4  nupdaters: 0 duration: 240
ns/read: 1.8804  ns/update: nan
count_nonatomic 5 rperf 2
n_reads: 638281000  n_updates: 0  nreaders: 5  nupdaters: 0 duration: 240
ns/read: 1.88005  ns/update: nan
count_nonatomic 5 rperf 2
n_reads: 638110000  n_updates: 0  nreaders: 5  nupdaters: 0 duration: 240
ns/read: 1.88055  ns/update: nan
count_nonatomic 5 rperf 2
n_reads: 638036000  n_updates: 0  nreaders: 5  nupdaters: 0 duration: 240
ns/read: 1.88077  ns/update: nan
count_nonatomic 5 rperf 2
n_reads: 638249000  n_updates: 0  nreaders: 5  nupdaters: 0 duration: 240
ns/read: 1.88014  ns/update: nan
count_nonatomic 6 rperf 2
n_reads: 765563000  n_updates: 0  nreaders: 6  nupdaters: 0 duration: 240
ns/read: 1.88097  ns/update: nan
count_nonatomic 6 rperf 2
n_reads: 765607000  n_updates: 0  nreaders: 6  nupdaters: 0 duration: 240
ns/read: 1.88086  ns/update: nan
count_nonatomic 6 rperf 2
n_reads: 765701000  n_updates: 0  nreaders: 6  nupdaters: 0 duration: 240
ns/read: 1.88063  ns/update: nan
count_nonatomic 6 rperf 2
n_reads: 765110000  n_updates: 0  nreaders: 6  nupdaters: 0 duration: 240
ns/read: 1.88208  ns/update: nan
count_nonatomic 7 rperf 2
n_reads: 893102000  n_updates: 0  nreaders: 7  nupdaters: 0 duration: 240
ns/read: 1.88108  ns/update: nan
count_nonatomic 7 rperf 2
n_reads: 893297000  n_updates: 0  nreaders: 7  nupdaters: 0 duration: 240
ns/read: 1.88067  ns/update: nan
count_nonatomic 7 rperf 2
n_reads: 893024000  n_updates: 0  nreaders: 7  nupdaters: 0 duration: 240
ns/read: 1.88125  ns/update: nan
count_nonatomic 7 rperf 2
n_reads: 893137000  n_updates: 0  nreaders: 7  nupdaters: 0 duration: 240
ns/read: 1.88101  ns/update: nan
count_nonatomic 8 rperf 2
n_reads: 1020368000  n_updates: 0  nreaders: 8  nupdaters: 0 duration: 240
ns/read: 1.88167  ns/update: nan
count_nonatomic 8 rperf 2
n_reads: 1020380000  n_updates: 0  nreaders: 8  nupdaters: 0 duration: 240
ns/read: 1.88165  ns/update: nan
count_nonatomic 8 rperf 2
n_reads: 1020406000  n_updates: 0  nreaders: 8  nupdaters: 0 duration: 240
ns/read: 1.8816  ns/update: nan
count_nonatomic 8 rperf 2
n_reads: 1019286000  n_updates: 0  nreaders: 8  nupdaters: 0 duration: 240
ns/read: 1.88367  ns/update: nan
count_nonatomic 1 uperf 2
n_reads: 0  n_updates: 27264000  nreaders: 0  nupdaters: 1 duration: 240
ns/read: nan  ns/update: 8.80282
count_nonatomic 1 uperf 2
n_reads: 0  n_updates: 27323000  nreaders: 0  nupdaters: 1 duration: 240
ns/read: nan  ns/update: 8.78381
count_nonatomic 1 uperf 2
n_reads: 0  n_updates: 27285000  nreaders: 0  nupdaters: 1 duration: 240
ns/read: nan  ns/update: 8.79604
count_nonatomic 1 uperf 2
n_reads: 0  n_updates: 27259000  nreaders: 0  nupdaters: 1 duration: 240
ns/read: nan  ns/update: 8.80443
count_nonatomic 2 uperf 2
!!! Count mismatch: 57440000 counted vs. 31423104 final value
n_reads: 0  n_updates: 57440000  nreaders: 0  nupdaters: 2 duration: 240
ns/read: nan  ns/update: 8.35655
count_nonatomic 2 uperf 2
!!! Count mismatch: 58066000 counted vs. 31572520 final value
n_reads: 0  n_updates: 58066000  nreaders: 0  nupdaters: 2 duration: 240
ns/read: nan  ns/update: 8.26646
count_nonatomic 2 uperf 2
!!! Count mismatch: 57404000 counted vs. 31319386 final value
n_reads: 0  n_updates: 57404000  nreaders: 0  nupdaters: 2 duration: 240
ns/read: nan  ns/update: 8.36179
count_nonatomic 2 uperf 2
!!! Count mismatch: 57652000 counted vs. 31465180 final value
n_reads: 0  n_updates: 57652000  nreaders: 0  nupdaters: 2 duration: 240
ns/read: nan  ns/update: 8.32582
count_nonatomic 3 uperf 2
!!! Count mismatch: 75885000 counted vs. 25912998 final value
n_reads: 0  n_updates: 75885000  nreaders: 0  nupdaters: 3 duration: 240
ns/read: nan  ns/update: 9.48804
count_nonatomic 3 uperf 2
!!! Count mismatch: 75921000 counted vs. 27794945 final value
n_reads: 0  n_updates: 75921000  nreaders: 0  nupdaters: 3 duration: 240
ns/read: nan  ns/update: 9.48354
count_nonatomic 3 uperf 2
!!! Count mismatch: 74780000 counted vs. 25441247 final value
n_reads: 0  n_updates: 74780000  nreaders: 0  nupdaters: 3 duration: 240
ns/read: nan  ns/update: 9.62824
count_nonatomic 3 uperf 2
!!! Count mismatch: 80631000 counted vs. 27834821 final value
n_reads: 0  n_updates: 80631000  nreaders: 0  nupdaters: 3 duration: 240
ns/read: nan  ns/update: 8.92957
count_nonatomic 4 uperf 2
!!! Count mismatch: 87030000 counted vs. 23334279 final value
n_reads: 0  n_updates: 87030000  nreaders: 0  nupdaters: 4 duration: 240
ns/read: nan  ns/update: 11.0307
count_nonatomic 4 uperf 2
!!! Count mismatch: 94878000 counted vs. 26370162 final value
n_reads: 0  n_updates: 94878000  nreaders: 0  nupdaters: 4 duration: 240
ns/read: nan  ns/update: 10.1183
count_nonatomic 4 uperf 2
!!! Count mismatch: 89739000 counted vs. 23791128 final value
n_reads: 0  n_updates: 89739000  nreaders: 0  nupdaters: 4 duration: 240
ns/read: nan  ns/update: 10.6977
count_nonatomic 4 uperf 2
!!! Count mismatch: 103412000 counted vs. 27433156 final value
n_reads: 0  n_updates: 103412000  nreaders: 0  nupdaters: 4 duration: 240
ns/read: nan  ns/update: 9.28326
count_nonatomic 5 uperf 2
!!! Count mismatch: 122569000 counted vs. 26142912 final value
n_reads: 0  n_updates: 122569000  nreaders: 0  nupdaters: 5 duration: 240
ns/read: nan  ns/update: 9.7904
count_nonatomic 5 uperf 2
!!! Count mismatch: 113425000 counted vs. 26397346 final value
n_reads: 0  n_updates: 113425000  nreaders: 0  nupdaters: 5 duration: 240
ns/read: nan  ns/update: 10.5797
count_nonatomic 5 uperf 2
!!! Count mismatch: 111462000 counted vs. 24567556 final value
n_reads: 0  n_updates: 111462000  nreaders: 0  nupdaters: 5 duration: 240
ns/read: nan  ns/update: 10.766
count_nonatomic 5 uperf 2
!!! Count mismatch: 126308000 counted vs. 28440925 final value
n_reads: 0  n_updates: 126308000  nreaders: 0  nupdaters: 5 duration: 240
ns/read: nan  ns/update: 9.50059
count_nonatomic 6 uperf 2
!!! Count mismatch: 132667000 counted vs. 25711844 final value
n_reads: 0  n_updates: 132667000  nreaders: 0  nupdaters: 6 duration: 240
ns/read: nan  ns/update: 10.8542
count_nonatomic 6 uperf 2
!!! Count mismatch: 137830000 counted vs. 26830078 final value
n_reads: 0  n_updates: 137830000  nreaders: 0  nupdaters: 6 duration: 240
ns/read: nan  ns/update: 10.4477
count_nonatomic 6 uperf 2
!!! Count mismatch: 135027000 counted vs. 26125937 final value
n_reads: 0  n_updates: 135027000  nreaders: 0  nupdaters: 6 duration: 240
ns/read: nan  ns/update: 10.6645
count_nonatomic 6 uperf 2
!!! Count mismatch: 141061000 counted vs. 25454723 final value
n_reads: 0  n_updates: 141061000  nreaders: 0  nupdaters: 6 duration: 240
ns/read: nan  ns/update: 10.2083
count_nonatomic 7 uperf 2
!!! Count mismatch: 155419000 counted vs. 23508141 final value
n_reads: 0  n_updates: 155419000  nreaders: 0  nupdaters: 7 duration: 240
ns/read: nan  ns/update: 10.8095
count_nonatomic 7 uperf 2
!!! Count mismatch: 156730000 counted vs. 24929610 final value
n_reads: 0  n_updates: 156730000  nreaders: 0  nupdaters: 7 duration: 240
ns/read: nan  ns/update: 10.7191
count_nonatomic 7 uperf 2
!!! Count mismatch: 160521000 counted vs. 26341536 final value
n_reads: 0  n_updates: 160521000  nreaders: 0  nupdaters: 7 duration: 240
ns/read: nan  ns/update: 10.4659
count_nonatomic 7 uperf 2
!!! Count mismatch: 149667000 counted vs. 23365176 final value
n_reads: 0  n_updates: 149667000  nreaders: 0  nupdaters: 7 duration: 240
ns/read: nan  ns/update: 11.2249
count_nonatomic 8 uperf 2
!!! Count mismatch: 178771000 counted vs. 26300610 final value
n_reads: 0  n_updates: 178771000  nreaders: 0  nupdaters: 8 duration: 240
ns/read: nan  ns/update: 10.74
count_nonatomic 8 uperf 2
!!! Count mismatch: 175995000 counted vs. 25101139 final value
n_reads: 0  n_updates: 175995000  nreaders: 0  nupdaters: 8 duration: 240
ns/read: nan  ns/update: 10.9094
count_nonatomic 8 uperf 2
!!! Count mismatch: 175298000 counted vs. 24211174 final value
n_reads: 0  n_updates: 175298000  nreaders: 0  nupdaters: 8 duration: 240
ns/read: nan  ns/update: 10.9528
count_nonatomic 8 uperf 2
!!! Count mismatch: 179222000 counted vs. 26377959 final value
n_reads: 0  n_updates: 179222000  nreaders: 0  nupdaters: 8 duration: 240
ns/read: nan  ns/update: 10.713
count_stat 1 rperf 2
n_reads: 127802000  n_updates: 0  nreaders: 1  nupdaters: 0 duration: 240
ns/read: 1.8779  ns/update: nan
count_stat 1 rperf 2
n_reads: 127754000  n_updates: 0  nreaders: 1  nupdaters: 0 duration: 240
ns/read: 1.87861  ns/update: nan
count_stat 1 rperf 2
n_reads: 127774000  n_updates: 0  nreaders: 1  nupdaters: 0 duration: 240
ns/read: 1.87832  ns/update: nan
count_stat 1 rperf 2
n_reads: 127746000  n_updates: 0  nreaders: 1  nupdaters: 0 duration: 240
ns/read: 1.87873  ns/update: nan
count_stat 2 rperf 2
n_reads: 255520000  n_updates: 0  nreaders: 2  nupdaters: 0 duration: 240
ns/read: 1.87852  ns/update: nan
count_stat 2 rperf 2
n_reads: 255540000  n_updates: 0  nreaders: 2  nupdaters: 0 duration: 240
ns/read: 1.87838  ns/update: nan
count_stat 2 rperf 2
n_reads: 255593000  n_updates: 0  nreaders: 2  nupdaters: 0 duration: 240
ns/read: 1.87799  ns/update: nan
count_stat 2 rperf 2
n_reads: 255542000  n_updates: 0  nreaders: 2  nupdaters: 0 duration: 240
ns/read: 1.87836  ns/update: nan
count_stat 3 rperf 2
n_reads: 383294000  n_updates: 0  nreaders: 3  nupdaters: 0 duration: 240
ns/read: 1.87845  ns/update: nan
count_stat 3 rperf 2
n_reads: 383245000  n_updates: 0  nreaders: 3  nupdaters: 0 duration: 240
ns/read: 1.87869  ns/update: nan
count_stat 3 rperf 2
n_reads: 383281000  n_updates: 0  nreaders: 3  nupdaters: 0 duration: 240
ns/read: 1.87852  ns/update: nan
count_stat 3 rperf 2
n_reads: 383261000  n_updates: 0  nreaders: 3  nupdaters: 0 duration: 240
ns/read: 1.87862  ns/update: nan
count_stat 4 rperf 2
n_reads: 511021000  n_updates: 0  nreaders: 4  nupdaters: 0 duration: 240
ns/read: 1.87859  ns/update: nan
count_stat 4 rperf 2
n_reads: 511062000  n_updates: 0  nreaders: 4  nupdaters: 0 duration: 240
ns/read: 1.87844  ns/update: nan
count_stat 4 rperf 2
n_reads: 510973000  n_updates: 0  nreaders: 4  nupdaters: 0 duration: 240
ns/read: 1.87877  ns/update: nan
count_stat 4 rperf 2
n_reads: 511005000  n_updates: 0  nreaders: 4  nupdaters: 0 duration: 240
ns/read: 1.87865  ns/update: nan
count_stat 5 rperf 2
n_reads: 638626000  n_updates: 0  nreaders: 5  nupdaters: 0 duration: 240
ns/read: 1.87903  ns/update: nan
count_stat 5 rperf 2
n_reads: 638534000  n_updates: 0  nreaders: 5  nupdaters: 0 duration: 240
ns/read: 1.8793  ns/update: nan
count_stat 5 rperf 2
n_reads: 638645000  n_updates: 0  nreaders: 5  nupdaters: 0 duration: 240
ns/read: 1.87898  ns/update: nan
count_stat 5 rperf 2
n_reads: 638805000  n_updates: 0  nreaders: 5  nupdaters: 0 duration: 240
ns/read: 1.87851  ns/update: nan
count_stat 6 rperf 2
n_reads: 766224000  n_updates: 0  nreaders: 6  nupdaters: 0 duration: 240
ns/read: 1.87935  ns/update: nan
count_stat 6 rperf 2
n_reads: 766268000  n_updates: 0  nreaders: 6  nupdaters: 0 duration: 240
ns/read: 1.87924  ns/update: nan
count_stat 6 rperf 2
n_reads: 766332000  n_updates: 0  nreaders: 6  nupdaters: 0 duration: 240
ns/read: 1.87908  ns/update: nan
count_stat 6 rperf 2
n_reads: 766342000  n_updates: 0  nreaders: 6  nupdaters: 0 duration: 240
ns/read: 1.87906  ns/update: nan
count_stat 7 rperf 2
n_reads: 893801000  n_updates: 0  nreaders: 7  nupdaters: 0 duration: 240
ns/read: 1.87961  ns/update: nan
count_stat 7 rperf 2
n_reads: 893730000  n_updates: 0  nreaders: 7  nupdaters: 0 duration: 240
ns/read: 1.87976  ns/update: nan
count_stat 7 rperf 2
n_reads: 893899000  n_updates: 0  nreaders: 7  nupdaters: 0 duration: 240
ns/read: 1.87941  ns/update: nan
count_stat 7 rperf 2
n_reads: 893832000  n_updates: 0  nreaders: 7  nupdaters: 0 duration: 240
ns/read: 1.87955  ns/update: nan
count_stat 8 rperf 2
n_reads: 1021376000  n_updates: 0  nreaders: 8  nupdaters: 0 duration: 240
ns/read: 1.87982  ns/update: nan
count_stat 8 rperf 2
n_reads: 1021638000  n_updates: 0  nreaders: 8  nupdaters: 0 duration: 240
ns/read: 1.87933  ns/update: nan
count_stat 8 rperf 2
n_reads: 1020210000  n_updates: 0  nreaders: 8  nupdaters: 0 duration: 240
ns/read: 1.88197  ns/update: nan
count_stat 8 rperf 2
n_reads: 1021389000  n_updates: 0  nreaders: 8  nupdaters: 0 duration: 240
ns/read: 1.87979  ns/update: nan
count_stat 1 uperf 2
n_reads: 0  n_updates: 18728000  nreaders: 0  nupdaters: 1 duration: 240
ns/read: nan  ns/update: 12.815
count_stat 1 uperf 2
n_reads: 0  n_updates: 18721000  nreaders: 0  nupdaters: 1 duration: 240
ns/read: nan  ns/update: 12.8198
count_stat 1 uperf 2
n_reads: 0  n_updates: 18726000  nreaders: 0  nupdaters: 1 duration: 240
ns/read: nan  ns/update: 12.8164
count_stat 1 uperf 2
n_reads: 0  n_updates: 18726000  nreaders: 0  nupdaters: 1 duration: 240
ns/read: nan  ns/update: 12.8164
count_stat 2 uperf 2
n_reads: 0  n_updates: 37115000  nreaders: 0  nupdaters: 2 duration: 240
ns/read: nan  ns/update: 12.9328
count_stat 2 uperf 2
n_reads: 0  n_updates: 37198000  nreaders: 0  nupdaters: 2 duration: 240
ns/read: nan  ns/update: 12.9039
count_stat 2 uperf 2
n_reads: 0  n_updates: 37179000  nreaders: 0  nupdaters: 2 duration: 240
ns/read: nan  ns/update: 12.9105
count_stat 2 uperf 2
n_reads: 0  n_updates: 37156000  nreaders: 0  nupdaters: 2 duration: 240
ns/read: nan  ns/update: 12.9185
count_stat 3 uperf 2
n_reads: 0  n_updates: 54785000  nreaders: 0  nupdaters: 3 duration: 240
ns/read: nan  ns/update: 13.1423
count_stat 3 uperf 2
n_reads: 0  n_updates: 54088000  nreaders: 0  nupdaters: 3 duration: 240
ns/read: nan  ns/update: 13.3116
count_stat 3 uperf 2
n_reads: 0  n_updates: 55713000  nreaders: 0  nupdaters: 3 duration: 240
ns/read: nan  ns/update: 12.9234
count_stat 3 uperf 2
n_reads: 0  n_updates: 54785000  nreaders: 0  nupdaters: 3 duration: 240
ns/read: nan  ns/update: 13.1423
count_stat 4 uperf 2
n_reads: 0  n_updates: 72716000  nreaders: 0  nupdaters: 4 duration: 240
ns/read: nan  ns/update: 13.202
count_stat 4 uperf 2
n_reads: 0  n_updates: 72215000  nreaders: 0  nupdaters: 4 duration: 240
ns/read: nan  ns/update: 13.2936
count_stat 4 uperf 2
n_reads: 0  n_updates: 71878000  nreaders: 0  nupdaters: 4 duration: 240
ns/read: nan  ns/update: 13.356
count_stat 4 uperf 2
n_reads: 0  n_updates: 72887000  nreaders: 0  nupdaters: 4 duration: 240
ns/read: nan  ns/update: 13.1711
count_stat 5 uperf 2
n_reads: 0  n_updates: 87221000  nreaders: 0  nupdaters: 5 duration: 240
ns/read: nan  ns/update: 13.7582
count_stat 5 uperf 2
n_reads: 0  n_updates: 90138000  nreaders: 0  nupdaters: 5 duration: 240
ns/read: nan  ns/update: 13.3129
count_stat 5 uperf 2
n_reads: 0  n_updates: 91068000  nreaders: 0  nupdaters: 5 duration: 240
ns/read: nan  ns/update: 13.177
count_stat 5 uperf 2
n_reads: 0  n_updates: 86711000  nreaders: 0  nupdaters: 5 duration: 240
ns/read: nan  ns/update: 13.8391
count_stat 6 uperf 2
n_reads: 0  n_updates: 108148000  nreaders: 0  nupdaters: 6 duration: 240
ns/read: nan  ns/update: 13.3151
count_stat 6 uperf 2
n_reads: 0  n_updates: 107480000  nreaders: 0  nupdaters: 6 duration: 240
ns/read: nan  ns/update: 13.3978
count_stat 6 uperf 2
n_reads: 0  n_updates: 105545000  nreaders: 0  nupdaters: 6 duration: 240
ns/read: nan  ns/update: 13.6435
count_stat 6 uperf 2
n_reads: 0  n_updates: 107632000  nreaders: 0  nupdaters: 6 duration: 240
ns/read: nan  ns/update: 13.3789
count_stat 7 uperf 2
n_reads: 0  n_updates: 124076000  nreaders: 0  nupdaters: 7 duration: 240
ns/read: nan  ns/update: 13.5401
count_stat 7 uperf 2
n_reads: 0  n_updates: 125757000  nreaders: 0  nupdaters: 7 duration: 240
ns/read: nan  ns/update: 13.3591
count_stat 7 uperf 2
n_reads: 0  n_updates: 127422000  nreaders: 0  nupdaters: 7 duration: 240
ns/read: nan  ns/update: 13.1845
count_stat 7 uperf 2
n_reads: 0  n_updates: 121467000  nreaders: 0  nupdaters: 7 duration: 240
ns/read: nan  ns/update: 13.8309
count_stat 8 uperf 2
n_reads: 0  n_updates: 143659000  nreaders: 0  nupdaters: 8 duration: 240
ns/read: nan  ns/update: 13.365
count_stat 8 uperf 2
n_reads: 0  n_updates: 144138000  nreaders: 0  nupdaters: 8 duration: 240
ns/read: nan  ns/update: 13.3206
count_stat 8 uperf 2
n_reads: 0  n_updates: 143023000  nreaders: 0  nupdaters: 8 duration: 240
ns/read: nan  ns/update: 13.4244
count_stat 8 uperf 2
n_reads: 0  n_updates: 145775000  nreaders: 0  nupdaters: 8 duration: 240
ns/read: nan  ns/update: 13.171
