nohup: ignoring input
count_atomic 1 rperf 1
n_reads: 323199000  n_updates: 0  nreaders: 1  nupdaters: 0 duration: 240
ns/read: 0.742577  ns/update: nan
count_atomic 1 rperf 1
n_reads: 325172000  n_updates: 0  nreaders: 1  nupdaters: 0 duration: 240
ns/read: 0.738071  ns/update: nan
count_atomic 1 rperf 1
n_reads: 327204000  n_updates: 0  nreaders: 1  nupdaters: 0 duration: 240
ns/read: 0.733487  ns/update: nan
count_atomic 1 rperf 1
n_reads: 329222000  n_updates: 0  nreaders: 1  nupdaters: 0 duration: 240
ns/read: 0.728991  ns/update: nan
count_atomic 2 rperf 1
n_reads: 662543000  n_updates: 0  nreaders: 2  nupdaters: 0 duration: 240
ns/read: 0.724481  ns/update: nan
count_atomic 2 rperf 1
n_reads: 665105000  n_updates: 0  nreaders: 2  nupdaters: 0 duration: 240
ns/read: 0.721691  ns/update: nan
count_atomic 2 rperf 1
n_reads: 644415000  n_updates: 0  nreaders: 2  nupdaters: 0 duration: 240
ns/read: 0.744862  ns/update: nan
count_atomic 2 rperf 1
n_reads: 648577000  n_updates: 0  nreaders: 2  nupdaters: 0 duration: 240
ns/read: 0.740082  ns/update: nan
count_atomic 3 rperf 1
n_reads: 1019159000  n_updates: 0  nreaders: 3  nupdaters: 0 duration: 240
ns/read: 0.706465  ns/update: nan
count_atomic 3 rperf 1
n_reads: 1025208000  n_updates: 0  nreaders: 3  nupdaters: 0 duration: 240
ns/read: 0.702297  ns/update: nan
count_atomic 3 rperf 1
n_reads: 990933000  n_updates: 0  nreaders: 3  nupdaters: 0 duration: 240
ns/read: 0.726588  ns/update: nan
count_atomic 3 rperf 1
n_reads: 996409000  n_updates: 0  nreaders: 3  nupdaters: 0 duration: 240
ns/read: 0.722595  ns/update: nan
count_atomic 4 rperf 1
n_reads: 1337031000  n_updates: 0  nreaders: 4  nupdaters: 0 duration: 240
ns/read: 0.718009  ns/update: nan
count_atomic 4 rperf 1
n_reads: 1345252000  n_updates: 0  nreaders: 4  nupdaters: 0 duration: 240
ns/read: 0.713621  ns/update: nan
count_atomic 4 rperf 1
n_reads: 1299919000  n_updates: 0  nreaders: 4  nupdaters: 0 duration: 240
ns/read: 0.738508  ns/update: nan
count_atomic 4 rperf 1
n_reads: 1308569000  n_updates: 0  nreaders: 4  nupdaters: 0 duration: 240
ns/read: 0.733626  ns/update: nan
count_atomic 5 rperf 1
n_reads: 1664810000  n_updates: 0  nreaders: 5  nupdaters: 0 duration: 240
ns/read: 0.720803  ns/update: nan
count_atomic 5 rperf 1
n_reads: 1673221000  n_updates: 0  nreaders: 5  nupdaters: 0 duration: 240
ns/read: 0.71718  ns/update: nan
count_atomic 5 rperf 1
n_reads: 1680334000  n_updates: 0  nreaders: 5  nupdaters: 0 duration: 240
ns/read: 0.714144  ns/update: nan
count_atomic 5 rperf 1
n_reads: 1636249000  n_updates: 0  nreaders: 5  nupdaters: 0 duration: 240
ns/read: 0.733385  ns/update: nan
count_atomic 6 rperf 1
n_reads: 1990084000  n_updates: 0  nreaders: 6  nupdaters: 0 duration: 240
ns/read: 0.723588  ns/update: nan
count_atomic 6 rperf 1
n_reads: 1998850000  n_updates: 0  nreaders: 6  nupdaters: 0 duration: 240
ns/read: 0.720414  ns/update: nan
count_atomic 6 rperf 1
n_reads: 2006129000  n_updates: 0  nreaders: 6  nupdaters: 0 duration: 240
ns/read: 0.7178  ns/update: nan
count_atomic 6 rperf 1
n_reads: 2014789000  n_updates: 0  nreaders: 6  nupdaters: 0 duration: 240
ns/read: 0.714715  ns/update: nan
count_atomic 7 rperf 1
n_reads: 2354089000  n_updates: 0  nreaders: 7  nupdaters: 0 duration: 240
ns/read: 0.713652  ns/update: nan
count_atomic 7 rperf 1
n_reads: 2310459000  n_updates: 0  nreaders: 7  nupdaters: 0 duration: 240
ns/read: 0.727128  ns/update: nan
count_atomic 7 rperf 1
n_reads: 2316608000  n_updates: 0  nreaders: 7  nupdaters: 0 duration: 240
ns/read: 0.725198  ns/update: nan
count_atomic 7 rperf 1
n_reads: 2329824000  n_updates: 0  nreaders: 7  nupdaters: 0 duration: 240
ns/read: 0.721085  ns/update: nan
count_atomic 8 rperf 1
n_reads: 2682942000  n_updates: 0  nreaders: 8  nupdaters: 0 duration: 240
ns/read: 0.715632  ns/update: nan
count_atomic 8 rperf 1
n_reads: 2690312000  n_updates: 0  nreaders: 8  nupdaters: 0 duration: 240
ns/read: 0.713672  ns/update: nan
count_atomic 8 rperf 1
n_reads: 2699225000  n_updates: 0  nreaders: 8  nupdaters: 0 duration: 240
ns/read: 0.711315  ns/update: nan
count_atomic 8 rperf 1
n_reads: 2655039000  n_updates: 0  nreaders: 8  nupdaters: 0 duration: 240
ns/read: 0.723153  ns/update: nan
count_atomic 10 rperf 1
n_reads: 2670787000  n_updates: 0  nreaders: 10  nupdaters: 0 duration: 240
ns/read: 0.898612  ns/update: nan
count_atomic 10 rperf 1
n_reads: 2680597000  n_updates: 0  nreaders: 10  nupdaters: 0 duration: 240
ns/read: 0.895323  ns/update: nan
count_atomic 10 rperf 1
n_reads: 2688572000  n_updates: 0  nreaders: 10  nupdaters: 0 duration: 240
ns/read: 0.892667  ns/update: nan
count_atomic 10 rperf 1
n_reads: 2696461000  n_updates: 0  nreaders: 10  nupdaters: 0 duration: 240
ns/read: 0.890056  ns/update: nan
count_atomic 12 rperf 1
n_reads: 2713095000  n_updates: 0  nreaders: 12  nupdaters: 0 duration: 240
ns/read: 1.06152  ns/update: nan
count_atomic 12 rperf 1
n_reads: 2721556000  n_updates: 0  nreaders: 12  nupdaters: 0 duration: 240
ns/read: 1.05822  ns/update: nan
count_atomic 12 rperf 1
n_reads: 2675204000  n_updates: 0  nreaders: 12  nupdaters: 0 duration: 240
ns/read: 1.07655  ns/update: nan
count_atomic 12 rperf 1
n_reads: 2686215000  n_updates: 0  nreaders: 12  nupdaters: 0 duration: 240
ns/read: 1.07214  ns/update: nan
count_atomic 14 rperf 1
n_reads: 2704022000  n_updates: 0  nreaders: 14  nupdaters: 0 duration: 240
ns/read: 1.24259  ns/update: nan
count_atomic 14 rperf 1
n_reads: 2712167000  n_updates: 0  nreaders: 14  nupdaters: 0 duration: 240
ns/read: 1.23886  ns/update: nan
count_atomic 14 rperf 1
n_reads: 2722374000  n_updates: 0  nreaders: 14  nupdaters: 0 duration: 240
ns/read: 1.23422  ns/update: nan
count_atomic 14 rperf 1
n_reads: 2730167000  n_updates: 0  nreaders: 14  nupdaters: 0 duration: 240
ns/read: 1.23069  ns/update: nan
count_atomic 16 rperf 1
n_reads: 2714313000  n_updates: 0  nreaders: 16  nupdaters: 0 duration: 240
ns/read: 1.41472  ns/update: nan
count_atomic 16 rperf 1
n_reads: 2734605000  n_updates: 0  nreaders: 16  nupdaters: 0 duration: 240
ns/read: 1.40422  ns/update: nan
count_atomic 16 rperf 1
n_reads: 2717193000  n_updates: 0  nreaders: 16  nupdaters: 0 duration: 240
ns/read: 1.41322  ns/update: nan
count_atomic 16 rperf 1
n_reads: 2739255000  n_updates: 0  nreaders: 16  nupdaters: 0 duration: 240
ns/read: 1.40184  ns/update: nan
count_atomic 1 uperf 1
n_reads: 0  n_updates: 32420000  nreaders: 0  nupdaters: 1 duration: 240
ns/read: nan  ns/update: 7.40284
count_atomic 1 uperf 1
n_reads: 0  n_updates: 31330000  nreaders: 0  nupdaters: 1 duration: 240
ns/read: nan  ns/update: 7.66039
count_atomic 1 uperf 1
n_reads: 0  n_updates: 31527000  nreaders: 0  nupdaters: 1 duration: 240
ns/read: nan  ns/update: 7.61252
count_atomic 1 uperf 1
n_reads: 0  n_updates: 31724000  nreaders: 0  nupdaters: 1 duration: 240
ns/read: nan  ns/update: 7.56525
count_atomic 2 uperf 1
n_reads: 0  n_updates: 16678000  nreaders: 0  nupdaters: 2 duration: 240
ns/read: nan  ns/update: 28.7804
count_atomic 2 uperf 1
n_reads: 0  n_updates: 19788000  nreaders: 0  nupdaters: 2 duration: 240
ns/read: nan  ns/update: 24.2571
count_atomic 2 uperf 1
n_reads: 0  n_updates: 19988000  nreaders: 0  nupdaters: 2 duration: 240
ns/read: nan  ns/update: 24.0144
count_atomic 2 uperf 1
n_reads: 0  n_updates: 21046000  nreaders: 0  nupdaters: 2 duration: 240
ns/read: nan  ns/update: 22.8072
count_atomic 3 uperf 1
n_reads: 0  n_updates: 18034000  nreaders: 0  nupdaters: 3 duration: 240
ns/read: nan  ns/update: 39.9246
count_atomic 3 uperf 1
n_reads: 0  n_updates: 16824000  nreaders: 0  nupdaters: 3 duration: 240
ns/read: nan  ns/update: 42.796
count_atomic 3 uperf 1
n_reads: 0  n_updates: 17675000  nreaders: 0  nupdaters: 3 duration: 240
ns/read: nan  ns/update: 40.7355
count_atomic 3 uperf 1
n_reads: 0  n_updates: 19328000  nreaders: 0  nupdaters: 3 duration: 240
ns/read: nan  ns/update: 37.2517
count_atomic 4 uperf 1
n_reads: 0  n_updates: 12724000  nreaders: 0  nupdaters: 4 duration: 240
ns/read: nan  ns/update: 75.448
count_atomic 4 uperf 1
n_reads: 0  n_updates: 9931000  nreaders: 0  nupdaters: 4 duration: 240
ns/read: nan  ns/update: 96.667
count_atomic 4 uperf 1
n_reads: 0  n_updates: 17108000  nreaders: 0  nupdaters: 4 duration: 240
ns/read: nan  ns/update: 56.1141
count_atomic 4 uperf 1
n_reads: 0  n_updates: 16822000  nreaders: 0  nupdaters: 4 duration: 240
ns/read: nan  ns/update: 57.0681
count_atomic 5 uperf 1
n_reads: 0  n_updates: 11273000  nreaders: 0  nupdaters: 5 duration: 240
ns/read: nan  ns/update: 106.449
count_atomic 5 uperf 1
n_reads: 0  n_updates: 13119000  nreaders: 0  nupdaters: 5 duration: 240
ns/read: nan  ns/update: 91.4704
count_atomic 5 uperf 1
n_reads: 0  n_updates: 12517000  nreaders: 0  nupdaters: 5 duration: 240
ns/read: nan  ns/update: 95.8696
count_atomic 5 uperf 1
n_reads: 0  n_updates: 11309000  nreaders: 0  nupdaters: 5 duration: 240
ns/read: nan  ns/update: 106.11
count_atomic 6 uperf 1
n_reads: 0  n_updates: 12174000  nreaders: 0  nupdaters: 6 duration: 240
ns/read: nan  ns/update: 118.285
count_atomic 6 uperf 1
n_reads: 0  n_updates: 13391000  nreaders: 0  nupdaters: 6 duration: 240
ns/read: nan  ns/update: 107.535
count_atomic 6 uperf 1
n_reads: 0  n_updates: 10708000  nreaders: 0  nupdaters: 6 duration: 240
ns/read: nan  ns/update: 134.479
count_atomic 6 uperf 1
n_reads: 0  n_updates: 12256000  nreaders: 0  nupdaters: 6 duration: 240
ns/read: nan  ns/update: 117.493
count_atomic 7 uperf 1
n_reads: 0  n_updates: 12646000  nreaders: 0  nupdaters: 7 duration: 240
ns/read: nan  ns/update: 132.848
count_atomic 7 uperf 1
n_reads: 0  n_updates: 10920000  nreaders: 0  nupdaters: 7 duration: 240
ns/read: nan  ns/update: 153.846
count_atomic 7 uperf 1
n_reads: 0  n_updates: 12776000  nreaders: 0  nupdaters: 7 duration: 240
ns/read: nan  ns/update: 131.497
count_atomic 7 uperf 1
n_reads: 0  n_updates: 11275000  nreaders: 0  nupdaters: 7 duration: 240
ns/read: nan  ns/update: 149.002
count_atomic 8 uperf 1
n_reads: 0  n_updates: 9476000  nreaders: 0  nupdaters: 8 duration: 240
ns/read: nan  ns/update: 202.617
count_atomic 8 uperf 1
n_reads: 0  n_updates: 9746000  nreaders: 0  nupdaters: 8 duration: 240
ns/read: nan  ns/update: 197.004
count_atomic 8 uperf 1
n_reads: 0  n_updates: 11299000  nreaders: 0  nupdaters: 8 duration: 240
ns/read: nan  ns/update: 169.927
count_atomic 8 uperf 1
n_reads: 0  n_updates: 9772000  nreaders: 0  nupdaters: 8 duration: 240
ns/read: nan  ns/update: 196.48
count_atomic 10 uperf 1
n_reads: 0  n_updates: 9793000  nreaders: 0  nupdaters: 10 duration: 240
ns/read: nan  ns/update: 245.073
count_atomic 10 uperf 1
n_reads: 0  n_updates: 9560000  nreaders: 0  nupdaters: 10 duration: 240
ns/read: nan  ns/update: 251.046
count_atomic 10 uperf 1
n_reads: 0  n_updates: 11482000  nreaders: 0  nupdaters: 10 duration: 240
ns/read: nan  ns/update: 209.023
count_atomic 10 uperf 1
n_reads: 0  n_updates: 9434000  nreaders: 0  nupdaters: 10 duration: 240
ns/read: nan  ns/update: 254.399
count_atomic 12 uperf 1
n_reads: 0  n_updates: 10669000  nreaders: 0  nupdaters: 12 duration: 240
ns/read: nan  ns/update: 269.941
count_atomic 12 uperf 1
n_reads: 0  n_updates: 9297000  nreaders: 0  nupdaters: 12 duration: 240
ns/read: nan  ns/update: 309.777
count_atomic 12 uperf 1
n_reads: 0  n_updates: 9625000  nreaders: 0  nupdaters: 12 duration: 240
ns/read: nan  ns/update: 299.221
count_atomic 12 uperf 1
n_reads: 0  n_updates: 9778000  nreaders: 0  nupdaters: 12 duration: 240
ns/read: nan  ns/update: 294.539
count_atomic 14 uperf 1
n_reads: 0  n_updates: 11756000  nreaders: 0  nupdaters: 14 duration: 240
ns/read: nan  ns/update: 285.812
count_atomic 14 uperf 1
n_reads: 0  n_updates: 10149000  nreaders: 0  nupdaters: 14 duration: 240
ns/read: nan  ns/update: 331.067
count_atomic 14 uperf 1
n_reads: 0  n_updates: 10261000  nreaders: 0  nupdaters: 14 duration: 240
ns/read: nan  ns/update: 327.453
count_atomic 14 uperf 1
n_reads: 0  n_updates: 10241000  nreaders: 0  nupdaters: 14 duration: 240
ns/read: nan  ns/update: 328.093
count_atomic 16 uperf 1
n_reads: 0  n_updates: 9817000  nreaders: 0  nupdaters: 16 duration: 240
ns/read: nan  ns/update: 391.158
count_atomic 16 uperf 1
n_reads: 0  n_updates: 10350000  nreaders: 0  nupdaters: 16 duration: 240
ns/read: nan  ns/update: 371.014
count_atomic 16 uperf 1
n_reads: 0  n_updates: 10231000  nreaders: 0  nupdaters: 16 duration: 240
ns/read: nan  ns/update: 375.33
count_atomic 16 uperf 1
n_reads: 0  n_updates: 10069000  nreaders: 0  nupdaters: 16 duration: 240
ns/read: nan  ns/update: 381.369
count_nonatomic 1 rperf 1
n_reads: 326545000  n_updates: 0  nreaders: 1  nupdaters: 0 duration: 240
ns/read: 0.734968  ns/update: nan
count_nonatomic 1 rperf 1
n_reads: 336808000  n_updates: 0  nreaders: 1  nupdaters: 0 duration: 240
ns/read: 0.712572  ns/update: nan
count_nonatomic 1 rperf 1
n_reads: 325659000  n_updates: 0  nreaders: 1  nupdaters: 0 duration: 240
ns/read: 0.736967  ns/update: nan
count_nonatomic 1 rperf 1
n_reads: 327729000  n_updates: 0  nreaders: 1  nupdaters: 0 duration: 240
ns/read: 0.732312  ns/update: nan
count_nonatomic 2 rperf 1
n_reads: 659783000  n_updates: 0  nreaders: 2  nupdaters: 0 duration: 240
ns/read: 0.727512  ns/update: nan
count_nonatomic 2 rperf 1
n_reads: 663835000  n_updates: 0  nreaders: 2  nupdaters: 0 duration: 240
ns/read: 0.723071  ns/update: nan
count_nonatomic 2 rperf 1
n_reads: 667756000  n_updates: 0  nreaders: 2  nupdaters: 0 duration: 240
ns/read: 0.718825  ns/update: nan
count_nonatomic 2 rperf 1
n_reads: 671600000  n_updates: 0  nreaders: 2  nupdaters: 0 duration: 240
ns/read: 0.714711  ns/update: nan
count_nonatomic 3 rperf 1
n_reads: 972033000  n_updates: 0  nreaders: 3  nupdaters: 0 duration: 240
ns/read: 0.740716  ns/update: nan
count_nonatomic 3 rperf 1
n_reads: 1017559000  n_updates: 0  nreaders: 3  nupdaters: 0 duration: 240
ns/read: 0.707576  ns/update: nan
count_nonatomic 3 rperf 1
n_reads: 985795000  n_updates: 0  nreaders: 3  nupdaters: 0 duration: 240
ns/read: 0.730375  ns/update: nan
count_nonatomic 3 rperf 1
n_reads: 991303000  n_updates: 0  nreaders: 3  nupdaters: 0 duration: 240
ns/read: 0.726317  ns/update: nan
count_nonatomic 4 rperf 1
n_reads: 1277992000  n_updates: 0  nreaders: 4  nupdaters: 0 duration: 240
ns/read: 0.751178  ns/update: nan
count_nonatomic 4 rperf 1
n_reads: 1286516000  n_updates: 0  nreaders: 4  nupdaters: 0 duration: 240
ns/read: 0.746201  ns/update: nan
count_nonatomic 4 rperf 1
n_reads: 1347055000  n_updates: 0  nreaders: 4  nupdaters: 0 duration: 240
ns/read: 0.712666  ns/update: nan
count_nonatomic 4 rperf 1
n_reads: 1303725000  n_updates: 0  nreaders: 4  nupdaters: 0 duration: 240
ns/read: 0.736352  ns/update: nan
count_nonatomic 5 rperf 1
n_reads: 1654514000  n_updates: 0  nreaders: 5  nupdaters: 0 duration: 240
ns/read: 0.725289  ns/update: nan
count_nonatomic 5 rperf 1
n_reads: 1664163000  n_updates: 0  nreaders: 5  nupdaters: 0 duration: 240
ns/read: 0.721083  ns/update: nan
count_nonatomic 5 rperf 1
n_reads: 1620399000  n_updates: 0  nreaders: 5  nupdaters: 0 duration: 240
ns/read: 0.740558  ns/update: nan
count_nonatomic 5 rperf 1
n_reads: 1629137000  n_updates: 0  nreaders: 5  nupdaters: 0 duration: 240
ns/read: 0.736586  ns/update: nan
count_nonatomic 6 rperf 1
n_reads: 1983344000  n_updates: 0  nreaders: 6  nupdaters: 0 duration: 240
ns/read: 0.726047  ns/update: nan
count_nonatomic 6 rperf 1
n_reads: 1991941000  n_updates: 0  nreaders: 6  nupdaters: 0 duration: 240
ns/read: 0.722913  ns/update: nan
count_nonatomic 6 rperf 1
n_reads: 2000474000  n_updates: 0  nreaders: 6  nupdaters: 0 duration: 240
ns/read: 0.719829  ns/update: nan
count_nonatomic 6 rperf 1
n_reads: 2007678000  n_updates: 0  nreaders: 6  nupdaters: 0 duration: 240
ns/read: 0.717246  ns/update: nan
count_nonatomic 7 rperf 1
n_reads: 2360372000  n_updates: 0  nreaders: 7  nupdaters: 0 duration: 240
ns/read: 0.711752  ns/update: nan
count_nonatomic 7 rperf 1
n_reads: 2316231000  n_updates: 0  nreaders: 7  nupdaters: 0 duration: 240
ns/read: 0.725316  ns/update: nan
count_nonatomic 7 rperf 1
n_reads: 2325108000  n_updates: 0  nreaders: 7  nupdaters: 0 duration: 240
ns/read: 0.722547  ns/update: nan
count_nonatomic 7 rperf 1
n_reads: 2334406000  n_updates: 0  nreaders: 7  nupdaters: 0 duration: 240
ns/read: 0.719669  ns/update: nan
count_nonatomic 8 rperf 1
n_reads: 2690747000  n_updates: 0  nreaders: 8  nupdaters: 0 duration: 240
ns/read: 0.713556  ns/update: nan
count_nonatomic 8 rperf 1
n_reads: 2695888000  n_updates: 0  nreaders: 8  nupdaters: 0 duration: 240
ns/read: 0.712196  ns/update: nan
count_nonatomic 8 rperf 1
n_reads: 2704914000  n_updates: 0  nreaders: 8  nupdaters: 0 duration: 240
ns/read: 0.709819  ns/update: nan
count_nonatomic 8 rperf 1
n_reads: 2660395000  n_updates: 0  nreaders: 8  nupdaters: 0 duration: 240
ns/read: 0.721697  ns/update: nan
count_nonatomic 10 rperf 1
n_reads: 2678072000  n_updates: 0  nreaders: 10  nupdaters: 0 duration: 240
ns/read: 0.896167  ns/update: nan
count_nonatomic 10 rperf 1
n_reads: 2739036000  n_updates: 0  nreaders: 10  nupdaters: 0 duration: 240
ns/read: 0.876221  ns/update: nan
count_nonatomic 10 rperf 1
n_reads: 2693830000  n_updates: 0  nreaders: 10  nupdaters: 0 duration: 240
ns/read: 0.890925  ns/update: nan
count_nonatomic 10 rperf 1
n_reads: 2703437000  n_updates: 0  nreaders: 10  nupdaters: 0 duration: 240
ns/read: 0.887759  ns/update: nan
count_nonatomic 12 rperf 1
n_reads: 2718838000  n_updates: 0  nreaders: 12  nupdaters: 0 duration: 240
ns/read: 1.05928  ns/update: nan
count_nonatomic 12 rperf 1
n_reads: 2674349000  n_updates: 0  nreaders: 12  nupdaters: 0 duration: 240
ns/read: 1.0769  ns/update: nan
count_nonatomic 12 rperf 1
n_reads: 2681341000  n_updates: 0  nreaders: 12  nupdaters: 0 duration: 240
ns/read: 1.07409  ns/update: nan
count_nonatomic 12 rperf 1
n_reads: 2693719000  n_updates: 0  nreaders: 12  nupdaters: 0 duration: 240
ns/read: 1.06915  ns/update: nan
count_nonatomic 14 rperf 1
n_reads: 2723980000  n_updates: 0  nreaders: 14  nupdaters: 0 duration: 240
ns/read: 1.23349  ns/update: nan
count_nonatomic 14 rperf 1
n_reads: 2692222000  n_updates: 0  nreaders: 14  nupdaters: 0 duration: 240
ns/read: 1.24804  ns/update: nan
count_nonatomic 14 rperf 1
n_reads: 2708267000  n_updates: 0  nreaders: 14  nupdaters: 0 duration: 240
ns/read: 1.24065  ns/update: nan
count_nonatomic 14 rperf 1
n_reads: 2731075000  n_updates: 0  nreaders: 14  nupdaters: 0 duration: 240
ns/read: 1.23028  ns/update: nan
count_nonatomic 16 rperf 1
n_reads: 2710578000  n_updates: 0  nreaders: 16  nupdaters: 0 duration: 240
ns/read: 1.41667  ns/update: nan
count_nonatomic 16 rperf 1
n_reads: 2728864000  n_updates: 0  nreaders: 16  nupdaters: 0 duration: 240
ns/read: 1.40718  ns/update: nan
count_nonatomic 16 rperf 1
n_reads: 2706911000  n_updates: 0  nreaders: 16  nupdaters: 0 duration: 240
ns/read: 1.41859  ns/update: nan
count_nonatomic 16 rperf 1
n_reads: 2729042000  n_updates: 0  nreaders: 16  nupdaters: 0 duration: 240
ns/read: 1.40709  ns/update: nan
count_nonatomic 1 uperf 1
n_reads: 0  n_updates: 108538000  nreaders: 0  nupdaters: 1 duration: 240
ns/read: nan  ns/update: 2.21121
count_nonatomic 1 uperf 1
n_reads: 0  n_updates: 113560000  nreaders: 0  nupdaters: 1 duration: 240
ns/read: nan  ns/update: 2.11342
count_nonatomic 1 uperf 1
n_reads: 0  n_updates: 109878000  nreaders: 0  nupdaters: 1 duration: 240
ns/read: nan  ns/update: 2.18424
count_nonatomic 1 uperf 1
n_reads: 0  n_updates: 110344000  nreaders: 0  nupdaters: 1 duration: 240
ns/read: nan  ns/update: 2.17502
count_nonatomic 2 uperf 1
!!! Count mismatch: 167067000 counted vs. 84738979 final value
n_reads: 0  n_updates: 167067000  nreaders: 0  nupdaters: 2 duration: 240
ns/read: nan  ns/update: 2.8731
count_nonatomic 2 uperf 1
!!! Count mismatch: 201349000 counted vs. 101185173 final value
n_reads: 0  n_updates: 201349000  nreaders: 0  nupdaters: 2 duration: 240
ns/read: nan  ns/update: 2.38392
count_nonatomic 2 uperf 1
!!! Count mismatch: 202835000 counted vs. 102050214 final value
n_reads: 0  n_updates: 202835000  nreaders: 0  nupdaters: 2 duration: 240
ns/read: nan  ns/update: 2.36646
count_nonatomic 2 uperf 1
!!! Count mismatch: 205795000 counted vs. 103282788 final value
n_reads: 0  n_updates: 205795000  nreaders: 0  nupdaters: 2 duration: 240
ns/read: nan  ns/update: 2.33242
count_nonatomic 3 uperf 1
!!! Count mismatch: 239236000 counted vs. 80965958 final value
n_reads: 0  n_updates: 239236000  nreaders: 0  nupdaters: 3 duration: 240
ns/read: nan  ns/update: 3.00958
count_nonatomic 3 uperf 1
!!! Count mismatch: 183682000 counted vs. 63618561 final value
n_reads: 0  n_updates: 183682000  nreaders: 0  nupdaters: 3 duration: 240
ns/read: nan  ns/update: 3.91982
count_nonatomic 3 uperf 1
!!! Count mismatch: 242476000 counted vs. 83837022 final value
n_reads: 0  n_updates: 242476000  nreaders: 0  nupdaters: 3 duration: 240
ns/read: nan  ns/update: 2.96937
count_nonatomic 3 uperf 1
!!! Count mismatch: 219596000 counted vs. 73909768 final value
n_reads: 0  n_updates: 219596000  nreaders: 0  nupdaters: 3 duration: 240
ns/read: nan  ns/update: 3.27875
count_nonatomic 4 uperf 1
!!! Count mismatch: 224984000 counted vs. 58857005 final value
n_reads: 0  n_updates: 224984000  nreaders: 0  nupdaters: 4 duration: 240
ns/read: nan  ns/update: 4.26697
count_nonatomic 4 uperf 1
!!! Count mismatch: 219981000 counted vs. 57158296 final value
n_reads: 0  n_updates: 219981000  nreaders: 0  nupdaters: 4 duration: 240
ns/read: nan  ns/update: 4.36401
count_nonatomic 4 uperf 1
!!! Count mismatch: 221277000 counted vs. 57303605 final value
n_reads: 0  n_updates: 221277000  nreaders: 0  nupdaters: 4 duration: 240
ns/read: nan  ns/update: 4.33845
count_nonatomic 4 uperf 1
!!! Count mismatch: 219259000 counted vs. 79491284 final value
n_reads: 0  n_updates: 219259000  nreaders: 0  nupdaters: 4 duration: 240
ns/read: nan  ns/update: 4.37838
count_nonatomic 5 uperf 1
!!! Count mismatch: 262668000 counted vs. 58832506 final value
n_reads: 0  n_updates: 262668000  nreaders: 0  nupdaters: 5 duration: 240
ns/read: nan  ns/update: 4.5685
count_nonatomic 5 uperf 1
!!! Count mismatch: 260602000 counted vs. 58039408 final value
n_reads: 0  n_updates: 260602000  nreaders: 0  nupdaters: 5 duration: 240
ns/read: nan  ns/update: 4.60472
count_nonatomic 5 uperf 1
!!! Count mismatch: 266896000 counted vs. 59027836 final value
n_reads: 0  n_updates: 266896000  nreaders: 0  nupdaters: 5 duration: 240
ns/read: nan  ns/update: 4.49613
count_nonatomic 5 uperf 1
!!! Count mismatch: 267140000 counted vs. 59595491 final value
n_reads: 0  n_updates: 267140000  nreaders: 0  nupdaters: 5 duration: 240
ns/read: nan  ns/update: 4.49203
count_nonatomic 6 uperf 1
!!! Count mismatch: 262627000 counted vs. 52185638 final value
n_reads: 0  n_updates: 262627000  nreaders: 0  nupdaters: 6 duration: 240
ns/read: nan  ns/update: 5.48306
count_nonatomic 6 uperf 1
!!! Count mismatch: 252143000 counted vs. 56128179 final value
n_reads: 0  n_updates: 252143000  nreaders: 0  nupdaters: 6 duration: 240
ns/read: nan  ns/update: 5.71104
count_nonatomic 6 uperf 1
!!! Count mismatch: 257495000 counted vs. 57899972 final value
n_reads: 0  n_updates: 257495000  nreaders: 0  nupdaters: 6 duration: 240
ns/read: nan  ns/update: 5.59234
count_nonatomic 6 uperf 1
!!! Count mismatch: 256829000 counted vs. 58380540 final value
n_reads: 0  n_updates: 256829000  nreaders: 0  nupdaters: 6 duration: 240
ns/read: nan  ns/update: 5.60684
count_nonatomic 7 uperf 1
!!! Count mismatch: 248742000 counted vs. 45519479 final value
n_reads: 0  n_updates: 248742000  nreaders: 0  nupdaters: 7 duration: 240
ns/read: nan  ns/update: 6.75399
count_nonatomic 7 uperf 1
!!! Count mismatch: 244508000 counted vs. 54851158 final value
n_reads: 0  n_updates: 244508000  nreaders: 0  nupdaters: 7 duration: 240
ns/read: nan  ns/update: 6.87094
count_nonatomic 7 uperf 1
!!! Count mismatch: 242632000 counted vs. 53099550 final value
n_reads: 0  n_updates: 242632000  nreaders: 0  nupdaters: 7 duration: 240
ns/read: nan  ns/update: 6.92407
count_nonatomic 7 uperf 1
!!! Count mismatch: 279526000 counted vs. 50227364 final value
n_reads: 0  n_updates: 279526000  nreaders: 0  nupdaters: 7 duration: 240
ns/read: nan  ns/update: 6.01017
count_nonatomic 8 uperf 1
!!! Count mismatch: 249490000 counted vs. 44914513 final value
n_reads: 0  n_updates: 249490000  nreaders: 0  nupdaters: 8 duration: 240
ns/read: nan  ns/update: 7.6957
count_nonatomic 8 uperf 1
!!! Count mismatch: 282334000 counted vs. 48617353 final value
n_reads: 0  n_updates: 282334000  nreaders: 0  nupdaters: 8 duration: 240
ns/read: nan  ns/update: 6.80046
count_nonatomic 8 uperf 1
!!! Count mismatch: 270712000 counted vs. 49315615 final value
n_reads: 0  n_updates: 270712000  nreaders: 0  nupdaters: 8 duration: 240
ns/read: nan  ns/update: 7.09241
count_nonatomic 8 uperf 1
!!! Count mismatch: 230727000 counted vs. 49739349 final value
n_reads: 0  n_updates: 230727000  nreaders: 0  nupdaters: 8 duration: 240
ns/read: nan  ns/update: 8.32152
count_nonatomic 10 uperf 1
!!! Count mismatch: 240636000 counted vs. 43270784 final value
n_reads: 0  n_updates: 240636000  nreaders: 0  nupdaters: 10 duration: 240
ns/read: nan  ns/update: 9.97357
count_nonatomic 10 uperf 1
!!! Count mismatch: 256808000 counted vs. 40225421 final value
n_reads: 0  n_updates: 256808000  nreaders: 0  nupdaters: 10 duration: 240
ns/read: nan  ns/update: 9.3455
count_nonatomic 10 uperf 1
!!! Count mismatch: 214880000 counted vs. 51430664 final value
n_reads: 0  n_updates: 214880000  nreaders: 0  nupdaters: 10 duration: 240
ns/read: nan  ns/update: 11.169
count_nonatomic 10 uperf 1
!!! Count mismatch: 245816000 counted vs. 46000428 final value
n_reads: 0  n_updates: 245816000  nreaders: 0  nupdaters: 10 duration: 240
ns/read: nan  ns/update: 9.7634
count_nonatomic 12 uperf 1
!!! Count mismatch: 293665000 counted vs. 37988341 final value
n_reads: 0  n_updates: 293665000  nreaders: 0  nupdaters: 12 duration: 240
ns/read: nan  ns/update: 9.80709
count_nonatomic 12 uperf 1
!!! Count mismatch: 307159000 counted vs. 39902068 final value
n_reads: 0  n_updates: 307159000  nreaders: 0  nupdaters: 12 duration: 240
ns/read: nan  ns/update: 9.37625
count_nonatomic 12 uperf 1
!!! Count mismatch: 273178000 counted vs. 37950416 final value
n_reads: 0  n_updates: 273178000  nreaders: 0  nupdaters: 12 duration: 240
ns/read: nan  ns/update: 10.5426
count_nonatomic 12 uperf 1
!!! Count mismatch: 267179000 counted vs. 39190665 final value
n_reads: 0  n_updates: 267179000  nreaders: 0  nupdaters: 12 duration: 240
ns/read: nan  ns/update: 10.7793
count_nonatomic 14 uperf 1
!!! Count mismatch: 263210000 counted vs. 36170929 final value
n_reads: 0  n_updates: 263210000  nreaders: 0  nupdaters: 14 duration: 240
ns/read: nan  ns/update: 12.7655
count_nonatomic 14 uperf 1
!!! Count mismatch: 309885000 counted vs. 38751344 final value
n_reads: 0  n_updates: 309885000  nreaders: 0  nupdaters: 14 duration: 240
ns/read: nan  ns/update: 10.8427
count_nonatomic 14 uperf 1
!!! Count mismatch: 301562000 counted vs. 31202019 final value
n_reads: 0  n_updates: 301562000  nreaders: 0  nupdaters: 14 duration: 240
ns/read: nan  ns/update: 11.142
count_nonatomic 14 uperf 1
!!! Count mismatch: 311340000 counted vs. 30360517 final value
n_reads: 0  n_updates: 311340000  nreaders: 0  nupdaters: 14 duration: 240
ns/read: nan  ns/update: 10.7921
count_nonatomic 16 uperf 1
!!! Count mismatch: 291913000 counted vs. 30422260 final value
n_reads: 0  n_updates: 291913000  nreaders: 0  nupdaters: 16 duration: 240
ns/read: nan  ns/update: 13.1546
count_nonatomic 16 uperf 1
!!! Count mismatch: 242439000 counted vs. 45047843 final value
n_reads: 0  n_updates: 242439000  nreaders: 0  nupdaters: 16 duration: 240
ns/read: nan  ns/update: 15.839
count_nonatomic 16 uperf 1
!!! Count mismatch: 326396000 counted vs. 30583563 final value
n_reads: 0  n_updates: 326396000  nreaders: 0  nupdaters: 16 duration: 240
ns/read: nan  ns/update: 11.7649
count_nonatomic 16 uperf 1
!!! Count mismatch: 327750000 counted vs. 29230304 final value
n_reads: 0  n_updates: 327750000  nreaders: 0  nupdaters: 16 duration: 240
ns/read: nan  ns/update: 11.7162
count_stat 1 rperf 1
n_reads: 332252000  n_updates: 0  nreaders: 1  nupdaters: 0 duration: 240
ns/read: 0.722343  ns/update: nan
count_stat 1 rperf 1
n_reads: 334205000  n_updates: 0  nreaders: 1  nupdaters: 0 duration: 240
ns/read: 0.718122  ns/update: nan
count_stat 1 rperf 1
n_reads: 336360000  n_updates: 0  nreaders: 1  nupdaters: 0 duration: 240
ns/read: 0.713521  ns/update: nan
count_stat 1 rperf 1
n_reads: 325200000  n_updates: 0  nreaders: 1  nupdaters: 0 duration: 240
ns/read: 0.738007  ns/update: nan
count_stat 2 rperf 1
n_reads: 654631000  n_updates: 0  nreaders: 2  nupdaters: 0 duration: 240
ns/read: 0.733238  ns/update: nan
count_stat 2 rperf 1
n_reads: 657715000  n_updates: 0  nreaders: 2  nupdaters: 0 duration: 240
ns/read: 0.729799  ns/update: nan
count_stat 2 rperf 1
n_reads: 662972000  n_updates: 0  nreaders: 2  nupdaters: 0 duration: 240
ns/read: 0.724012  ns/update: nan
count_stat 2 rperf 1
n_reads: 667013000  n_updates: 0  nreaders: 2  nupdaters: 0 duration: 240
ns/read: 0.719626  ns/update: nan
count_stat 3 rperf 1
n_reads: 1005898000  n_updates: 0  nreaders: 3  nupdaters: 0 duration: 240
ns/read: 0.715778  ns/update: nan
count_stat 3 rperf 1
n_reads: 972592000  n_updates: 0  nreaders: 3  nupdaters: 0 duration: 240
ns/read: 0.74029  ns/update: nan
count_stat 3 rperf 1
n_reads: 978913000  n_updates: 0  nreaders: 3  nupdaters: 0 duration: 240
ns/read: 0.73551  ns/update: nan
count_stat 3 rperf 1
n_reads: 984923000  n_updates: 0  nreaders: 3  nupdaters: 0 duration: 240
ns/read: 0.731022  ns/update: nan
count_stat 4 rperf 1
n_reads: 1322071000  n_updates: 0  nreaders: 4  nupdaters: 0 duration: 240
ns/read: 0.726133  ns/update: nan
count_stat 4 rperf 1
n_reads: 1330415000  n_updates: 0  nreaders: 4  nupdaters: 0 duration: 240
ns/read: 0.721579  ns/update: nan
count_stat 4 rperf 1
n_reads: 1339928000  n_updates: 0  nreaders: 4  nupdaters: 0 duration: 240
ns/read: 0.716456  ns/update: nan
count_stat 4 rperf 1
n_reads: 1295501000  n_updates: 0  nreaders: 4  nupdaters: 0 duration: 240
ns/read: 0.741026  ns/update: nan
count_stat 5 rperf 1
n_reads: 1650531000  n_updates: 0  nreaders: 5  nupdaters: 0 duration: 240
ns/read: 0.727039  ns/update: nan
count_stat 5 rperf 1
n_reads: 1713690000  n_updates: 0  nreaders: 5  nupdaters: 0 duration: 240
ns/read: 0.700243  ns/update: nan
count_stat 5 rperf 1
n_reads: 1667949000  n_updates: 0  nreaders: 5  nupdaters: 0 duration: 240
ns/read: 0.719446  ns/update: nan
count_stat 5 rperf 1
n_reads: 1676987000  n_updates: 0  nreaders: 5  nupdaters: 0 duration: 240
ns/read: 0.715569  ns/update: nan
count_stat 6 rperf 1
n_reads: 1979466000  n_updates: 0  nreaders: 6  nupdaters: 0 duration: 240
ns/read: 0.727469  ns/update: nan
count_stat 6 rperf 1
n_reads: 1986877000  n_updates: 0  nreaders: 6  nupdaters: 0 duration: 240
ns/read: 0.724755  ns/update: nan
count_stat 6 rperf 1
n_reads: 1995928000  n_updates: 0  nreaders: 6  nupdaters: 0 duration: 240
ns/read: 0.721469  ns/update: nan
count_stat 6 rperf 1
n_reads: 2004124000  n_updates: 0  nreaders: 6  nupdaters: 0 duration: 240
ns/read: 0.718518  ns/update: nan
count_stat 7 rperf 1
n_reads: 2358415000  n_updates: 0  nreaders: 7  nupdaters: 0 duration: 240
ns/read: 0.712343  ns/update: nan
count_stat 7 rperf 1
n_reads: 2366884000  n_updates: 0  nreaders: 7  nupdaters: 0 duration: 240
ns/read: 0.709794  ns/update: nan
count_stat 7 rperf 1
n_reads: 2324133000  n_updates: 0  nreaders: 7  nupdaters: 0 duration: 240
ns/read: 0.72285  ns/update: nan
count_stat 7 rperf 1
n_reads: 2331036000  n_updates: 0  nreaders: 7  nupdaters: 0 duration: 240
ns/read: 0.72071  ns/update: nan
count_stat 8 rperf 1
n_reads: 2684532000  n_updates: 0  nreaders: 8  nupdaters: 0 duration: 240
ns/read: 0.715208  ns/update: nan
count_stat 8 rperf 1
n_reads: 2693956000  n_updates: 0  nreaders: 8  nupdaters: 0 duration: 240
ns/read: 0.712707  ns/update: nan
count_stat 8 rperf 1
n_reads: 2701872000  n_updates: 0  nreaders: 8  nupdaters: 0 duration: 240
ns/read: 0.710618  ns/update: nan
count_stat 8 rperf 1
n_reads: 2707545000  n_updates: 0  nreaders: 8  nupdaters: 0 duration: 240
ns/read: 0.709129  ns/update: nan
count_stat 10 rperf 1
n_reads: 2673548000  n_updates: 0  nreaders: 10  nupdaters: 0 duration: 240
ns/read: 0.897684  ns/update: nan
count_stat 10 rperf 1
n_reads: 2732685000  n_updates: 0  nreaders: 10  nupdaters: 0 duration: 240
ns/read: 0.878257  ns/update: nan
count_stat 10 rperf 1
n_reads: 2690266000  n_updates: 0  nreaders: 10  nupdaters: 0 duration: 240
ns/read: 0.892105  ns/update: nan
count_stat 10 rperf 1
n_reads: 2751222000  n_updates: 0  nreaders: 10  nupdaters: 0 duration: 240
ns/read: 0.87234  ns/update: nan
count_stat 12 rperf 1
n_reads: 2715543000  n_updates: 0  nreaders: 12  nupdaters: 0 duration: 240
ns/read: 1.06056  ns/update: nan
count_stat 12 rperf 1
n_reads: 2721708000  n_updates: 0  nreaders: 12  nupdaters: 0 duration: 240
ns/read: 1.05816  ns/update: nan
count_stat 12 rperf 1
n_reads: 2679331000  n_updates: 0  nreaders: 12  nupdaters: 0 duration: 240
ns/read: 1.0749  ns/update: nan
count_stat 12 rperf 1
n_reads: 2687734000  n_updates: 0  nreaders: 12  nupdaters: 0 duration: 240
ns/read: 1.07153  ns/update: nan
count_stat 14 rperf 1
n_reads: 2707033000  n_updates: 0  nreaders: 14  nupdaters: 0 duration: 240
ns/read: 1.24121  ns/update: nan
count_stat 14 rperf 1
n_reads: 2714832000  n_updates: 0  nreaders: 14  nupdaters: 0 duration: 240
ns/read: 1.23765  ns/update: nan
count_stat 14 rperf 1
n_reads: 2722401000  n_updates: 0  nreaders: 14  nupdaters: 0 duration: 240
ns/read: 1.2342  ns/update: nan
count_stat 14 rperf 1
n_reads: 2732640000  n_updates: 0  nreaders: 14  nupdaters: 0 duration: 240
ns/read: 1.22958  ns/update: nan
count_stat 16 rperf 1
n_reads: 2708310000  n_updates: 0  nreaders: 16  nupdaters: 0 duration: 240
ns/read: 1.41786  ns/update: nan
count_stat 16 rperf 1
n_reads: 2731808000  n_updates: 0  nreaders: 16  nupdaters: 0 duration: 240
ns/read: 1.40566  ns/update: nan
count_stat 16 rperf 1
n_reads: 2695096000  n_updates: 0  nreaders: 16  nupdaters: 0 duration: 240
ns/read: 1.42481  ns/update: nan
count_stat 16 rperf 1
n_reads: 2714710000  n_updates: 0  nreaders: 16  nupdaters: 0 duration: 240
ns/read: 1.41452  ns/update: nan
count_stat 1 uperf 1
n_reads: 0  n_updates: 50824000  nreaders: 0  nupdaters: 1 duration: 240
ns/read: nan  ns/update: 4.72218
count_stat 1 uperf 1
n_reads: 0  n_updates: 51350000  nreaders: 0  nupdaters: 1 duration: 240
ns/read: nan  ns/update: 4.67381
count_stat 1 uperf 1
n_reads: 0  n_updates: 51865000  nreaders: 0  nupdaters: 1 duration: 240
ns/read: nan  ns/update: 4.6274
count_stat 1 uperf 1
n_reads: 0  n_updates: 52200000  nreaders: 0  nupdaters: 1 duration: 240
ns/read: nan  ns/update: 4.5977
count_stat 2 uperf 1
n_reads: 0  n_updates: 99588000  nreaders: 0  nupdaters: 2 duration: 240
ns/read: nan  ns/update: 4.81986
count_stat 2 uperf 1
n_reads: 0  n_updates: 100936000  nreaders: 0  nupdaters: 2 duration: 240
ns/read: nan  ns/update: 4.75549
count_stat 2 uperf 1
n_reads: 0  n_updates: 101606000  nreaders: 0  nupdaters: 2 duration: 240
ns/read: nan  ns/update: 4.72413
count_stat 2 uperf 1
n_reads: 0  n_updates: 101056000  nreaders: 0  nupdaters: 2 duration: 240
ns/read: nan  ns/update: 4.74984
count_stat 3 uperf 1
n_reads: 0  n_updates: 154456000  nreaders: 0  nupdaters: 3 duration: 240
ns/read: nan  ns/update: 4.66152
count_stat 3 uperf 1
n_reads: 0  n_updates: 148082000  nreaders: 0  nupdaters: 3 duration: 240
ns/read: nan  ns/update: 4.86217
count_stat 3 uperf 1
n_reads: 0  n_updates: 148620000  nreaders: 0  nupdaters: 3 duration: 240
ns/read: nan  ns/update: 4.84457
count_stat 3 uperf 1
n_reads: 0  n_updates: 96697000  nreaders: 0  nupdaters: 3 duration: 240
ns/read: nan  ns/update: 7.44594
count_stat 4 uperf 1
n_reads: 0  n_updates: 192920000  nreaders: 0  nupdaters: 4 duration: 240
ns/read: nan  ns/update: 4.97616
count_stat 4 uperf 1
n_reads: 0  n_updates: 184088000  nreaders: 0  nupdaters: 4 duration: 240
ns/read: nan  ns/update: 5.2149
count_stat 4 uperf 1
n_reads: 0  n_updates: 203697000  nreaders: 0  nupdaters: 4 duration: 240
ns/read: nan  ns/update: 4.71288
count_stat 4 uperf 1
n_reads: 0  n_updates: 199271000  nreaders: 0  nupdaters: 4 duration: 240
ns/read: nan  ns/update: 4.81756
count_stat 5 uperf 1
n_reads: 0  n_updates: 210469000  nreaders: 0  nupdaters: 5 duration: 240
ns/read: nan  ns/update: 5.70155
count_stat 5 uperf 1
n_reads: 0  n_updates: 238279000  nreaders: 0  nupdaters: 5 duration: 240
ns/read: nan  ns/update: 5.03611
count_stat 5 uperf 1
n_reads: 0  n_updates: 239266000  nreaders: 0  nupdaters: 5 duration: 240
ns/read: nan  ns/update: 5.01534
count_stat 5 uperf 1
n_reads: 0  n_updates: 223501000  nreaders: 0  nupdaters: 5 duration: 240
ns/read: nan  ns/update: 5.3691
count_stat 6 uperf 1
n_reads: 0  n_updates: 148047000  nreaders: 0  nupdaters: 6 duration: 240
ns/read: nan  ns/update: 9.72664
count_stat 6 uperf 1
n_reads: 0  n_updates: 223332000  nreaders: 0  nupdaters: 6 duration: 240
ns/read: nan  ns/update: 6.4478
count_stat 6 uperf 1
n_reads: 0  n_updates: 267391000  nreaders: 0  nupdaters: 6 duration: 240
ns/read: nan  ns/update: 5.38537
count_stat 6 uperf 1
n_reads: 0  n_updates: 206111000  nreaders: 0  nupdaters: 6 duration: 240
ns/read: nan  ns/update: 6.98653
count_stat 7 uperf 1
n_reads: 0  n_updates: 227586000  nreaders: 0  nupdaters: 7 duration: 240
ns/read: nan  ns/update: 7.38182
count_stat 7 uperf 1
n_reads: 0  n_updates: 259334000  nreaders: 0  nupdaters: 7 duration: 240
ns/read: nan  ns/update: 6.47813
count_stat 7 uperf 1
n_reads: 0  n_updates: 228255000  nreaders: 0  nupdaters: 7 duration: 240
ns/read: nan  ns/update: 7.36019
count_stat 7 uperf 1
n_reads: 0  n_updates: 227958000  nreaders: 0  nupdaters: 7 duration: 240
ns/read: nan  ns/update: 7.36978
count_stat 8 uperf 1
n_reads: 0  n_updates: 254136000  nreaders: 0  nupdaters: 8 duration: 240
ns/read: nan  ns/update: 7.55501
count_stat 8 uperf 1
n_reads: 0  n_updates: 268676000  nreaders: 0  nupdaters: 8 duration: 240
ns/read: nan  ns/update: 7.14615
count_stat 8 uperf 1
n_reads: 0  n_updates: 247538000  nreaders: 0  nupdaters: 8 duration: 240
ns/read: nan  ns/update: 7.75638
count_stat 8 uperf 1
n_reads: 0  n_updates: 249306000  nreaders: 0  nupdaters: 8 duration: 240
ns/read: nan  ns/update: 7.70138
count_stat 10 uperf 1
n_reads: 0  n_updates: 281713000  nreaders: 0  nupdaters: 10 duration: 240
ns/read: nan  ns/update: 8.51931
count_stat 10 uperf 1
n_reads: 0  n_updates: 287092000  nreaders: 0  nupdaters: 10 duration: 240
ns/read: nan  ns/update: 8.35969
count_stat 10 uperf 1
n_reads: 0  n_updates: 290571000  nreaders: 0  nupdaters: 10 duration: 240
ns/read: nan  ns/update: 8.2596
count_stat 10 uperf 1
n_reads: 0  n_updates: 240274000  nreaders: 0  nupdaters: 10 duration: 240
ns/read: nan  ns/update: 9.9886
count_stat 12 uperf 1
n_reads: 0  n_updates: 295451000  nreaders: 0  nupdaters: 12 duration: 240
ns/read: nan  ns/update: 9.74781
count_stat 12 uperf 1
n_reads: 0  n_updates: 311791000  nreaders: 0  nupdaters: 12 duration: 240
ns/read: nan  ns/update: 9.23696
count_stat 12 uperf 1
n_reads: 0  n_updates: 266098000  nreaders: 0  nupdaters: 12 duration: 240
ns/read: nan  ns/update: 10.8231
count_stat 12 uperf 1
n_reads: 0  n_updates: 302080000  nreaders: 0  nupdaters: 12 duration: 240
ns/read: nan  ns/update: 9.5339
count_stat 14 uperf 1
n_reads: 0  n_updates: 244030000  nreaders: 0  nupdaters: 14 duration: 240
ns/read: nan  ns/update: 13.7688
count_stat 14 uperf 1
n_reads: 0  n_updates: 299369000  nreaders: 0  nupdaters: 14 duration: 240
ns/read: nan  ns/update: 11.2236
count_stat 14 uperf 1
n_reads: 0  n_updates: 258470000  nreaders: 0  nupdaters: 14 duration: 240
ns/read: nan  ns/update: 12.9996
count_stat 14 uperf 1
n_reads: 0  n_updates: 307147000  nreaders: 0  nupdaters: 14 duration: 240
ns/read: nan  ns/update: 10.9394
count_stat 16 uperf 1
n_reads: 0  n_updates: 298341000  nreaders: 0  nupdaters: 16 duration: 240
ns/read: nan  ns/update: 12.8712
count_stat 16 uperf 1
n_reads: 0  n_updates: 191246000  nreaders: 0  nupdaters: 16 duration: 240
ns/read: nan  ns/update: 20.0789
count_stat 16 uperf 1
n_reads: 0  n_updates: 395040000  nreaders: 0  nupdaters: 16 duration: 240
ns/read: nan  ns/update: 9.72053
count_stat 16 uperf 1
n_reads: 0  n_updates: 314993000  nreaders: 0  nupdaters: 16 duration: 240
ns/read: nan  ns/update: 12.1907
count_stat_atomic 1 rperf 1
n_reads: 1652000  n_updates: 0  nreaders: 1  nupdaters: 0 duration: 240
ns/read: 145.278  ns/update: nan
count_stat_atomic 1 rperf 1
n_reads: 1663000  n_updates: 0  nreaders: 1  nupdaters: 0 duration: 240
ns/read: 144.317  ns/update: nan
count_stat_atomic 1 rperf 1
n_reads: 1674000  n_updates: 0  nreaders: 1  nupdaters: 0 duration: 240
ns/read: 143.369  ns/update: nan
count_stat_atomic 1 rperf 1
n_reads: 1685000  n_updates: 0  nreaders: 1  nupdaters: 0 duration: 240
ns/read: 142.433  ns/update: nan
count_stat_atomic 2 rperf 1
n_reads: 3382000  n_updates: 0  nreaders: 2  nupdaters: 0 duration: 240
ns/read: 141.928  ns/update: nan
count_stat_atomic 2 rperf 1
n_reads: 3404000  n_updates: 0  nreaders: 2  nupdaters: 0 duration: 240
ns/read: 141.011  ns/update: nan
count_stat_atomic 2 rperf 1
n_reads: 3291000  n_updates: 0  nreaders: 2  nupdaters: 0 duration: 240
ns/read: 145.852  ns/update: nan
count_stat_atomic 2 rperf 1
n_reads: 3322000  n_updates: 0  nreaders: 2  nupdaters: 0 duration: 240
ns/read: 144.491  ns/update: nan
count_stat_atomic 3 rperf 1
n_reads: 5005000  n_updates: 0  nreaders: 3  nupdaters: 0 duration: 240
ns/read: 143.856  ns/update: nan
count_stat_atomic 3 rperf 1
n_reads: 5049000  n_updates: 0  nreaders: 3  nupdaters: 0 duration: 240
ns/read: 142.602  ns/update: nan
count_stat_atomic 3 rperf 1
n_reads: 5074000  n_updates: 0  nreaders: 3  nupdaters: 0 duration: 240
ns/read: 141.9  ns/update: nan
count_stat_atomic 3 rperf 1
n_reads: 5105000  n_updates: 0  nreaders: 3  nupdaters: 0 duration: 240
ns/read: 141.038  ns/update: nan
count_stat_atomic 4 rperf 1
n_reads: 6577000  n_updates: 0  nreaders: 4  nupdaters: 0 duration: 240
ns/read: 145.963  ns/update: nan
count_stat_atomic 4 rperf 1
n_reads: 6888000  n_updates: 0  nreaders: 4  nupdaters: 0 duration: 240
ns/read: 139.373  ns/update: nan
count_stat_atomic 4 rperf 1
n_reads: 6664000  n_updates: 0  nreaders: 4  nupdaters: 0 duration: 240
ns/read: 144.058  ns/update: nan
count_stat_atomic 4 rperf 1
n_reads: 6721000  n_updates: 0  nreaders: 4  nupdaters: 0 duration: 240
ns/read: 142.836  ns/update: nan
count_stat_atomic 5 rperf 1
n_reads: 8515000  n_updates: 0  nreaders: 5  nupdaters: 0 duration: 240
ns/read: 140.928  ns/update: nan
count_stat_atomic 5 rperf 1
n_reads: 8286000  n_updates: 0  nreaders: 5  nupdaters: 0 duration: 240
ns/read: 144.823  ns/update: nan
count_stat_atomic 5 rperf 1
n_reads: 8335000  n_updates: 0  nreaders: 5  nupdaters: 0 duration: 240
ns/read: 143.971  ns/update: nan
count_stat_atomic 5 rperf 1
n_reads: 8383000  n_updates: 0  nreaders: 5  nupdaters: 0 duration: 240
ns/read: 143.147  ns/update: nan
count_stat_atomic 6 rperf 1
n_reads: 9297000  n_updates: 0  nreaders: 6  nupdaters: 0 duration: 240
ns/read: 154.889  ns/update: nan
count_stat_atomic 6 rperf 1
n_reads: 9341000  n_updates: 0  nreaders: 6  nupdaters: 0 duration: 240
ns/read: 154.159  ns/update: nan
count_stat_atomic 6 rperf 1
n_reads: 9391000  n_updates: 0  nreaders: 6  nupdaters: 0 duration: 240
ns/read: 153.338  ns/update: nan
count_stat_atomic 6 rperf 1
n_reads: 9169000  n_updates: 0  nreaders: 6  nupdaters: 0 duration: 240
ns/read: 157.051  ns/update: nan
count_stat_atomic 7 rperf 1
n_reads: 10978000  n_updates: 0  nreaders: 7  nupdaters: 0 duration: 240
ns/read: 153.033  ns/update: nan
count_stat_atomic 7 rperf 1
n_reads: 11020000  n_updates: 0  nreaders: 7  nupdaters: 0 duration: 240
ns/read: 152.45  ns/update: nan
count_stat_atomic 7 rperf 1
n_reads: 11311000  n_updates: 0  nreaders: 7  nupdaters: 0 duration: 240
ns/read: 148.528  ns/update: nan
count_stat_atomic 7 rperf 1
n_reads: 11108000  n_updates: 0  nreaders: 7  nupdaters: 0 duration: 240
ns/read: 151.242  ns/update: nan
count_stat_atomic 8 rperf 1
n_reads: 12914000  n_updates: 0  nreaders: 8  nupdaters: 0 duration: 240
ns/read: 148.676  ns/update: nan
count_stat_atomic 8 rperf 1
n_reads: 12690000  n_updates: 0  nreaders: 8  nupdaters: 0 duration: 240
ns/read: 151.3  ns/update: nan
count_stat_atomic 8 rperf 1
n_reads: 12737000  n_updates: 0  nreaders: 8  nupdaters: 0 duration: 240
ns/read: 150.742  ns/update: nan
count_stat_atomic 8 rperf 1
n_reads: 12778000  n_updates: 0  nreaders: 8  nupdaters: 0 duration: 240
ns/read: 150.258  ns/update: nan
count_stat_atomic 10 rperf 1
n_reads: 13192000  n_updates: 0  nreaders: 10  nupdaters: 0 duration: 240
ns/read: 181.928  ns/update: nan
count_stat_atomic 10 rperf 1
n_reads: 13421000  n_updates: 0  nreaders: 10  nupdaters: 0 duration: 240
ns/read: 178.824  ns/update: nan
count_stat_atomic 10 rperf 1
n_reads: 13431000  n_updates: 0  nreaders: 10  nupdaters: 0 duration: 240
ns/read: 178.691  ns/update: nan
count_stat_atomic 10 rperf 1
n_reads: 13193000  n_updates: 0  nreaders: 10  nupdaters: 0 duration: 240
ns/read: 181.915  ns/update: nan
count_stat_atomic 12 rperf 1
n_reads: 13814000  n_updates: 0  nreaders: 12  nupdaters: 0 duration: 240
ns/read: 208.484  ns/update: nan
count_stat_atomic 12 rperf 1
n_reads: 13482000  n_updates: 0  nreaders: 12  nupdaters: 0 duration: 240
ns/read: 213.618  ns/update: nan
count_stat_atomic 12 rperf 1
n_reads: 14036000  n_updates: 0  nreaders: 12  nupdaters: 0 duration: 240
ns/read: 205.187  ns/update: nan
count_stat_atomic 12 rperf 1
n_reads: 13429000  n_updates: 0  nreaders: 12  nupdaters: 0 duration: 240
ns/read: 214.461  ns/update: nan
count_stat_atomic 14 rperf 1
n_reads: 14639000  n_updates: 0  nreaders: 14  nupdaters: 0 duration: 240
ns/read: 229.524  ns/update: nan
count_stat_atomic 14 rperf 1
n_reads: 14266000  n_updates: 0  nreaders: 14  nupdaters: 0 duration: 240
ns/read: 235.525  ns/update: nan
count_stat_atomic 14 rperf 1
n_reads: 14375000  n_updates: 0  nreaders: 14  nupdaters: 0 duration: 240
ns/read: 233.739  ns/update: nan
count_stat_atomic 14 rperf 1
n_reads: 14216000  n_updates: 0  nreaders: 14  nupdaters: 0 duration: 240
ns/read: 236.353  ns/update: nan
count_stat_atomic 16 rperf 1
n_reads: 14476000  n_updates: 0  nreaders: 16  nupdaters: 0 duration: 240
ns/read: 265.267  ns/update: nan
count_stat_atomic 16 rperf 1
n_reads: 14361000  n_updates: 0  nreaders: 16  nupdaters: 0 duration: 240
ns/read: 267.391  ns/update: nan
count_stat_atomic 16 rperf 1
n_reads: 14335000  n_updates: 0  nreaders: 16  nupdaters: 0 duration: 240
ns/read: 267.876  ns/update: nan
count_stat_atomic 16 rperf 1
n_reads: 14268000  n_updates: 0  nreaders: 16  nupdaters: 0 duration: 240
ns/read: 269.134  ns/update: nan
count_stat_atomic 1 uperf 1
n_reads: 0  n_updates: 27307000  nreaders: 0  nupdaters: 1 duration: 240
ns/read: nan  ns/update: 8.78896
count_stat_atomic 1 uperf 1
n_reads: 0  n_updates: 28477000  nreaders: 0  nupdaters: 1 duration: 240
ns/read: nan  ns/update: 8.42785
count_stat_atomic 1 uperf 1
n_reads: 0  n_updates: 28715000  nreaders: 0  nupdaters: 1 duration: 240
ns/read: nan  ns/update: 8.358
count_stat_atomic 1 uperf 1
n_reads: 0  n_updates: 27768000  nreaders: 0  nupdaters: 1 duration: 240
ns/read: nan  ns/update: 8.64304
count_stat_atomic 2 uperf 1
n_reads: 0  n_updates: 57475000  nreaders: 0  nupdaters: 2 duration: 240
ns/read: nan  ns/update: 8.35146
count_stat_atomic 2 uperf 1
n_reads: 0  n_updates: 55918000  nreaders: 0  nupdaters: 2 duration: 240
ns/read: nan  ns/update: 8.584
count_stat_atomic 2 uperf 1
n_reads: 0  n_updates: 54144000  nreaders: 0  nupdaters: 2 duration: 240
ns/read: nan  ns/update: 8.86525
count_stat_atomic 2 uperf 1
n_reads: 0  n_updates: 54502000  nreaders: 0  nupdaters: 2 duration: 240
ns/read: nan  ns/update: 8.80702
count_stat_atomic 3 uperf 1
n_reads: 0  n_updates: 85355000  nreaders: 0  nupdaters: 3 duration: 240
ns/read: nan  ns/update: 8.43536
count_stat_atomic 3 uperf 1
n_reads: 0  n_updates: 84185000  nreaders: 0  nupdaters: 3 duration: 240
ns/read: nan  ns/update: 8.55259
count_stat_atomic 3 uperf 1
n_reads: 0  n_updates: 82746000  nreaders: 0  nupdaters: 3 duration: 240
ns/read: nan  ns/update: 8.70133
count_stat_atomic 3 uperf 1
n_reads: 0  n_updates: 83414000  nreaders: 0  nupdaters: 3 duration: 240
ns/read: nan  ns/update: 8.63164
count_stat_atomic 4 uperf 1
n_reads: 0  n_updates: 103411000  nreaders: 0  nupdaters: 4 duration: 240
ns/read: nan  ns/update: 9.28335
count_stat_atomic 4 uperf 1
n_reads: 0  n_updates: 103074000  nreaders: 0  nupdaters: 4 duration: 240
ns/read: nan  ns/update: 9.3137
count_stat_atomic 4 uperf 1
n_reads: 0  n_updates: 108549000  nreaders: 0  nupdaters: 4 duration: 240
ns/read: nan  ns/update: 8.84393
count_stat_atomic 4 uperf 1
n_reads: 0  n_updates: 110421000  nreaders: 0  nupdaters: 4 duration: 240
ns/read: nan  ns/update: 8.694
count_stat_atomic 5 uperf 1
n_reads: 0  n_updates: 130152000  nreaders: 0  nupdaters: 5 duration: 240
ns/read: nan  ns/update: 9.21999
count_stat_atomic 5 uperf 1
n_reads: 0  n_updates: 119857000  nreaders: 0  nupdaters: 5 duration: 240
ns/read: nan  ns/update: 10.0119
count_stat_atomic 5 uperf 1
n_reads: 0  n_updates: 123369000  nreaders: 0  nupdaters: 5 duration: 240
ns/read: nan  ns/update: 9.72692
count_stat_atomic 5 uperf 1
n_reads: 0  n_updates: 137015000  nreaders: 0  nupdaters: 5 duration: 240
ns/read: nan  ns/update: 8.75817
count_stat_atomic 6 uperf 1
n_reads: 0  n_updates: 147756000  nreaders: 0  nupdaters: 6 duration: 240
ns/read: nan  ns/update: 9.7458
count_stat_atomic 6 uperf 1
n_reads: 0  n_updates: 153368000  nreaders: 0  nupdaters: 6 duration: 240
ns/read: nan  ns/update: 9.38918
count_stat_atomic 6 uperf 1
n_reads: 0  n_updates: 132611000  nreaders: 0  nupdaters: 6 duration: 240
ns/read: nan  ns/update: 10.8588
count_stat_atomic 6 uperf 1
n_reads: 0  n_updates: 136519000  nreaders: 0  nupdaters: 6 duration: 240
ns/read: nan  ns/update: 10.548
count_stat_atomic 7 uperf 1
n_reads: 0  n_updates: 144308000  nreaders: 0  nupdaters: 7 duration: 240
ns/read: nan  ns/update: 11.6418
count_stat_atomic 7 uperf 1
n_reads: 0  n_updates: 143813000  nreaders: 0  nupdaters: 7 duration: 240
ns/read: nan  ns/update: 11.6818
count_stat_atomic 7 uperf 1
n_reads: 0  n_updates: 134223000  nreaders: 0  nupdaters: 7 duration: 240
ns/read: nan  ns/update: 12.5165
count_stat_atomic 7 uperf 1
n_reads: 0  n_updates: 136631000  nreaders: 0  nupdaters: 7 duration: 240
ns/read: nan  ns/update: 12.2959
count_stat_atomic 8 uperf 1
n_reads: 0  n_updates: 147890000  nreaders: 0  nupdaters: 8 duration: 240
ns/read: nan  ns/update: 12.9826
count_stat_atomic 8 uperf 1
n_reads: 0  n_updates: 167771000  nreaders: 0  nupdaters: 8 duration: 240
ns/read: nan  ns/update: 11.4442
count_stat_atomic 8 uperf 1
n_reads: 0  n_updates: 147866000  nreaders: 0  nupdaters: 8 duration: 240
ns/read: nan  ns/update: 12.9847
count_stat_atomic 8 uperf 1
n_reads: 0  n_updates: 143655000  nreaders: 0  nupdaters: 8 duration: 240
ns/read: nan  ns/update: 13.3654
count_stat_atomic 10 uperf 1
n_reads: 0  n_updates: 116852000  nreaders: 0  nupdaters: 10 duration: 240
ns/read: nan  ns/update: 20.5388
count_stat_atomic 10 uperf 1
n_reads: 0  n_updates: 157991000  nreaders: 0  nupdaters: 10 duration: 240
ns/read: nan  ns/update: 15.1907
count_stat_atomic 10 uperf 1
n_reads: 0  n_updates: 177076000  nreaders: 0  nupdaters: 10 duration: 240
ns/read: nan  ns/update: 13.5535
count_stat_atomic 10 uperf 1
n_reads: 0  n_updates: 165760000  nreaders: 0  nupdaters: 10 duration: 240
ns/read: nan  ns/update: 14.4788
count_stat_atomic 12 uperf 1
n_reads: 0  n_updates: 186173000  nreaders: 0  nupdaters: 12 duration: 240
ns/read: nan  ns/update: 15.4695
count_stat_atomic 12 uperf 1
n_reads: 0  n_updates: 171457000  nreaders: 0  nupdaters: 12 duration: 240
ns/read: nan  ns/update: 16.7972
count_stat_atomic 12 uperf 1
n_reads: 0  n_updates: 195936000  nreaders: 0  nupdaters: 12 duration: 240
ns/read: nan  ns/update: 14.6987
count_stat_atomic 12 uperf 1
n_reads: 0  n_updates: 203171000  nreaders: 0  nupdaters: 12 duration: 240
ns/read: nan  ns/update: 14.1753
count_stat_atomic 14 uperf 1
n_reads: 0  n_updates: 217578000  nreaders: 0  nupdaters: 14 duration: 240
ns/read: nan  ns/update: 15.4427
count_stat_atomic 14 uperf 1
n_reads: 0  n_updates: 204614000  nreaders: 0  nupdaters: 14 duration: 240
ns/read: nan  ns/update: 16.4212
count_stat_atomic 14 uperf 1
n_reads: 0  n_updates: 215524000  nreaders: 0  nupdaters: 14 duration: 240
ns/read: nan  ns/update: 15.5899
count_stat_atomic 14 uperf 1
n_reads: 0  n_updates: 208327000  nreaders: 0  nupdaters: 14 duration: 240
ns/read: nan  ns/update: 16.1285
count_stat_atomic 16 uperf 1
n_reads: 0  n_updates: 219712000  nreaders: 0  nupdaters: 16 duration: 240
ns/read: nan  ns/update: 17.4774
count_stat_atomic 16 uperf 1
n_reads: 0  n_updates: 246954000  nreaders: 0  nupdaters: 16 duration: 240
ns/read: nan  ns/update: 15.5495
count_stat_atomic 16 uperf 1
n_reads: 0  n_updates: 177870000  nreaders: 0  nupdaters: 16 duration: 240
ns/read: nan  ns/update: 21.5888
count_stat_atomic 16 uperf 1
n_reads: 0  n_updates: 228265000  nreaders: 0  nupdaters: 16 duration: 240
ns/read: nan  ns/update: 16.8226
