count_atomic 1 uperf 2
n_reads: 0  n_updates: 6350000  nreaders: 0  nupdaters: 1 duration: 240
ns/read: nan  ns/update: 37.7953
count_atomic 1 uperf 2
n_reads: 0  n_updates: 5814000  nreaders: 0  nupdaters: 1 duration: 240
ns/read: nan  ns/update: 41.2797
count_atomic 1 uperf 2
n_reads: 0  n_updates: 5815000  nreaders: 0  nupdaters: 1 duration: 240
ns/read: nan  ns/update: 41.2726
count_atomic 1 uperf 2
n_reads: 0  n_updates: 5814000  nreaders: 0  nupdaters: 1 duration: 240
ns/read: nan  ns/update: 41.2797
count_atomic 5 uperf 2
n_reads: 0  n_updates: 3240000  nreaders: 0  nupdaters: 5 duration: 240
ns/read: nan  ns/update: 370.37
count_atomic 5 uperf 2
n_reads: 0  n_updates: 2646000  nreaders: 0  nupdaters: 5 duration: 240
ns/read: nan  ns/update: 453.515
count_atomic 5 uperf 2
n_reads: 0  n_updates: 2646000  nreaders: 0  nupdaters: 5 duration: 240
ns/read: nan  ns/update: 453.515
count_atomic 5 uperf 2
n_reads: 0  n_updates: 2642000  nreaders: 0  nupdaters: 5 duration: 240
ns/read: nan  ns/update: 454.201
count_atomic 9 uperf 2
n_reads: 0  n_updates: 2785000  nreaders: 0  nupdaters: 9 duration: 240
ns/read: nan  ns/update: 775.583
count_atomic 9 uperf 2
n_reads: 0  n_updates: 2763000  nreaders: 0  nupdaters: 9 duration: 240
ns/read: nan  ns/update: 781.759
count_atomic 9 uperf 2
n_reads: 0  n_updates: 2658000  nreaders: 0  nupdaters: 9 duration: 240
ns/read: nan  ns/update: 812.641
count_atomic 9 uperf 2
n_reads: 0  n_updates: 2336000  nreaders: 0  nupdaters: 9 duration: 240
ns/read: nan  ns/update: 924.658
count_atomic 13 uperf 2
n_reads: 0  n_updates: 2026000  nreaders: 0  nupdaters: 13 duration: 240
ns/read: nan  ns/update: 1539.98
count_atomic 13 uperf 2
n_reads: 0  n_updates: 2153000  nreaders: 0  nupdaters: 13 duration: 240
ns/read: nan  ns/update: 1449.14
count_atomic 13 uperf 2
n_reads: 0  n_updates: 1936000  nreaders: 0  nupdaters: 13 duration: 240
ns/read: nan  ns/update: 1611.57
count_atomic 13 uperf 2
n_reads: 0  n_updates: 2001000  nreaders: 0  nupdaters: 13 duration: 240
ns/read: nan  ns/update: 1559.22
count_atomic 17 uperf 2
n_reads: 0  n_updates: 1761000  nreaders: 0  nupdaters: 17 duration: 240
ns/read: nan  ns/update: 2316.87
count_atomic 17 uperf 2
n_reads: 0  n_updates: 1654000  nreaders: 0  nupdaters: 17 duration: 240
ns/read: nan  ns/update: 2466.75
count_atomic 17 uperf 2
n_reads: 0  n_updates: 1661000  nreaders: 0  nupdaters: 17 duration: 240
ns/read: nan  ns/update: 2456.35
count_atomic 17 uperf 2
n_reads: 0  n_updates: 1584000  nreaders: 0  nupdaters: 17 duration: 240
ns/read: nan  ns/update: 2575.76
count_atomic 21 uperf 2
n_reads: 0  n_updates: 1367000  nreaders: 0  nupdaters: 21 duration: 240
ns/read: nan  ns/update: 3686.91
count_atomic 21 uperf 2
n_reads: 0  n_updates: 1448000  nreaders: 0  nupdaters: 21 duration: 240
ns/read: nan  ns/update: 3480.66
count_atomic 21 uperf 2
n_reads: 0  n_updates: 1347000  nreaders: 0  nupdaters: 21 duration: 240
ns/read: nan  ns/update: 3741.65
count_atomic 21 uperf 2
n_reads: 0  n_updates: 1476000  nreaders: 0  nupdaters: 21 duration: 240
ns/read: nan  ns/update: 3414.63
count_atomic 25 uperf 2
n_reads: 0  n_updates: 1360000  nreaders: 0  nupdaters: 25 duration: 240
ns/read: nan  ns/update: 4411.76
count_atomic 25 uperf 2
n_reads: 0  n_updates: 1259000  nreaders: 0  nupdaters: 25 duration: 240
ns/read: nan  ns/update: 4765.69
count_atomic 25 uperf 2
n_reads: 0  n_updates: 1358000  nreaders: 0  nupdaters: 25 duration: 240
ns/read: nan  ns/update: 4418.26
count_atomic 25 uperf 2
n_reads: 0  n_updates: 1249000  nreaders: 0  nupdaters: 25 duration: 240
ns/read: nan  ns/update: 4803.84
count_atomic 29 uperf 2
n_reads: 0  n_updates: 1231000  nreaders: 0  nupdaters: 29 duration: 240
ns/read: nan  ns/update: 5653.94
count_atomic 29 uperf 2
n_reads: 0  n_updates: 1081000  nreaders: 0  nupdaters: 29 duration: 240
ns/read: nan  ns/update: 6438.48
count_atomic 29 uperf 2
n_reads: 0  n_updates: 1235000  nreaders: 0  nupdaters: 29 duration: 240
ns/read: nan  ns/update: 5635.63
count_atomic 29 uperf 2
n_reads: 0  n_updates: 1125000  nreaders: 0  nupdaters: 29 duration: 240
ns/read: nan  ns/update: 6186.67
count_atomic 33 uperf 2
n_reads: 0  n_updates: 1090000  nreaders: 0  nupdaters: 33 duration: 240
ns/read: nan  ns/update: 7266.06
count_atomic 33 uperf 2
n_reads: 0  n_updates: 940000  nreaders: 0  nupdaters: 33 duration: 240
ns/read: nan  ns/update: 8425.53
count_atomic 33 uperf 2
n_reads: 0  n_updates: 1098000  nreaders: 0  nupdaters: 33 duration: 240
ns/read: nan  ns/update: 7213.11
count_atomic 33 uperf 2
n_reads: 0  n_updates: 1027000  nreaders: 0  nupdaters: 33 duration: 240
ns/read: nan  ns/update: 7711.78
count_atomic 37 uperf 2
n_reads: 0  n_updates: 932000  nreaders: 0  nupdaters: 37 duration: 240
ns/read: nan  ns/update: 9527.9
count_atomic 37 uperf 2
n_reads: 0  n_updates: 1036000  nreaders: 0  nupdaters: 37 duration: 240
ns/read: nan  ns/update: 8571.43
count_atomic 37 uperf 2
n_reads: 0  n_updates: 925000  nreaders: 0  nupdaters: 37 duration: 240
ns/read: nan  ns/update: 9600
count_atomic 37 uperf 2
n_reads: 0  n_updates: 909000  nreaders: 0  nupdaters: 37 duration: 240
ns/read: nan  ns/update: 9768.98
count_atomic 41 uperf 2
n_reads: 0  n_updates: 904000  nreaders: 0  nupdaters: 41 duration: 240
ns/read: nan  ns/update: 10885
count_atomic 41 uperf 2
n_reads: 0  n_updates: 885000  nreaders: 0  nupdaters: 41 duration: 240
ns/read: nan  ns/update: 11118.6
count_atomic 41 uperf 2
n_reads: 0  n_updates: 874000  nreaders: 0  nupdaters: 41 duration: 240
ns/read: nan  ns/update: 11258.6
count_atomic 41 uperf 2
n_reads: 0  n_updates: 809000  nreaders: 0  nupdaters: 41 duration: 240
ns/read: nan  ns/update: 12163.2
count_atomic 45 uperf 2
n_reads: 0  n_updates: 781000  nreaders: 0  nupdaters: 45 duration: 240
ns/read: nan  ns/update: 13828.4
count_atomic 45 uperf 2
n_reads: 0  n_updates: 827000  nreaders: 0  nupdaters: 45 duration: 240
ns/read: nan  ns/update: 13059.3
count_atomic 45 uperf 2
n_reads: 0  n_updates: 824000  nreaders: 0  nupdaters: 45 duration: 240
ns/read: nan  ns/update: 13106.8
count_atomic 45 uperf 2
n_reads: 0  n_updates: 845000  nreaders: 0  nupdaters: 45 duration: 240
ns/read: nan  ns/update: 12781.1
count_atomic 49 uperf 2
n_reads: 0  n_updates: 773000  nreaders: 0  nupdaters: 49 duration: 240
ns/read: nan  ns/update: 15213.5
count_atomic 49 uperf 2
n_reads: 0  n_updates: 738000  nreaders: 0  nupdaters: 49 duration: 240
ns/read: nan  ns/update: 15935
count_atomic 49 uperf 2
n_reads: 0  n_updates: 816000  nreaders: 0  nupdaters: 49 duration: 240
ns/read: nan  ns/update: 14411.8
count_atomic 49 uperf 2
n_reads: 0  n_updates: 743000  nreaders: 0  nupdaters: 49 duration: 240
ns/read: nan  ns/update: 15827.7
count_atomic 53 uperf 2
n_reads: 0  n_updates: 768000  nreaders: 0  nupdaters: 53 duration: 240
ns/read: nan  ns/update: 16562.5
count_atomic 53 uperf 2
n_reads: 0  n_updates: 768000  nreaders: 0  nupdaters: 53 duration: 240
ns/read: nan  ns/update: 16562.5
count_atomic 53 uperf 2
n_reads: 0  n_updates: 737000  nreaders: 0  nupdaters: 53 duration: 240
ns/read: nan  ns/update: 17259.2
count_atomic 53 uperf 2
n_reads: 0  n_updates: 730000  nreaders: 0  nupdaters: 53 duration: 240
ns/read: nan  ns/update: 17424.7
count_atomic 57 uperf 2
n_reads: 0  n_updates: 746000  nreaders: 0  nupdaters: 57 duration: 240
ns/read: nan  ns/update: 18337.8
count_atomic 57 uperf 2
n_reads: 0  n_updates: 729000  nreaders: 0  nupdaters: 57 duration: 240
ns/read: nan  ns/update: 18765.4
count_atomic 57 uperf 2
n_reads: 0  n_updates: 752000  nreaders: 0  nupdaters: 57 duration: 240
ns/read: nan  ns/update: 18191.5
count_atomic 57 uperf 2
n_reads: 0  n_updates: 672000  nreaders: 0  nupdaters: 57 duration: 240
ns/read: nan  ns/update: 20357.1
count_atomic 61 uperf 2
n_reads: 0  n_updates: 751000  nreaders: 0  nupdaters: 61 duration: 240
ns/read: nan  ns/update: 19494
count_atomic 61 uperf 2
n_reads: 0  n_updates: 683000  nreaders: 0  nupdaters: 61 duration: 240
ns/read: nan  ns/update: 21434.8
count_atomic 61 uperf 2
n_reads: 0  n_updates: 730000  nreaders: 0  nupdaters: 61 duration: 240
ns/read: nan  ns/update: 20054.8
count_atomic 61 uperf 2
n_reads: 0  n_updates: 703000  nreaders: 0  nupdaters: 61 duration: 240
ns/read: nan  ns/update: 20825
count_atomic 65 uperf 2
n_reads: 0  n_updates: 732000  nreaders: 0  nupdaters: 65 duration: 240
ns/read: nan  ns/update: 21311.5
count_atomic 65 uperf 2
n_reads: 0  n_updates: 701000  nreaders: 0  nupdaters: 65 duration: 240
ns/read: nan  ns/update: 22253.9
count_atomic 65 uperf 2
n_reads: 0  n_updates: 667000  nreaders: 0  nupdaters: 65 duration: 240
ns/read: nan  ns/update: 23388.3
count_atomic 65 uperf 2
n_reads: 0  n_updates: 717000  nreaders: 0  nupdaters: 65 duration: 240
ns/read: nan  ns/update: 21757.3
count_atomic 69 uperf 2
n_reads: 0  n_updates: 718000  nreaders: 0  nupdaters: 69 duration: 240
ns/read: nan  ns/update: 23064.1
count_atomic 69 uperf 2
n_reads: 0  n_updates: 656000  nreaders: 0  nupdaters: 69 duration: 240
ns/read: nan  ns/update: 25243.9
count_atomic 69 uperf 2
n_reads: 0  n_updates: 665000  nreaders: 0  nupdaters: 69 duration: 240
ns/read: nan  ns/update: 24902.3
count_atomic 69 uperf 2
n_reads: 0  n_updates: 688000  nreaders: 0  nupdaters: 69 duration: 240
ns/read: nan  ns/update: 24069.8
count_atomic 73 uperf 2
n_reads: 0  n_updates: 666000  nreaders: 0  nupdaters: 73 duration: 240
ns/read: nan  ns/update: 26306.3
count_atomic 73 uperf 2
n_reads: 0  n_updates: 712000  nreaders: 0  nupdaters: 73 duration: 240
ns/read: nan  ns/update: 24606.7
count_atomic 73 uperf 2
n_reads: 0  n_updates: 718000  nreaders: 0  nupdaters: 73 duration: 240
ns/read: nan  ns/update: 24401.1
count_atomic 73 uperf 2
n_reads: 0  n_updates: 680000  nreaders: 0  nupdaters: 73 duration: 240
ns/read: nan  ns/update: 25764.7
count_atomic 77 uperf 2
n_reads: 0  n_updates: 665000  nreaders: 0  nupdaters: 77 duration: 240
ns/read: nan  ns/update: 27789.5
count_atomic 77 uperf 2
n_reads: 0  n_updates: 654000  nreaders: 0  nupdaters: 77 duration: 240
ns/read: nan  ns/update: 28256.9
count_atomic 77 uperf 2
n_reads: 0  n_updates: 710000  nreaders: 0  nupdaters: 77 duration: 240
ns/read: nan  ns/update: 26028.2
count_atomic 77 uperf 2
n_reads: 0  n_updates: 711000  nreaders: 0  nupdaters: 77 duration: 240
ns/read: nan  ns/update: 25991.6
count_atomic 81 uperf 2
n_reads: 0  n_updates: 673000  nreaders: 0  nupdaters: 81 duration: 240
ns/read: nan  ns/update: 28885.6
count_atomic 81 uperf 2
n_reads: 0  n_updates: 675000  nreaders: 0  nupdaters: 81 duration: 240
ns/read: nan  ns/update: 28800
count_atomic 81 uperf 2
n_reads: 0  n_updates: 709000  nreaders: 0  nupdaters: 81 duration: 240
ns/read: nan  ns/update: 27418.9
count_atomic 81 uperf 2
n_reads: 0  n_updates: 683000  nreaders: 0  nupdaters: 81 duration: 240
ns/read: nan  ns/update: 28462.7
count_atomic 85 uperf 2
n_reads: 0  n_updates: 650000  nreaders: 0  nupdaters: 85 duration: 240
ns/read: nan  ns/update: 31384.6
count_atomic 85 uperf 2
n_reads: 0  n_updates: 684000  nreaders: 0  nupdaters: 85 duration: 240
ns/read: nan  ns/update: 29824.6
count_atomic 85 uperf 2
n_reads: 0  n_updates: 714000  nreaders: 0  nupdaters: 85 duration: 240
ns/read: nan  ns/update: 28571.4
count_atomic 85 uperf 2
n_reads: 0  n_updates: 706000  nreaders: 0  nupdaters: 85 duration: 240
ns/read: nan  ns/update: 28895.2
count_atomic 89 uperf 2
n_reads: 0  n_updates: 676000  nreaders: 0  nupdaters: 89 duration: 240
ns/read: nan  ns/update: 31597.6
count_atomic 89 uperf 2
n_reads: 0  n_updates: 709000  nreaders: 0  nupdaters: 89 duration: 240
ns/read: nan  ns/update: 30126.9
count_atomic 89 uperf 2
n_reads: 0  n_updates: 662000  nreaders: 0  nupdaters: 89 duration: 240
ns/read: nan  ns/update: 32265.9
count_atomic 89 uperf 2
n_reads: 0  n_updates: 708000  nreaders: 0  nupdaters: 89 duration: 240
ns/read: nan  ns/update: 30169.5
count_atomic 93 uperf 2
n_reads: 0  n_updates: 710000  nreaders: 0  nupdaters: 93 duration: 240
ns/read: nan  ns/update: 31436.6
count_atomic 93 uperf 2
n_reads: 0  n_updates: 671000  nreaders: 0  nupdaters: 93 duration: 240
ns/read: nan  ns/update: 33263.8
count_atomic 93 uperf 2
n_reads: 0  n_updates: 683000  nreaders: 0  nupdaters: 93 duration: 240
ns/read: nan  ns/update: 32679.4
count_atomic 93 uperf 2
n_reads: 0  n_updates: 689000  nreaders: 0  nupdaters: 93 duration: 240
ns/read: nan  ns/update: 32394.8
count_atomic 97 uperf 2
n_reads: 0  n_updates: 675000  nreaders: 0  nupdaters: 97 duration: 240
ns/read: nan  ns/update: 34488.9
count_atomic 97 uperf 2
n_reads: 0  n_updates: 671000  nreaders: 0  nupdaters: 97 duration: 240
ns/read: nan  ns/update: 34694.5
count_atomic 97 uperf 2
n_reads: 0  n_updates: 671000  nreaders: 0  nupdaters: 97 duration: 240
ns/read: nan  ns/update: 34694.5
count_atomic 97 uperf 2
n_reads: 0  n_updates: 720000  nreaders: 0  nupdaters: 97 duration: 240
ns/read: nan  ns/update: 32333.3
count_atomic 101 uperf 2
n_reads: 0  n_updates: 684000  nreaders: 0  nupdaters: 101 duration: 240
ns/read: nan  ns/update: 35438.6
count_atomic 101 uperf 2
n_reads: 0  n_updates: 706000  nreaders: 0  nupdaters: 101 duration: 240
ns/read: nan  ns/update: 34334.3
count_atomic 101 uperf 2
n_reads: 0  n_updates: 727000  nreaders: 0  nupdaters: 101 duration: 240
ns/read: nan  ns/update: 33342.5
count_atomic 101 uperf 2
n_reads: 0  n_updates: 696000  nreaders: 0  nupdaters: 101 duration: 240
ns/read: nan  ns/update: 34827.6
count_atomic 105 uperf 2
n_reads: 0  n_updates: 699000  nreaders: 0  nupdaters: 105 duration: 240
ns/read: nan  ns/update: 36051.5
count_atomic 105 uperf 2
n_reads: 0  n_updates: 687000  nreaders: 0  nupdaters: 105 duration: 240
ns/read: nan  ns/update: 36681.2
count_atomic 105 uperf 2
n_reads: 0  n_updates: 691000  nreaders: 0  nupdaters: 105 duration: 240
ns/read: nan  ns/update: 36468.9
count_atomic 105 uperf 2
n_reads: 0  n_updates: 711000  nreaders: 0  nupdaters: 105 duration: 240
ns/read: nan  ns/update: 35443
count_atomic 109 uperf 2
n_reads: 0  n_updates: 848000  nreaders: 0  nupdaters: 109 duration: 240
ns/read: nan  ns/update: 30849.1
count_atomic 109 uperf 2
n_reads: 0  n_updates: 715000  nreaders: 0  nupdaters: 109 duration: 240
ns/read: nan  ns/update: 36587.4
count_atomic 109 uperf 2
n_reads: 0  n_updates: 735000  nreaders: 0  nupdaters: 109 duration: 240
ns/read: nan  ns/update: 35591.8
count_atomic 109 uperf 2
n_reads: 0  n_updates: 752000  nreaders: 0  nupdaters: 109 duration: 240
ns/read: nan  ns/update: 34787.2
count_atomic 113 uperf 2
n_reads: 0  n_updates: 725000  nreaders: 0  nupdaters: 113 duration: 240
ns/read: nan  ns/update: 37406.9
count_atomic 113 uperf 2
n_reads: 0  n_updates: 695000  nreaders: 0  nupdaters: 113 duration: 240
ns/read: nan  ns/update: 39021.6
count_atomic 113 uperf 2
n_reads: 0  n_updates: 685000  nreaders: 0  nupdaters: 113 duration: 240
ns/read: nan  ns/update: 39591.2
count_atomic 113 uperf 2
n_reads: 0  n_updates: 694000  nreaders: 0  nupdaters: 113 duration: 240
ns/read: nan  ns/update: 39077.8
count_atomic 117 uperf 2
n_reads: 0  n_updates: 716000  nreaders: 0  nupdaters: 117 duration: 240
ns/read: nan  ns/update: 39217.9
count_atomic 117 uperf 2
n_reads: 0  n_updates: 880000  nreaders: 0  nupdaters: 117 duration: 240
ns/read: nan  ns/update: 31909.1
count_atomic 117 uperf 2
n_reads: 0  n_updates: 703000  nreaders: 0  nupdaters: 117 duration: 240
ns/read: nan  ns/update: 39943.1
count_atomic 117 uperf 2
n_reads: 0  n_updates: 750000  nreaders: 0  nupdaters: 117 duration: 240
ns/read: nan  ns/update: 37440
count_atomic 121 uperf 2
n_reads: 0  n_updates: 733000  nreaders: 0  nupdaters: 121 duration: 240
ns/read: nan  ns/update: 39618
count_atomic 121 uperf 2
n_reads: 0  n_updates: 705000  nreaders: 0  nupdaters: 121 duration: 240
ns/read: nan  ns/update: 41191.5
count_atomic 121 uperf 2
n_reads: 0  n_updates: 749000  nreaders: 0  nupdaters: 121 duration: 240
ns/read: nan  ns/update: 38771.7
count_atomic 121 uperf 2
n_reads: 0  n_updates: 699000  nreaders: 0  nupdaters: 121 duration: 240
ns/read: nan  ns/update: 41545.1
count_atomic 125 uperf 2
n_reads: 0  n_updates: 702000  nreaders: 0  nupdaters: 125 duration: 240
ns/read: nan  ns/update: 42735
count_atomic 125 uperf 2
n_reads: 0  n_updates: 697000  nreaders: 0  nupdaters: 125 duration: 240
ns/read: nan  ns/update: 43041.6
count_atomic 125 uperf 2
n_reads: 0  n_updates: 706000  nreaders: 0  nupdaters: 125 duration: 240
ns/read: nan  ns/update: 42492.9
count_atomic 125 uperf 2
n_reads: 0  n_updates: 730000  nreaders: 0  nupdaters: 125 duration: 240
ns/read: nan  ns/update: 41095.9
count_nonatomic 1 uperf 2
n_reads: 0  n_updates: 31286000  nreaders: 0  nupdaters: 1 duration: 240
ns/read: nan  ns/update: 7.67116
count_nonatomic 1 uperf 2
n_reads: 0  n_updates: 31291000  nreaders: 0  nupdaters: 1 duration: 240
ns/read: nan  ns/update: 7.66994
count_nonatomic 1 uperf 2
n_reads: 0  n_updates: 31354000  nreaders: 0  nupdaters: 1 duration: 240
ns/read: nan  ns/update: 7.65453
count_nonatomic 1 uperf 2
n_reads: 0  n_updates: 31290000  nreaders: 0  nupdaters: 1 duration: 240
ns/read: nan  ns/update: 7.67018
count_nonatomic 5 uperf 2
!!! Count mismatch: 142643000 counted vs. 30870107 final value
n_reads: 0  n_updates: 142643000  nreaders: 0  nupdaters: 5 duration: 240
ns/read: nan  ns/update: 8.41261
count_nonatomic 5 uperf 2
!!! Count mismatch: 145107000 counted vs. 30665767 final value
n_reads: 0  n_updates: 145107000  nreaders: 0  nupdaters: 5 duration: 240
ns/read: nan  ns/update: 8.26976
count_nonatomic 5 uperf 2
!!! Count mismatch: 149410000 counted vs. 32371250 final value
n_reads: 0  n_updates: 149410000  nreaders: 0  nupdaters: 5 duration: 240
ns/read: nan  ns/update: 8.03159
count_nonatomic 5 uperf 2
!!! Count mismatch: 149624000 counted vs. 31782562 final value
n_reads: 0  n_updates: 149624000  nreaders: 0  nupdaters: 5 duration: 240
ns/read: nan  ns/update: 8.0201
count_nonatomic 9 uperf 2
!!! Count mismatch: 233696000 counted vs. 29637235 final value
n_reads: 0  n_updates: 233696000  nreaders: 0  nupdaters: 9 duration: 240
ns/read: nan  ns/update: 9.24278
count_nonatomic 9 uperf 2
!!! Count mismatch: 239232000 counted vs. 29805129 final value
n_reads: 0  n_updates: 239232000  nreaders: 0  nupdaters: 9 duration: 240
ns/read: nan  ns/update: 9.02889
count_nonatomic 9 uperf 2
!!! Count mismatch: 234924000 counted vs. 29725185 final value
n_reads: 0  n_updates: 234924000  nreaders: 0  nupdaters: 9 duration: 240
ns/read: nan  ns/update: 9.19446
count_nonatomic 9 uperf 2
!!! Count mismatch: 237716000 counted vs. 28818820 final value
n_reads: 0  n_updates: 237716000  nreaders: 0  nupdaters: 9 duration: 240
ns/read: nan  ns/update: 9.08647
count_nonatomic 13 uperf 2
!!! Count mismatch: 321864000 counted vs. 29493006 final value
n_reads: 0  n_updates: 321864000  nreaders: 0  nupdaters: 13 duration: 240
ns/read: nan  ns/update: 9.69354
count_nonatomic 13 uperf 2
!!! Count mismatch: 323256000 counted vs. 29101541 final value
n_reads: 0  n_updates: 323256000  nreaders: 0  nupdaters: 13 duration: 240
ns/read: nan  ns/update: 9.65179
count_nonatomic 13 uperf 2
!!! Count mismatch: 320430000 counted vs. 28760448 final value
n_reads: 0  n_updates: 320430000  nreaders: 0  nupdaters: 13 duration: 240
ns/read: nan  ns/update: 9.73692
count_nonatomic 13 uperf 2
!!! Count mismatch: 322041000 counted vs. 28697560 final value
n_reads: 0  n_updates: 322041000  nreaders: 0  nupdaters: 13 duration: 240
ns/read: nan  ns/update: 9.68821
count_nonatomic 17 uperf 2
!!! Count mismatch: 343425000 counted vs. 26033869 final value
n_reads: 0  n_updates: 343425000  nreaders: 0  nupdaters: 17 duration: 240
ns/read: nan  ns/update: 11.8803
count_nonatomic 17 uperf 2
!!! Count mismatch: 401421000 counted vs. 29549870 final value
n_reads: 0  n_updates: 401421000  nreaders: 0  nupdaters: 17 duration: 240
ns/read: nan  ns/update: 10.1639
count_nonatomic 17 uperf 2
!!! Count mismatch: 397016000 counted vs. 28345486 final value
n_reads: 0  n_updates: 397016000  nreaders: 0  nupdaters: 17 duration: 240
ns/read: nan  ns/update: 10.2767
count_nonatomic 17 uperf 2
!!! Count mismatch: 384223000 counted vs. 27321764 final value
n_reads: 0  n_updates: 384223000  nreaders: 0  nupdaters: 17 duration: 240
ns/read: nan  ns/update: 10.6188
count_nonatomic 21 uperf 2
!!! Count mismatch: 445082000 counted vs. 27409522 final value
n_reads: 0  n_updates: 445082000  nreaders: 0  nupdaters: 21 duration: 240
ns/read: nan  ns/update: 11.3238
count_nonatomic 21 uperf 2
!!! Count mismatch: 418164000 counted vs. 25683801 final value
n_reads: 0  n_updates: 418164000  nreaders: 0  nupdaters: 21 duration: 240
ns/read: nan  ns/update: 12.0527
count_nonatomic 21 uperf 2
!!! Count mismatch: 480754000 counted vs. 30802636 final value
n_reads: 0  n_updates: 480754000  nreaders: 0  nupdaters: 21 duration: 240
ns/read: nan  ns/update: 10.4835
count_nonatomic 21 uperf 2
!!! Count mismatch: 455158000 counted vs. 27771494 final value
n_reads: 0  n_updates: 455158000  nreaders: 0  nupdaters: 21 duration: 240
ns/read: nan  ns/update: 11.0731
count_nonatomic 25 uperf 2
!!! Count mismatch: 485365000 counted vs. 25669412 final value
n_reads: 0  n_updates: 485365000  nreaders: 0  nupdaters: 25 duration: 240
ns/read: nan  ns/update: 12.3618
count_nonatomic 25 uperf 2
!!! Count mismatch: 531406000 counted vs. 28417038 final value
n_reads: 0  n_updates: 531406000  nreaders: 0  nupdaters: 25 duration: 240
ns/read: nan  ns/update: 11.2908
count_nonatomic 25 uperf 2
!!! Count mismatch: 493511000 counted vs. 25839109 final value
n_reads: 0  n_updates: 493511000  nreaders: 0  nupdaters: 25 duration: 240
ns/read: nan  ns/update: 12.1578
count_nonatomic 25 uperf 2
!!! Count mismatch: 525713000 counted vs. 28289367 final value
n_reads: 0  n_updates: 525713000  nreaders: 0  nupdaters: 25 duration: 240
ns/read: nan  ns/update: 11.4131
count_nonatomic 29 uperf 2
!!! Count mismatch: 564753000 counted vs. 26910842 final value
n_reads: 0  n_updates: 564753000  nreaders: 0  nupdaters: 29 duration: 240
ns/read: nan  ns/update: 12.324
count_nonatomic 29 uperf 2
!!! Count mismatch: 543777000 counted vs. 25686245 final value
n_reads: 0  n_updates: 543777000  nreaders: 0  nupdaters: 29 duration: 240
ns/read: nan  ns/update: 12.7994
count_nonatomic 29 uperf 2
!!! Count mismatch: 577958000 counted vs. 27688834 final value
n_reads: 0  n_updates: 577958000  nreaders: 0  nupdaters: 29 duration: 240
ns/read: nan  ns/update: 12.0424
count_nonatomic 29 uperf 2
!!! Count mismatch: 585566000 counted vs. 28091229 final value
n_reads: 0  n_updates: 585566000  nreaders: 0  nupdaters: 29 duration: 240
ns/read: nan  ns/update: 11.8859
count_nonatomic 33 uperf 2
!!! Count mismatch: 599411000 counted vs. 25586521 final value
n_reads: 0  n_updates: 599411000  nreaders: 0  nupdaters: 33 duration: 240
ns/read: nan  ns/update: 13.213
count_nonatomic 33 uperf 2
!!! Count mismatch: 621959000 counted vs. 26892824 final value
n_reads: 0  n_updates: 621959000  nreaders: 0  nupdaters: 33 duration: 240
ns/read: nan  ns/update: 12.734
count_nonatomic 33 uperf 2
!!! Count mismatch: 617681000 counted vs. 26752785 final value
n_reads: 0  n_updates: 617681000  nreaders: 0  nupdaters: 33 duration: 240
ns/read: nan  ns/update: 12.8222
count_nonatomic 33 uperf 2
!!! Count mismatch: 615219000 counted vs. 26958382 final value
n_reads: 0  n_updates: 615219000  nreaders: 0  nupdaters: 33 duration: 240
ns/read: nan  ns/update: 12.8735
count_nonatomic 37 uperf 2
!!! Count mismatch: 658699000 counted vs. 26207114 final value
n_reads: 0  n_updates: 658699000  nreaders: 0  nupdaters: 37 duration: 240
ns/read: nan  ns/update: 13.4811
count_nonatomic 37 uperf 2
!!! Count mismatch: 633770000 counted vs. 24776081 final value
n_reads: 0  n_updates: 633770000  nreaders: 0  nupdaters: 37 duration: 240
ns/read: nan  ns/update: 14.0114
count_nonatomic 37 uperf 2
!!! Count mismatch: 676570000 counted vs. 27016571 final value
n_reads: 0  n_updates: 676570000  nreaders: 0  nupdaters: 37 duration: 240
ns/read: nan  ns/update: 13.125
count_nonatomic 37 uperf 2
!!! Count mismatch: 647440000 counted vs. 25635865 final value
n_reads: 0  n_updates: 647440000  nreaders: 0  nupdaters: 37 duration: 240
ns/read: nan  ns/update: 13.7156
count_nonatomic 41 uperf 2
!!! Count mismatch: 704123000 counted vs. 26212285 final value
n_reads: 0  n_updates: 704123000  nreaders: 0  nupdaters: 41 duration: 240
ns/read: nan  ns/update: 13.9748
count_nonatomic 41 uperf 2
!!! Count mismatch: 711852000 counted vs. 25776936 final value
n_reads: 0  n_updates: 711852000  nreaders: 0  nupdaters: 41 duration: 240
ns/read: nan  ns/update: 13.8231
count_nonatomic 41 uperf 2
!!! Count mismatch: 730428000 counted vs. 26761705 final value
n_reads: 0  n_updates: 730428000  nreaders: 0  nupdaters: 41 duration: 240
ns/read: nan  ns/update: 13.4716
count_nonatomic 41 uperf 2
!!! Count mismatch: 729549000 counted vs. 26966907 final value
n_reads: 0  n_updates: 729549000  nreaders: 0  nupdaters: 41 duration: 240
ns/read: nan  ns/update: 13.4878
count_nonatomic 45 uperf 2
!!! Count mismatch: 733914000 counted vs. 25603839 final value
n_reads: 0  n_updates: 733914000  nreaders: 0  nupdaters: 45 duration: 240
ns/read: nan  ns/update: 14.7156
count_nonatomic 45 uperf 2
!!! Count mismatch: 755682000 counted vs. 26233406 final value
n_reads: 0  n_updates: 755682000  nreaders: 0  nupdaters: 45 duration: 240
ns/read: nan  ns/update: 14.2917
count_nonatomic 45 uperf 2
!!! Count mismatch: 752919000 counted vs. 26389604 final value
n_reads: 0  n_updates: 752919000  nreaders: 0  nupdaters: 45 duration: 240
ns/read: nan  ns/update: 14.3442
count_nonatomic 45 uperf 2
!!! Count mismatch: 748557000 counted vs. 25907765 final value
n_reads: 0  n_updates: 748557000  nreaders: 0  nupdaters: 45 duration: 240
ns/read: nan  ns/update: 14.4278
count_nonatomic 49 uperf 2
!!! Count mismatch: 727235000 counted vs. 23691711 final value
n_reads: 0  n_updates: 727235000  nreaders: 0  nupdaters: 49 duration: 240
ns/read: nan  ns/update: 16.1708
count_nonatomic 49 uperf 2
!!! Count mismatch: 825227000 counted vs. 27305455 final value
n_reads: 0  n_updates: 825227000  nreaders: 0  nupdaters: 49 duration: 240
ns/read: nan  ns/update: 14.2506
count_nonatomic 49 uperf 2
!!! Count mismatch: 803117000 counted vs. 26031558 final value
n_reads: 0  n_updates: 803117000  nreaders: 0  nupdaters: 49 duration: 240
ns/read: nan  ns/update: 14.6429
count_nonatomic 49 uperf 2
!!! Count mismatch: 769762000 counted vs. 25563053 final value
n_reads: 0  n_updates: 769762000  nreaders: 0  nupdaters: 49 duration: 240
ns/read: nan  ns/update: 15.2774
count_nonatomic 53 uperf 2
!!! Count mismatch: 807167000 counted vs. 24703397 final value
n_reads: 0  n_updates: 807167000  nreaders: 0  nupdaters: 53 duration: 240
ns/read: nan  ns/update: 15.7588
count_nonatomic 53 uperf 2
!!! Count mismatch: 813110000 counted vs. 25278926 final value
n_reads: 0  n_updates: 813110000  nreaders: 0  nupdaters: 53 duration: 240
ns/read: nan  ns/update: 15.6436
count_nonatomic 53 uperf 2
!!! Count mismatch: 815601000 counted vs. 25351008 final value
n_reads: 0  n_updates: 815601000  nreaders: 0  nupdaters: 53 duration: 240
ns/read: nan  ns/update: 15.5959
count_nonatomic 53 uperf 2
!!! Count mismatch: 827099000 counted vs. 25800101 final value
n_reads: 0  n_updates: 827099000  nreaders: 0  nupdaters: 53 duration: 240
ns/read: nan  ns/update: 15.3791
count_nonatomic 57 uperf 2
!!! Count mismatch: 839975000 counted vs. 24414498 final value
n_reads: 0  n_updates: 839975000  nreaders: 0  nupdaters: 57 duration: 240
ns/read: nan  ns/update: 16.2862
count_nonatomic 57 uperf 2
!!! Count mismatch: 865840000 counted vs. 25340499 final value
n_reads: 0  n_updates: 865840000  nreaders: 0  nupdaters: 57 duration: 240
ns/read: nan  ns/update: 15.7997
count_nonatomic 57 uperf 2
!!! Count mismatch: 855928000 counted vs. 25653850 final value
n_reads: 0  n_updates: 855928000  nreaders: 0  nupdaters: 57 duration: 240
ns/read: nan  ns/update: 15.9827
count_nonatomic 57 uperf 2
!!! Count mismatch: 872779000 counted vs. 25736316 final value
n_reads: 0  n_updates: 872779000  nreaders: 0  nupdaters: 57 duration: 240
ns/read: nan  ns/update: 15.6741
count_nonatomic 61 uperf 2
!!! Count mismatch: 863573000 counted vs. 24162402 final value
n_reads: 0  n_updates: 863573000  nreaders: 0  nupdaters: 61 duration: 240
ns/read: nan  ns/update: 16.9528
count_nonatomic 61 uperf 2
!!! Count mismatch: 871422000 counted vs. 24818263 final value
n_reads: 0  n_updates: 871422000  nreaders: 0  nupdaters: 61 duration: 240
ns/read: nan  ns/update: 16.8001
count_nonatomic 61 uperf 2
!!! Count mismatch: 923277000 counted vs. 26312261 final value
n_reads: 0  n_updates: 923277000  nreaders: 0  nupdaters: 61 duration: 240
ns/read: nan  ns/update: 15.8566
count_nonatomic 61 uperf 2
!!! Count mismatch: 851171000 counted vs. 23749438 final value
n_reads: 0  n_updates: 851171000  nreaders: 0  nupdaters: 61 duration: 240
ns/read: nan  ns/update: 17.1998
count_nonatomic 65 uperf 2
!!! Count mismatch: 916455000 counted vs. 23436706 final value
n_reads: 0  n_updates: 916455000  nreaders: 0  nupdaters: 65 duration: 240
ns/read: nan  ns/update: 17.0221
count_nonatomic 65 uperf 2
!!! Count mismatch: 909434000 counted vs. 23367322 final value
n_reads: 0  n_updates: 909434000  nreaders: 0  nupdaters: 65 duration: 240
ns/read: nan  ns/update: 17.1535
count_nonatomic 65 uperf 2
!!! Count mismatch: 857422000 counted vs. 21494001 final value
n_reads: 0  n_updates: 857422000  nreaders: 0  nupdaters: 65 duration: 240
ns/read: nan  ns/update: 18.1941
count_nonatomic 65 uperf 2
!!! Count mismatch: 886579000 counted vs. 23062135 final value
n_reads: 0  n_updates: 886579000  nreaders: 0  nupdaters: 65 duration: 240
ns/read: nan  ns/update: 17.5957
count_nonatomic 69 uperf 2
!!! Count mismatch: 871639000 counted vs. 18557236 final value
n_reads: 0  n_updates: 871639000  nreaders: 0  nupdaters: 69 duration: 240
ns/read: nan  ns/update: 18.9987
count_nonatomic 69 uperf 2
!!! Count mismatch: 876011000 counted vs. 18952733 final value
n_reads: 0  n_updates: 876011000  nreaders: 0  nupdaters: 69 duration: 240
ns/read: nan  ns/update: 18.9039
count_nonatomic 69 uperf 2
!!! Count mismatch: 849747000 counted vs. 17896603 final value
n_reads: 0  n_updates: 849747000  nreaders: 0  nupdaters: 69 duration: 240
ns/read: nan  ns/update: 19.4882
count_nonatomic 69 uperf 2
!!! Count mismatch: 853933000 counted vs. 18771658 final value
n_reads: 0  n_updates: 853933000  nreaders: 0  nupdaters: 69 duration: 240
ns/read: nan  ns/update: 19.3926
count_nonatomic 73 uperf 2
!!! Count mismatch: 807719000 counted vs. 14120535 final value
n_reads: 0  n_updates: 807719000  nreaders: 0  nupdaters: 73 duration: 240
ns/read: nan  ns/update: 21.6907
count_nonatomic 73 uperf 2
!!! Count mismatch: 797250000 counted vs. 14268426 final value
n_reads: 0  n_updates: 797250000  nreaders: 0  nupdaters: 73 duration: 240
ns/read: nan  ns/update: 21.9755
count_nonatomic 73 uperf 2
!!! Count mismatch: 819878000 counted vs. 14928864 final value
n_reads: 0  n_updates: 819878000  nreaders: 0  nupdaters: 73 duration: 240
ns/read: nan  ns/update: 21.369
count_nonatomic 73 uperf 2
!!! Count mismatch: 808164000 counted vs. 15049467 final value
n_reads: 0  n_updates: 808164000  nreaders: 0  nupdaters: 73 duration: 240
ns/read: nan  ns/update: 21.6788
count_nonatomic 77 uperf 2
!!! Count mismatch: 769438000 counted vs. 12423459 final value
n_reads: 0  n_updates: 769438000  nreaders: 0  nupdaters: 77 duration: 240
ns/read: nan  ns/update: 24.0175
count_nonatomic 77 uperf 2
!!! Count mismatch: 736933000 counted vs. 11052050 final value
n_reads: 0  n_updates: 736933000  nreaders: 0  nupdaters: 77 duration: 240
ns/read: nan  ns/update: 25.0769
count_nonatomic 77 uperf 2
!!! Count mismatch: 762505000 counted vs. 12076903 final value
n_reads: 0  n_updates: 762505000  nreaders: 0  nupdaters: 77 duration: 240
ns/read: nan  ns/update: 24.2359
count_nonatomic 77 uperf 2
!!! Count mismatch: 740558000 counted vs. 12505513 final value
n_reads: 0  n_updates: 740558000  nreaders: 0  nupdaters: 77 duration: 240
ns/read: nan  ns/update: 24.9542
count_nonatomic 81 uperf 2
!!! Count mismatch: 690278000 counted vs. 10651428 final value
n_reads: 0  n_updates: 690278000  nreaders: 0  nupdaters: 81 duration: 240
ns/read: nan  ns/update: 28.1626
count_nonatomic 81 uperf 2
!!! Count mismatch: 730368000 counted vs. 10139562 final value
n_reads: 0  n_updates: 730368000  nreaders: 0  nupdaters: 81 duration: 240
ns/read: nan  ns/update: 26.6167
count_nonatomic 81 uperf 2
!!! Count mismatch: 712952000 counted vs. 10317963 final value
n_reads: 0  n_updates: 712952000  nreaders: 0  nupdaters: 81 duration: 240
ns/read: nan  ns/update: 27.2669
count_nonatomic 81 uperf 2
!!! Count mismatch: 679497000 counted vs. 10151243 final value
n_reads: 0  n_updates: 679497000  nreaders: 0  nupdaters: 81 duration: 240
ns/read: nan  ns/update: 28.6094
count_nonatomic 85 uperf 2
!!! Count mismatch: 642654000 counted vs. 7915783 final value
n_reads: 0  n_updates: 642654000  nreaders: 0  nupdaters: 85 duration: 240
ns/read: nan  ns/update: 31.7434
count_nonatomic 85 uperf 2
!!! Count mismatch: 664942000 counted vs. 8502076 final value
n_reads: 0  n_updates: 664942000  nreaders: 0  nupdaters: 85 duration: 240
ns/read: nan  ns/update: 30.6794
count_nonatomic 85 uperf 2
!!! Count mismatch: 670971000 counted vs. 8629468 final value
n_reads: 0  n_updates: 670971000  nreaders: 0  nupdaters: 85 duration: 240
ns/read: nan  ns/update: 30.4037
count_nonatomic 85 uperf 2
!!! Count mismatch: 663751000 counted vs. 8639456 final value
n_reads: 0  n_updates: 663751000  nreaders: 0  nupdaters: 85 duration: 240
ns/read: nan  ns/update: 30.7344
count_nonatomic 89 uperf 2
!!! Count mismatch: 590404000 counted vs. 7656136 final value
n_reads: 0  n_updates: 590404000  nreaders: 0  nupdaters: 89 duration: 240
ns/read: nan  ns/update: 36.1786
count_nonatomic 89 uperf 2
!!! Count mismatch: 610678000 counted vs. 6862429 final value
n_reads: 0  n_updates: 610678000  nreaders: 0  nupdaters: 89 duration: 240
ns/read: nan  ns/update: 34.9775
count_nonatomic 89 uperf 2
!!! Count mismatch: 599873000 counted vs. 6905728 final value
n_reads: 0  n_updates: 599873000  nreaders: 0  nupdaters: 89 duration: 240
ns/read: nan  ns/update: 35.6075
count_nonatomic 89 uperf 2
!!! Count mismatch: 613648000 counted vs. 7771243 final value
n_reads: 0  n_updates: 613648000  nreaders: 0  nupdaters: 89 duration: 240
ns/read: nan  ns/update: 34.8082
count_nonatomic 93 uperf 2
!!! Count mismatch: 547422000 counted vs. 5775322 final value
n_reads: 0  n_updates: 547422000  nreaders: 0  nupdaters: 93 duration: 240
ns/read: nan  ns/update: 40.7729
count_nonatomic 93 uperf 2
!!! Count mismatch: 538545000 counted vs. 6257022 final value
n_reads: 0  n_updates: 538545000  nreaders: 0  nupdaters: 93 duration: 240
ns/read: nan  ns/update: 41.445
count_nonatomic 93 uperf 2
!!! Count mismatch: 560439000 counted vs. 5761673 final value
n_reads: 0  n_updates: 560439000  nreaders: 0  nupdaters: 93 duration: 240
ns/read: nan  ns/update: 39.8259
count_nonatomic 93 uperf 2
!!! Count mismatch: 559675000 counted vs. 6432654 final value
n_reads: 0  n_updates: 559675000  nreaders: 0  nupdaters: 93 duration: 240
ns/read: nan  ns/update: 39.8803
count_nonatomic 97 uperf 2
!!! Count mismatch: 502361000 counted vs. 5479862 final value
n_reads: 0  n_updates: 502361000  nreaders: 0  nupdaters: 97 duration: 240
ns/read: nan  ns/update: 46.3412
count_nonatomic 97 uperf 2
!!! Count mismatch: 510244000 counted vs. 5270343 final value
n_reads: 0  n_updates: 510244000  nreaders: 0  nupdaters: 97 duration: 240
ns/read: nan  ns/update: 45.6252
count_nonatomic 97 uperf 2
!!! Count mismatch: 500195000 counted vs. 4878279 final value
n_reads: 0  n_updates: 500195000  nreaders: 0  nupdaters: 97 duration: 240
ns/read: nan  ns/update: 46.5418
count_nonatomic 97 uperf 2
!!! Count mismatch: 502429000 counted vs. 5383112 final value
n_reads: 0  n_updates: 502429000  nreaders: 0  nupdaters: 97 duration: 240
ns/read: nan  ns/update: 46.3349
count_nonatomic 101 uperf 2
!!! Count mismatch: 431030000 counted vs. 3827810 final value
n_reads: 0  n_updates: 431030000  nreaders: 0  nupdaters: 101 duration: 240
ns/read: nan  ns/update: 56.2374
count_nonatomic 101 uperf 2
!!! Count mismatch: 450081000 counted vs. 4311334 final value
n_reads: 0  n_updates: 450081000  nreaders: 0  nupdaters: 101 duration: 240
ns/read: nan  ns/update: 53.857
count_nonatomic 101 uperf 2
!!! Count mismatch: 452636000 counted vs. 4684903 final value
n_reads: 0  n_updates: 452636000  nreaders: 0  nupdaters: 101 duration: 240
ns/read: nan  ns/update: 53.553
count_nonatomic 101 uperf 2
!!! Count mismatch: 472986000 counted vs. 4518282 final value
n_reads: 0  n_updates: 472986000  nreaders: 0  nupdaters: 101 duration: 240
ns/read: nan  ns/update: 51.2489
count_nonatomic 105 uperf 2
!!! Count mismatch: 396338000 counted vs. 3463848 final value
n_reads: 0  n_updates: 396338000  nreaders: 0  nupdaters: 105 duration: 240
ns/read: nan  ns/update: 63.5821
count_nonatomic 105 uperf 2
!!! Count mismatch: 386037000 counted vs. 3518048 final value
n_reads: 0  n_updates: 386037000  nreaders: 0  nupdaters: 105 duration: 240
ns/read: nan  ns/update: 65.2787
count_nonatomic 105 uperf 2
!!! Count mismatch: 391703000 counted vs. 3366792 final value
n_reads: 0  n_updates: 391703000  nreaders: 0  nupdaters: 105 duration: 240
ns/read: nan  ns/update: 64.3345
count_nonatomic 105 uperf 2
!!! Count mismatch: 380561000 counted vs. 3249784 final value
n_reads: 0  n_updates: 380561000  nreaders: 0  nupdaters: 105 duration: 240
ns/read: nan  ns/update: 66.218
count_nonatomic 109 uperf 2
!!! Count mismatch: 401153000 counted vs. 2742273 final value
n_reads: 0  n_updates: 401153000  nreaders: 0  nupdaters: 109 duration: 240
ns/read: nan  ns/update: 65.212
count_nonatomic 109 uperf 2
!!! Count mismatch: 397542000 counted vs. 3254551 final value
n_reads: 0  n_updates: 397542000  nreaders: 0  nupdaters: 109 duration: 240
ns/read: nan  ns/update: 65.8044
count_nonatomic 109 uperf 2
!!! Count mismatch: 334740000 counted vs. 2411312 final value
n_reads: 0  n_updates: 334740000  nreaders: 0  nupdaters: 109 duration: 240
ns/read: nan  ns/update: 78.1502
count_nonatomic 109 uperf 2
!!! Count mismatch: 322219000 counted vs. 2724103 final value
n_reads: 0  n_updates: 322219000  nreaders: 0  nupdaters: 109 duration: 240
ns/read: nan  ns/update: 81.187
count_nonatomic 113 uperf 2
!!! Count mismatch: 255630000 counted vs. 2298707 final value
n_reads: 0  n_updates: 255630000  nreaders: 0  nupdaters: 113 duration: 240
ns/read: nan  ns/update: 106.091
count_nonatomic 113 uperf 2
!!! Count mismatch: 268173000 counted vs. 1859032 final value
n_reads: 0  n_updates: 268173000  nreaders: 0  nupdaters: 113 duration: 240
ns/read: nan  ns/update: 101.129
count_nonatomic 113 uperf 2
!!! Count mismatch: 279342000 counted vs. 1935159 final value
n_reads: 0  n_updates: 279342000  nreaders: 0  nupdaters: 113 duration: 240
ns/read: nan  ns/update: 97.0853
count_nonatomic 113 uperf 2
!!! Count mismatch: 268793000 counted vs. 2077982 final value
n_reads: 0  n_updates: 268793000  nreaders: 0  nupdaters: 113 duration: 240
ns/read: nan  ns/update: 100.895
count_nonatomic 117 uperf 2
!!! Count mismatch: 227514000 counted vs. 1797283 final value
n_reads: 0  n_updates: 227514000  nreaders: 0  nupdaters: 117 duration: 240
ns/read: nan  ns/update: 123.421
count_nonatomic 117 uperf 2
!!! Count mismatch: 216973000 counted vs. 1947381 final value
n_reads: 0  n_updates: 216973000  nreaders: 0  nupdaters: 117 duration: 240
ns/read: nan  ns/update: 129.417
count_nonatomic 117 uperf 2
!!! Count mismatch: 225334000 counted vs. 1808474 final value
n_reads: 0  n_updates: 225334000  nreaders: 0  nupdaters: 117 duration: 240
ns/read: nan  ns/update: 124.615
count_nonatomic 117 uperf 2
!!! Count mismatch: 242883000 counted vs. 1768865 final value
n_reads: 0  n_updates: 242883000  nreaders: 0  nupdaters: 117 duration: 240
ns/read: nan  ns/update: 115.611
count_nonatomic 121 uperf 2
!!! Count mismatch: 168830000 counted vs. 1341964 final value
n_reads: 0  n_updates: 168830000  nreaders: 0  nupdaters: 121 duration: 240
ns/read: nan  ns/update: 172.007
count_nonatomic 121 uperf 2
!!! Count mismatch: 178245000 counted vs. 1397415 final value
n_reads: 0  n_updates: 178245000  nreaders: 0  nupdaters: 121 duration: 240
ns/read: nan  ns/update: 162.922
count_nonatomic 121 uperf 2
!!! Count mismatch: 157647000 counted vs. 1073470 final value
n_reads: 0  n_updates: 157647000  nreaders: 0  nupdaters: 121 duration: 240
ns/read: nan  ns/update: 184.209
count_nonatomic 121 uperf 2
!!! Count mismatch: 174113000 counted vs. 1196470 final value
n_reads: 0  n_updates: 174113000  nreaders: 0  nupdaters: 121 duration: 240
ns/read: nan  ns/update: 166.788
count_nonatomic 125 uperf 2
!!! Count mismatch: 131713000 counted vs. 824940 final value
n_reads: 0  n_updates: 131713000  nreaders: 0  nupdaters: 125 duration: 240
ns/read: nan  ns/update: 227.768
count_nonatomic 125 uperf 2
!!! Count mismatch: 150798000 counted vs. 1149944 final value
n_reads: 0  n_updates: 150798000  nreaders: 0  nupdaters: 125 duration: 240
ns/read: nan  ns/update: 198.942
count_nonatomic 125 uperf 2
!!! Count mismatch: 140045000 counted vs. 950525 final value
n_reads: 0  n_updates: 140045000  nreaders: 0  nupdaters: 125 duration: 240
ns/read: nan  ns/update: 214.217
count_nonatomic 125 uperf 2
!!! Count mismatch: 143820000 counted vs. 1457458 final value
n_reads: 0  n_updates: 143820000  nreaders: 0  nupdaters: 125 duration: 240
ns/read: nan  ns/update: 208.594
count_stat 1 uperf 2
n_reads: 0  n_updates: 21508000  nreaders: 0  nupdaters: 1 duration: 240
ns/read: nan  ns/update: 11.1586
count_stat 1 uperf 2
n_reads: 0  n_updates: 21510000  nreaders: 0  nupdaters: 1 duration: 240
ns/read: nan  ns/update: 11.1576
count_stat 1 uperf 2
n_reads: 0  n_updates: 21506000  nreaders: 0  nupdaters: 1 duration: 240
ns/read: nan  ns/update: 11.1597
count_stat 1 uperf 2
n_reads: 0  n_updates: 21508000  nreaders: 0  nupdaters: 1 duration: 240
ns/read: nan  ns/update: 11.1586
count_stat 5 uperf 2
n_reads: 0  n_updates: 106855000  nreaders: 0  nupdaters: 5 duration: 240
ns/read: nan  ns/update: 11.2302
count_stat 5 uperf 2
n_reads: 0  n_updates: 106851000  nreaders: 0  nupdaters: 5 duration: 240
ns/read: nan  ns/update: 11.2306
count_stat 5 uperf 2
n_reads: 0  n_updates: 106983000  nreaders: 0  nupdaters: 5 duration: 240
ns/read: nan  ns/update: 11.2167
count_stat 5 uperf 2
n_reads: 0  n_updates: 107327000  nreaders: 0  nupdaters: 5 duration: 240
ns/read: nan  ns/update: 11.1808
count_stat 9 uperf 2
n_reads: 0  n_updates: 191684000  nreaders: 0  nupdaters: 9 duration: 240
ns/read: nan  ns/update: 11.2685
count_stat 9 uperf 2
n_reads: 0  n_updates: 192114000  nreaders: 0  nupdaters: 9 duration: 240
ns/read: nan  ns/update: 11.2433
count_stat 9 uperf 2
n_reads: 0  n_updates: 192265000  nreaders: 0  nupdaters: 9 duration: 240
ns/read: nan  ns/update: 11.2345
count_stat 9 uperf 2
n_reads: 0  n_updates: 191072000  nreaders: 0  nupdaters: 9 duration: 240
ns/read: nan  ns/update: 11.3046
count_stat 13 uperf 2
n_reads: 0  n_updates: 274599000  nreaders: 0  nupdaters: 13 duration: 240
ns/read: nan  ns/update: 11.362
count_stat 13 uperf 2
n_reads: 0  n_updates: 274465000  nreaders: 0  nupdaters: 13 duration: 240
ns/read: nan  ns/update: 11.3676
count_stat 13 uperf 2
n_reads: 0  n_updates: 274343000  nreaders: 0  nupdaters: 13 duration: 240
ns/read: nan  ns/update: 11.3726
count_stat 13 uperf 2
n_reads: 0  n_updates: 267008000  nreaders: 0  nupdaters: 13 duration: 240
ns/read: nan  ns/update: 11.685
count_stat 17 uperf 2
n_reads: 0  n_updates: 362900000  nreaders: 0  nupdaters: 17 duration: 240
ns/read: nan  ns/update: 11.2428
count_stat 17 uperf 2
n_reads: 0  n_updates: 361877000  nreaders: 0  nupdaters: 17 duration: 240
ns/read: nan  ns/update: 11.2745
count_stat 17 uperf 2
n_reads: 0  n_updates: 352060000  nreaders: 0  nupdaters: 17 duration: 240
ns/read: nan  ns/update: 11.5889
count_stat 17 uperf 2
n_reads: 0  n_updates: 362031000  nreaders: 0  nupdaters: 17 duration: 240
ns/read: nan  ns/update: 11.2698
count_stat 21 uperf 2
n_reads: 0  n_updates: 429966000  nreaders: 0  nupdaters: 21 duration: 240
ns/read: nan  ns/update: 11.7219
count_stat 21 uperf 2
n_reads: 0  n_updates: 445388000  nreaders: 0  nupdaters: 21 duration: 240
ns/read: nan  ns/update: 11.316
count_stat 21 uperf 2
n_reads: 0  n_updates: 442742000  nreaders: 0  nupdaters: 21 duration: 240
ns/read: nan  ns/update: 11.3836
count_stat 21 uperf 2
n_reads: 0  n_updates: 434862000  nreaders: 0  nupdaters: 21 duration: 240
ns/read: nan  ns/update: 11.5899
count_stat 25 uperf 2
n_reads: 0  n_updates: 510280000  nreaders: 0  nupdaters: 25 duration: 240
ns/read: nan  ns/update: 11.7583
count_stat 25 uperf 2
n_reads: 0  n_updates: 529931000  nreaders: 0  nupdaters: 25 duration: 240
ns/read: nan  ns/update: 11.3222
count_stat 25 uperf 2
n_reads: 0  n_updates: 528868000  nreaders: 0  nupdaters: 25 duration: 240
ns/read: nan  ns/update: 11.345
count_stat 25 uperf 2
n_reads: 0  n_updates: 527177000  nreaders: 0  nupdaters: 25 duration: 240
ns/read: nan  ns/update: 11.3814
count_stat 29 uperf 2
n_reads: 0  n_updates: 600783000  nreaders: 0  nupdaters: 29 duration: 240
ns/read: nan  ns/update: 11.5849
count_stat 29 uperf 2
n_reads: 0  n_updates: 606692000  nreaders: 0  nupdaters: 29 duration: 240
ns/read: nan  ns/update: 11.472
count_stat 29 uperf 2
n_reads: 0  n_updates: 614245000  nreaders: 0  nupdaters: 29 duration: 240
ns/read: nan  ns/update: 11.331
count_stat 29 uperf 2
n_reads: 0  n_updates: 603170000  nreaders: 0  nupdaters: 29 duration: 240
ns/read: nan  ns/update: 11.539
count_stat 33 uperf 2
n_reads: 0  n_updates: 689654000  nreaders: 0  nupdaters: 33 duration: 240
ns/read: nan  ns/update: 11.484
count_stat 33 uperf 2
n_reads: 0  n_updates: 681930000  nreaders: 0  nupdaters: 33 duration: 240
ns/read: nan  ns/update: 11.6141
count_stat 33 uperf 2
n_reads: 0  n_updates: 695316000  nreaders: 0  nupdaters: 33 duration: 240
ns/read: nan  ns/update: 11.3905
count_stat 33 uperf 2
n_reads: 0  n_updates: 684878000  nreaders: 0  nupdaters: 33 duration: 240
ns/read: nan  ns/update: 11.5641
count_stat 37 uperf 2
n_reads: 0  n_updates: 775114000  nreaders: 0  nupdaters: 37 duration: 240
ns/read: nan  ns/update: 11.4564
count_stat 37 uperf 2
n_reads: 0  n_updates: 762348000  nreaders: 0  nupdaters: 37 duration: 240
ns/read: nan  ns/update: 11.6482
count_stat 37 uperf 2
n_reads: 0  n_updates: 773246000  nreaders: 0  nupdaters: 37 duration: 240
ns/read: nan  ns/update: 11.4841
count_stat 37 uperf 2
n_reads: 0  n_updates: 773533000  nreaders: 0  nupdaters: 37 duration: 240
ns/read: nan  ns/update: 11.4798
count_stat 41 uperf 2
n_reads: 0  n_updates: 857832000  nreaders: 0  nupdaters: 41 duration: 240
ns/read: nan  ns/update: 11.4708
count_stat 41 uperf 2
n_reads: 0  n_updates: 854206000  nreaders: 0  nupdaters: 41 duration: 240
ns/read: nan  ns/update: 11.5195
count_stat 41 uperf 2
n_reads: 0  n_updates: 843480000  nreaders: 0  nupdaters: 41 duration: 240
ns/read: nan  ns/update: 11.666
count_stat 41 uperf 2
n_reads: 0  n_updates: 854933000  nreaders: 0  nupdaters: 41 duration: 240
ns/read: nan  ns/update: 11.5097
count_stat 45 uperf 2
n_reads: 0  n_updates: 935932000  nreaders: 0  nupdaters: 45 duration: 240
ns/read: nan  ns/update: 11.5393
count_stat 45 uperf 2
n_reads: 0  n_updates: 936050000  nreaders: 0  nupdaters: 45 duration: 240
ns/read: nan  ns/update: 11.5378
count_stat 45 uperf 2
n_reads: 0  n_updates: 944381000  nreaders: 0  nupdaters: 45 duration: 240
ns/read: nan  ns/update: 11.4361
count_stat 45 uperf 2
n_reads: 0  n_updates: 941407000  nreaders: 0  nupdaters: 45 duration: 240
ns/read: nan  ns/update: 11.4722
count_stat 49 uperf 2
n_reads: 0  n_updates: 1013760000  nreaders: 0  nupdaters: 49 duration: 240
ns/read: nan  ns/update: 11.6004
count_stat 49 uperf 2
n_reads: 0  n_updates: 1022350000  nreaders: 0  nupdaters: 49 duration: 240
ns/read: nan  ns/update: 11.5029
count_stat 49 uperf 2
n_reads: 0  n_updates: 1018168000  nreaders: 0  nupdaters: 49 duration: 240
ns/read: nan  ns/update: 11.5502
count_stat 49 uperf 2
n_reads: 0  n_updates: 1023214000  nreaders: 0  nupdaters: 49 duration: 240
ns/read: nan  ns/update: 11.4932
count_stat 53 uperf 2
n_reads: 0  n_updates: 1106197000  nreaders: 0  nupdaters: 53 duration: 240
ns/read: nan  ns/update: 11.4989
count_stat 53 uperf 2
n_reads: 0  n_updates: 1102212000  nreaders: 0  nupdaters: 53 duration: 240
ns/read: nan  ns/update: 11.5404
count_stat 53 uperf 2
n_reads: 0  n_updates: 1106428000  nreaders: 0  nupdaters: 53 duration: 240
ns/read: nan  ns/update: 11.4965
count_stat 53 uperf 2
n_reads: 0  n_updates: 1091535000  nreaders: 0  nupdaters: 53 duration: 240
ns/read: nan  ns/update: 11.6533
count_stat 57 uperf 2
n_reads: 0  n_updates: 1180871000  nreaders: 0  nupdaters: 57 duration: 240
ns/read: nan  ns/update: 11.5847
count_stat 57 uperf 2
n_reads: 0  n_updates: 1186556000  nreaders: 0  nupdaters: 57 duration: 240
ns/read: nan  ns/update: 11.5292
count_stat 57 uperf 2
n_reads: 0  n_updates: 1192716000  nreaders: 0  nupdaters: 57 duration: 240
ns/read: nan  ns/update: 11.4696
count_stat 57 uperf 2
n_reads: 0  n_updates: 1177148000  nreaders: 0  nupdaters: 57 duration: 240
ns/read: nan  ns/update: 11.6213
count_stat 61 uperf 2
n_reads: 0  n_updates: 1266436000  nreaders: 0  nupdaters: 61 duration: 240
ns/read: nan  ns/update: 11.56
count_stat 61 uperf 2
n_reads: 0  n_updates: 1266028000  nreaders: 0  nupdaters: 61 duration: 240
ns/read: nan  ns/update: 11.5637
count_stat 61 uperf 2
n_reads: 0  n_updates: 1269683000  nreaders: 0  nupdaters: 61 duration: 240
ns/read: nan  ns/update: 11.5304
count_stat 61 uperf 2
n_reads: 0  n_updates: 1254368000  nreaders: 0  nupdaters: 61 duration: 240
ns/read: nan  ns/update: 11.6712
count_stat 65 uperf 2
n_reads: 0  n_updates: 1335475000  nreaders: 0  nupdaters: 65 duration: 240
ns/read: nan  ns/update: 11.6812
count_stat 65 uperf 2
n_reads: 0  n_updates: 1333111000  nreaders: 0  nupdaters: 65 duration: 240
ns/read: nan  ns/update: 11.702
count_stat 65 uperf 2
n_reads: 0  n_updates: 1335480000  nreaders: 0  nupdaters: 65 duration: 240
ns/read: nan  ns/update: 11.6812
count_stat 65 uperf 2
n_reads: 0  n_updates: 1330136000  nreaders: 0  nupdaters: 65 duration: 240
ns/read: nan  ns/update: 11.7281
count_stat 69 uperf 2
n_reads: 0  n_updates: 1383569000  nreaders: 0  nupdaters: 69 duration: 240
ns/read: nan  ns/update: 11.969
count_stat 69 uperf 2
n_reads: 0  n_updates: 1380836000  nreaders: 0  nupdaters: 69 duration: 240
ns/read: nan  ns/update: 11.9927
count_stat 69 uperf 2
n_reads: 0  n_updates: 1368290000  nreaders: 0  nupdaters: 69 duration: 240
ns/read: nan  ns/update: 12.1027
count_stat 69 uperf 2
n_reads: 0  n_updates: 1383591000  nreaders: 0  nupdaters: 69 duration: 240
ns/read: nan  ns/update: 11.9689
count_stat 73 uperf 2
n_reads: 0  n_updates: 1419375000  nreaders: 0  nupdaters: 73 duration: 240
ns/read: nan  ns/update: 12.3435
count_stat 73 uperf 2
n_reads: 0  n_updates: 1425100000  nreaders: 0  nupdaters: 73 duration: 240
ns/read: nan  ns/update: 12.2939
count_stat 73 uperf 2
n_reads: 0  n_updates: 1425672000  nreaders: 0  nupdaters: 73 duration: 240
ns/read: nan  ns/update: 12.2889
count_stat 73 uperf 2
n_reads: 0  n_updates: 1436663000  nreaders: 0  nupdaters: 73 duration: 240
ns/read: nan  ns/update: 12.1949
count_stat 77 uperf 2
n_reads: 0  n_updates: 1460096000  nreaders: 0  nupdaters: 77 duration: 240
ns/read: nan  ns/update: 12.6567
count_stat 77 uperf 2
n_reads: 0  n_updates: 1477980000  nreaders: 0  nupdaters: 77 duration: 240
ns/read: nan  ns/update: 12.5036
count_stat 77 uperf 2
n_reads: 0  n_updates: 1455417000  nreaders: 0  nupdaters: 77 duration: 240
ns/read: nan  ns/update: 12.6974
count_stat 77 uperf 2
n_reads: 0  n_updates: 1462414000  nreaders: 0  nupdaters: 77 duration: 240
ns/read: nan  ns/update: 12.6366
count_stat 81 uperf 2
n_reads: 0  n_updates: 1510527000  nreaders: 0  nupdaters: 81 duration: 240
ns/read: nan  ns/update: 12.8697
count_stat 81 uperf 2
n_reads: 0  n_updates: 1509951000  nreaders: 0  nupdaters: 81 duration: 240
ns/read: nan  ns/update: 12.8746
count_stat 81 uperf 2
n_reads: 0  n_updates: 1515851000  nreaders: 0  nupdaters: 81 duration: 240
ns/read: nan  ns/update: 12.8245
count_stat 81 uperf 2
n_reads: 0  n_updates: 1500800000  nreaders: 0  nupdaters: 81 duration: 240
ns/read: nan  ns/update: 12.9531
count_stat 85 uperf 2
n_reads: 0  n_updates: 1562092000  nreaders: 0  nupdaters: 85 duration: 240
ns/read: nan  ns/update: 13.0594
count_stat 85 uperf 2
n_reads: 0  n_updates: 1556371000  nreaders: 0  nupdaters: 85 duration: 240
ns/read: nan  ns/update: 13.1074
count_stat 85 uperf 2
n_reads: 0  n_updates: 1552379000  nreaders: 0  nupdaters: 85 duration: 240
ns/read: nan  ns/update: 13.1411
count_stat 85 uperf 2
n_reads: 0  n_updates: 1572471000  nreaders: 0  nupdaters: 85 duration: 240
ns/read: nan  ns/update: 12.9732
count_stat 89 uperf 2
n_reads: 0  n_updates: 1584591000  nreaders: 0  nupdaters: 89 duration: 240
ns/read: nan  ns/update: 13.4798
count_stat 89 uperf 2
n_reads: 0  n_updates: 1578377000  nreaders: 0  nupdaters: 89 duration: 240
ns/read: nan  ns/update: 13.5329
count_stat 89 uperf 2
n_reads: 0  n_updates: 1577186000  nreaders: 0  nupdaters: 89 duration: 240
ns/read: nan  ns/update: 13.5431
count_stat 89 uperf 2
n_reads: 0  n_updates: 1592812000  nreaders: 0  nupdaters: 89 duration: 240
ns/read: nan  ns/update: 13.4102
count_stat 93 uperf 2
n_reads: 0  n_updates: 1625001000  nreaders: 0  nupdaters: 93 duration: 240
ns/read: nan  ns/update: 13.7354
count_stat 93 uperf 2
n_reads: 0  n_updates: 1628972000  nreaders: 0  nupdaters: 93 duration: 240
ns/read: nan  ns/update: 13.7019
count_stat 93 uperf 2
n_reads: 0  n_updates: 1647110000  nreaders: 0  nupdaters: 93 duration: 240
ns/read: nan  ns/update: 13.551
count_stat 93 uperf 2
n_reads: 0  n_updates: 1656825000  nreaders: 0  nupdaters: 93 duration: 240
ns/read: nan  ns/update: 13.4715
count_stat 97 uperf 2
n_reads: 0  n_updates: 1668736000  nreaders: 0  nupdaters: 97 duration: 240
ns/read: nan  ns/update: 13.9507
count_stat 97 uperf 2
n_reads: 0  n_updates: 1671267000  nreaders: 0  nupdaters: 97 duration: 240
ns/read: nan  ns/update: 13.9296
count_stat 97 uperf 2
n_reads: 0  n_updates: 1672616000  nreaders: 0  nupdaters: 97 duration: 240
ns/read: nan  ns/update: 13.9183
count_stat 97 uperf 2
n_reads: 0  n_updates: 1680152000  nreaders: 0  nupdaters: 97 duration: 240
ns/read: nan  ns/update: 13.8559
count_stat 101 uperf 2
n_reads: 0  n_updates: 1753702000  nreaders: 0  nupdaters: 101 duration: 240
ns/read: nan  ns/update: 13.8222
count_stat 101 uperf 2
n_reads: 0  n_updates: 1712686000  nreaders: 0  nupdaters: 101 duration: 240
ns/read: nan  ns/update: 14.1532
count_stat 101 uperf 2
n_reads: 0  n_updates: 1705547000  nreaders: 0  nupdaters: 101 duration: 240
ns/read: nan  ns/update: 14.2124
count_stat 101 uperf 2
n_reads: 0  n_updates: 1717732000  nreaders: 0  nupdaters: 101 duration: 240
ns/read: nan  ns/update: 14.1116
count_stat 105 uperf 2
n_reads: 0  n_updates: 1745039000  nreaders: 0  nupdaters: 105 duration: 240
ns/read: nan  ns/update: 14.4409
count_stat 105 uperf 2
n_reads: 0  n_updates: 1749012000  nreaders: 0  nupdaters: 105 duration: 240
ns/read: nan  ns/update: 14.4081
count_stat 105 uperf 2
n_reads: 0  n_updates: 1791765000  nreaders: 0  nupdaters: 105 duration: 240
ns/read: nan  ns/update: 14.0643
count_stat 105 uperf 2
n_reads: 0  n_updates: 1774891000  nreaders: 0  nupdaters: 105 duration: 240
ns/read: nan  ns/update: 14.1981
count_stat 109 uperf 2
n_reads: 0  n_updates: 1794176000  nreaders: 0  nupdaters: 109 duration: 240
ns/read: nan  ns/update: 14.5805
count_stat 109 uperf 2
n_reads: 0  n_updates: 1854450000  nreaders: 0  nupdaters: 109 duration: 240
ns/read: nan  ns/update: 14.1066
count_stat 109 uperf 2
n_reads: 0  n_updates: 1892758000  nreaders: 0  nupdaters: 109 duration: 240
ns/read: nan  ns/update: 13.8211
count_stat 109 uperf 2
n_reads: 0  n_updates: 2317643000  nreaders: 0  nupdaters: 109 duration: 240
ns/read: nan  ns/update: 11.2873
count_stat 113 uperf 2
n_reads: 0  n_updates: 1831666000  nreaders: 0  nupdaters: 113 duration: 240
ns/read: nan  ns/update: 14.8062
count_stat 113 uperf 2
n_reads: 0  n_updates: 1901189000  nreaders: 0  nupdaters: 113 duration: 240
ns/read: nan  ns/update: 14.2648
count_stat 113 uperf 2
n_reads: 0  n_updates: 1863062000  nreaders: 0  nupdaters: 113 duration: 240
ns/read: nan  ns/update: 14.5567
count_stat 113 uperf 2
n_reads: 0  n_updates: 1840741000  nreaders: 0  nupdaters: 113 duration: 240
ns/read: nan  ns/update: 14.7332
count_stat 117 uperf 2
n_reads: 0  n_updates: 1947662000  nreaders: 0  nupdaters: 117 duration: 240
ns/read: nan  ns/update: 14.4173
count_stat 117 uperf 2
n_reads: 0  n_updates: 2400863000  nreaders: 0  nupdaters: 117 duration: 240
ns/read: nan  ns/update: 11.6958
count_stat 117 uperf 2
n_reads: 0  n_updates: 1938947000  nreaders: 0  nupdaters: 117 duration: 240
ns/read: nan  ns/update: 14.4821
count_stat 117 uperf 2
n_reads: 0  n_updates: 1864523000  nreaders: 0  nupdaters: 117 duration: 240
ns/read: nan  ns/update: 15.0602
count_stat 121 uperf 2
n_reads: 0  n_updates: 2011895000  nreaders: 0  nupdaters: 121 duration: 240
ns/read: nan  ns/update: 14.4342
count_stat 121 uperf 2
n_reads: 0  n_updates: 1945417000  nreaders: 0  nupdaters: 121 duration: 240
ns/read: nan  ns/update: 14.9274
count_stat 121 uperf 2
n_reads: 0  n_updates: 1918305000  nreaders: 0  nupdaters: 121 duration: 240
ns/read: nan  ns/update: 15.1384
count_stat 121 uperf 2
n_reads: 0  n_updates: 1910122000  nreaders: 0  nupdaters: 121 duration: 240
ns/read: nan  ns/update: 15.2032
count_stat 125 uperf 2
n_reads: 0  n_updates: 2000564000  nreaders: 0  nupdaters: 125 duration: 240
ns/read: nan  ns/update: 14.9958
count_stat 125 uperf 2
n_reads: 0  n_updates: 1931635000  nreaders: 0  nupdaters: 125 duration: 240
ns/read: nan  ns/update: 15.5309
count_stat 125 uperf 2
n_reads: 0  n_updates: 1912335000  nreaders: 0  nupdaters: 125 duration: 240
ns/read: nan  ns/update: 15.6876
count_stat 125 uperf 2
n_reads: 0  n_updates: 1905013000  nreaders: 0  nupdaters: 125 duration: 240
ns/read: nan  ns/update: 15.7479
count_stat_atomic 1 uperf 2
n_reads: 0  n_updates: 6053000  nreaders: 0  nupdaters: 1 duration: 240
ns/read: nan  ns/update: 39.6498
count_stat_atomic 1 uperf 2
n_reads: 0  n_updates: 6054000  nreaders: 0  nupdaters: 1 duration: 240
ns/read: nan  ns/update: 39.6432
count_stat_atomic 1 uperf 2
n_reads: 0  n_updates: 6180000  nreaders: 0  nupdaters: 1 duration: 240
ns/read: nan  ns/update: 38.835
count_stat_atomic 1 uperf 2
n_reads: 0  n_updates: 6238000  nreaders: 0  nupdaters: 1 duration: 240
ns/read: nan  ns/update: 38.4739
count_stat_atomic 5 uperf 2
n_reads: 0  n_updates: 30301000  nreaders: 0  nupdaters: 5 duration: 240
ns/read: nan  ns/update: 39.6027
count_stat_atomic 5 uperf 2
n_reads: 0  n_updates: 30038000  nreaders: 0  nupdaters: 5 duration: 240
ns/read: nan  ns/update: 39.9494
count_stat_atomic 5 uperf 2
n_reads: 0  n_updates: 30305000  nreaders: 0  nupdaters: 5 duration: 240
ns/read: nan  ns/update: 39.5974
count_stat_atomic 5 uperf 2
n_reads: 0  n_updates: 30513000  nreaders: 0  nupdaters: 5 duration: 240
ns/read: nan  ns/update: 39.3275
count_stat_atomic 9 uperf 2
n_reads: 0  n_updates: 53832000  nreaders: 0  nupdaters: 9 duration: 240
ns/read: nan  ns/update: 40.1248
count_stat_atomic 9 uperf 2
n_reads: 0  n_updates: 53252000  nreaders: 0  nupdaters: 9 duration: 240
ns/read: nan  ns/update: 40.5619
count_stat_atomic 9 uperf 2
n_reads: 0  n_updates: 54008000  nreaders: 0  nupdaters: 9 duration: 240
ns/read: nan  ns/update: 39.9941
count_stat_atomic 9 uperf 2
n_reads: 0  n_updates: 52060000  nreaders: 0  nupdaters: 9 duration: 240
ns/read: nan  ns/update: 41.4906
count_stat_atomic 13 uperf 2
n_reads: 0  n_updates: 74319000  nreaders: 0  nupdaters: 13 duration: 240
ns/read: nan  ns/update: 41.9812
count_stat_atomic 13 uperf 2
n_reads: 0  n_updates: 78352000  nreaders: 0  nupdaters: 13 duration: 240
ns/read: nan  ns/update: 39.8203
count_stat_atomic 13 uperf 2
n_reads: 0  n_updates: 78710000  nreaders: 0  nupdaters: 13 duration: 240
ns/read: nan  ns/update: 39.6392
count_stat_atomic 13 uperf 2
n_reads: 0  n_updates: 77864000  nreaders: 0  nupdaters: 13 duration: 240
ns/read: nan  ns/update: 40.0699
count_stat_atomic 17 uperf 2
n_reads: 0  n_updates: 99590000  nreaders: 0  nupdaters: 17 duration: 240
ns/read: nan  ns/update: 40.968
count_stat_atomic 17 uperf 2
n_reads: 0  n_updates: 100899000  nreaders: 0  nupdaters: 17 duration: 240
ns/read: nan  ns/update: 40.4365
count_stat_atomic 17 uperf 2
n_reads: 0  n_updates: 96505000  nreaders: 0  nupdaters: 17 duration: 240
ns/read: nan  ns/update: 42.2776
count_stat_atomic 17 uperf 2
n_reads: 0  n_updates: 102340000  nreaders: 0  nupdaters: 17 duration: 240
ns/read: nan  ns/update: 39.8671
count_stat_atomic 21 uperf 2
n_reads: 0  n_updates: 125842000  nreaders: 0  nupdaters: 21 duration: 240
ns/read: nan  ns/update: 40.0502
count_stat_atomic 21 uperf 2
n_reads: 0  n_updates: 122225000  nreaders: 0  nupdaters: 21 duration: 240
ns/read: nan  ns/update: 41.2354
count_stat_atomic 21 uperf 2
n_reads: 0  n_updates: 118402000  nreaders: 0  nupdaters: 21 duration: 240
ns/read: nan  ns/update: 42.5668
count_stat_atomic 21 uperf 2
n_reads: 0  n_updates: 125779000  nreaders: 0  nupdaters: 21 duration: 240
ns/read: nan  ns/update: 40.0703
count_stat_atomic 25 uperf 2
n_reads: 0  n_updates: 148786000  nreaders: 0  nupdaters: 25 duration: 240
ns/read: nan  ns/update: 40.3264
count_stat_atomic 25 uperf 2
n_reads: 0  n_updates: 145062000  nreaders: 0  nupdaters: 25 duration: 240
ns/read: nan  ns/update: 41.3616
count_stat_atomic 25 uperf 2
n_reads: 0  n_updates: 141738000  nreaders: 0  nupdaters: 25 duration: 240
ns/read: nan  ns/update: 42.3316
count_stat_atomic 25 uperf 2
n_reads: 0  n_updates: 145726000  nreaders: 0  nupdaters: 25 duration: 240
ns/read: nan  ns/update: 41.1732
count_stat_atomic 29 uperf 2
n_reads: 0  n_updates: 169053000  nreaders: 0  nupdaters: 29 duration: 240
ns/read: nan  ns/update: 41.1705
count_stat_atomic 29 uperf 2
n_reads: 0  n_updates: 172386000  nreaders: 0  nupdaters: 29 duration: 240
ns/read: nan  ns/update: 40.3745
count_stat_atomic 29 uperf 2
n_reads: 0  n_updates: 173286000  nreaders: 0  nupdaters: 29 duration: 240
ns/read: nan  ns/update: 40.1648
count_stat_atomic 29 uperf 2
n_reads: 0  n_updates: 170608000  nreaders: 0  nupdaters: 29 duration: 240
ns/read: nan  ns/update: 40.7953
count_stat_atomic 33 uperf 2
n_reads: 0  n_updates: 188192000  nreaders: 0  nupdaters: 33 duration: 240
ns/read: nan  ns/update: 42.0847
count_stat_atomic 33 uperf 2
n_reads: 0  n_updates: 193818000  nreaders: 0  nupdaters: 33 duration: 240
ns/read: nan  ns/update: 40.8631
count_stat_atomic 33 uperf 2
n_reads: 0  n_updates: 194993000  nreaders: 0  nupdaters: 33 duration: 240
ns/read: nan  ns/update: 40.6168
count_stat_atomic 33 uperf 2
n_reads: 0  n_updates: 194340000  nreaders: 0  nupdaters: 33 duration: 240
ns/read: nan  ns/update: 40.7533
count_stat_atomic 37 uperf 2
n_reads: 0  n_updates: 212285000  nreaders: 0  nupdaters: 37 duration: 240
ns/read: nan  ns/update: 41.8306
count_stat_atomic 37 uperf 2
n_reads: 0  n_updates: 214841000  nreaders: 0  nupdaters: 37 duration: 240
ns/read: nan  ns/update: 41.3329
count_stat_atomic 37 uperf 2
n_reads: 0  n_updates: 212150000  nreaders: 0  nupdaters: 37 duration: 240
ns/read: nan  ns/update: 41.8572
count_stat_atomic 37 uperf 2
n_reads: 0  n_updates: 222029000  nreaders: 0  nupdaters: 37 duration: 240
ns/read: nan  ns/update: 39.9948
count_stat_atomic 41 uperf 2
n_reads: 0  n_updates: 236740000  nreaders: 0  nupdaters: 41 duration: 240
ns/read: nan  ns/update: 41.5646
count_stat_atomic 41 uperf 2
n_reads: 0  n_updates: 240009000  nreaders: 0  nupdaters: 41 duration: 240
ns/read: nan  ns/update: 40.9985
count_stat_atomic 41 uperf 2
n_reads: 0  n_updates: 238735000  nreaders: 0  nupdaters: 41 duration: 240
ns/read: nan  ns/update: 41.2172
count_stat_atomic 41 uperf 2
n_reads: 0  n_updates: 244091000  nreaders: 0  nupdaters: 41 duration: 240
ns/read: nan  ns/update: 40.3128
count_stat_atomic 45 uperf 2
n_reads: 0  n_updates: 263415000  nreaders: 0  nupdaters: 45 duration: 240
ns/read: nan  ns/update: 40.9999
count_stat_atomic 45 uperf 2
n_reads: 0  n_updates: 263822000  nreaders: 0  nupdaters: 45 duration: 240
ns/read: nan  ns/update: 40.9367
count_stat_atomic 45 uperf 2
n_reads: 0  n_updates: 267132000  nreaders: 0  nupdaters: 45 duration: 240
ns/read: nan  ns/update: 40.4295
count_stat_atomic 45 uperf 2
n_reads: 0  n_updates: 262826000  nreaders: 0  nupdaters: 45 duration: 240
ns/read: nan  ns/update: 41.0918
count_stat_atomic 49 uperf 2
n_reads: 0  n_updates: 286505000  nreaders: 0  nupdaters: 49 duration: 240
ns/read: nan  ns/update: 41.0464
count_stat_atomic 49 uperf 2
n_reads: 0  n_updates: 289216000  nreaders: 0  nupdaters: 49 duration: 240
ns/read: nan  ns/update: 40.6617
count_stat_atomic 49 uperf 2
n_reads: 0  n_updates: 286599000  nreaders: 0  nupdaters: 49 duration: 240
ns/read: nan  ns/update: 41.0329
count_stat_atomic 49 uperf 2
n_reads: 0  n_updates: 287292000  nreaders: 0  nupdaters: 49 duration: 240
ns/read: nan  ns/update: 40.934
count_stat_atomic 53 uperf 2
n_reads: 0  n_updates: 313163000  nreaders: 0  nupdaters: 53 duration: 240
ns/read: nan  ns/update: 40.6178
count_stat_atomic 53 uperf 2
n_reads: 0  n_updates: 309092000  nreaders: 0  nupdaters: 53 duration: 240
ns/read: nan  ns/update: 41.1528
count_stat_atomic 53 uperf 2
n_reads: 0  n_updates: 312582000  nreaders: 0  nupdaters: 53 duration: 240
ns/read: nan  ns/update: 40.6933
count_stat_atomic 53 uperf 2
n_reads: 0  n_updates: 308988000  nreaders: 0  nupdaters: 53 duration: 240
ns/read: nan  ns/update: 41.1666
count_stat_atomic 57 uperf 2
n_reads: 0  n_updates: 332938000  nreaders: 0  nupdaters: 57 duration: 240
ns/read: nan  ns/update: 41.0887
count_stat_atomic 57 uperf 2
n_reads: 0  n_updates: 335475000  nreaders: 0  nupdaters: 57 duration: 240
ns/read: nan  ns/update: 40.778
count_stat_atomic 57 uperf 2
n_reads: 0  n_updates: 331538000  nreaders: 0  nupdaters: 57 duration: 240
ns/read: nan  ns/update: 41.2622
count_stat_atomic 57 uperf 2
n_reads: 0  n_updates: 337573000  nreaders: 0  nupdaters: 57 duration: 240
ns/read: nan  ns/update: 40.5246
count_stat_atomic 61 uperf 2
n_reads: 0  n_updates: 354155000  nreaders: 0  nupdaters: 61 duration: 240
ns/read: nan  ns/update: 41.3378
count_stat_atomic 61 uperf 2
n_reads: 0  n_updates: 358235000  nreaders: 0  nupdaters: 61 duration: 240
ns/read: nan  ns/update: 40.867
count_stat_atomic 61 uperf 2
n_reads: 0  n_updates: 359515000  nreaders: 0  nupdaters: 61 duration: 240
ns/read: nan  ns/update: 40.7215
count_stat_atomic 61 uperf 2
n_reads: 0  n_updates: 353554000  nreaders: 0  nupdaters: 61 duration: 240
ns/read: nan  ns/update: 41.4081
count_stat_atomic 65 uperf 2
n_reads: 0  n_updates: 377829000  nreaders: 0  nupdaters: 65 duration: 240
ns/read: nan  ns/update: 41.2885
count_stat_atomic 65 uperf 2
n_reads: 0  n_updates: 378967000  nreaders: 0  nupdaters: 65 duration: 240
ns/read: nan  ns/update: 41.1645
count_stat_atomic 65 uperf 2
n_reads: 0  n_updates: 370146000  nreaders: 0  nupdaters: 65 duration: 240
ns/read: nan  ns/update: 42.1455
count_stat_atomic 65 uperf 2
n_reads: 0  n_updates: 382077000  nreaders: 0  nupdaters: 65 duration: 240
ns/read: nan  ns/update: 40.8295
count_stat_atomic 69 uperf 2
n_reads: 0  n_updates: 385071000  nreaders: 0  nupdaters: 69 duration: 240
ns/read: nan  ns/update: 43.0051
count_stat_atomic 69 uperf 2
n_reads: 0  n_updates: 391900000  nreaders: 0  nupdaters: 69 duration: 240
ns/read: nan  ns/update: 42.2557
count_stat_atomic 69 uperf 2
n_reads: 0  n_updates: 392857000  nreaders: 0  nupdaters: 69 duration: 240
ns/read: nan  ns/update: 42.1527
count_stat_atomic 69 uperf 2
n_reads: 0  n_updates: 390074000  nreaders: 0  nupdaters: 69 duration: 240
ns/read: nan  ns/update: 42.4535
count_stat_atomic 73 uperf 2
n_reads: 0  n_updates: 398482000  nreaders: 0  nupdaters: 73 duration: 240
ns/read: nan  ns/update: 43.9669
count_stat_atomic 73 uperf 2
n_reads: 0  n_updates: 381716000  nreaders: 0  nupdaters: 73 duration: 240
ns/read: nan  ns/update: 45.898
count_stat_atomic 73 uperf 2
n_reads: 0  n_updates: 397649000  nreaders: 0  nupdaters: 73 duration: 240
ns/read: nan  ns/update: 44.059
count_stat_atomic 73 uperf 2
n_reads: 0  n_updates: 398613000  nreaders: 0  nupdaters: 73 duration: 240
ns/read: nan  ns/update: 43.9524
count_stat_atomic 77 uperf 2
n_reads: 0  n_updates: 427563000  nreaders: 0  nupdaters: 77 duration: 240
ns/read: nan  ns/update: 43.2217
count_stat_atomic 77 uperf 2
n_reads: 0  n_updates: 386917000  nreaders: 0  nupdaters: 77 duration: 240
ns/read: nan  ns/update: 47.7622
count_stat_atomic 77 uperf 2
n_reads: 0  n_updates: 407332000  nreaders: 0  nupdaters: 77 duration: 240
ns/read: nan  ns/update: 45.3684
count_stat_atomic 77 uperf 2
n_reads: 0  n_updates: 405414000  nreaders: 0  nupdaters: 77 duration: 240
ns/read: nan  ns/update: 45.583
count_stat_atomic 81 uperf 2
n_reads: 0  n_updates: 418992000  nreaders: 0  nupdaters: 81 duration: 240
ns/read: nan  ns/update: 46.3971
count_stat_atomic 81 uperf 2
n_reads: 0  n_updates: 412586000  nreaders: 0  nupdaters: 81 duration: 240
ns/read: nan  ns/update: 47.1174
count_stat_atomic 81 uperf 2
n_reads: 0  n_updates: 419582000  nreaders: 0  nupdaters: 81 duration: 240
ns/read: nan  ns/update: 46.3318
count_stat_atomic 81 uperf 2
n_reads: 0  n_updates: 419657000  nreaders: 0  nupdaters: 81 duration: 240
ns/read: nan  ns/update: 46.3235
count_stat_atomic 85 uperf 2
n_reads: 0  n_updates: 428094000  nreaders: 0  nupdaters: 85 duration: 240
ns/read: nan  ns/update: 47.6531
count_stat_atomic 85 uperf 2
n_reads: 0  n_updates: 437957000  nreaders: 0  nupdaters: 85 duration: 240
ns/read: nan  ns/update: 46.5799
count_stat_atomic 85 uperf 2
n_reads: 0  n_updates: 444873000  nreaders: 0  nupdaters: 85 duration: 240
ns/read: nan  ns/update: 45.8558
count_stat_atomic 85 uperf 2
n_reads: 0  n_updates: 453146000  nreaders: 0  nupdaters: 85 duration: 240
ns/read: nan  ns/update: 45.0186
count_stat_atomic 89 uperf 2
n_reads: 0  n_updates: 446713000  nreaders: 0  nupdaters: 89 duration: 240
ns/read: nan  ns/update: 47.8159
count_stat_atomic 89 uperf 2
n_reads: 0  n_updates: 431546000  nreaders: 0  nupdaters: 89 duration: 240
ns/read: nan  ns/update: 49.4965
count_stat_atomic 89 uperf 2
n_reads: 0  n_updates: 458676000  nreaders: 0  nupdaters: 89 duration: 240
ns/read: nan  ns/update: 46.5688
count_stat_atomic 89 uperf 2
n_reads: 0  n_updates: 458248000  nreaders: 0  nupdaters: 89 duration: 240
ns/read: nan  ns/update: 46.6123
count_stat_atomic 93 uperf 2
n_reads: 0  n_updates: 434785000  nreaders: 0  nupdaters: 93 duration: 240
ns/read: nan  ns/update: 51.3357
count_stat_atomic 93 uperf 2
n_reads: 0  n_updates: 442516000  nreaders: 0  nupdaters: 93 duration: 240
ns/read: nan  ns/update: 50.4389
count_stat_atomic 93 uperf 2
n_reads: 0  n_updates: 455853000  nreaders: 0  nupdaters: 93 duration: 240
ns/read: nan  ns/update: 48.9632
count_stat_atomic 93 uperf 2
n_reads: 0  n_updates: 473249000  nreaders: 0  nupdaters: 93 duration: 240
ns/read: nan  ns/update: 47.1633
count_stat_atomic 97 uperf 2
n_reads: 0  n_updates: 482870000  nreaders: 0  nupdaters: 97 duration: 240
ns/read: nan  ns/update: 48.2117
count_stat_atomic 97 uperf 2
n_reads: 0  n_updates: 459717000  nreaders: 0  nupdaters: 97 duration: 240
ns/read: nan  ns/update: 50.6399
count_stat_atomic 97 uperf 2
n_reads: 0  n_updates: 483209000  nreaders: 0  nupdaters: 97 duration: 240
ns/read: nan  ns/update: 48.1779
count_stat_atomic 97 uperf 2
n_reads: 0  n_updates: 454955000  nreaders: 0  nupdaters: 97 duration: 240
ns/read: nan  ns/update: 51.1699
count_stat_atomic 101 uperf 2
n_reads: 0  n_updates: 485736000  nreaders: 0  nupdaters: 101 duration: 240
ns/read: nan  ns/update: 49.9037
count_stat_atomic 101 uperf 2
n_reads: 0  n_updates: 509827000  nreaders: 0  nupdaters: 101 duration: 240
ns/read: nan  ns/update: 47.5455
count_stat_atomic 101 uperf 2
n_reads: 0  n_updates: 455624000  nreaders: 0  nupdaters: 101 duration: 240
ns/read: nan  ns/update: 53.2018
count_stat_atomic 101 uperf 2
n_reads: 0  n_updates: 537200000  nreaders: 0  nupdaters: 101 duration: 240
ns/read: nan  ns/update: 45.1229
count_stat_atomic 105 uperf 2
n_reads: 0  n_updates: 481832000  nreaders: 0  nupdaters: 105 duration: 240
ns/read: nan  ns/update: 52.3004
count_stat_atomic 105 uperf 2
n_reads: 0  n_updates: 463566000  nreaders: 0  nupdaters: 105 duration: 240
ns/read: nan  ns/update: 54.3612
count_stat_atomic 105 uperf 2
n_reads: 0  n_updates: 499972000  nreaders: 0  nupdaters: 105 duration: 240
ns/read: nan  ns/update: 50.4028
count_stat_atomic 105 uperf 2
n_reads: 0  n_updates: 478171000  nreaders: 0  nupdaters: 105 duration: 240
ns/read: nan  ns/update: 52.7008
count_stat_atomic 109 uperf 2
n_reads: 0  n_updates: 504976000  nreaders: 0  nupdaters: 109 duration: 240
ns/read: nan  ns/update: 51.8044
count_stat_atomic 109 uperf 2
n_reads: 0  n_updates: 517133000  nreaders: 0  nupdaters: 109 duration: 240
ns/read: nan  ns/update: 50.5866
count_stat_atomic 109 uperf 2
n_reads: 0  n_updates: 511406000  nreaders: 0  nupdaters: 109 duration: 240
ns/read: nan  ns/update: 51.1531
count_stat_atomic 109 uperf 2
n_reads: 0  n_updates: 650181000  nreaders: 0  nupdaters: 109 duration: 240
ns/read: nan  ns/update: 40.2349
count_stat_atomic 113 uperf 2
n_reads: 0  n_updates: 542267000  nreaders: 0  nupdaters: 113 duration: 240
ns/read: nan  ns/update: 50.0123
count_stat_atomic 113 uperf 2
n_reads: 0  n_updates: 482777000  nreaders: 0  nupdaters: 113 duration: 240
ns/read: nan  ns/update: 56.175
count_stat_atomic 113 uperf 2
n_reads: 0  n_updates: 470887000  nreaders: 0  nupdaters: 113 duration: 240
ns/read: nan  ns/update: 57.5934
count_stat_atomic 113 uperf 2
n_reads: 0  n_updates: 514218000  nreaders: 0  nupdaters: 113 duration: 240
ns/read: nan  ns/update: 52.7403
count_stat_atomic 117 uperf 2
n_reads: 0  n_updates: 555578000  nreaders: 0  nupdaters: 117 duration: 240
ns/read: nan  ns/update: 50.542
count_stat_atomic 117 uperf 2
n_reads: 0  n_updates: 568892000  nreaders: 0  nupdaters: 117 duration: 240
ns/read: nan  ns/update: 49.3591
count_stat_atomic 117 uperf 2
n_reads: 0  n_updates: 579853000  nreaders: 0  nupdaters: 117 duration: 240
ns/read: nan  ns/update: 48.4261
count_stat_atomic 117 uperf 2
n_reads: 0  n_updates: 549311000  nreaders: 0  nupdaters: 117 duration: 240
ns/read: nan  ns/update: 51.1186
count_stat_atomic 121 uperf 2
n_reads: 0  n_updates: 598783000  nreaders: 0  nupdaters: 121 duration: 240
ns/read: nan  ns/update: 48.4984
count_stat_atomic 121 uperf 2
n_reads: 0  n_updates: 560752000  nreaders: 0  nupdaters: 121 duration: 240
ns/read: nan  ns/update: 51.7876
count_stat_atomic 121 uperf 2
n_reads: 0  n_updates: 581270000  nreaders: 0  nupdaters: 121 duration: 240
ns/read: nan  ns/update: 49.9596
count_stat_atomic 121 uperf 2
n_reads: 0  n_updates: 546028000  nreaders: 0  nupdaters: 121 duration: 240
ns/read: nan  ns/update: 53.1841
count_stat_atomic 125 uperf 2
n_reads: 0  n_updates: 548749000  nreaders: 0  nupdaters: 125 duration: 240
ns/read: nan  ns/update: 54.6698
count_stat_atomic 125 uperf 2
n_reads: 0  n_updates: 596119000  nreaders: 0  nupdaters: 125 duration: 240
ns/read: nan  ns/update: 50.3255
count_stat_atomic 125 uperf 2
n_reads: 0  n_updates: 574254000  nreaders: 0  nupdaters: 125 duration: 240
ns/read: nan  ns/update: 52.2417
count_stat_atomic 125 uperf 2
n_reads: 0  n_updates: 607400000  nreaders: 0  nupdaters: 125 duration: 240
ns/read: nan  ns/update: 49.3908
