count_atomic 1 rperf 2
n_reads: 127672000  n_updates: 0  nreaders: 1  nupdaters: 0 duration: 240
ns/read: 1.87982  ns/update: nan
count_atomic 1 rperf 2
n_reads: 127652000  n_updates: 0  nreaders: 1  nupdaters: 0 duration: 240
ns/read: 1.88011  ns/update: nan
count_atomic 1 rperf 2
n_reads: 127685000  n_updates: 0  nreaders: 1  nupdaters: 0 duration: 240
ns/read: 1.87963  ns/update: nan
count_atomic 1 rperf 2
n_reads: 127657000  n_updates: 0  nreaders: 1  nupdaters: 0 duration: 240
ns/read: 1.88004  ns/update: nan
count_atomic 2 rperf 2
n_reads: 255374000  n_updates: 0  nreaders: 2  nupdaters: 0 duration: 240
ns/read: 1.8796  ns/update: nan
count_atomic 2 rperf 2
n_reads: 255308000  n_updates: 0  nreaders: 2  nupdaters: 0 duration: 240
ns/read: 1.88008  ns/update: nan
count_atomic 2 rperf 2
n_reads: 255360000  n_updates: 0  nreaders: 2  nupdaters: 0 duration: 240
ns/read: 1.8797  ns/update: nan
count_atomic 2 rperf 2
n_reads: 255366000  n_updates: 0  nreaders: 2  nupdaters: 0 duration: 240
ns/read: 1.87966  ns/update: nan
count_atomic 3 rperf 2
n_reads: 382972000  n_updates: 0  nreaders: 3  nupdaters: 0 duration: 240
ns/read: 1.88003  ns/update: nan
count_atomic 3 rperf 2
n_reads: 382945000  n_updates: 0  nreaders: 3  nupdaters: 0 duration: 240
ns/read: 1.88017  ns/update: nan
count_atomic 3 rperf 2
n_reads: 383025000  n_updates: 0  nreaders: 3  nupdaters: 0 duration: 240
ns/read: 1.87977  ns/update: nan
count_atomic 3 rperf 2
n_reads: 382924000  n_updates: 0  nreaders: 3  nupdaters: 0 duration: 240
ns/read: 1.88027  ns/update: nan
count_atomic 4 rperf 2
n_reads: 510555000  n_updates: 0  nreaders: 4  nupdaters: 0 duration: 240
ns/read: 1.88031  ns/update: nan
count_atomic 4 rperf 2
n_reads: 510700000  n_updates: 0  nreaders: 4  nupdaters: 0 duration: 240
ns/read: 1.87977  ns/update: nan
count_atomic 4 rperf 2
n_reads: 510444000  n_updates: 0  nreaders: 4  nupdaters: 0 duration: 240
ns/read: 1.88072  ns/update: nan
count_atomic 4 rperf 2
n_reads: 510657000  n_updates: 0  nreaders: 4  nupdaters: 0 duration: 240
ns/read: 1.87993  ns/update: nan
count_atomic 5 rperf 2
n_reads: 638107000  n_updates: 0  nreaders: 5  nupdaters: 0 duration: 240
ns/read: 1.88056  ns/update: nan
count_atomic 5 rperf 2
n_reads: 638172000  n_updates: 0  nreaders: 5  nupdaters: 0 duration: 240
ns/read: 1.88037  ns/update: nan
count_atomic 5 rperf 2
n_reads: 638059000  n_updates: 0  nreaders: 5  nupdaters: 0 duration: 240
ns/read: 1.8807  ns/update: nan
count_atomic 5 rperf 2
n_reads: 638257000  n_updates: 0  nreaders: 5  nupdaters: 0 duration: 240
ns/read: 1.88012  ns/update: nan
count_atomic 6 rperf 2
n_reads: 765393000  n_updates: 0  nreaders: 6  nupdaters: 0 duration: 240
ns/read: 1.88139  ns/update: nan
count_atomic 6 rperf 2
n_reads: 765735000  n_updates: 0  nreaders: 6  nupdaters: 0 duration: 240
ns/read: 1.88055  ns/update: nan
count_atomic 6 rperf 2
n_reads: 765527000  n_updates: 0  nreaders: 6  nupdaters: 0 duration: 240
ns/read: 1.88106  ns/update: nan
count_atomic 6 rperf 2
n_reads: 765828000  n_updates: 0  nreaders: 6  nupdaters: 0 duration: 240
ns/read: 1.88032  ns/update: nan
count_atomic 7 rperf 2
n_reads: 893060000  n_updates: 0  nreaders: 7  nupdaters: 0 duration: 240
ns/read: 1.88117  ns/update: nan
count_atomic 7 rperf 2
n_reads: 893249000  n_updates: 0  nreaders: 7  nupdaters: 0 duration: 240
ns/read: 1.88077  ns/update: nan
count_atomic 7 rperf 2
n_reads: 893125000  n_updates: 0  nreaders: 7  nupdaters: 0 duration: 240
ns/read: 1.88104  ns/update: nan
count_atomic 7 rperf 2
n_reads: 893346000  n_updates: 0  nreaders: 7  nupdaters: 0 duration: 240
ns/read: 1.88057  ns/update: nan
count_atomic 8 rperf 2
n_reads: 1019195000  n_updates: 0  nreaders: 8  nupdaters: 0 duration: 240
ns/read: 1.88384  ns/update: nan
count_atomic 8 rperf 2
n_reads: 1020701000  n_updates: 0  nreaders: 8  nupdaters: 0 duration: 240
ns/read: 1.88106  ns/update: nan
count_atomic 8 rperf 2
n_reads: 1020482000  n_updates: 0  nreaders: 8  nupdaters: 0 duration: 240
ns/read: 1.88146  ns/update: nan
count_atomic 8 rperf 2
n_reads: 1020491000  n_updates: 0  nreaders: 8  nupdaters: 0 duration: 240
ns/read: 1.88145  ns/update: nan
count_atomic 1 uperf 2
n_reads: 0  n_updates: 5471000  nreaders: 0  nupdaters: 1 duration: 240
ns/read: nan  ns/update: 43.8677
count_atomic 1 uperf 2
n_reads: 0  n_updates: 5399000  nreaders: 0  nupdaters: 1 duration: 240
ns/read: nan  ns/update: 44.4527
count_atomic 1 uperf 2
n_reads: 0  n_updates: 5371000  nreaders: 0  nupdaters: 1 duration: 240
ns/read: nan  ns/update: 44.6844
count_atomic 1 uperf 2
n_reads: 0  n_updates: 5356000  nreaders: 0  nupdaters: 1 duration: 240
ns/read: nan  ns/update: 44.8096
count_atomic 2 uperf 2
n_reads: 0  n_updates: 4645000  nreaders: 0  nupdaters: 2 duration: 240
ns/read: nan  ns/update: 103.337
count_atomic 2 uperf 2
n_reads: 0  n_updates: 4425000  nreaders: 0  nupdaters: 2 duration: 240
ns/read: nan  ns/update: 108.475
count_atomic 2 uperf 2
n_reads: 0  n_updates: 4649000  nreaders: 0  nupdaters: 2 duration: 240
ns/read: nan  ns/update: 103.248
count_atomic 2 uperf 2
n_reads: 0  n_updates: 4440000  nreaders: 0  nupdaters: 2 duration: 240
ns/read: nan  ns/update: 108.108
count_atomic 3 uperf 2
n_reads: 0  n_updates: 3572000  nreaders: 0  nupdaters: 3 duration: 240
ns/read: nan  ns/update: 201.568
count_atomic 3 uperf 2
n_reads: 0  n_updates: 2902000  nreaders: 0  nupdaters: 3 duration: 240
ns/read: nan  ns/update: 248.105
count_atomic 3 uperf 2
n_reads: 0  n_updates: 3014000  nreaders: 0  nupdaters: 3 duration: 240
ns/read: nan  ns/update: 238.885
count_atomic 3 uperf 2
n_reads: 0  n_updates: 3131000  nreaders: 0  nupdaters: 3 duration: 240
ns/read: nan  ns/update: 229.958
count_atomic 4 uperf 2
n_reads: 0  n_updates: 2745000  nreaders: 0  nupdaters: 4 duration: 240
ns/read: nan  ns/update: 349.727
count_atomic 4 uperf 2
n_reads: 0  n_updates: 2414000  nreaders: 0  nupdaters: 4 duration: 240
ns/read: nan  ns/update: 397.68
count_atomic 4 uperf 2
n_reads: 0  n_updates: 2559000  nreaders: 0  nupdaters: 4 duration: 240
ns/read: nan  ns/update: 375.147
count_atomic 4 uperf 2
n_reads: 0  n_updates: 2678000  nreaders: 0  nupdaters: 4 duration: 240
ns/read: nan  ns/update: 358.476
count_atomic 5 uperf 2
n_reads: 0  n_updates: 2692000  nreaders: 0  nupdaters: 5 duration: 240
ns/read: nan  ns/update: 445.765
count_atomic 5 uperf 2
n_reads: 0  n_updates: 2579000  nreaders: 0  nupdaters: 5 duration: 240
ns/read: nan  ns/update: 465.297
count_atomic 5 uperf 2
n_reads: 0  n_updates: 2561000  nreaders: 0  nupdaters: 5 duration: 240
ns/read: nan  ns/update: 468.567
count_atomic 5 uperf 2
n_reads: 0  n_updates: 2796000  nreaders: 0  nupdaters: 5 duration: 240
ns/read: nan  ns/update: 429.185
count_atomic 6 uperf 2
n_reads: 0  n_updates: 2197000  nreaders: 0  nupdaters: 6 duration: 240
ns/read: nan  ns/update: 655.439
count_atomic 6 uperf 2
n_reads: 0  n_updates: 2380000  nreaders: 0  nupdaters: 6 duration: 240
ns/read: nan  ns/update: 605.042
count_atomic 6 uperf 2
n_reads: 0  n_updates: 2655000  nreaders: 0  nupdaters: 6 duration: 240
ns/read: nan  ns/update: 542.373
count_atomic 6 uperf 2
n_reads: 0  n_updates: 2788000  nreaders: 0  nupdaters: 6 duration: 240
ns/read: nan  ns/update: 516.499
count_atomic 7 uperf 2
n_reads: 0  n_updates: 2492000  nreaders: 0  nupdaters: 7 duration: 240
ns/read: nan  ns/update: 674.157
count_atomic 7 uperf 2
n_reads: 0  n_updates: 2543000  nreaders: 0  nupdaters: 7 duration: 240
ns/read: nan  ns/update: 660.637
count_atomic 7 uperf 2
n_reads: 0  n_updates: 2350000  nreaders: 0  nupdaters: 7 duration: 240
ns/read: nan  ns/update: 714.894
count_atomic 7 uperf 2
n_reads: 0  n_updates: 2287000  nreaders: 0  nupdaters: 7 duration: 240
ns/read: nan  ns/update: 734.587
count_atomic 8 uperf 2
n_reads: 0  n_updates: 2452000  nreaders: 0  nupdaters: 8 duration: 240
ns/read: nan  ns/update: 783.034
count_atomic 8 uperf 2
n_reads: 0  n_updates: 2367000  nreaders: 0  nupdaters: 8 duration: 240
ns/read: nan  ns/update: 811.153
count_atomic 8 uperf 2
n_reads: 0  n_updates: 2568000  nreaders: 0  nupdaters: 8 duration: 240
ns/read: nan  ns/update: 747.664
count_atomic 8 uperf 2
n_reads: 0  n_updates: 2345000  nreaders: 0  nupdaters: 8 duration: 240
ns/read: nan  ns/update: 818.763
count_nonatomic 1 rperf 2
n_reads: 127698000  n_updates: 0  nreaders: 1  nupdaters: 0 duration: 240
ns/read: 1.87943  ns/update: nan
count_nonatomic 1 rperf 2
n_reads: 127652000  n_updates: 0  nreaders: 1  nupdaters: 0 duration: 240
ns/read: 1.88011  ns/update: nan
count_nonatomic 1 rperf 2
n_reads: 127687000  n_updates: 0  nreaders: 1  nupdaters: 0 duration: 240
ns/read: 1.8796  ns/update: nan
count_nonatomic 1 rperf 2
n_reads: 127646000  n_updates: 0  nreaders: 1  nupdaters: 0 duration: 240
ns/read: 1.8802  ns/update: nan
count_nonatomic 2 rperf 2
n_reads: 255385000  n_updates: 0  nreaders: 2  nupdaters: 0 duration: 240
ns/read: 1.87952  ns/update: nan
count_nonatomic 2 rperf 2
n_reads: 255342000  n_updates: 0  nreaders: 2  nupdaters: 0 duration: 240
ns/read: 1.87983  ns/update: nan
count_nonatomic 2 rperf 2
n_reads: 255324000  n_updates: 0  nreaders: 2  nupdaters: 0 duration: 240
ns/read: 1.87996  ns/update: nan
count_nonatomic 2 rperf 2
n_reads: 255371000  n_updates: 0  nreaders: 2  nupdaters: 0 duration: 240
ns/read: 1.87962  ns/update: nan
count_nonatomic 3 rperf 2
n_reads: 383015000  n_updates: 0  nreaders: 3  nupdaters: 0 duration: 240
ns/read: 1.87982  ns/update: nan
count_nonatomic 3 rperf 2
n_reads: 382958000  n_updates: 0  nreaders: 3  nupdaters: 0 duration: 240
ns/read: 1.8801  ns/update: nan
count_nonatomic 3 rperf 2
n_reads: 383044000  n_updates: 0  nreaders: 3  nupdaters: 0 duration: 240
ns/read: 1.87968  ns/update: nan
count_nonatomic 3 rperf 2
n_reads: 382877000  n_updates: 0  nreaders: 3  nupdaters: 0 duration: 240
ns/read: 1.8805  ns/update: nan
count_nonatomic 4 rperf 2
n_reads: 510650000  n_updates: 0  nreaders: 4  nupdaters: 0 duration: 240
ns/read: 1.87996  ns/update: nan
count_nonatomic 4 rperf 2
n_reads: 510699000  n_updates: 0  nreaders: 4  nupdaters: 0 duration: 240
ns/read: 1.87978  ns/update: nan
count_nonatomic 4 rperf 2
n_reads: 510535000  n_updates: 0  nreaders: 4  nupdaters: 0 duration: 240
ns/read: 1.88038  ns/update: nan
count_nonatomic 4 rperf 2
n_reads: 510650000  n_updates: 0  nreaders: 4  nupdaters: 0 duration: 240
ns/read: 1.87996  ns/update: nan
count_nonatomic 5 rperf 2
n_reads: 638104000  n_updates: 0  nreaders: 5  nupdaters: 0 duration: 240
ns/read: 1.88057  ns/update: nan
count_nonatomic 5 rperf 2
n_reads: 638235000  n_updates: 0  nreaders: 5  nupdaters: 0 duration: 240
ns/read: 1.88019  ns/update: nan
count_nonatomic 5 rperf 2
n_reads: 638006000  n_updates: 0  nreaders: 5  nupdaters: 0 duration: 240
ns/read: 1.88086  ns/update: nan
count_nonatomic 5 rperf 2
n_reads: 638176000  n_updates: 0  nreaders: 5  nupdaters: 0 duration: 240
ns/read: 1.88036  ns/update: nan
count_nonatomic 6 rperf 2
n_reads: 765679000  n_updates: 0  nreaders: 6  nupdaters: 0 duration: 240
ns/read: 1.88068  ns/update: nan
count_nonatomic 6 rperf 2
n_reads: 765804000  n_updates: 0  nreaders: 6  nupdaters: 0 duration: 240
ns/read: 1.88038  ns/update: nan
count_nonatomic 6 rperf 2
n_reads: 765001000  n_updates: 0  nreaders: 6  nupdaters: 0 duration: 240
ns/read: 1.88235  ns/update: nan
count_nonatomic 6 rperf 2
n_reads: 765857000  n_updates: 0  nreaders: 6  nupdaters: 0 duration: 240
ns/read: 1.88025  ns/update: nan
count_nonatomic 7 rperf 2
n_reads: 893013000  n_updates: 0  nreaders: 7  nupdaters: 0 duration: 240
ns/read: 1.88127  ns/update: nan
count_nonatomic 7 rperf 2
n_reads: 893319000  n_updates: 0  nreaders: 7  nupdaters: 0 duration: 240
ns/read: 1.88063  ns/update: nan
count_nonatomic 7 rperf 2
n_reads: 893042000  n_updates: 0  nreaders: 7  nupdaters: 0 duration: 240
ns/read: 1.88121  ns/update: nan
count_nonatomic 7 rperf 2
n_reads: 893041000  n_updates: 0  nreaders: 7  nupdaters: 0 duration: 240
ns/read: 1.88121  ns/update: nan
count_nonatomic 8 rperf 2
n_reads: 1020531000  n_updates: 0  nreaders: 8  nupdaters: 0 duration: 240
ns/read: 1.88137  ns/update: nan
count_nonatomic 8 rperf 2
n_reads: 1020747000  n_updates: 0  nreaders: 8  nupdaters: 0 duration: 240
ns/read: 1.88098  ns/update: nan
count_nonatomic 8 rperf 2
n_reads: 1019300000  n_updates: 0  nreaders: 8  nupdaters: 0 duration: 240
ns/read: 1.88365  ns/update: nan
count_nonatomic 8 rperf 2
n_reads: 1020461000  n_updates: 0  nreaders: 8  nupdaters: 0 duration: 240
ns/read: 1.8815  ns/update: nan
count_nonatomic 1 uperf 2
n_reads: 0  n_updates: 27248000  nreaders: 0  nupdaters: 1 duration: 240
ns/read: nan  ns/update: 8.80799
count_nonatomic 1 uperf 2
n_reads: 0  n_updates: 27146000  nreaders: 0  nupdaters: 1 duration: 240
ns/read: nan  ns/update: 8.84108
count_nonatomic 1 uperf 2
n_reads: 0  n_updates: 27217000  nreaders: 0  nupdaters: 1 duration: 240
ns/read: nan  ns/update: 8.81802
count_nonatomic 1 uperf 2
n_reads: 0  n_updates: 27261000  nreaders: 0  nupdaters: 1 duration: 240
ns/read: nan  ns/update: 8.80379
count_nonatomic 2 uperf 2
!!! Count mismatch: 57385000 counted vs. 31301647 final value
n_reads: 0  n_updates: 57385000  nreaders: 0  nupdaters: 2 duration: 240
ns/read: nan  ns/update: 8.36456
count_nonatomic 2 uperf 2
!!! Count mismatch: 57279000 counted vs. 31348296 final value
n_reads: 0  n_updates: 57279000  nreaders: 0  nupdaters: 2 duration: 240
ns/read: nan  ns/update: 8.38003
count_nonatomic 2 uperf 2
!!! Count mismatch: 57278000 counted vs. 31139992 final value
n_reads: 0  n_updates: 57278000  nreaders: 0  nupdaters: 2 duration: 240
ns/read: nan  ns/update: 8.38018
count_nonatomic 2 uperf 2
!!! Count mismatch: 57434000 counted vs. 31317690 final value
n_reads: 0  n_updates: 57434000  nreaders: 0  nupdaters: 2 duration: 240
ns/read: nan  ns/update: 8.35742
count_nonatomic 3 uperf 2
!!! Count mismatch: 74577000 counted vs. 27625566 final value
n_reads: 0  n_updates: 74577000  nreaders: 0  nupdaters: 3 duration: 240
ns/read: nan  ns/update: 9.65445
count_nonatomic 3 uperf 2
!!! Count mismatch: 75608000 counted vs. 25042322 final value
n_reads: 0  n_updates: 75608000  nreaders: 0  nupdaters: 3 duration: 240
ns/read: nan  ns/update: 9.5228
count_nonatomic 3 uperf 2
!!! Count mismatch: 76430000 counted vs. 28126539 final value
n_reads: 0  n_updates: 76430000  nreaders: 0  nupdaters: 3 duration: 240
ns/read: nan  ns/update: 9.42038
count_nonatomic 3 uperf 2
!!! Count mismatch: 76612000 counted vs. 26032309 final value
n_reads: 0  n_updates: 76612000  nreaders: 0  nupdaters: 3 duration: 240
ns/read: nan  ns/update: 9.39801
count_nonatomic 4 uperf 2
!!! Count mismatch: 103605000 counted vs. 27638043 final value
n_reads: 0  n_updates: 103605000  nreaders: 0  nupdaters: 4 duration: 240
ns/read: nan  ns/update: 9.26596
count_nonatomic 4 uperf 2
!!! Count mismatch: 96457000 counted vs. 25734001 final value
n_reads: 0  n_updates: 96457000  nreaders: 0  nupdaters: 4 duration: 240
ns/read: nan  ns/update: 9.95262
count_nonatomic 4 uperf 2
!!! Count mismatch: 91733000 counted vs. 24370931 final value
n_reads: 0  n_updates: 91733000  nreaders: 0  nupdaters: 4 duration: 240
ns/read: nan  ns/update: 10.4652
count_nonatomic 4 uperf 2
!!! Count mismatch: 94776000 counted vs. 25082300 final value
n_reads: 0  n_updates: 94776000  nreaders: 0  nupdaters: 4 duration: 240
ns/read: nan  ns/update: 10.1291
count_nonatomic 5 uperf 2
!!! Count mismatch: 111538000 counted vs. 26755690 final value
n_reads: 0  n_updates: 111538000  nreaders: 0  nupdaters: 5 duration: 240
ns/read: nan  ns/update: 10.7587
count_nonatomic 5 uperf 2
!!! Count mismatch: 106511000 counted vs. 25535070 final value
n_reads: 0  n_updates: 106511000  nreaders: 0  nupdaters: 5 duration: 240
ns/read: nan  ns/update: 11.2664
count_nonatomic 5 uperf 2
!!! Count mismatch: 123804000 counted vs. 29315494 final value
n_reads: 0  n_updates: 123804000  nreaders: 0  nupdaters: 5 duration: 240
ns/read: nan  ns/update: 9.69274
count_nonatomic 5 uperf 2
!!! Count mismatch: 116172000 counted vs. 25371874 final value
n_reads: 0  n_updates: 116172000  nreaders: 0  nupdaters: 5 duration: 240
ns/read: nan  ns/update: 10.3295
count_nonatomic 6 uperf 2
!!! Count mismatch: 133138000 counted vs. 26480560 final value
n_reads: 0  n_updates: 133138000  nreaders: 0  nupdaters: 6 duration: 240
ns/read: nan  ns/update: 10.8158
count_nonatomic 6 uperf 2
!!! Count mismatch: 129048000 counted vs. 24890839 final value
n_reads: 0  n_updates: 129048000  nreaders: 0  nupdaters: 6 duration: 240
ns/read: nan  ns/update: 11.1586
count_nonatomic 6 uperf 2
!!! Count mismatch: 137695000 counted vs. 26766219 final value
n_reads: 0  n_updates: 137695000  nreaders: 0  nupdaters: 6 duration: 240
ns/read: nan  ns/update: 10.4579
count_nonatomic 6 uperf 2
!!! Count mismatch: 130815000 counted vs. 24303573 final value
n_reads: 0  n_updates: 130815000  nreaders: 0  nupdaters: 6 duration: 240
ns/read: nan  ns/update: 11.0079
count_nonatomic 7 uperf 2
!!! Count mismatch: 149871000 counted vs. 23547528 final value
n_reads: 0  n_updates: 149871000  nreaders: 0  nupdaters: 7 duration: 240
ns/read: nan  ns/update: 11.2096
count_nonatomic 7 uperf 2
!!! Count mismatch: 157378000 counted vs. 25281921 final value
n_reads: 0  n_updates: 157378000  nreaders: 0  nupdaters: 7 duration: 240
ns/read: nan  ns/update: 10.6749
count_nonatomic 7 uperf 2
!!! Count mismatch: 151743000 counted vs. 24863261 final value
n_reads: 0  n_updates: 151743000  nreaders: 0  nupdaters: 7 duration: 240
ns/read: nan  ns/update: 11.0714
count_nonatomic 7 uperf 2
!!! Count mismatch: 149544000 counted vs. 23479686 final value
n_reads: 0  n_updates: 149544000  nreaders: 0  nupdaters: 7 duration: 240
ns/read: nan  ns/update: 11.2342
count_nonatomic 8 uperf 2
!!! Count mismatch: 179032000 counted vs. 26542130 final value
n_reads: 0  n_updates: 179032000  nreaders: 0  nupdaters: 8 duration: 240
ns/read: nan  ns/update: 10.7243
count_nonatomic 8 uperf 2
!!! Count mismatch: 168923000 counted vs. 23824348 final value
n_reads: 0  n_updates: 168923000  nreaders: 0  nupdaters: 8 duration: 240
ns/read: nan  ns/update: 11.3661
count_nonatomic 8 uperf 2
!!! Count mismatch: 170332000 counted vs. 25709640 final value
n_reads: 0  n_updates: 170332000  nreaders: 0  nupdaters: 8 duration: 240
ns/read: nan  ns/update: 11.2721
count_nonatomic 8 uperf 2
!!! Count mismatch: 176275000 counted vs. 25631959 final value
n_reads: 0  n_updates: 176275000  nreaders: 0  nupdaters: 8 duration: 240
ns/read: nan  ns/update: 10.8921
