rcu 1 rperf 2
n_reads: 157332000  n_updates: 0  nreaders: 1  nupdaters: 0 duration: 10
ns/read: 63.5599  ns/update: nan
rcu 2 rperf 2
n_reads: 314650000  n_updates: 0  nreaders: 2  nupdaters: 0 duration: 10
ns/read: 63.5627  ns/update: nan
rcu 3 rperf 2
n_reads: 475780000  n_updates: 0  nreaders: 3  nupdaters: 0 duration: 10
ns/read: 63.0544  ns/update: nan
rcu 4 rperf 2
n_reads: 637420000  n_updates: 0  nreaders: 4  nupdaters: 0 duration: 10
ns/read: 62.753  ns/update: nan
rcu 6 rperf 2
n_reads: 951589000  n_updates: 0  nreaders: 6  nupdaters: 0 duration: 10
ns/read: 63.0524  ns/update: nan
rcu 8 rperf 2
n_reads: 1266866000  n_updates: 0  nreaders: 8  nupdaters: 0 duration: 10
ns/read: 63.148  ns/update: nan
rcu 12 rperf 2
n_reads: 1903984000  n_updates: 0  nreaders: 12  nupdaters: 0 duration: 10
ns/read: 63.0257  ns/update: nan
rcu 16 rperf 2
n_reads: 2536233000  n_updates: 0  nreaders: 16  nupdaters: 0 duration: 10
ns/read: 63.0857  ns/update: nan
rcu 24 rperf 2
n_reads: 3806743000  n_updates: 0  nreaders: 24  nupdaters: 0 duration: 10
ns/read: 63.046  ns/update: nan
rcu 32 rperf 2
n_reads: 5075062000  n_updates: 0  nreaders: 32  nupdaters: 0 duration: 10
ns/read: 63.0534  ns/update: nan
rcu 48 rperf 2
n_reads: 7612838000  n_updates: 0  nreaders: 48  nupdaters: 0 duration: 10
ns/read: 63.0514  ns/update: nan
rcu 64 rperf 2
n_reads: 10149712000  n_updates: 0  nreaders: 64  nupdaters: 0 duration: 10
ns/read: 63.056  ns/update: nan
rcu 1 uperf 2
n_reads: 0  n_updates: 18617777  nreaders: 0  nupdaters: 1 duration: 10
ns/read: nan  ns/update: 537.121
rcu 2 uperf 2
n_reads: 0  n_updates: 11413552  nreaders: 0  nupdaters: 2 duration: 10
ns/read: nan  ns/update: 1752.3
rcu 3 uperf 2
n_reads: 0  n_updates: 6620292  nreaders: 0  nupdaters: 3 duration: 10
ns/read: nan  ns/update: 4531.52
rcu 4 uperf 2
n_reads: 0  n_updates: 6025392  nreaders: 0  nupdaters: 4 duration: 10
ns/read: nan  ns/update: 6638.57
rcu 6 uperf 2
n_reads: 0  n_updates: 6223353  nreaders: 0  nupdaters: 6 duration: 10
ns/read: nan  ns/update: 9641.11
rcu 8 uperf 2
n_reads: 0  n_updates: 6625108  nreaders: 0  nupdaters: 8 duration: 10
ns/read: nan  ns/update: 12075.3
rcu 12 uperf 2
n_reads: 0  n_updates: 6115239  nreaders: 0  nupdaters: 12 duration: 10
ns/read: nan  ns/update: 19623.1
rcu 16 uperf 2
n_reads: 0  n_updates: 5628925  nreaders: 0  nupdaters: 16 duration: 10
ns/read: nan  ns/update: 28424.6
rcu 24 uperf 2
n_reads: 0  n_updates: 6209108  nreaders: 0  nupdaters: 24 duration: 10
ns/read: nan  ns/update: 38652.9
rcu 32 uperf 2
n_reads: 0  n_updates: 5952382  nreaders: 0  nupdaters: 32 duration: 10
ns/read: nan  ns/update: 53760
rcu 48 uperf 2
n_reads: 0  n_updates: 6261171  nreaders: 0  nupdaters: 48 duration: 10
ns/read: nan  ns/update: 76663
rcu 64 uperf 2
n_reads: 0  n_updates: 5928065  nreaders: 0  nupdaters: 64 duration: 10
ns/read: nan  ns/update: 107961
rcu64 1 rperf 2
n_reads: 160541000  n_updates: 0  nreaders: 1  nupdaters: 0 duration: 10
ns/read: 62.2894  ns/update: nan
rcu64 2 rperf 2
n_reads: 314726000  n_updates: 0  nreaders: 2  nupdaters: 0 duration: 10
ns/read: 63.5473  ns/update: nan
rcu64 3 rperf 2
n_reads: 476003000  n_updates: 0  nreaders: 3  nupdaters: 0 duration: 10
ns/read: 63.0248  ns/update: nan
rcu64 4 rperf 2
n_reads: 632969000  n_updates: 0  nreaders: 4  nupdaters: 0 duration: 10
ns/read: 63.1942  ns/update: nan
rcu64 6 rperf 2
n_reads: 951146000  n_updates: 0  nreaders: 6  nupdaters: 0 duration: 10
ns/read: 63.0818  ns/update: nan
rcu64 8 rperf 2
n_reads: 1267500000  n_updates: 0  nreaders: 8  nupdaters: 0 duration: 10
ns/read: 63.1164  ns/update: nan
rcu64 12 rperf 2
n_reads: 1903590000  n_updates: 0  nreaders: 12  nupdaters: 0 duration: 10
ns/read: 63.0388  ns/update: nan
rcu64 16 rperf 2
n_reads: 2532559000  n_updates: 0  nreaders: 16  nupdaters: 0 duration: 10
ns/read: 63.1772  ns/update: nan
rcu64 24 rperf 2
n_reads: 3806983000  n_updates: 0  nreaders: 24  nupdaters: 0 duration: 10
ns/read: 63.042  ns/update: nan
rcu64 32 rperf 2
n_reads: 5068163000  n_updates: 0  nreaders: 32  nupdaters: 0 duration: 10
ns/read: 63.1392  ns/update: nan
rcu64 48 rperf 2
n_reads: 7609780000  n_updates: 0  nreaders: 48  nupdaters: 0 duration: 10
ns/read: 63.0767  ns/update: nan
rcu64 64 rperf 2
n_reads: 10145827000  n_updates: 0  nreaders: 64  nupdaters: 0 duration: 10
ns/read: 63.0801  ns/update: nan
rcu64 1 uperf 2
n_reads: 0  n_updates: 19481017  nreaders: 0  nupdaters: 1 duration: 10
ns/read: nan  ns/update: 513.32
rcu64 2 uperf 2
n_reads: 0  n_updates: 8673654  nreaders: 0  nupdaters: 2 duration: 10
ns/read: nan  ns/update: 2305.83
rcu64 3 uperf 2
n_reads: 0  n_updates: 6689945  nreaders: 0  nupdaters: 3 duration: 10
ns/read: nan  ns/update: 4484.34
rcu64 4 uperf 2
n_reads: 0  n_updates: 5712055  nreaders: 0  nupdaters: 4 duration: 10
ns/read: nan  ns/update: 7002.73
rcu64 6 uperf 2
n_reads: 0  n_updates: 6583432  nreaders: 0  nupdaters: 6 duration: 10
ns/read: nan  ns/update: 9113.79
rcu64 8 uperf 2
n_reads: 0  n_updates: 6589483  nreaders: 0  nupdaters: 8 duration: 10
ns/read: nan  ns/update: 12140.6
rcu64 12 uperf 2
n_reads: 0  n_updates: 6081030  nreaders: 0  nupdaters: 12 duration: 10
ns/read: nan  ns/update: 19733.5
rcu64 16 uperf 2
n_reads: 0  n_updates: 5585733  nreaders: 0  nupdaters: 16 duration: 10
ns/read: nan  ns/update: 28644.4
rcu64 24 uperf 2
n_reads: 0  n_updates: 6031718  nreaders: 0  nupdaters: 24 duration: 10
ns/read: nan  ns/update: 39789.7
rcu64 32 uperf 2
n_reads: 0  n_updates: 5979315  nreaders: 0  nupdaters: 32 duration: 10
ns/read: nan  ns/update: 53517.8
rcu64 48 uperf 2
n_reads: 0  n_updates: 5996066  nreaders: 0  nupdaters: 48 duration: 10
ns/read: nan  ns/update: 80052.5
rcu64 64 uperf 2
n_reads: 0  n_updates: 6046460  nreaders: 0  nupdaters: 64 duration: 10
ns/read: nan  ns/update: 105847
rcu_lock 1 rperf 2
n_reads: 87306000  n_updates: 0  nreaders: 1  nupdaters: 0 duration: 10
ns/read: 114.54  ns/update: nan
rcu_lock 2 rperf 2
n_reads: 36304000  n_updates: 0  nreaders: 2  nupdaters: 0 duration: 10
ns/read: 550.903  ns/update: nan
rcu_lock 3 rperf 2
n_reads: 32840000  n_updates: 0  nreaders: 3  nupdaters: 0 duration: 10
ns/read: 913.52  ns/update: nan
rcu_lock 4 rperf 2
n_reads: 33234000  n_updates: 0  nreaders: 4  nupdaters: 0 duration: 10
ns/read: 1203.59  ns/update: nan
rcu_lock 6 rperf 2
n_reads: 26541000  n_updates: 0  nreaders: 6  nupdaters: 0 duration: 10
ns/read: 2260.65  ns/update: nan
rcu_lock 8 rperf 2
n_reads: 24929000  n_updates: 0  nreaders: 8  nupdaters: 0 duration: 10
ns/read: 3209.11  ns/update: nan
rcu_lock 12 rperf 2
n_reads: 28795000  n_updates: 0  nreaders: 12  nupdaters: 0 duration: 10
ns/read: 4167.39  ns/update: nan
rcu_lock 16 rperf 2
n_reads: 28888000  n_updates: 0  nreaders: 16  nupdaters: 0 duration: 10
ns/read: 5538.63  ns/update: nan
rcu_lock 24 rperf 2
n_reads: 32989000  n_updates: 0  nreaders: 24  nupdaters: 0 duration: 10
ns/read: 7275.15  ns/update: nan
rcu_lock 32 rperf 2
n_reads: 33363000  n_updates: 0  nreaders: 32  nupdaters: 0 duration: 10
ns/read: 9591.46  ns/update: nan
rcu_lock 48 rperf 2
n_reads: 36533000  n_updates: 0  nreaders: 48  nupdaters: 0 duration: 10
ns/read: 13138.8  ns/update: nan
rcu_lock 64 rperf 2
n_reads: 36184000  n_updates: 0  nreaders: 64  nupdaters: 0 duration: 10
ns/read: 17687.4  ns/update: nan
rcu_lock 1 uperf 2
n_reads: 0  n_updates: 99282040  nreaders: 0  nupdaters: 1 duration: 10
ns/read: nan  ns/update: 100.723
rcu_lock 2 uperf 2
n_reads: 0  n_updates: 34374560  nreaders: 0  nupdaters: 2 duration: 10
ns/read: nan  ns/update: 581.826
rcu_lock 3 uperf 2
n_reads: 0  n_updates: 30510386  nreaders: 0  nupdaters: 3 duration: 10
ns/read: nan  ns/update: 983.272
rcu_lock 4 uperf 2
n_reads: 0  n_updates: 26569933  nreaders: 0  nupdaters: 4 duration: 10
ns/read: nan  ns/update: 1505.46
rcu_lock 6 uperf 2
n_reads: 0  n_updates: 23709406  nreaders: 0  nupdaters: 6 duration: 10
ns/read: nan  ns/update: 2530.64
rcu_lock 8 uperf 2
n_reads: 0  n_updates: 24984310  nreaders: 0  nupdaters: 8 duration: 10
ns/read: nan  ns/update: 3202.01
rcu_lock 12 uperf 2
n_reads: 0  n_updates: 31595939  nreaders: 0  nupdaters: 12 duration: 10
ns/read: nan  ns/update: 3797.96
rcu_lock 16 uperf 2
n_reads: 0  n_updates: 31950576  nreaders: 0  nupdaters: 16 duration: 10
ns/read: nan  ns/update: 5007.73
rcu_lock 24 uperf 2
n_reads: 0  n_updates: 36567114  nreaders: 0  nupdaters: 24 duration: 10
ns/read: nan  ns/update: 6563.27
rcu_lock 32 uperf 2
n_reads: 0  n_updates: 36592118  nreaders: 0  nupdaters: 32 duration: 10
ns/read: nan  ns/update: 8745.05
rcu_lock 48 uperf 2
n_reads: 0  n_updates: 36686811  nreaders: 0  nupdaters: 48 duration: 10
ns/read: nan  ns/update: 13083.7
rcu_lock 64 uperf 2
n_reads: 0  n_updates: 35533605  nreaders: 0  nupdaters: 64 duration: 10
ns/read: nan  ns/update: 18011.1
rcu_lock_percpu 1 rperf 2
n_reads: 75178000  n_updates: 0  nreaders: 1  nupdaters: 0 duration: 10
ns/read: 133.018  ns/update: nan
rcu_lock_percpu 2 rperf 2
n_reads: 143190000  n_updates: 0  nreaders: 2  nupdaters: 0 duration: 10
ns/read: 139.675  ns/update: nan
rcu_lock_percpu 3 rperf 2
n_reads: 215746000  n_updates: 0  nreaders: 3  nupdaters: 0 duration: 10
ns/read: 139.052  ns/update: nan
rcu_lock_percpu 4 rperf 2
n_reads: 285424000  n_updates: 0  nreaders: 4  nupdaters: 0 duration: 10
ns/read: 140.142  ns/update: nan
rcu_lock_percpu 6 rperf 2
n_reads: 424518000  n_updates: 0  nreaders: 6  nupdaters: 0 duration: 10
ns/read: 141.337  ns/update: nan
rcu_lock_percpu 8 rperf 2
n_reads: 574733000  n_updates: 0  nreaders: 8  nupdaters: 0 duration: 10
ns/read: 139.195  ns/update: nan
rcu_lock_percpu 12 rperf 2
n_reads: 864654000  n_updates: 0  nreaders: 12  nupdaters: 0 duration: 10
ns/read: 138.784  ns/update: nan
rcu_lock_percpu 16 rperf 2
n_reads: 1113177000  n_updates: 0  nreaders: 16  nupdaters: 0 duration: 10
ns/read: 143.733  ns/update: nan
rcu_lock_percpu 24 rperf 2
n_reads: 1697390000  n_updates: 0  nreaders: 24  nupdaters: 0 duration: 10
ns/read: 141.394  ns/update: nan
rcu_lock_percpu 32 rperf 2
n_reads: 2199497000  n_updates: 0  nreaders: 32  nupdaters: 0 duration: 10
ns/read: 145.488  ns/update: nan
rcu_lock_percpu 48 rperf 2
n_reads: 3351487000  n_updates: 0  nreaders: 48  nupdaters: 0 duration: 10
ns/read: 143.22  ns/update: nan
rcu_lock_percpu 64 rperf 2
n_reads: 4507011000  n_updates: 0  nreaders: 64  nupdaters: 0 duration: 10
ns/read: 142.001  ns/update: nan
rcu_lock_percpu 1 uperf 2
n_reads: 0  n_updates: 16311892  nreaders: 0  nupdaters: 1 duration: 10
ns/read: nan  ns/update: 613.05
rcu_lock_percpu 2 uperf 2
n_reads: 0  n_updates: 18200804  nreaders: 0  nupdaters: 2 duration: 10
ns/read: nan  ns/update: 1098.85
rcu_lock_percpu 3 uperf 2
n_reads: 0  n_updates: 15557190  nreaders: 0  nupdaters: 3 duration: 10
ns/read: nan  ns/update: 1928.37
rcu_lock_percpu 4 uperf 2
n_reads: 0  n_updates: 13380656  nreaders: 0  nupdaters: 4 duration: 10
ns/read: nan  ns/update: 2989.39
rcu_lock_percpu 6 uperf 2
n_reads: 0  n_updates: 12611928  nreaders: 0  nupdaters: 6 duration: 10
ns/read: nan  ns/update: 4757.4
rcu_lock_percpu 8 uperf 2
n_reads: 0  n_updates: 11852007  nreaders: 0  nupdaters: 8 duration: 10
ns/read: nan  ns/update: 6749.91
rcu_lock_percpu 12 uperf 2
n_reads: 0  n_updates: 10168393  nreaders: 0  nupdaters: 12 duration: 10
ns/read: nan  ns/update: 11801.3
rcu_lock_percpu 16 uperf 2
n_reads: 0  n_updates: 9327913  nreaders: 0  nupdaters: 16 duration: 10
ns/read: nan  ns/update: 17152.8
rcu_lock_percpu 24 uperf 2
n_reads: 0  n_updates: 8370587  nreaders: 0  nupdaters: 24 duration: 10
ns/read: nan  ns/update: 28671.8
rcu_lock_percpu 32 uperf 2
n_reads: 0  n_updates: 7804546  nreaders: 0  nupdaters: 32 duration: 10
ns/read: nan  ns/update: 41001.7
rcu_lock_percpu 48 uperf 2
n_reads: 0  n_updates: 6500734  nreaders: 0  nupdaters: 48 duration: 10
ns/read: nan  ns/update: 73837.8
rcu_lock_percpu 64 uperf 2
n_reads: 0  n_updates: 5623784  nreaders: 0  nupdaters: 64 duration: 10
ns/read: nan  ns/update: 113802
rcu_nest 1 rperf 2
n_reads: 153594000  n_updates: 0  nreaders: 1  nupdaters: 0 duration: 10
ns/read: 65.1067  ns/update: nan
rcu_nest 2 rperf 2
n_reads: 307412000  n_updates: 0  nreaders: 2  nupdaters: 0 duration: 10
ns/read: 65.0593  ns/update: nan
rcu_nest 3 rperf 2
n_reads: 467569000  n_updates: 0  nreaders: 3  nupdaters: 0 duration: 10
ns/read: 64.1617  ns/update: nan
rcu_nest 4 rperf 2
n_reads: 621345000  n_updates: 0  nreaders: 4  nupdaters: 0 duration: 10
ns/read: 64.3765  ns/update: nan
rcu_nest 6 rperf 2
n_reads: 935165000  n_updates: 0  nreaders: 6  nupdaters: 0 duration: 10
ns/read: 64.1598  ns/update: nan
rcu_nest 8 rperf 2
n_reads: 1242229000  n_updates: 0  nreaders: 8  nupdaters: 0 duration: 10
ns/read: 64.4004  ns/update: nan
rcu_nest 12 rperf 2
n_reads: 1869801000  n_updates: 0  nreaders: 12  nupdaters: 0 duration: 10
ns/read: 64.178  ns/update: nan
rcu_nest 16 rperf 2
n_reads: 2490865000  n_updates: 0  nreaders: 16  nupdaters: 0 duration: 10
ns/read: 64.2347  ns/update: nan
rcu_nest 24 rperf 2
n_reads: 3740468000  n_updates: 0  nreaders: 24  nupdaters: 0 duration: 10
ns/read: 64.1631  ns/update: nan
rcu_nest 32 rperf 2
n_reads: 4982100000  n_updates: 0  nreaders: 32  nupdaters: 0 duration: 10
ns/read: 64.2299  ns/update: nan
rcu_nest 48 rperf 2
n_reads: 7480701000  n_updates: 0  nreaders: 48  nupdaters: 0 duration: 10
ns/read: 64.1651  ns/update: nan
rcu_nest 64 rperf 2
n_reads: 9972043000  n_updates: 0  nreaders: 64  nupdaters: 0 duration: 10
ns/read: 64.1794  ns/update: nan
rcu_nest 1 uperf 2
n_reads: 0  n_updates: 16271725  nreaders: 0  nupdaters: 1 duration: 10
ns/read: nan  ns/update: 614.563
rcu_nest 2 uperf 2
n_reads: 0  n_updates: 9130862  nreaders: 0  nupdaters: 2 duration: 10
ns/read: nan  ns/update: 2190.37
rcu_nest 3 uperf 2
n_reads: 0  n_updates: 6450044  nreaders: 0  nupdaters: 3 duration: 10
ns/read: nan  ns/update: 4651.13
rcu_nest 4 uperf 2
n_reads: 0  n_updates: 5914916  nreaders: 0  nupdaters: 4 duration: 10
ns/read: nan  ns/update: 6762.56
rcu_nest 6 uperf 2
n_reads: 0  n_updates: 6030651  nreaders: 0  nupdaters: 6 duration: 10
ns/read: nan  ns/update: 9949.17
rcu_nest 8 uperf 2
n_reads: 0  n_updates: 6264139  nreaders: 0  nupdaters: 8 duration: 10
ns/read: nan  ns/update: 12771.1
rcu_nest 12 uperf 2
n_reads: 0  n_updates: 5713526  nreaders: 0  nupdaters: 12 duration: 10
ns/read: nan  ns/update: 21002.8
rcu_nest 16 uperf 2
n_reads: 0  n_updates: 5618184  nreaders: 0  nupdaters: 16 duration: 10
ns/read: nan  ns/update: 28479
rcu_nest 24 uperf 2
n_reads: 0  n_updates: 5273052  nreaders: 0  nupdaters: 24 duration: 10
ns/read: nan  ns/update: 45514.4
rcu_nest 32 uperf 2
n_reads: 0  n_updates: 5275263  nreaders: 0  nupdaters: 32 duration: 10
ns/read: nan  ns/update: 60660.5
rcu_nest 48 uperf 2
n_reads: 0  n_updates: 5324814  nreaders: 0  nupdaters: 48 duration: 10
ns/read: nan  ns/update: 90144
rcu_nest 64 uperf 2
n_reads: 0  n_updates: 5280311  nreaders: 0  nupdaters: 64 duration: 10
ns/read: nan  ns/update: 121205
rcu_nest_qs 1 rperf 2
n_reads: 388557000  n_updates: 0  nreaders: 1  nupdaters: 0 duration: 10
ns/read: 25.7362  ns/update: nan
rcu_nest_qs 2 rperf 2
n_reads: 777169000  n_updates: 0  nreaders: 2  nupdaters: 0 duration: 10
ns/read: 25.7344  ns/update: nan
rcu_nest_qs 3 rperf 2
n_reads: 1165821000  n_updates: 0  nreaders: 3  nupdaters: 0 duration: 10
ns/read: 25.7329  ns/update: nan
rcu_nest_qs 4 rperf 2
n_reads: 1553768000  n_updates: 0  nreaders: 4  nupdaters: 0 duration: 10
ns/read: 25.7439  ns/update: nan
rcu_nest_qs 6 rperf 2
n_reads: 2331291000  n_updates: 0  nreaders: 6  nupdaters: 0 duration: 10
ns/read: 25.7368  ns/update: nan
rcu_nest_qs 8 rperf 2
n_reads: 3107918000  n_updates: 0  nreaders: 8  nupdaters: 0 duration: 10
ns/read: 25.7407  ns/update: nan
rcu_nest_qs 12 rperf 2
n_reads: 4662505000  n_updates: 0  nreaders: 12  nupdaters: 0 duration: 10
ns/read: 25.7372  ns/update: nan
rcu_nest_qs 16 rperf 2
n_reads: 6216850000  n_updates: 0  nreaders: 16  nupdaters: 0 duration: 10
ns/read: 25.7365  ns/update: nan
rcu_nest_qs 24 rperf 2
n_reads: 9324487000  n_updates: 0  nreaders: 24  nupdaters: 0 duration: 10
ns/read: 25.7387  ns/update: nan
rcu_nest_qs 32 rperf 2
n_reads: 12432662000  n_updates: 0  nreaders: 32  nupdaters: 0 duration: 10
ns/read: 25.7387  ns/update: nan
rcu_nest_qs 48 rperf 2
n_reads: 18648676000  n_updates: 0  nreaders: 48  nupdaters: 0 duration: 10
ns/read: 25.7391  ns/update: nan
rcu_nest_qs 64 rperf 2
n_reads: 24865673000  n_updates: 0  nreaders: 64  nupdaters: 0 duration: 10
ns/read: 25.7383  ns/update: nan
rcu_nest_qs 1 uperf 2
n_reads: 0  n_updates: 16248684  nreaders: 0  nupdaters: 1 duration: 10
ns/read: nan  ns/update: 615.434
rcu_nest_qs 2 uperf 2
n_reads: 0  n_updates: 9931825  nreaders: 0  nupdaters: 2 duration: 10
ns/read: nan  ns/update: 2013.73
rcu_nest_qs 3 uperf 2
n_reads: 0  n_updates: 6551457  nreaders: 0  nupdaters: 3 duration: 10
ns/read: nan  ns/update: 4579.13
rcu_nest_qs 4 uperf 2
n_reads: 0  n_updates: 5478357  nreaders: 0  nupdaters: 4 duration: 10
ns/read: nan  ns/update: 7301.46
rcu_nest_qs 6 uperf 2
n_reads: 0  n_updates: 6149738  nreaders: 0  nupdaters: 6 duration: 10
ns/read: nan  ns/update: 9756.51
rcu_nest_qs 8 uperf 2
n_reads: 0  n_updates: 6245143  nreaders: 0  nupdaters: 8 duration: 10
ns/read: nan  ns/update: 12810
rcu_nest_qs 12 uperf 2
n_reads: 0  n_updates: 5758494  nreaders: 0  nupdaters: 12 duration: 10
ns/read: nan  ns/update: 20838.8
rcu_nest_qs 16 uperf 2
n_reads: 0  n_updates: 5322444  nreaders: 0  nupdaters: 16 duration: 10
ns/read: nan  ns/update: 30061.4
rcu_nest_qs 24 uperf 2
n_reads: 0  n_updates: 5417081  nreaders: 0  nupdaters: 24 duration: 10
ns/read: nan  ns/update: 44304.3
rcu_nest_qs 32 uperf 2
n_reads: 0  n_updates: 5361494  nreaders: 0  nupdaters: 32 duration: 10
ns/read: nan  ns/update: 59684.9
rcu_nest_qs 48 uperf 2
n_reads: 0  n_updates: 5797780  nreaders: 0  nupdaters: 48 duration: 10
ns/read: nan  ns/update: 82790.3
rcu_nest_qs 64 uperf 2
n_reads: 0  n_updates: 5426269  nreaders: 0  nupdaters: 64 duration: 10
ns/read: nan  ns/update: 117945
rcu_qs 1 rperf 2
n_reads: 255730000  n_updates: 0  nreaders: 1  nupdaters: 0 duration: 10
ns/read: 39.1037  ns/update: nan
rcu_qs 2 rperf 2
n_reads: 511534000  n_updates: 0  nreaders: 2  nupdaters: 0 duration: 10
ns/read: 39.0981  ns/update: nan
rcu_qs 3 rperf 2
n_reads: 767309000  n_updates: 0  nreaders: 3  nupdaters: 0 duration: 10
ns/read: 39.0977  ns/update: nan
rcu_qs 4 rperf 2
n_reads: 1023080000  n_updates: 0  nreaders: 4  nupdaters: 0 duration: 10
ns/read: 39.0976  ns/update: nan
rcu_qs 6 rperf 2
n_reads: 1534675000  n_updates: 0  nreaders: 6  nupdaters: 0 duration: 10
ns/read: 39.0962  ns/update: nan
rcu_qs 8 rperf 2
n_reads: 2046251000  n_updates: 0  nreaders: 8  nupdaters: 0 duration: 10
ns/read: 39.0959  ns/update: nan
rcu_qs 12 rperf 2
n_reads: 3069228000  n_updates: 0  nreaders: 12  nupdaters: 0 duration: 10
ns/read: 39.0978  ns/update: nan
rcu_qs 16 rperf 2
n_reads: 4092455000  n_updates: 0  nreaders: 16  nupdaters: 0 duration: 10
ns/read: 39.0963  ns/update: nan
rcu_qs 24 rperf 2
n_reads: 6138477000  n_updates: 0  nreaders: 24  nupdaters: 0 duration: 10
ns/read: 39.0976  ns/update: nan
rcu_qs 32 rperf 2
n_reads: 8184748000  n_updates: 0  nreaders: 32  nupdaters: 0 duration: 10
ns/read: 39.0971  ns/update: nan
rcu_qs 48 rperf 2
n_reads: 12277046000  n_updates: 0  nreaders: 48  nupdaters: 0 duration: 10
ns/read: 39.0974  ns/update: nan
rcu_qs 64 rperf 2
n_reads: 16369043000  n_updates: 0  nreaders: 64  nupdaters: 0 duration: 10
ns/read: 39.0982  ns/update: nan
rcu_qs 1 uperf 2
n_reads: 0  n_updates: 16251398  nreaders: 0  nupdaters: 1 duration: 10
ns/read: nan  ns/update: 615.332
rcu_qs 2 uperf 2
n_reads: 0  n_updates: 9814063  nreaders: 0  nupdaters: 2 duration: 10
ns/read: nan  ns/update: 2037.89
rcu_qs 3 uperf 2
n_reads: 0  n_updates: 6585871  nreaders: 0  nupdaters: 3 duration: 10
ns/read: nan  ns/update: 4555.21
rcu_qs 4 uperf 2
n_reads: 0  n_updates: 5502961  nreaders: 0  nupdaters: 4 duration: 10
ns/read: nan  ns/update: 7268.81
rcu_qs 6 uperf 2
n_reads: 0  n_updates: 6011765  nreaders: 0  nupdaters: 6 duration: 10
ns/read: nan  ns/update: 9980.43
rcu_qs 8 uperf 2
n_reads: 0  n_updates: 6241766  nreaders: 0  nupdaters: 8 duration: 10
ns/read: nan  ns/update: 12816.9
rcu_qs 12 uperf 2
n_reads: 0  n_updates: 5566469  nreaders: 0  nupdaters: 12 duration: 10
ns/read: nan  ns/update: 21557.7
rcu_qs 16 uperf 2
n_reads: 0  n_updates: 5436078  nreaders: 0  nupdaters: 16 duration: 10
ns/read: nan  ns/update: 29433
rcu_qs 24 uperf 2
n_reads: 0  n_updates: 5324251  nreaders: 0  nupdaters: 24 duration: 10
ns/read: nan  ns/update: 45076.8
rcu_qs 32 uperf 2
n_reads: 0  n_updates: 5488010  nreaders: 0  nupdaters: 32 duration: 10
ns/read: nan  ns/update: 58308.9
rcu_qs 48 uperf 2
n_reads: 0  n_updates: 5272090  nreaders: 0  nupdaters: 48 duration: 10
ns/read: nan  ns/update: 91045.5
rcu_qs 64 uperf 2
n_reads: 0  n_updates: 5355708  nreaders: 0  nupdaters: 64 duration: 10
ns/read: nan  ns/update: 119499
rcu_rcg 1 rperf 2
n_reads: 95013000  n_updates: 0  nreaders: 1  nupdaters: 0 duration: 10
ns/read: 105.249  ns/update: nan
rcu_rcg 2 rperf 2
n_reads: 157353000  n_updates: 0  nreaders: 2  nupdaters: 0 duration: 10
ns/read: 127.103  ns/update: nan
rcu_rcg 3 rperf 2
n_reads: 92193000  n_updates: 0  nreaders: 3  nupdaters: 0 duration: 10
ns/read: 325.404  ns/update: nan
rcu_rcg 4 rperf 2
n_reads: 105921000  n_updates: 0  nreaders: 4  nupdaters: 0 duration: 10
ns/read: 377.64  ns/update: nan
rcu_rcg 6 rperf 2
n_reads: 94398000  n_updates: 0  nreaders: 6  nupdaters: 0 duration: 10
ns/read: 635.607  ns/update: nan
rcu_rcg 8 rperf 2
n_reads: 72628000  n_updates: 0  nreaders: 8  nupdaters: 0 duration: 10
ns/read: 1101.5  ns/update: nan
rcu_rcg 12 rperf 2
n_reads: 63043000  n_updates: 0  nreaders: 12  nupdaters: 0 duration: 10
ns/read: 1903.46  ns/update: nan
rcu_rcg 16 rperf 2
n_reads: 52925000  n_updates: 0  nreaders: 16  nupdaters: 0 duration: 10
ns/read: 3023.15  ns/update: nan
rcu_rcg 24 rperf 2
n_reads: 41295000  n_updates: 0  nreaders: 24  nupdaters: 0 duration: 10
ns/read: 5811.84  ns/update: nan
rcu_rcg 32 rperf 2
n_reads: 34115000  n_updates: 0  nreaders: 32  nupdaters: 0 duration: 10
ns/read: 9380.04  ns/update: nan
rcu_rcg 48 rperf 2
n_reads: 23213000  n_updates: 0  nreaders: 48  nupdaters: 0 duration: 10
ns/read: 20678.1  ns/update: nan
rcu_rcg 64 rperf 2
n_reads: 16399000  n_updates: 0  nreaders: 64  nupdaters: 0 duration: 10
ns/read: 39026.8  ns/update: nan
rcu_rcg 1 uperf 2
n_reads: 0  n_updates: 249448391  nreaders: 0  nupdaters: 1 duration: 10
ns/read: nan  ns/update: 40.0885
rcu_rcg 2 uperf 2
n_reads: 0  n_updates: 498850739  nreaders: 0  nupdaters: 2 duration: 10
ns/read: nan  ns/update: 40.0922
rcu_rcg 3 uperf 2
n_reads: 0  n_updates: 748259994  nreaders: 0  nupdaters: 3 duration: 10
ns/read: nan  ns/update: 40.093
rcu_rcg 4 uperf 2
n_reads: 0  n_updates: 997621278  nreaders: 0  nupdaters: 4 duration: 10
ns/read: nan  ns/update: 40.0954
rcu_rcg 6 uperf 2
n_reads: 0  n_updates: 1496601593  nreaders: 0  nupdaters: 6 duration: 10
ns/read: nan  ns/update: 40.0908
rcu_rcg 8 uperf 2
n_reads: 0  n_updates: 1995242707  nreaders: 0  nupdaters: 8 duration: 10
ns/read: nan  ns/update: 40.0954
rcu_rcg 12 uperf 2
n_reads: 0  n_updates: 2992347287  nreaders: 0  nupdaters: 12 duration: 10
ns/read: nan  ns/update: 40.1023
rcu_rcg 16 uperf 2
n_reads: 0  n_updates: 3990114764  nreaders: 0  nupdaters: 16 duration: 10
ns/read: nan  ns/update: 40.0991
rcu_rcg 24 uperf 2
n_reads: 0  n_updates: 5984355129  nreaders: 0  nupdaters: 24 duration: 10
ns/read: nan  ns/update: 40.1046
rcu_rcg 32 uperf 2
n_reads: 0  n_updates: 7978386083  nreaders: 0  nupdaters: 32 duration: 10
ns/read: nan  ns/update: 40.1084
rcu_rcg 48 uperf 2
n_reads: 0  n_updates: 11969159554  nreaders: 0  nupdaters: 48 duration: 10
ns/read: nan  ns/update: 40.1031
rcu_rcg 64 uperf 2
n_reads: 0  n_updates: 15955504319  nreaders: 0  nupdaters: 64 duration: 10
ns/read: nan  ns/update: 40.1115
rcu_rcpg 1 rperf 2
n_reads: 64107000  n_updates: 0  nreaders: 1  nupdaters: 0 duration: 10
ns/read: 155.989  ns/update: nan
rcu_rcpg 2 rperf 2
n_reads: 109897000  n_updates: 0  nreaders: 2  nupdaters: 0 duration: 10
ns/read: 181.989  ns/update: nan
rcu_rcpg 3 rperf 2
n_reads: 63755000  n_updates: 0  nreaders: 3  nupdaters: 0 duration: 10
ns/read: 470.551  ns/update: nan
rcu_rcpg 4 rperf 2
n_reads: 77207000  n_updates: 0  nreaders: 4  nupdaters: 0 duration: 10
ns/read: 518.088  ns/update: nan
rcu_rcpg 6 rperf 2
n_reads: 65133000  n_updates: 0  nreaders: 6  nupdaters: 0 duration: 10
ns/read: 921.192  ns/update: nan
rcu_rcpg 8 rperf 2
n_reads: 57249000  n_updates: 0  nreaders: 8  nupdaters: 0 duration: 10
ns/read: 1397.4  ns/update: nan
rcu_rcpg 12 rperf 2
n_reads: 50207000  n_updates: 0  nreaders: 12  nupdaters: 0 duration: 10
ns/read: 2390.1  ns/update: nan
rcu_rcpg 16 rperf 2
n_reads: 42745000  n_updates: 0  nreaders: 16  nupdaters: 0 duration: 10
ns/read: 3743.13  ns/update: nan
rcu_rcpg 24 rperf 2
n_reads: 36710000  n_updates: 0  nreaders: 24  nupdaters: 0 duration: 10
ns/read: 6537.73  ns/update: nan
rcu_rcpg 32 rperf 2
n_reads: 30845000  n_updates: 0  nreaders: 32  nupdaters: 0 duration: 10
ns/read: 10374.5  ns/update: nan
rcu_rcpg 48 rperf 2
n_reads: 22827000  n_updates: 0  nreaders: 48  nupdaters: 0 duration: 10
ns/read: 21027.7  ns/update: nan
rcu_rcpg 64 rperf 2
n_reads: 17415000  n_updates: 0  nreaders: 64  nupdaters: 0 duration: 10
ns/read: 36749.9  ns/update: nan
rcu_rcpg 1 uperf 2
n_reads: 0  n_updates: 46506260  nreaders: 0  nupdaters: 1 duration: 10
ns/read: nan  ns/update: 215.025
rcu_rcpg 2 uperf 2
n_reads: 0  n_updates: 16500782  nreaders: 0  nupdaters: 2 duration: 10
ns/read: nan  ns/update: 1212.06
rcu_rcpg 3 uperf 2
n_reads: 0  n_updates: 12394273  nreaders: 0  nupdaters: 3 duration: 10
ns/read: nan  ns/update: 2420.47
rcu_rcpg 4 uperf 2
n_reads: 0  n_updates: 11262356  nreaders: 0  nupdaters: 4 duration: 10
ns/read: nan  ns/update: 3551.65
rcu_rcpg 6 uperf 2
n_reads: 0  n_updates: 11212703  nreaders: 0  nupdaters: 6 duration: 10
ns/read: nan  ns/update: 5351.07
rcu_rcpg 8 uperf 2
n_reads: 0  n_updates: 11972231  nreaders: 0  nupdaters: 8 duration: 10
ns/read: nan  ns/update: 6682.13
rcu_rcpg 12 uperf 2
n_reads: 0  n_updates: 12222547  nreaders: 0  nupdaters: 12 duration: 10
ns/read: nan  ns/update: 9817.92
rcu_rcpg 16 uperf 2
n_reads: 0  n_updates: 13039234  nreaders: 0  nupdaters: 16 duration: 10
ns/read: nan  ns/update: 12270.7
rcu_rcpg 24 uperf 2
n_reads: 0  n_updates: 14406679  nreaders: 0  nupdaters: 24 duration: 10
ns/read: nan  ns/update: 16658.9
rcu_rcpg 32 uperf 2
n_reads: 0  n_updates: 14301892  nreaders: 0  nupdaters: 32 duration: 10
ns/read: nan  ns/update: 22374.7
rcu_rcpg 48 uperf 2
n_reads: 0  n_updates: 15351909  nreaders: 0  nupdaters: 48 duration: 10
ns/read: nan  ns/update: 31266.5
rcu_rcpg 64 uperf 2
n_reads: 0  n_updates: 15143803  nreaders: 0  nupdaters: 64 duration: 10
ns/read: nan  ns/update: 42261.5
rcu_rcpl 1 rperf 2
n_reads: 87738000  n_updates: 0  nreaders: 1  nupdaters: 0 duration: 10
ns/read: 113.976  ns/update: nan
rcu_rcpl 2 rperf 2
n_reads: 175580000  n_updates: 0  nreaders: 2  nupdaters: 0 duration: 10
ns/read: 113.908  ns/update: nan
rcu_rcpl 3 rperf 2
n_reads: 261949000  n_updates: 0  nreaders: 3  nupdaters: 0 duration: 10
ns/read: 114.526  ns/update: nan
rcu_rcpl 4 rperf 2
n_reads: 348117000  n_updates: 0  nreaders: 4  nupdaters: 0 duration: 10
ns/read: 114.904  ns/update: nan
rcu_rcpl 6 rperf 2
n_reads: 510923000  n_updates: 0  nreaders: 6  nupdaters: 0 duration: 10
ns/read: 117.435  ns/update: nan
rcu_rcpl 8 rperf 2
n_reads: 698185000  n_updates: 0  nreaders: 8  nupdaters: 0 duration: 10
ns/read: 114.583  ns/update: nan
rcu_rcpl 12 rperf 2
n_reads: 1040571000  n_updates: 0  nreaders: 12  nupdaters: 0 duration: 10
ns/read: 115.321  ns/update: nan
rcu_rcpl 16 rperf 2
n_reads: 1391816000  n_updates: 0  nreaders: 16  nupdaters: 0 duration: 10
ns/read: 114.958  ns/update: nan
rcu_rcpl 24 rperf 2
n_reads: 2081685000  n_updates: 0  nreaders: 24  nupdaters: 0 duration: 10
ns/read: 115.291  ns/update: nan
rcu_rcpl 32 rperf 2
n_reads: 2760767000  n_updates: 0  nreaders: 32  nupdaters: 0 duration: 10
ns/read: 115.91  ns/update: nan
rcu_rcpl 48 rperf 2
n_reads: 4168017000  n_updates: 0  nreaders: 48  nupdaters: 0 duration: 10
ns/read: 115.163  ns/update: nan
rcu_rcpl 64 rperf 2
n_reads: 5568020000  n_updates: 0  nreaders: 64  nupdaters: 0 duration: 10
ns/read: 114.942  ns/update: nan
rcu_rcpl 1 uperf 2
n_reads: 0  n_updates: 10805928  nreaders: 0  nupdaters: 1 duration: 10
ns/read: nan  ns/update: 925.418
rcu_rcpl 2 uperf 2
n_reads: 0  n_updates: 4305052  nreaders: 0  nupdaters: 2 duration: 10
ns/read: nan  ns/update: 4645.7
rcu_rcpl 3 uperf 2
n_reads: 0  n_updates: 4794899  nreaders: 0  nupdaters: 3 duration: 10
ns/read: nan  ns/update: 6256.65
rcu_rcpl 4 uperf 2
n_reads: 0  n_updates: 4770778  nreaders: 0  nupdaters: 4 duration: 10
ns/read: nan  ns/update: 8384.38
rcu_rcpl 6 uperf 2
n_reads: 0  n_updates: 4850985  nreaders: 0  nupdaters: 6 duration: 10
ns/read: nan  ns/update: 12368.6
rcu_rcpl 8 uperf 2
n_reads: 0  n_updates: 4868498  nreaders: 0  nupdaters: 8 duration: 10
ns/read: nan  ns/update: 16432.2
rcu_rcpl 12 uperf 2
n_reads: 0  n_updates: 4028875  nreaders: 0  nupdaters: 12 duration: 10
ns/read: nan  ns/update: 29785
rcu_rcpl 16 uperf 2
n_reads: 0  n_updates: 3553246  nreaders: 0  nupdaters: 16 duration: 10
ns/read: nan  ns/update: 45029.2
rcu_rcpl 24 uperf 2
n_reads: 0  n_updates: 3647514  nreaders: 0  nupdaters: 24 duration: 10
ns/read: nan  ns/update: 65798.2
rcu_rcpl 32 uperf 2
n_reads: 0  n_updates: 3560957  nreaders: 0  nupdaters: 32 duration: 10
ns/read: nan  ns/update: 89863.5
rcu_rcpl 48 uperf 2
n_reads: 0  n_updates: 3435228  nreaders: 0  nupdaters: 48 duration: 10
ns/read: nan  ns/update: 139729
rcu_rcpl 64 uperf 2
n_reads: 0  n_updates: 3437005  nreaders: 0  nupdaters: 64 duration: 10
ns/read: nan  ns/update: 186209
rcu_rcpls 1 rperf 2
n_reads: 88748000  n_updates: 0  nreaders: 1  nupdaters: 0 duration: 10
ns/read: 112.679  ns/update: nan
rcu_rcpls 2 rperf 2
n_reads: 175965000  n_updates: 0  nreaders: 2  nupdaters: 0 duration: 10
ns/read: 113.659  ns/update: nan
rcu_rcpls 3 rperf 2
n_reads: 253393000  n_updates: 0  nreaders: 3  nupdaters: 0 duration: 10
ns/read: 118.393  ns/update: nan
rcu_rcpls 4 rperf 2
n_reads: 351446000  n_updates: 0  nreaders: 4  nupdaters: 0 duration: 10
ns/read: 113.815  ns/update: nan
rcu_rcpls 6 rperf 2
n_reads: 527164000  n_updates: 0  nreaders: 6  nupdaters: 0 duration: 10
ns/read: 113.817  ns/update: nan
rcu_rcpls 8 rperf 2
n_reads: 695446000  n_updates: 0  nreaders: 8  nupdaters: 0 duration: 10
ns/read: 115.034  ns/update: nan
rcu_rcpls 12 rperf 2
n_reads: 1037891000  n_updates: 0  nreaders: 12  nupdaters: 0 duration: 10
ns/read: 115.619  ns/update: nan
rcu_rcpls 16 rperf 2
n_reads: 1400488000  n_updates: 0  nreaders: 16  nupdaters: 0 duration: 10
ns/read: 114.246  ns/update: nan
rcu_rcpls 24 rperf 2
n_reads: 2096719000  n_updates: 0  nreaders: 24  nupdaters: 0 duration: 10
ns/read: 114.465  ns/update: nan
rcu_rcpls 32 rperf 2
n_reads: 2773187000  n_updates: 0  nreaders: 32  nupdaters: 0 duration: 10
ns/read: 115.391  ns/update: nan
rcu_rcpls 48 rperf 2
n_reads: 4152101000  n_updates: 0  nreaders: 48  nupdaters: 0 duration: 10
ns/read: 115.604  ns/update: nan
rcu_rcpls 64 rperf 2
n_reads: 5566458000  n_updates: 0  nreaders: 64  nupdaters: 0 duration: 10
ns/read: 114.974  ns/update: nan
rcu_rcpls 1 uperf 2
n_reads: 0  n_updates: 10902309  nreaders: 0  nupdaters: 1 duration: 10
ns/read: nan  ns/update: 917.237
rcu_rcpls 2 uperf 2
n_reads: 0  n_updates: 6200661  nreaders: 0  nupdaters: 2 duration: 10
ns/read: nan  ns/update: 3225.46
rcu_rcpls 3 uperf 2
n_reads: 0  n_updates: 4864432  nreaders: 0  nupdaters: 3 duration: 10
ns/read: nan  ns/update: 6167.22
rcu_rcpls 4 uperf 2
n_reads: 0  n_updates: 5574822  nreaders: 0  nupdaters: 4 duration: 10
ns/read: nan  ns/update: 7175.12
rcu_rcpls 6 uperf 2
n_reads: 0  n_updates: 6028491  nreaders: 0  nupdaters: 6 duration: 10
ns/read: nan  ns/update: 9952.74
rcu_rcpls 8 uperf 2
n_reads: 0  n_updates: 6178947  nreaders: 0  nupdaters: 8 duration: 10
ns/read: nan  ns/update: 12947.2
rcu_rcpls 12 uperf 2
n_reads: 0  n_updates: 5149893  nreaders: 0  nupdaters: 12 duration: 10
ns/read: nan  ns/update: 23301.5
rcu_rcpls 16 uperf 2
n_reads: 0  n_updates: 4592813  nreaders: 0  nupdaters: 16 duration: 10
ns/read: nan  ns/update: 34837
rcu_rcpls 24 uperf 2
n_reads: 0  n_updates: 4326201  nreaders: 0  nupdaters: 24 duration: 10
ns/read: nan  ns/update: 55475.9
rcu_rcpls 32 uperf 2
n_reads: 0  n_updates: 4179093  nreaders: 0  nupdaters: 32 duration: 10
ns/read: nan  ns/update: 76571.6
rcu_rcpls 48 uperf 2
n_reads: 0  n_updates: 4040921  nreaders: 0  nupdaters: 48 duration: 10
ns/read: nan  ns/update: 118785
rcu_rcpls 64 uperf 2
n_reads: 0  n_updates: 3948881  nreaders: 0  nupdaters: 64 duration: 10
ns/read: nan  ns/update: 162071
rcu_ts 1 rperf 2
n_reads: 99556000  n_updates: 0  nreaders: 1  nupdaters: 0 duration: 10
ns/read: 100.446  ns/update: nan
rcu_ts 2 rperf 2
n_reads: 195265000  n_updates: 0  nreaders: 2  nupdaters: 0 duration: 10
ns/read: 102.425  ns/update: nan
rcu_ts 3 rperf 2
n_reads: 295495000  n_updates: 0  nreaders: 3  nupdaters: 0 duration: 10
ns/read: 101.525  ns/update: nan
rcu_ts 4 rperf 2
n_reads: 392554000  n_updates: 0  nreaders: 4  nupdaters: 0 duration: 10
ns/read: 101.897  ns/update: nan
rcu_ts 6 rperf 2
n_reads: 590940000  n_updates: 0  nreaders: 6  nupdaters: 0 duration: 10
ns/read: 101.533  ns/update: nan
rcu_ts 8 rperf 2
n_reads: 785707000  n_updates: 0  nreaders: 8  nupdaters: 0 duration: 10
ns/read: 101.819  ns/update: nan
rcu_ts 12 rperf 2
n_reads: 1181179000  n_updates: 0  nreaders: 12  nupdaters: 0 duration: 10
ns/read: 101.593  ns/update: nan
rcu_ts 16 rperf 2
n_reads: 1576545000  n_updates: 0  nreaders: 16  nupdaters: 0 duration: 10
ns/read: 101.488  ns/update: nan
rcu_ts 24 rperf 2
n_reads: 2361066000  n_updates: 0  nreaders: 24  nupdaters: 0 duration: 10
ns/read: 101.649  ns/update: nan
rcu_ts 32 rperf 2
n_reads: 3151383000  n_updates: 0  nreaders: 32  nupdaters: 0 duration: 10
ns/read: 101.543  ns/update: nan
rcu_ts 48 rperf 2
n_reads: 4725845000  n_updates: 0  nreaders: 48  nupdaters: 0 duration: 10
ns/read: 101.569  ns/update: nan
rcu_ts 64 rperf 2
n_reads: 6298757000  n_updates: 0  nreaders: 64  nupdaters: 0 duration: 10
ns/read: 101.607  ns/update: nan
rcu_ts 1 uperf 2
n_reads: 0  n_updates: 15870591  nreaders: 0  nupdaters: 1 duration: 10
ns/read: nan  ns/update: 630.096
rcu_ts 2 uperf 2
n_reads: 0  n_updates: 9217428  nreaders: 0  nupdaters: 2 duration: 10
ns/read: nan  ns/update: 2169.8
rcu_ts 3 uperf 2
n_reads: 0  n_updates: 6415580  nreaders: 0  nupdaters: 3 duration: 10
ns/read: nan  ns/update: 4676.12
rcu_ts 4 uperf 2
n_reads: 0  n_updates: 5728172  nreaders: 0  nupdaters: 4 duration: 10
ns/read: nan  ns/update: 6983.03
rcu_ts 6 uperf 2
n_reads: 0  n_updates: 6029156  nreaders: 0  nupdaters: 6 duration: 10
ns/read: nan  ns/update: 9951.64
rcu_ts 8 uperf 2
n_reads: 0  n_updates: 6288393  nreaders: 0  nupdaters: 8 duration: 10
ns/read: nan  ns/update: 12721.9
rcu_ts 12 uperf 2
n_reads: 0  n_updates: 5481448  nreaders: 0  nupdaters: 12 duration: 10
ns/read: nan  ns/update: 21892
rcu_ts 16 uperf 2
n_reads: 0  n_updates: 5124731  nreaders: 0  nupdaters: 16 duration: 10
ns/read: nan  ns/update: 31221.2
rcu_ts 24 uperf 2
n_reads: 0  n_updates: 5229539  nreaders: 0  nupdaters: 24 duration: 10
ns/read: nan  ns/update: 45893.1
rcu_ts 32 uperf 2
n_reads: 0  n_updates: 5281703  nreaders: 0  nupdaters: 32 duration: 10
ns/read: nan  ns/update: 60586.5
rcu_ts 48 uperf 2
n_reads: 0  n_updates: 5184805  nreaders: 0  nupdaters: 48 duration: 10
ns/read: nan  ns/update: 92578.2
rcu_ts 64 uperf 2
n_reads: 0  n_updates: 5082568  nreaders: 0  nupdaters: 64 duration: 10
ns/read: nan  ns/update: 125921
