(Spin Version 6.4.8 -- 2 March 2018)
        + Partial Order Reduction

Full statespace search for:
        never claim             - (none specified)
        assertion violations    +
        cycle checks            - (disabled by -DSAFETY)
        invalid end states      +

State-vector 48 byte, depth reached 22, errors: 0
       52 states, stored
       21 states, matched
       73 transitions (= stored+matched)
       68 atomic steps
hash conflicts:         0 (resolved)

Stats on memory usage (in Megabytes):
    0.004       equivalent memory usage for states
                  (stored*(State-vector + overhead))
    0.290       actual memory usage for states
  128.000       memory used for hash table (-w24)
    0.534       memory used for DFS stack (-m10000)
  128.730       total actual memory usage

unreached in proctype incrementer
        (0 of 5 states)
unreached in init
        (0 of 24 states)
