pan:1: assertion violated
        ((sum<2)||(counter==2)) (at depth 22)
pan: wrote increment.spin.trail

(Spin Version 6.4.8 -- 2 March 2018)
Warning: Search not completed
        + Partial Order Reduction

Full statespace search for:
        never claim             - (none specified)
        assertion violations    +
        cycle checks            - (disabled by -DSAFETY)
        invalid end states      +

State-vector 48 byte, depth reached 24, errors: 1
       45 states, stored
       13 states, matched
       58 transitions (= stored+matched)
       53 atomic steps
hash conflicts:         0 (resolved)

Stats on memory usage (in Megabytes):
    0.003       equivalent memory usage for states
                  (stored*(State-vector + overhead))
    0.290       actual memory usage for states
  128.000       memory used for hash table (-w24)
    0.534       memory used for DFS stack (-m10000)
  128.730       total actual memory usage
