using statement merging
  1:    proc  0 (:init::1) increment.spin:21 (state 1)  [i = 0]
  2:    proc  0 (:init::1) increment.spin:23 (state 2)  [((i<2))]
  2:    proc  0 (:init::1) increment.spin:24 (state 3)  [progress[i] = 0]
Starting incrementer with pid 1
  3:    proc  0 (:init::1) increment.spin:25 (state 4)  [(run incrementer(i))]
  4:    proc  0 (:init::1) increment.spin:26 (state 5)  [i = (i+1)]
  5:    proc  0 (:init::1) increment.spin:23 (state 2)  [((i<2))]
  5:    proc  0 (:init::1) increment.spin:24 (state 3)  [progress[i] = 0]
Starting incrementer with pid 2
  6:    proc  0 (:init::1) increment.spin:25 (state 4)  [(run incrementer(i))]
  7:    proc  0 (:init::1) increment.spin:26 (state 5)  [i = (i+1)]
  8:    proc  0 (:init::1) increment.spin:27 (state 6)  [((i>=2))]
  9:    proc  0 (:init::1) increment.spin:22 (state 10) [break]
 10:    proc  2 (incrementer:1) increment.spin:11 (state 1)     [temp = counter]
 11:    proc  1 (incrementer:1) increment.spin:11 (state 1)     [temp = counter]
 12:    proc  2 (incrementer:1) increment.spin:12 (state 2)     [counter = (temp+1)]
 13:    proc  2 (incrementer:1) increment.spin:13 (state 3)     [progress[me] = 1]
 14: proc 2 terminates
 15:    proc  1 (incrementer:1) increment.spin:12 (state 2)     [counter = (temp+1)]
 16:    proc  1 (incrementer:1) increment.spin:13 (state 3)     [progress[me] = 1]
 17: proc 1 terminates
 18:    proc  0 (:init::1) increment.spin:31 (state 12) [i = 0]
 18:    proc  0 (:init::1) increment.spin:32 (state 13) [sum = 0]
 19:    proc  0 (:init::1) increment.spin:34 (state 14) [((i<2))]
 19:    proc  0 (:init::1) increment.spin:35 (state 15) [sum = (sum+progress[i])]
 19:    proc  0 (:init::1) increment.spin:36 (state 16) [i = (i+1)]
 20:    proc  0 (:init::1) increment.spin:34 (state 14) [((i<2))]
 20:    proc  0 (:init::1) increment.spin:35 (state 15) [sum = (sum+progress[i])]
 20:    proc  0 (:init::1) increment.spin:36 (state 16) [i = (i+1)]
 21:    proc  0 (:init::1) increment.spin:37 (state 17) [((i>=2))]
 22:    proc  0 (:init::1) increment.spin:33 (state 21) [break]
spin: increment.spin:39, Error: assertion violated
spin: text of failed assertion: assert(((sum<2)||(counter==2)))
 23:    proc  0 (:init::1) increment.spin:39 (state 22) [assert(((sum<2)||(counter==2)))]
spin: trail ends after 23 steps
#processes: 1
                counter = 1
                progress[0] = 1
                progress[1] = 1
 23:    proc  0 (:init::1) increment.spin:41 (state 24) <valid end state>
3 processes created
