(Spin Version 6.4.8 -- 2 March 2018)
        + Partial Order Reduction

Full statespace search for:
        never claim             - (none specified)
        assertion violations    +
        cycle checks            - (disabled by -DSAFETY)
        invalid end states      +

State-vector 52 byte, depth reached 360, errors: 0
      576 states, stored
      929 states, matched
     1505 transitions (= stored+matched)
      368 atomic steps
hash conflicts:         0 (resolved)

Stats on memory usage (in Megabytes):
    0.044       equivalent memory usage for states
                  (stored*(State-vector + overhead))
    0.288       actual memory usage for states
  128.000       memory used for hash table (-w24)
    0.534       memory used for DFS stack (-m10000)
  128.730       total actual memory usage

unreached in proctype locker
        lock.spin:19, state 20, "-end-"
        (1 of 20 states)
unreached in init
        (0 of 22 states)
