./cachetorture atomicinc CPUs 0 1 duration: 240317 ns/op: 49.9653
./cachetorture blindcmpxchg CPUs 0 1 duration: 240318 ns/op: 19.2446
./cachetorture cmpxchg CPUs 0 1 duration: 240246 ns/op: 54.9766
./cachetorture write CPUs 0 1 duration: 240247 ns/op: 51.379
./cachetorture atomicinc CPUs 0 2 duration: 240316 ns/op: 52.1972
./cachetorture blindcmpxchg CPUs 0 2 duration: 240245 ns/op: 22.3555
./cachetorture cmpxchg CPUs 0 2 duration: 240291 ns/op: 55.0521
./cachetorture write CPUs 0 2 duration: 240326 ns/op: 48.3779
./cachetorture atomicinc CPUs 0 3 duration: 240317 ns/op: 50.9237
./cachetorture blindcmpxchg CPUs 0 3 duration: 240332 ns/op: 22.3524
./cachetorture cmpxchg CPUs 0 3 duration: 240247 ns/op: 55.5611
./cachetorture write CPUs 0 3 duration: 240325 ns/op: 52.0019
./cachetorture atomicinc CPUs 0 4 duration: 240249 ns/op: 52.6199
./cachetorture blindcmpxchg CPUs 0 4 duration: 240325 ns/op: 20.6127
./cachetorture cmpxchg CPUs 0 4 duration: 240246 ns/op: 53.6313
./cachetorture write CPUs 0 4 duration: 240318 ns/op: 54.7988
./cachetorture atomicinc CPUs 0 5 duration: 240317 ns/op: 52.3963
./cachetorture blindcmpxchg CPUs 0 5 duration: 240328 ns/op: 21.2043
./cachetorture cmpxchg CPUs 0 5 duration: 240317 ns/op: 53.0832
./cachetorture write CPUs 0 5 duration: 240246 ns/op: 51.242
./cachetorture atomicinc CPUs 0 6 duration: 240327 ns/op: 12.8416
./cachetorture blindcmpxchg CPUs 0 6 duration: 240330 ns/op: 6.4981
./cachetorture cmpxchg CPUs 0 6 duration: 240326 ns/op: 16.1578
./cachetorture write CPUs 0 6 duration: 240284 ns/op: 13.9537
./cachetorture atomicinc CPUs 0 7 duration: 240318 ns/op: 53.3015
./cachetorture blindcmpxchg CPUs 0 7 duration: 240272 ns/op: 22.0758
./cachetorture cmpxchg CPUs 0 7 duration: 240247 ns/op: 55.373
./cachetorture write CPUs 0 7 duration: 240246 ns/op: 50.793
./cachetorture atomicinc CPUs 0 8 duration: 240363 ns/op: 47.8312
./cachetorture blindcmpxchg CPUs 0 8 duration: 240327 ns/op: 22.3196
./cachetorture cmpxchg CPUs 0 8 duration: 240247 ns/op: 55.2454
./cachetorture write CPUs 0 8 duration: 240281 ns/op: 52.1245
./cachetorture atomicinc CPUs 0 9 duration: 240321 ns/op: 52.0296
./cachetorture blindcmpxchg CPUs 0 9 duration: 240247 ns/op: 22.2707
./cachetorture cmpxchg CPUs 0 9 duration: 240320 ns/op: 55.2716
./cachetorture write CPUs 0 9 duration: 240249 ns/op: 53.1505
./cachetorture atomicinc CPUs 0 10 duration: 240318 ns/op: 50.2537
./cachetorture blindcmpxchg CPUs 0 10 duration: 240327 ns/op: 20.6657
./cachetorture cmpxchg CPUs 0 10 duration: 240317 ns/op: 54.8261
./cachetorture write CPUs 0 10 duration: 240321 ns/op: 51.0371
./cachetorture atomicinc CPUs 0 11 duration: 240284 ns/op: 51.7234
./cachetorture blindcmpxchg CPUs 0 11 duration: 240246 ns/op: 20.9225
./cachetorture cmpxchg CPUs 0 11 duration: 240245 ns/op: 54.5132
./cachetorture write CPUs 0 11 duration: 240246 ns/op: 53.8669
./cachetorture locallock CPUs 0 1 duration: 133446 ns/op: 13.3446
./cachetorture localcmpxchg CPUs 0 1 duration: 61680 ns/op: 6.168
./cachetorture atomicinc CPUs 0 1 duration: 240248 ns/op: 43.8426
./cachetorture blindcmpxchg CPUs 0 1 duration: 240319 ns/op: 18.8994
./cachetorture cmpxchg CPUs 0 1 duration: 240245 ns/op: 57.1095
./cachetorture write CPUs 0 1 duration: 240247 ns/op: 54.3426
./cachetorture atomicinc CPUs 0 2 duration: 240246 ns/op: 51.7802
./cachetorture blindcmpxchg CPUs 0 2 duration: 240317 ns/op: 21.0576
./cachetorture cmpxchg CPUs 0 2 duration: 240245 ns/op: 53.5041
./cachetorture write CPUs 0 2 duration: 240319 ns/op: 52.679
./cachetorture atomicinc CPUs 0 3 duration: 240246 ns/op: 50.8544
./cachetorture blindcmpxchg CPUs 0 3 duration: 240292 ns/op: 20.5652
./cachetorture cmpxchg CPUs 0 3 duration: 240247 ns/op: 55.3665
./cachetorture write CPUs 0 3 duration: 240323 ns/op: 54.2526
./cachetorture atomicinc CPUs 0 4 duration: 240247 ns/op: 49.5071
./cachetorture blindcmpxchg CPUs 0 4 duration: 240319 ns/op: 22.7944
./cachetorture cmpxchg CPUs 0 4 duration: 240263 ns/op: 54.6856
./cachetorture write CPUs 0 4 duration: 240328 ns/op: 50.9949
./cachetorture atomicinc CPUs 0 5 duration: 240248 ns/op: 53.2682
./cachetorture blindcmpxchg CPUs 0 5 duration: 240325 ns/op: 21.0715
./cachetorture cmpxchg CPUs 0 5 duration: 240247 ns/op: 52.9642
./cachetorture write CPUs 0 5 duration: 240246 ns/op: 51.1728
./cachetorture atomicinc CPUs 0 6 duration: 240333 ns/op: 12.9717
./cachetorture blindcmpxchg CPUs 0 6 duration: 240324 ns/op: 6.48206
./cachetorture cmpxchg CPUs 0 6 duration: 240328 ns/op: 16.1888
./cachetorture write CPUs 0 6 duration: 240285 ns/op: 13.8914
./cachetorture atomicinc CPUs 0 7 duration: 240330 ns/op: 55.2229
./cachetorture blindcmpxchg CPUs 0 7 duration: 240321 ns/op: 21.5667
./cachetorture cmpxchg CPUs 0 7 duration: 240246 ns/op: 50.3224
./cachetorture write CPUs 0 7 duration: 240318 ns/op: 57.8071
./cachetorture atomicinc CPUs 0 8 duration: 240250 ns/op: 51.4986
./cachetorture blindcmpxchg CPUs 0 8 duration: 240246 ns/op: 25.6874
./cachetorture cmpxchg CPUs 0 8 duration: 240246 ns/op: 52.7087
./cachetorture write CPUs 0 8 duration: 240319 ns/op: 57.1591
./cachetorture atomicinc CPUs 0 9 duration: 240323 ns/op: 51.9656
./cachetorture blindcmpxchg CPUs 0 9 duration: 240317 ns/op: 22.1876
./cachetorture cmpxchg CPUs 0 9 duration: 240317 ns/op: 52.6868
./cachetorture write CPUs 0 9 duration: 240317 ns/op: 52.9815
./cachetorture atomicinc CPUs 0 10 duration: 240331 ns/op: 51.5507
./cachetorture blindcmpxchg CPUs 0 10 duration: 240247 ns/op: 22.7182
./cachetorture cmpxchg CPUs 0 10 duration: 240321 ns/op: 53.1876
./cachetorture write CPUs 0 10 duration: 240245 ns/op: 51.2583
./cachetorture atomicinc CPUs 0 11 duration: 240318 ns/op: 52.8425
./cachetorture blindcmpxchg CPUs 0 11 duration: 240318 ns/op: 23.0499
./cachetorture cmpxchg CPUs 0 11 duration: 240296 ns/op: 55.0601
./cachetorture write CPUs 0 11 duration: 240246 ns/op: 55.8241
./cachetorture locallock CPUs 0 1 duration: 135724 ns/op: 13.5724
./cachetorture localcmpxchg CPUs 0 1 duration: 62719 ns/op: 6.2719
./cachetorture atomicinc CPUs 0 1 duration: 240284 ns/op: 43.7877
./cachetorture blindcmpxchg CPUs 0 1 duration: 240320 ns/op: 19.6295
./cachetorture cmpxchg CPUs 0 1 duration: 240247 ns/op: 57.1672
./cachetorture write CPUs 0 1 duration: 240316 ns/op: 57.7665
./cachetorture atomicinc CPUs 0 2 duration: 240270 ns/op: 53.3237
./cachetorture blindcmpxchg CPUs 0 2 duration: 240317 ns/op: 20.1546
./cachetorture cmpxchg CPUs 0 2 duration: 240321 ns/op: 49.2863
./cachetorture write CPUs 0 2 duration: 240245 ns/op: 53.7889
./cachetorture atomicinc CPUs 0 3 duration: 240245 ns/op: 50.8859
./cachetorture blindcmpxchg CPUs 0 3 duration: 240318 ns/op: 22.2301
./cachetorture cmpxchg CPUs 0 3 duration: 240247 ns/op: 52.5249
./cachetorture write CPUs 0 3 duration: 240309 ns/op: 53.6125
./cachetorture atomicinc CPUs 0 4 duration: 240271 ns/op: 51.1297
./cachetorture blindcmpxchg CPUs 0 4 duration: 240317 ns/op: 22.4298
./cachetorture cmpxchg CPUs 0 4 duration: 240317 ns/op: 51.1718
./cachetorture write CPUs 0 4 duration: 240317 ns/op: 54.2342
./cachetorture atomicinc CPUs 0 5 duration: 240271 ns/op: 52.3301
./cachetorture blindcmpxchg CPUs 0 5 duration: 240316 ns/op: 20.6843
./cachetorture cmpxchg CPUs 0 5 duration: 240272 ns/op: 52.7906
./cachetorture write CPUs 0 5 duration: 240317 ns/op: 55.6738
./cachetorture atomicinc CPUs 0 6 duration: 240327 ns/op: 12.7978
./cachetorture blindcmpxchg CPUs 0 6 duration: 240327 ns/op: 6.54282
./cachetorture cmpxchg CPUs 0 6 duration: 240284 ns/op: 16.1084
./cachetorture write CPUs 0 6 duration: 240328 ns/op: 13.7654
./cachetorture atomicinc CPUs 0 7 duration: 240245 ns/op: 53.2221
./cachetorture blindcmpxchg CPUs 0 7 duration: 240318 ns/op: 21.6448
./cachetorture cmpxchg CPUs 0 7 duration: 240317 ns/op: 54.5741
./cachetorture write CPUs 0 7 duration: 240246 ns/op: 52.8607
./cachetorture atomicinc CPUs 0 8 duration: 240245 ns/op: 51.7899
./cachetorture blindcmpxchg CPUs 0 8 duration: 240319 ns/op: 21.929
./cachetorture cmpxchg CPUs 0 8 duration: 240245 ns/op: 52.8957
./cachetorture write CPUs 0 8 duration: 240274 ns/op: 51.0418
./cachetorture atomicinc CPUs 0 9 duration: 240324 ns/op: 51.661
./cachetorture blindcmpxchg CPUs 0 9 duration: 240294 ns/op: 20.2857
./cachetorture cmpxchg CPUs 0 9 duration: 240309 ns/op: 52.0977
./cachetorture write CPUs 0 9 duration: 240326 ns/op: 53.027
./cachetorture atomicinc CPUs 0 10 duration: 240318 ns/op: 49.7401
./cachetorture blindcmpxchg CPUs 0 10 duration: 240317 ns/op: 20.5346
./cachetorture cmpxchg CPUs 0 10 duration: 240316 ns/op: 53.4306
./cachetorture write CPUs 0 10 duration: 240330 ns/op: 55.9556
./cachetorture atomicinc CPUs 0 11 duration: 240318 ns/op: 50.6561
./cachetorture blindcmpxchg CPUs 0 11 duration: 240271 ns/op: 22.8566
./cachetorture cmpxchg CPUs 0 11 duration: 240317 ns/op: 54.2688
./cachetorture write CPUs 0 11 duration: 240325 ns/op: 51.5258
./cachetorture locallock CPUs 0 1 duration: 134648 ns/op: 13.4648
./cachetorture localcmpxchg CPUs 0 1 duration: 61399 ns/op: 6.1399
./cachetorture atomicinc CPUs 0 1 duration: 240246 ns/op: 44.032
./cachetorture blindcmpxchg CPUs 0 1 duration: 240318 ns/op: 26.487
./cachetorture cmpxchg CPUs 0 1 duration: 240247 ns/op: 47.1384
./cachetorture write CPUs 0 1 duration: 240318 ns/op: 46.7599
./cachetorture atomicinc CPUs 0 2 duration: 240315 ns/op: 52.3002
./cachetorture blindcmpxchg CPUs 0 2 duration: 240246 ns/op: 21.4622
./cachetorture cmpxchg CPUs 0 2 duration: 240244 ns/op: 47.7146
./cachetorture write CPUs 0 2 duration: 240271 ns/op: 53.1806
./cachetorture atomicinc CPUs 0 3 duration: 240322 ns/op: 50.9137
./cachetorture blindcmpxchg CPUs 0 3 duration: 240245 ns/op: 21.8713
./cachetorture cmpxchg CPUs 0 3 duration: 240317 ns/op: 51.2695
./cachetorture write CPUs 0 3 duration: 240246 ns/op: 52.2333
./cachetorture atomicinc CPUs 0 4 duration: 240321 ns/op: 52.953
./cachetorture blindcmpxchg CPUs 0 4 duration: 240271 ns/op: 20.6413
./cachetorture cmpxchg CPUs 0 4 duration: 240318 ns/op: 53.0755
./cachetorture write CPUs 0 4 duration: 240272 ns/op: 49.0412
./cachetorture atomicinc CPUs 0 5 duration: 240317 ns/op: 52.5456
./cachetorture blindcmpxchg CPUs 0 5 duration: 240272 ns/op: 23.4452
./cachetorture cmpxchg CPUs 0 5 duration: 240245 ns/op: 54.1711
./cachetorture write CPUs 0 5 duration: 240273 ns/op: 53.5501
./cachetorture atomicinc CPUs 0 6 duration: 240331 ns/op: 12.86
./cachetorture blindcmpxchg CPUs 0 6 duration: 240325 ns/op: 6.40991
./cachetorture cmpxchg CPUs 0 6 duration: 240329 ns/op: 16.1659
./cachetorture write CPUs 0 6 duration: 240322 ns/op: 14.1461
./cachetorture atomicinc CPUs 0 7 duration: 240317 ns/op: 43.9531
./cachetorture blindcmpxchg CPUs 0 7 duration: 240272 ns/op: 25.7839
./cachetorture cmpxchg CPUs 0 7 duration: 240320 ns/op: 55.8125
./cachetorture write CPUs 0 7 duration: 240318 ns/op: 54.3219
./cachetorture atomicinc CPUs 0 8 duration: 240245 ns/op: 52.0138
./cachetorture blindcmpxchg CPUs 0 8 duration: 240323 ns/op: 21.889
./cachetorture cmpxchg CPUs 0 8 duration: 240317 ns/op: 53.6767
./cachetorture write CPUs 0 8 duration: 240247 ns/op: 51.2643
./cachetorture atomicinc CPUs 0 9 duration: 240317 ns/op: 51.6203
./cachetorture blindcmpxchg CPUs 0 9 duration: 240318 ns/op: 22.2846
./cachetorture cmpxchg CPUs 0 9 duration: 240246 ns/op: 52.1844
./cachetorture write CPUs 0 9 duration: 240317 ns/op: 51.7243
./cachetorture atomicinc CPUs 0 10 duration: 240245 ns/op: 51.8146
./cachetorture blindcmpxchg CPUs 0 10 duration: 240284 ns/op: 22.715
./cachetorture cmpxchg CPUs 0 10 duration: 240271 ns/op: 51.065
./cachetorture write CPUs 0 10 duration: 240318 ns/op: 50.952
./cachetorture atomicinc CPUs 0 11 duration: 240318 ns/op: 49.9307
./cachetorture blindcmpxchg CPUs 0 11 duration: 240321 ns/op: 22.721
./cachetorture cmpxchg CPUs 0 11 duration: 240328 ns/op: 54.5025
./cachetorture write CPUs 0 11 duration: 240289 ns/op: 57.5523
./cachetorture locallock CPUs 0 1 duration: 153734 ns/op: 15.3734
./cachetorture localcmpxchg CPUs 0 1 duration: 62819 ns/op: 6.2819
./cachetorture atomicinc CPUs 0 1 duration: 240326 ns/op: 55.5036
./cachetorture blindcmpxchg CPUs 0 1 duration: 240318 ns/op: 26.6821
./cachetorture cmpxchg CPUs 0 1 duration: 240323 ns/op: 55.5431
./cachetorture write CPUs 0 1 duration: 240318 ns/op: 51.3585
./cachetorture atomicinc CPUs 0 2 duration: 240317 ns/op: 53.5909
./cachetorture blindcmpxchg CPUs 0 2 duration: 240318 ns/op: 21.9731
./cachetorture cmpxchg CPUs 0 2 duration: 240320 ns/op: 55.4552
./cachetorture write CPUs 0 2 duration: 240325 ns/op: 55.1166
./cachetorture atomicinc CPUs 0 3 duration: 240318 ns/op: 49.178
./cachetorture blindcmpxchg CPUs 0 3 duration: 240246 ns/op: 21.9744
./cachetorture cmpxchg CPUs 0 3 duration: 240326 ns/op: 53.2769
./cachetorture write CPUs 0 3 duration: 240247 ns/op: 52.818
./cachetorture atomicinc CPUs 0 4 duration: 240234 ns/op: 53.7994
./cachetorture blindcmpxchg CPUs 0 4 duration: 240331 ns/op: 23.2184
./cachetorture cmpxchg CPUs 0 4 duration: 240271 ns/op: 52.9909
./cachetorture write CPUs 0 4 duration: 240319 ns/op: 50.95
./cachetorture atomicinc CPUs 0 5 duration: 240325 ns/op: 53.945
./cachetorture blindcmpxchg CPUs 0 5 duration: 240318 ns/op: 23.1801
./cachetorture cmpxchg CPUs 0 5 duration: 240271 ns/op: 55.0225
./cachetorture write CPUs 0 5 duration: 240245 ns/op: 51.1875
./cachetorture atomicinc CPUs 0 6 duration: 240327 ns/op: 12.8269
./cachetorture blindcmpxchg CPUs 0 6 duration: 240326 ns/op: 6.42693
./cachetorture cmpxchg CPUs 0 6 duration: 240328 ns/op: 16.289
./cachetorture write CPUs 0 6 duration: 240327 ns/op: 13.8389
./cachetorture atomicinc CPUs 0 7 duration: 240321 ns/op: 53.9483
./cachetorture blindcmpxchg CPUs 0 7 duration: 240317 ns/op: 21.3289
./cachetorture cmpxchg CPUs 0 7 duration: 240317 ns/op: 55.3407
./cachetorture write CPUs 0 7 duration: 240318 ns/op: 56.1763
./cachetorture atomicinc CPUs 0 8 duration: 240326 ns/op: 54.8248
./cachetorture blindcmpxchg CPUs 0 8 duration: 240326 ns/op: 21.9447
./cachetorture cmpxchg CPUs 0 8 duration: 240246 ns/op: 53.6696
./cachetorture write CPUs 0 8 duration: 240324 ns/op: 47.0031
./cachetorture atomicinc CPUs 0 9 duration: 240320 ns/op: 51.7094
./cachetorture blindcmpxchg CPUs 0 9 duration: 240319 ns/op: 20.2237
./cachetorture cmpxchg CPUs 0 9 duration: 240247 ns/op: 55.2773
./cachetorture write CPUs 0 9 duration: 240318 ns/op: 51.3639
./cachetorture atomicinc CPUs 0 10 duration: 240327 ns/op: 51.4387
./cachetorture blindcmpxchg CPUs 0 10 duration: 240319 ns/op: 20.5171
./cachetorture cmpxchg CPUs 0 10 duration: 240248 ns/op: 53.5991
./cachetorture write CPUs 0 10 duration: 240245 ns/op: 54.3655
./cachetorture atomicinc CPUs 0 11 duration: 240249 ns/op: 49.5505
./cachetorture blindcmpxchg CPUs 0 11 duration: 240318 ns/op: 22.9355
./cachetorture cmpxchg CPUs 0 11 duration: 240323 ns/op: 53.3052
./cachetorture write CPUs 0 11 duration: 240245 ns/op: 54.5503
./cachetorture locallock CPUs 0 1 duration: 133384 ns/op: 13.3384
./cachetorture localcmpxchg CPUs 0 1 duration: 62060 ns/op: 6.206
./cachetorture atomicinc CPUs 0 1 duration: 240248 ns/op: 55.527
./cachetorture blindcmpxchg CPUs 0 1 duration: 240316 ns/op: 22.6178
./cachetorture cmpxchg CPUs 0 1 duration: 240316 ns/op: 54.6538
./cachetorture write CPUs 0 1 duration: 240317 ns/op: 57.7123
./cachetorture atomicinc CPUs 0 2 duration: 240322 ns/op: 50.0676
./cachetorture blindcmpxchg CPUs 0 2 duration: 240246 ns/op: 25.5345
./cachetorture cmpxchg CPUs 0 2 duration: 240320 ns/op: 53.6225
./cachetorture write CPUs 0 2 duration: 240273 ns/op: 48.3904
./cachetorture atomicinc CPUs 0 3 duration: 240248 ns/op: 51.7787
./cachetorture blindcmpxchg CPUs 0 3 duration: 240245 ns/op: 20.7849
./cachetorture cmpxchg CPUs 0 3 duration: 240317 ns/op: 54.5839
./cachetorture write CPUs 0 3 duration: 240245 ns/op: 52.3631
./cachetorture atomicinc CPUs 0 4 duration: 240329 ns/op: 51.8266
./cachetorture blindcmpxchg CPUs 0 4 duration: 240245 ns/op: 21.2107
./cachetorture cmpxchg CPUs 0 4 duration: 240272 ns/op: 54.5271
./cachetorture write CPUs 0 4 duration: 240248 ns/op: 55.4664
./cachetorture atomicinc CPUs 0 5 duration: 240327 ns/op: 51.9109
./cachetorture blindcmpxchg CPUs 0 5 duration: 240320 ns/op: 21.0149
./cachetorture cmpxchg CPUs 0 5 duration: 240271 ns/op: 52.4003
./cachetorture write CPUs 0 5 duration: 240323 ns/op: 52.9515
./cachetorture atomicinc CPUs 0 6 duration: 240324 ns/op: 13.3652
./cachetorture blindcmpxchg CPUs 0 6 duration: 240283 ns/op: 6.6264
./cachetorture cmpxchg CPUs 0 6 duration: 240328 ns/op: 16.3579
./cachetorture write CPUs 0 6 duration: 240327 ns/op: 14.0853
./cachetorture atomicinc CPUs 0 7 duration: 240318 ns/op: 55.4445
./cachetorture blindcmpxchg CPUs 0 7 duration: 240248 ns/op: 26.2875
./cachetorture cmpxchg CPUs 0 7 duration: 240317 ns/op: 54.538
./cachetorture write CPUs 0 7 duration: 240314 ns/op: 56.3857
./cachetorture atomicinc CPUs 0 8 duration: 240319 ns/op: 47.6293
./cachetorture blindcmpxchg CPUs 0 8 duration: 240327 ns/op: 20.9764
./cachetorture cmpxchg CPUs 0 8 duration: 240271 ns/op: 49.0184
./cachetorture write CPUs 0 8 duration: 240323 ns/op: 54.7347
./cachetorture atomicinc CPUs 0 9 duration: 240245 ns/op: 51.5781
./cachetorture blindcmpxchg CPUs 0 9 duration: 240326 ns/op: 22.4912
./cachetorture cmpxchg CPUs 0 9 duration: 240247 ns/op: 50.5098
./cachetorture write CPUs 0 9 duration: 240327 ns/op: 51.5149
./cachetorture atomicinc CPUs 0 10 duration: 240334 ns/op: 51.7244
./cachetorture blindcmpxchg CPUs 0 10 duration: 240098 ns/op: 21.0615
./cachetorture cmpxchg CPUs 0 10 duration: 240318 ns/op: 51.4166
./cachetorture write CPUs 0 10 duration: 240318 ns/op: 55.4388
./cachetorture atomicinc CPUs 0 11 duration: 240319 ns/op: 49.9886
./cachetorture blindcmpxchg CPUs 0 11 duration: 240318 ns/op: 20.5675
./cachetorture cmpxchg CPUs 0 11 duration: 240317 ns/op: 51.0809
./cachetorture write CPUs 0 11 duration: 240318 ns/op: 53.8714
./cachetorture locallock CPUs 0 1 duration: 133325 ns/op: 13.3325
./cachetorture localcmpxchg CPUs 0 1 duration: 61673 ns/op: 6.1673
./cachetorture atomicinc CPUs 0 1 duration: 240103 ns/op: 54.573
./cachetorture blindcmpxchg CPUs 0 1 duration: 240319 ns/op: 26.7748
./cachetorture cmpxchg CPUs 0 1 duration: 240270 ns/op: 56.3401
./cachetorture write CPUs 0 1 duration: 240317 ns/op: 56.905
./cachetorture atomicinc CPUs 0 2 duration: 240318 ns/op: 50.0016
./cachetorture blindcmpxchg CPUs 0 2 duration: 240327 ns/op: 19.8548
./cachetorture cmpxchg CPUs 0 2 duration: 240320 ns/op: 49.6729
./cachetorture write CPUs 0 2 duration: 240323 ns/op: 53.9634
./cachetorture atomicinc CPUs 0 3 duration: 240319 ns/op: 51.6522
./cachetorture blindcmpxchg CPUs 0 3 duration: 240285 ns/op: 22.0608
./cachetorture cmpxchg CPUs 0 3 duration: 240288 ns/op: 50.499
./cachetorture write CPUs 0 3 duration: 240319 ns/op: 51.5409
./cachetorture atomicinc CPUs 0 4 duration: 240246 ns/op: 53.5858
./cachetorture blindcmpxchg CPUs 0 4 duration: 240245 ns/op: 20.6588
./cachetorture cmpxchg CPUs 0 4 duration: 240246 ns/op: 51.3514
./cachetorture write CPUs 0 4 duration: 240317 ns/op: 51.3052
./cachetorture atomicinc CPUs 0 5 duration: 240317 ns/op: 52.994
./cachetorture blindcmpxchg CPUs 0 5 duration: 240245 ns/op: 23.3352
./cachetorture cmpxchg CPUs 0 5 duration: 240319 ns/op: 51.3297
./cachetorture write CPUs 0 5 duration: 240246 ns/op: 54.4595
./cachetorture atomicinc CPUs 0 6 duration: 240330 ns/op: 12.8286
./cachetorture blindcmpxchg CPUs 0 6 duration: 240328 ns/op: 6.49199
./cachetorture cmpxchg CPUs 0 6 duration: 240328 ns/op: 16.0944
./cachetorture write CPUs 0 6 duration: 240331 ns/op: 13.831
./cachetorture atomicinc CPUs 0 7 duration: 240319 ns/op: 48.4406
./cachetorture blindcmpxchg CPUs 0 7 duration: 240317 ns/op: 25.798
./cachetorture cmpxchg CPUs 0 7 duration: 240317 ns/op: 46.6774
./cachetorture write CPUs 0 7 duration: 240320 ns/op: 56.1515
./cachetorture atomicinc CPUs 0 8 duration: 240317 ns/op: 51.49
./cachetorture blindcmpxchg CPUs 0 8 duration: 240325 ns/op: 22.1078
./cachetorture cmpxchg CPUs 0 8 duration: 240272 ns/op: 55.4477
./cachetorture write CPUs 0 8 duration: 240318 ns/op: 56.7285
./cachetorture atomicinc CPUs 0 9 duration: 240317 ns/op: 52.3832
./cachetorture blindcmpxchg CPUs 0 9 duration: 240318 ns/op: 22.2078
./cachetorture cmpxchg CPUs 0 9 duration: 240316 ns/op: 49.4163
./cachetorture write CPUs 0 9 duration: 240317 ns/op: 48.3682
./cachetorture atomicinc CPUs 0 10 duration: 240283 ns/op: 51.1504
./cachetorture blindcmpxchg CPUs 0 10 duration: 240287 ns/op: 20.7069
./cachetorture cmpxchg CPUs 0 10 duration: 240317 ns/op: 53.0927
./cachetorture write CPUs 0 10 duration: 240325 ns/op: 54.0153
./cachetorture atomicinc CPUs 0 11 duration: 240272 ns/op: 52.1847
./cachetorture blindcmpxchg CPUs 0 11 duration: 240317 ns/op: 22.9811
./cachetorture cmpxchg CPUs 0 11 duration: 240317 ns/op: 54.8259
./cachetorture write CPUs 0 11 duration: 240317 ns/op: 53.1789
./cachetorture locallock CPUs 0 1 duration: 133517 ns/op: 13.3517
./cachetorture localcmpxchg CPUs 0 1 duration: 61382 ns/op: 6.1382
./cachetorture atomicinc CPUs 0 1 duration: 240316 ns/op: 53.2479
./cachetorture blindcmpxchg CPUs 0 1 duration: 240318 ns/op: 19.2422
./cachetorture cmpxchg CPUs 0 1 duration: 240318 ns/op: 56.1639
./cachetorture write CPUs 0 1 duration: 240273 ns/op: 53.2475
./cachetorture atomicinc CPUs 0 2 duration: 240316 ns/op: 49.3305
./cachetorture blindcmpxchg CPUs 0 2 duration: 240318 ns/op: 20.1835
./cachetorture cmpxchg CPUs 0 2 duration: 240245 ns/op: 50.9801
./cachetorture write CPUs 0 2 duration: 240321 ns/op: 47.9189
./cachetorture atomicinc CPUs 0 3 duration: 240317 ns/op: 51.0929
./cachetorture blindcmpxchg CPUs 0 3 duration: 240420 ns/op: 22.3398
./cachetorture cmpxchg CPUs 0 3 duration: 240316 ns/op: 51.8261
./cachetorture write CPUs 0 3 duration: 240245 ns/op: 49.083
./cachetorture atomicinc CPUs 0 4 duration: 240317 ns/op: 51.4443
./cachetorture blindcmpxchg CPUs 0 4 duration: 240303 ns/op: 22.678
./cachetorture cmpxchg CPUs 0 4 duration: 240295 ns/op: 54.3085
./cachetorture write CPUs 0 4 duration: 240318 ns/op: 52.9361
./cachetorture atomicinc CPUs 0 5 duration: 240319 ns/op: 52.3144
./cachetorture blindcmpxchg CPUs 0 5 duration: 240317 ns/op: 20.8322
./cachetorture cmpxchg CPUs 0 5 duration: 240317 ns/op: 54.6092
./cachetorture write CPUs 0 5 duration: 240316 ns/op: 54.1752
./cachetorture atomicinc CPUs 0 6 duration: 240330 ns/op: 12.8028
./cachetorture blindcmpxchg CPUs 0 6 duration: 240326 ns/op: 6.3777
./cachetorture cmpxchg CPUs 0 6 duration: 240327 ns/op: 16.1037
./cachetorture write CPUs 0 6 duration: 240328 ns/op: 13.9325
./cachetorture atomicinc CPUs 0 7 duration: 240325 ns/op: 53.4234
./cachetorture blindcmpxchg CPUs 0 7 duration: 240319 ns/op: 18.6397
./cachetorture cmpxchg CPUs 0 7 duration: 240317 ns/op: 54.6387
./cachetorture write CPUs 0 7 duration: 240246 ns/op: 53.9166
./cachetorture atomicinc CPUs 0 8 duration: 240318 ns/op: 51.7327
./cachetorture blindcmpxchg CPUs 0 8 duration: 240317 ns/op: 22.0702
./cachetorture cmpxchg CPUs 0 8 duration: 240273 ns/op: 54.9398
./cachetorture write CPUs 0 8 duration: 240289 ns/op: 47.7507
./cachetorture atomicinc CPUs 0 9 duration: 240317 ns/op: 53.2129
./cachetorture blindcmpxchg CPUs 0 9 duration: 240318 ns/op: 21.9076
./cachetorture cmpxchg CPUs 0 9 duration: 240328 ns/op: 53.1421
./cachetorture write CPUs 0 9 duration: 240245 ns/op: 50.9054
./cachetorture atomicinc CPUs 0 10 duration: 240272 ns/op: 51.0461
./cachetorture blindcmpxchg CPUs 0 10 duration: 240245 ns/op: 22.4874
./cachetorture cmpxchg CPUs 0 10 duration: 240326 ns/op: 51.2983
./cachetorture write CPUs 0 10 duration: 240247 ns/op: 50.7619
./cachetorture atomicinc CPUs 0 11 duration: 240317 ns/op: 49.9746
./cachetorture blindcmpxchg CPUs 0 11 duration: 240246 ns/op: 20.7295
./cachetorture cmpxchg CPUs 0 11 duration: 240317 ns/op: 54.2622
./cachetorture write CPUs 0 11 duration: 240317 ns/op: 54.8856
./cachetorture locallock CPUs 0 1 duration: 133231 ns/op: 13.3231
./cachetorture localcmpxchg CPUs 0 1 duration: 61443 ns/op: 6.1443
./cachetorture atomicinc CPUs 0 1 duration: 240317 ns/op: 52.0022
./cachetorture blindcmpxchg CPUs 0 1 duration: 240317 ns/op: 19.3453
./cachetorture cmpxchg CPUs 0 1 duration: 240322 ns/op: 47.2543
./cachetorture write CPUs 0 1 duration: 240272 ns/op: 57.6127
./cachetorture atomicinc CPUs 0 2 duration: 240245 ns/op: 49.6675
./cachetorture blindcmpxchg CPUs 0 2 duration: 240246 ns/op: 22.1937
./cachetorture cmpxchg CPUs 0 2 duration: 240321 ns/op: 53.7648
./cachetorture write CPUs 0 2 duration: 240271 ns/op: 52.5625
./cachetorture atomicinc CPUs 0 3 duration: 240317 ns/op: 49.9423
./cachetorture blindcmpxchg CPUs 0 3 duration: 240317 ns/op: 22.0774
./cachetorture cmpxchg CPUs 0 3 duration: 240317 ns/op: 54.8933
./cachetorture write CPUs 0 3 duration: 240319 ns/op: 52.7035
./cachetorture atomicinc CPUs 0 4 duration: 240325 ns/op: 51.8741
./cachetorture blindcmpxchg CPUs 0 4 duration: 240329 ns/op: 22.9964
./cachetorture cmpxchg CPUs 0 4 duration: 240289 ns/op: 54.0909
./cachetorture write CPUs 0 4 duration: 240319 ns/op: 55.9244
./cachetorture atomicinc CPUs 0 5 duration: 240326 ns/op: 49.8278
./cachetorture blindcmpxchg CPUs 0 5 duration: 240316 ns/op: 23.1953
./cachetorture cmpxchg CPUs 0 5 duration: 240317 ns/op: 53.9578
./cachetorture write CPUs 0 5 duration: 240317 ns/op: 54.2756
./cachetorture atomicinc CPUs 0 6 duration: 240284 ns/op: 12.7988
./cachetorture blindcmpxchg CPUs 0 6 duration: 240328 ns/op: 6.49431
./cachetorture cmpxchg CPUs 0 6 duration: 240287 ns/op: 16.4127
./cachetorture write CPUs 0 6 duration: 240324 ns/op: 14.0163
./cachetorture atomicinc CPUs 0 7 duration: 240108 ns/op: 48.8425
./cachetorture blindcmpxchg CPUs 0 7 duration: 240326 ns/op: 22.0649
./cachetorture cmpxchg CPUs 0 7 duration: 240190 ns/op: 57.3641
./cachetorture write CPUs 0 7 duration: 240331 ns/op: 54.8516
./cachetorture atomicinc CPUs 0 8 duration: 240184 ns/op: 51.2243
./cachetorture blindcmpxchg CPUs 0 8 duration: 240321 ns/op: 21.862
./cachetorture cmpxchg CPUs 0 8 duration: 240168 ns/op: 54.3736
./cachetorture write CPUs 0 8 duration: 240282 ns/op: 57.3111
./cachetorture atomicinc CPUs 0 9 duration: 240161 ns/op: 52.4609
./cachetorture blindcmpxchg CPUs 0 9 duration: 240318 ns/op: 22.4238
./cachetorture cmpxchg CPUs 0 9 duration: 240322 ns/op: 49.6667
./cachetorture write CPUs 0 9 duration: 240246 ns/op: 53.0145
./cachetorture atomicinc CPUs 0 10 duration: 240318 ns/op: 51.9459
./cachetorture blindcmpxchg CPUs 0 10 duration: 240318 ns/op: 22.9705
./cachetorture cmpxchg CPUs 0 10 duration: 240284 ns/op: 55.5267
./cachetorture write CPUs 0 10 duration: 240324 ns/op: 53.3168
./cachetorture atomicinc CPUs 0 11 duration: 240283 ns/op: 53.5414
./cachetorture blindcmpxchg CPUs 0 11 duration: 240249 ns/op: 24.6095
./cachetorture cmpxchg CPUs 0 11 duration: 240318 ns/op: 54.4623
./cachetorture write CPUs 0 11 duration: 240325 ns/op: 54.4829
./cachetorture locallock CPUs 0 1 duration: 136242 ns/op: 13.6242
./cachetorture localcmpxchg CPUs 0 1 duration: 62376 ns/op: 6.2376
./cachetorture atomicinc CPUs 0 1 duration: 240245 ns/op: 44.3057
./cachetorture blindcmpxchg CPUs 0 1 duration: 240319 ns/op: 19.3698
./cachetorture cmpxchg CPUs 0 1 duration: 240326 ns/op: 57.3581
./cachetorture write CPUs 0 1 duration: 240276 ns/op: 52.4508
./cachetorture atomicinc CPUs 0 2 duration: 240247 ns/op: 54.3217
./cachetorture blindcmpxchg CPUs 0 2 duration: 240331 ns/op: 22.1289
./cachetorture cmpxchg CPUs 0 2 duration: 240246 ns/op: 53.8632
./cachetorture write CPUs 0 2 duration: 240326 ns/op: 55.7334
./cachetorture atomicinc CPUs 0 3 duration: 240316 ns/op: 53.2483
./cachetorture blindcmpxchg CPUs 0 3 duration: 240245 ns/op: 21.4181
./cachetorture cmpxchg CPUs 0 3 duration: 240326 ns/op: 54.0562
./cachetorture write CPUs 0 3 duration: 240248 ns/op: 49.9685
./cachetorture atomicinc CPUs 0 4 duration: 240326 ns/op: 50.4795
./cachetorture blindcmpxchg CPUs 0 4 duration: 240247 ns/op: 20.2372
./cachetorture cmpxchg CPUs 0 4 duration: 240246 ns/op: 53.6199
./cachetorture write CPUs 0 4 duration: 240318 ns/op: 49.1182
./cachetorture atomicinc CPUs 0 5 duration: 240316 ns/op: 52.6045
./cachetorture blindcmpxchg CPUs 0 5 duration: 240246 ns/op: 23.1739
./cachetorture cmpxchg CPUs 0 5 duration: 240247 ns/op: 56.5747
./cachetorture write CPUs 0 5 duration: 240246 ns/op: 56.1107
./cachetorture atomicinc CPUs 0 6 duration: 240328 ns/op: 12.9642
./cachetorture blindcmpxchg CPUs 0 6 duration: 240327 ns/op: 6.4721
./cachetorture cmpxchg CPUs 0 6 duration: 240328 ns/op: 16.0851
./cachetorture write CPUs 0 6 duration: 240346 ns/op: 13.9134
./cachetorture atomicinc CPUs 0 7 duration: 240245 ns/op: 52.9039
./cachetorture blindcmpxchg CPUs 0 7 duration: 240337 ns/op: 22.1488
./cachetorture cmpxchg CPUs 0 7 duration: 240318 ns/op: 57.5481
./cachetorture write CPUs 0 7 duration: 240332 ns/op: 58.9613
./cachetorture atomicinc CPUs 0 8 duration: 240246 ns/op: 54.1183
./cachetorture blindcmpxchg CPUs 0 8 duration: 240326 ns/op: 21.5967
./cachetorture cmpxchg CPUs 0 8 duration: 240250 ns/op: 57.7038
./cachetorture write CPUs 0 8 duration: 240246 ns/op: 55.4045
./cachetorture atomicinc CPUs 0 9 duration: 240285 ns/op: 50.8915
./cachetorture blindcmpxchg CPUs 0 9 duration: 240245 ns/op: 21.0713
./cachetorture cmpxchg CPUs 0 9 duration: 240327 ns/op: 53.5421
./cachetorture write CPUs 0 9 duration: 240280 ns/op: 55.3256
./cachetorture atomicinc CPUs 0 10 duration: 240288 ns/op: 54.4617
./cachetorture blindcmpxchg CPUs 0 10 duration: 240250 ns/op: 21.4666
./cachetorture cmpxchg CPUs 0 10 duration: 240289 ns/op: 55.2334
./cachetorture write CPUs 0 10 duration: 240249 ns/op: 54.6501
./cachetorture atomicinc CPUs 0 11 duration: 240292 ns/op: 53.6945
./cachetorture blindcmpxchg CPUs 0 11 duration: 240327 ns/op: 23.0939
./cachetorture cmpxchg CPUs 0 11 duration: 240326 ns/op: 55.4884
./cachetorture write CPUs 0 11 duration: 240325 ns/op: 52.3373
./cachetorture locallock CPUs 0 1 duration: 133317 ns/op: 13.3317
./cachetorture localcmpxchg CPUs 0 1 duration: 61662 ns/op: 6.1662
./cachetorture atomicinc CPUs 0 1 duration: 240323 ns/op: 49.2899
./cachetorture blindcmpxchg CPUs 0 1 duration: 240317 ns/op: 21.8466
./cachetorture cmpxchg CPUs 0 1 duration: 240316 ns/op: 55.9376
./cachetorture write CPUs 0 1 duration: 240319 ns/op: 56.5943
./cachetorture atomicinc CPUs 0 2 duration: 240317 ns/op: 49.2778
./cachetorture blindcmpxchg CPUs 0 2 duration: 240271 ns/op: 22.0995
./cachetorture cmpxchg CPUs 0 2 duration: 240317 ns/op: 48.5143
./cachetorture write CPUs 0 2 duration: 240245 ns/op: 51.7106
./cachetorture atomicinc CPUs 0 3 duration: 240318 ns/op: 47.8014
./cachetorture blindcmpxchg CPUs 0 3 duration: 240318 ns/op: 22.2801
./cachetorture cmpxchg CPUs 0 3 duration: 240317 ns/op: 49.7609
./cachetorture write CPUs 0 3 duration: 240327 ns/op: 51.365
./cachetorture atomicinc CPUs 0 4 duration: 240320 ns/op: 52.1475
./cachetorture blindcmpxchg CPUs 0 4 duration: 240317 ns/op: 22.4986
./cachetorture cmpxchg CPUs 0 4 duration: 240317 ns/op: 53.8711
./cachetorture write CPUs 0 4 duration: 240321 ns/op: 55.5652
./cachetorture atomicinc CPUs 0 5 duration: 240245 ns/op: 52.3716
./cachetorture blindcmpxchg CPUs 0 5 duration: 240274 ns/op: 20.7775
./cachetorture cmpxchg CPUs 0 5 duration: 240247 ns/op: 54.5424
./cachetorture write CPUs 0 5 duration: 240284 ns/op: 51.6861
./cachetorture atomicinc CPUs 0 6 duration: 240332 ns/op: 13.0138
./cachetorture blindcmpxchg CPUs 0 6 duration: 240331 ns/op: 6.46165
./cachetorture cmpxchg CPUs 0 6 duration: 240328 ns/op: 16.1014
./cachetorture write CPUs 0 6 duration: 240327 ns/op: 13.8327
./cachetorture atomicinc CPUs 0 7 duration: 240321 ns/op: 53.2269
./cachetorture blindcmpxchg CPUs 0 7 duration: 240271 ns/op: 21.3052
./cachetorture cmpxchg CPUs 0 7 duration: 240246 ns/op: 46.7093
./cachetorture write CPUs 0 7 duration: 240322 ns/op: 46.3349
./cachetorture atomicinc CPUs 0 8 duration: 240277 ns/op: 52.1222
./cachetorture blindcmpxchg CPUs 0 8 duration: 240272 ns/op: 21.3441
./cachetorture cmpxchg CPUs 0 8 duration: 240317 ns/op: 53.5043
./cachetorture write CPUs 0 8 duration: 240245 ns/op: 46.5263
./cachetorture atomicinc CPUs 0 9 duration: 240325 ns/op: 52.1736
./cachetorture blindcmpxchg CPUs 0 9 duration: 240246 ns/op: 22.485
./cachetorture cmpxchg CPUs 0 9 duration: 240320 ns/op: 51.6981
./cachetorture write CPUs 0 9 duration: 240317 ns/op: 50.9345
./cachetorture atomicinc CPUs 0 10 duration: 240319 ns/op: 49.8554
./cachetorture blindcmpxchg CPUs 0 10 duration: 240322 ns/op: 22.9045
./cachetorture cmpxchg CPUs 0 10 duration: 240317 ns/op: 54.4688
./cachetorture write CPUs 0 10 duration: 240271 ns/op: 54.2156
./cachetorture atomicinc CPUs 0 11 duration: 240326 ns/op: 53.4862
./cachetorture blindcmpxchg CPUs 0 11 duration: 240318 ns/op: 23.1455
./cachetorture cmpxchg CPUs 0 11 duration: 240272 ns/op: 51.9972
./cachetorture write CPUs 0 11 duration: 240317 ns/op: 53.3309
./cachetorture locallock CPUs 0 1 duration: 135466 ns/op: 13.5466
./cachetorture localcmpxchg CPUs 0 1 duration: 61896 ns/op: 6.1896
./cachetorture atomicinc CPUs 0 1 duration: 240246 ns/op: 53.5617
./cachetorture blindcmpxchg CPUs 0 1 duration: 240271 ns/op: 21.8478
./cachetorture cmpxchg CPUs 0 1 duration: 240319 ns/op: 56.2817
./cachetorture write CPUs 0 1 duration: 240318 ns/op: 45.401
./cachetorture atomicinc CPUs 0 2 duration: 240246 ns/op: 50.2141
./cachetorture blindcmpxchg CPUs 0 2 duration: 240271 ns/op: 25.3524
./cachetorture cmpxchg CPUs 0 2 duration: 240246 ns/op: 53.8654
./cachetorture write CPUs 0 2 duration: 240324 ns/op: 53.7157
./cachetorture atomicinc CPUs 0 3 duration: 240328 ns/op: 52.2273
./cachetorture blindcmpxchg CPUs 0 3 duration: 240327 ns/op: 20.2707
./cachetorture cmpxchg CPUs 0 3 duration: 240319 ns/op: 55.3257
./cachetorture write CPUs 0 3 duration: 240316 ns/op: 52.6608
./cachetorture atomicinc CPUs 0 4 duration: 240317 ns/op: 49.5402
./cachetorture blindcmpxchg CPUs 0 4 duration: 240316 ns/op: 22.8397
./cachetorture cmpxchg CPUs 0 4 duration: 240325 ns/op: 51.0905
./cachetorture write CPUs 0 4 duration: 240334 ns/op: 53.0606
./cachetorture atomicinc CPUs 0 5 duration: 240317 ns/op: 52.8813
./cachetorture blindcmpxchg CPUs 0 5 duration: 240316 ns/op: 20.8283
./cachetorture cmpxchg CPUs 0 5 duration: 240317 ns/op: 54.5821
./cachetorture write CPUs 0 5 duration: 240287 ns/op: 53.3456
./cachetorture atomicinc CPUs 0 6 duration: 240330 ns/op: 13.0361
./cachetorture blindcmpxchg CPUs 0 6 duration: 240326 ns/op: 6.44719
./cachetorture cmpxchg CPUs 0 6 duration: 240329 ns/op: 16.0891
./cachetorture write CPUs 0 6 duration: 240326 ns/op: 13.755
./cachetorture atomicinc CPUs 0 7 duration: 240246 ns/op: 53.0247
./cachetorture blindcmpxchg CPUs 0 7 duration: 240318 ns/op: 19.1668
./cachetorture cmpxchg CPUs 0 7 duration: 240272 ns/op: 46.7357
./cachetorture write CPUs 0 7 duration: 240245 ns/op: 54.043
./cachetorture atomicinc CPUs 0 8 duration: 240248 ns/op: 47.8335
./cachetorture blindcmpxchg CPUs 0 8 duration: 240319 ns/op: 21.3114
./cachetorture cmpxchg CPUs 0 8 duration: 240317 ns/op: 53.4989
./cachetorture write CPUs 0 8 duration: 240246 ns/op: 51.9609
./cachetorture atomicinc CPUs 0 9 duration: 240318 ns/op: 52.6165
./cachetorture blindcmpxchg CPUs 0 9 duration: 240320 ns/op: 22.2592
./cachetorture cmpxchg CPUs 0 9 duration: 240316 ns/op: 54.0743
./cachetorture write CPUs 0 9 duration: 240319 ns/op: 51.4851
./cachetorture atomicinc CPUs 0 10 duration: 240318 ns/op: 50.0712
./cachetorture blindcmpxchg CPUs 0 10 duration: 240245 ns/op: 21.0553
./cachetorture cmpxchg CPUs 0 10 duration: 240319 ns/op: 50.9165
./cachetorture write CPUs 0 10 duration: 240317 ns/op: 48.8914
./cachetorture atomicinc CPUs 0 11 duration: 240318 ns/op: 49.9276
./cachetorture blindcmpxchg CPUs 0 11 duration: 240322 ns/op: 21.0765
./cachetorture cmpxchg CPUs 0 11 duration: 240317 ns/op: 54.3295
./cachetorture write CPUs 0 11 duration: 240319 ns/op: 54.2979
./cachetorture locallock CPUs 0 1 duration: 132922 ns/op: 13.2922
./cachetorture localcmpxchg CPUs 0 1 duration: 61600 ns/op: 6.16
./cachetorture atomicinc CPUs 0 1 duration: 240271 ns/op: 43.5067
./cachetorture blindcmpxchg CPUs 0 1 duration: 240271 ns/op: 19.3908
./cachetorture cmpxchg CPUs 0 1 duration: 240319 ns/op: 54.747
./cachetorture write CPUs 0 1 duration: 240318 ns/op: 56.0789
./cachetorture atomicinc CPUs 0 2 duration: 240317 ns/op: 52.0492
./cachetorture blindcmpxchg CPUs 0 2 duration: 240317 ns/op: 19.3652
./cachetorture cmpxchg CPUs 0 2 duration: 240246 ns/op: 47.6921
./cachetorture write CPUs 0 2 duration: 240318 ns/op: 46.3703
./cachetorture atomicinc CPUs 0 3 duration: 240317 ns/op: 49.7213
./cachetorture blindcmpxchg CPUs 0 3 duration: 240316 ns/op: 20.6698
./cachetorture cmpxchg CPUs 0 3 duration: 240318 ns/op: 52.9003
./cachetorture write CPUs 0 3 duration: 240271 ns/op: 52.2148
./cachetorture atomicinc CPUs 0 4 duration: 240319 ns/op: 51.1921
./cachetorture blindcmpxchg CPUs 0 4 duration: 240319 ns/op: 20.6108
./cachetorture cmpxchg CPUs 0 4 duration: 240319 ns/op: 53.322
./cachetorture write CPUs 0 4 duration: 240245 ns/op: 48.929
./cachetorture atomicinc CPUs 0 5 duration: 240272 ns/op: 53.0778
./cachetorture blindcmpxchg CPUs 0 5 duration: 240245 ns/op: 22.9083
./cachetorture cmpxchg CPUs 0 5 duration: 240318 ns/op: 54.5583
./cachetorture write CPUs 0 5 duration: 240319 ns/op: 56.1423
./cachetorture atomicinc CPUs 0 6 duration: 240327 ns/op: 12.8066
./cachetorture blindcmpxchg CPUs 0 6 duration: 240330 ns/op: 6.39759
./cachetorture cmpxchg CPUs 0 6 duration: 240319 ns/op: 16.0571
./cachetorture write CPUs 0 6 duration: 240283 ns/op: 13.7819
./cachetorture atomicinc CPUs 0 7 duration: 240317 ns/op: 48.3415
./cachetorture blindcmpxchg CPUs 0 7 duration: 240320 ns/op: 26.2959
./cachetorture cmpxchg CPUs 0 7 duration: 240319 ns/op: 56.6432
./cachetorture write CPUs 0 7 duration: 240272 ns/op: 46.3494
./cachetorture atomicinc CPUs 0 8 duration: 240317 ns/op: 49.938
./cachetorture blindcmpxchg CPUs 0 8 duration: 240319 ns/op: 25.5762
./cachetorture cmpxchg CPUs 0 8 duration: 240245 ns/op: 53.7033
./cachetorture write CPUs 0 8 duration: 240273 ns/op: 53.3403
./cachetorture atomicinc CPUs 0 9 duration: 240321 ns/op: 50.608
./cachetorture blindcmpxchg CPUs 0 9 duration: 240318 ns/op: 21.7974
./cachetorture cmpxchg CPUs 0 9 duration: 240320 ns/op: 53.1496
./cachetorture write CPUs 0 9 duration: 240246 ns/op: 51.6568
./cachetorture atomicinc CPUs 0 10 duration: 240317 ns/op: 49.506
./cachetorture blindcmpxchg CPUs 0 10 duration: 240248 ns/op: 20.7546
./cachetorture cmpxchg CPUs 0 10 duration: 240245 ns/op: 54.1064
./cachetorture write CPUs 0 10 duration: 240317 ns/op: 53.2128
./cachetorture atomicinc CPUs 0 11 duration: 240321 ns/op: 52.2429
./cachetorture blindcmpxchg CPUs 0 11 duration: 240318 ns/op: 22.664
./cachetorture cmpxchg CPUs 0 11 duration: 240317 ns/op: 51.1551
./cachetorture write CPUs 0 11 duration: 240319 ns/op: 56.6053
./cachetorture locallock CPUs 0 1 duration: 132715 ns/op: 13.2715
./cachetorture localcmpxchg CPUs 0 1 duration: 61751 ns/op: 6.1751
./cachetorture atomicinc CPUs 0 1 duration: 240319 ns/op: 44.3864
./cachetorture blindcmpxchg CPUs 0 1 duration: 240317 ns/op: 21.7746
./cachetorture cmpxchg CPUs 0 1 duration: 240317 ns/op: 46.7246
./cachetorture write CPUs 0 1 duration: 240317 ns/op: 56.308
./cachetorture atomicinc CPUs 0 2 duration: 240251 ns/op: 50.5949
./cachetorture blindcmpxchg CPUs 0 2 duration: 240318 ns/op: 22.222
./cachetorture cmpxchg CPUs 0 2 duration: 240245 ns/op: 54.7031
./cachetorture write CPUs 0 2 duration: 240284 ns/op: 47.1263
./cachetorture atomicinc CPUs 0 3 duration: 240327 ns/op: 53.4878
./cachetorture blindcmpxchg CPUs 0 3 duration: 240326 ns/op: 22.6747
./cachetorture cmpxchg CPUs 0 3 duration: 240247 ns/op: 53.5465
./cachetorture write CPUs 0 3 duration: 240319 ns/op: 54.3265
./cachetorture atomicinc CPUs 0 4 duration: 240317 ns/op: 52.4317
./cachetorture blindcmpxchg CPUs 0 4 duration: 240317 ns/op: 20.4199
./cachetorture cmpxchg CPUs 0 4 duration: 240325 ns/op: 54.6265
./cachetorture write CPUs 0 4 duration: 240318 ns/op: 53.2504
./cachetorture atomicinc CPUs 0 5 duration: 240321 ns/op: 51.8198
./cachetorture blindcmpxchg CPUs 0 5 duration: 240311 ns/op: 20.5917
./cachetorture cmpxchg CPUs 0 5 duration: 240317 ns/op: 53.9562
./cachetorture write CPUs 0 5 duration: 240334 ns/op: 52.2096
./cachetorture atomicinc CPUs 0 6 duration: 240326 ns/op: 13.0673
./cachetorture blindcmpxchg CPUs 0 6 duration: 240281 ns/op: 6.76744
./cachetorture cmpxchg CPUs 0 6 duration: 240246 ns/op: 16.2988
./cachetorture write CPUs 0 6 duration: 240329 ns/op: 13.9018
./cachetorture atomicinc CPUs 0 7 duration: 240318 ns/op: 49.4702
./cachetorture blindcmpxchg CPUs 0 7 duration: 240320 ns/op: 22.4229
./cachetorture cmpxchg CPUs 0 7 duration: 240318 ns/op: 54.2286
./cachetorture write CPUs 0 7 duration: 240246 ns/op: 54.1341
./cachetorture atomicinc CPUs 0 8 duration: 240246 ns/op: 51.596
./cachetorture blindcmpxchg CPUs 0 8 duration: 240299 ns/op: 21.7077
./cachetorture cmpxchg CPUs 0 8 duration: 240246 ns/op: 49.028
./cachetorture write CPUs 0 8 duration: 240325 ns/op: 53.4425
./cachetorture atomicinc CPUs 0 9 duration: 240318 ns/op: 50.7532
./cachetorture blindcmpxchg CPUs 0 9 duration: 240318 ns/op: 22.2976
./cachetorture cmpxchg CPUs 0 9 duration: 240246 ns/op: 54.3508
./cachetorture write CPUs 0 9 duration: 240246 ns/op: 49.7734
./cachetorture atomicinc CPUs 0 10 duration: 240317 ns/op: 52.0443
./cachetorture blindcmpxchg CPUs 0 10 duration: 240272 ns/op: 20.5196
./cachetorture cmpxchg CPUs 0 10 duration: 240321 ns/op: 53.6992
./cachetorture write CPUs 0 10 duration: 240288 ns/op: 55.3016
./cachetorture atomicinc CPUs 0 11 duration: 240318 ns/op: 51.6862
./cachetorture blindcmpxchg CPUs 0 11 duration: 240323 ns/op: 20.8241
./cachetorture cmpxchg CPUs 0 11 duration: 240319 ns/op: 53.2691
./cachetorture write CPUs 0 11 duration: 240319 ns/op: 56.1644
./cachetorture locallock CPUs 0 1 duration: 132959 ns/op: 13.2959
./cachetorture localcmpxchg CPUs 0 1 duration: 61500 ns/op: 6.15
./cachetorture atomicinc CPUs 0 1 duration: 240318 ns/op: 52.93
./cachetorture blindcmpxchg CPUs 0 1 duration: 240325 ns/op: 26.6212
./cachetorture cmpxchg CPUs 0 1 duration: 240246 ns/op: 50.7312
./cachetorture write CPUs 0 1 duration: 240271 ns/op: 47.4511
./cachetorture atomicinc CPUs 0 2 duration: 240246 ns/op: 50.7418
./cachetorture blindcmpxchg CPUs 0 2 duration: 240289 ns/op: 25.7113
./cachetorture cmpxchg CPUs 0 2 duration: 240245 ns/op: 55.254
./cachetorture write CPUs 0 2 duration: 240245 ns/op: 46.5429
./cachetorture atomicinc CPUs 0 3 duration: 240122 ns/op: 52.5138
./cachetorture blindcmpxchg CPUs 0 3 duration: 240320 ns/op: 22.3161
./cachetorture cmpxchg CPUs 0 3 duration: 240246 ns/op: 53.4895
./cachetorture write CPUs 0 3 duration: 240318 ns/op: 52.2077
./cachetorture atomicinc CPUs 0 4 duration: 240035 ns/op: 50.0769
./cachetorture blindcmpxchg CPUs 0 4 duration: 240245 ns/op: 23.1905
./cachetorture cmpxchg CPUs 0 4 duration: 240328 ns/op: 53.1477
./cachetorture write CPUs 0 4 duration: 240246 ns/op: 54.3105
./cachetorture atomicinc CPUs 0 5 duration: 240272 ns/op: 50.1889
./cachetorture blindcmpxchg CPUs 0 5 duration: 240320 ns/op: 20.6135
./cachetorture cmpxchg CPUs 0 5 duration: 240283 ns/op: 53.0407
./cachetorture write CPUs 0 5 duration: 240246 ns/op: 51.024
./cachetorture atomicinc CPUs 0 6 duration: 240326 ns/op: 12.8141
./cachetorture blindcmpxchg CPUs 0 6 duration: 240282 ns/op: 6.46234
./cachetorture cmpxchg CPUs 0 6 duration: 240327 ns/op: 16.1058
./cachetorture write CPUs 0 6 duration: 240327 ns/op: 13.9351
./cachetorture atomicinc CPUs 0 7 duration: 240272 ns/op: 53.3237
./cachetorture blindcmpxchg CPUs 0 7 duration: 240318 ns/op: 19.1555
./cachetorture cmpxchg CPUs 0 7 duration: 240318 ns/op: 54.9531
./cachetorture write CPUs 0 7 duration: 240246 ns/op: 57.4119
./cachetorture atomicinc CPUs 0 8 duration: 240270 ns/op: 47.1735
./cachetorture blindcmpxchg CPUs 0 8 duration: 240326 ns/op: 21.8378
./cachetorture cmpxchg CPUs 0 8 duration: 240318 ns/op: 53.8498
./cachetorture write CPUs 0 8 duration: 240317 ns/op: 52.7908
./cachetorture atomicinc CPUs 0 9 duration: 240332 ns/op: 50.0767
./cachetorture blindcmpxchg CPUs 0 9 duration: 240320 ns/op: 22.0147
./cachetorture cmpxchg CPUs 0 9 duration: 240327 ns/op: 54.2635
./cachetorture write CPUs 0 9 duration: 240317 ns/op: 52.8964
./cachetorture atomicinc CPUs 0 10 duration: 240317 ns/op: 49.0946
./cachetorture blindcmpxchg CPUs 0 10 duration: 240320 ns/op: 20.6164
./cachetorture cmpxchg CPUs 0 10 duration: 240325 ns/op: 53.6275
./cachetorture write CPUs 0 10 duration: 240271 ns/op: 51.0101
./cachetorture atomicinc CPUs 0 11 duration: 240319 ns/op: 53.041
./cachetorture blindcmpxchg CPUs 0 11 duration: 240270 ns/op: 23.1653
./cachetorture cmpxchg CPUs 0 11 duration: 240318 ns/op: 53.6626
./cachetorture write CPUs 0 11 duration: 240247 ns/op: 54.104
./cachetorture locallock CPUs 0 1 duration: 132727 ns/op: 13.2727
./cachetorture localcmpxchg CPUs 0 1 duration: 63221 ns/op: 6.3221
./cachetorture atomicinc CPUs 0 1 duration: 240318 ns/op: 49.6181
./cachetorture blindcmpxchg CPUs 0 1 duration: 240319 ns/op: 19.2402
./cachetorture cmpxchg CPUs 0 1 duration: 240323 ns/op: 55.7958
./cachetorture write CPUs 0 1 duration: 240318 ns/op: 53.6019
./cachetorture atomicinc CPUs 0 2 duration: 240289 ns/op: 47.9863
./cachetorture blindcmpxchg CPUs 0 2 duration: 240318 ns/op: 25.6768
./cachetorture cmpxchg CPUs 0 2 duration: 240245 ns/op: 53.1947
./cachetorture write CPUs 0 2 duration: 240319 ns/op: 52.5032
./cachetorture atomicinc CPUs 0 3 duration: 240319 ns/op: 50.925
./cachetorture blindcmpxchg CPUs 0 3 duration: 240318 ns/op: 22.3297
./cachetorture cmpxchg CPUs 0 3 duration: 240318 ns/op: 55.0156
./cachetorture write CPUs 0 3 duration: 240246 ns/op: 49.5114
./cachetorture atomicinc CPUs 0 4 duration: 240328 ns/op: 50.3491
./cachetorture blindcmpxchg CPUs 0 4 duration: 240275 ns/op: 20.8942
./cachetorture cmpxchg CPUs 0 4 duration: 240321 ns/op: 55.0406
./cachetorture write CPUs 0 4 duration: 240291 ns/op: 50.889
./cachetorture atomicinc CPUs 0 5 duration: 240319 ns/op: 52.2648
./cachetorture blindcmpxchg CPUs 0 5 duration: 240271 ns/op: 22.9884
./cachetorture cmpxchg CPUs 0 5 duration: 240321 ns/op: 51.4013
./cachetorture write CPUs 0 5 duration: 240325 ns/op: 55.2662
./cachetorture atomicinc CPUs 0 6 duration: 240323 ns/op: 13.1469
./cachetorture blindcmpxchg CPUs 0 6 duration: 240327 ns/op: 6.56354
./cachetorture cmpxchg CPUs 0 6 duration: 240328 ns/op: 16.1742
./cachetorture write CPUs 0 6 duration: 240327 ns/op: 13.8969
./cachetorture atomicinc CPUs 0 7 duration: 240322 ns/op: 53.6457
./cachetorture blindcmpxchg CPUs 0 7 duration: 240247 ns/op: 27.0289
./cachetorture cmpxchg CPUs 0 7 duration: 240320 ns/op: 58.3474
./cachetorture write CPUs 0 7 duration: 240317 ns/op: 58.5081
./cachetorture atomicinc CPUs 0 8 duration: 240325 ns/op: 51.616
./cachetorture blindcmpxchg CPUs 0 8 duration: 240325 ns/op: 22.3944
./cachetorture cmpxchg CPUs 0 8 duration: 240246 ns/op: 51.462
./cachetorture write CPUs 0 8 duration: 240323 ns/op: 50.2534
./cachetorture atomicinc CPUs 0 9 duration: 240324 ns/op: 51.5271
./cachetorture blindcmpxchg CPUs 0 9 duration: 240272 ns/op: 19.9214
./cachetorture cmpxchg CPUs 0 9 duration: 240318 ns/op: 52.7082
./cachetorture write CPUs 0 9 duration: 240326 ns/op: 53.2632
./cachetorture atomicinc CPUs 0 10 duration: 240245 ns/op: 51.478
./cachetorture blindcmpxchg CPUs 0 10 duration: 240319 ns/op: 20.4241
./cachetorture cmpxchg CPUs 0 10 duration: 240326 ns/op: 54.6669
./cachetorture write CPUs 0 10 duration: 240326 ns/op: 56.334
./cachetorture atomicinc CPUs 0 11 duration: 240325 ns/op: 52.9917
./cachetorture blindcmpxchg CPUs 0 11 duration: 240265 ns/op: 23.3254
./cachetorture cmpxchg CPUs 0 11 duration: 240298 ns/op: 51.1577
./cachetorture write CPUs 0 11 duration: 240330 ns/op: 54.6974
./cachetorture locallock CPUs 0 1 duration: 133531 ns/op: 13.3531
./cachetorture localcmpxchg CPUs 0 1 duration: 61600 ns/op: 6.16
./cachetorture atomicinc CPUs 0 1 duration: 240330 ns/op: 53.7904
./cachetorture blindcmpxchg CPUs 0 1 duration: 240247 ns/op: 26.7491
./cachetorture cmpxchg CPUs 0 1 duration: 240319 ns/op: 57.3475
./cachetorture write CPUs 0 1 duration: 240312 ns/op: 45.6746
./cachetorture atomicinc CPUs 0 2 duration: 240324 ns/op: 50.4733
./cachetorture blindcmpxchg CPUs 0 2 duration: 240247 ns/op: 22.347
./cachetorture cmpxchg CPUs 0 2 duration: 240324 ns/op: 55.6966
./cachetorture write CPUs 0 2 duration: 240247 ns/op: 52.2344
./cachetorture atomicinc CPUs 0 3 duration: 240246 ns/op: 52.0525
./cachetorture blindcmpxchg CPUs 0 3 duration: 240325 ns/op: 22.0371
./cachetorture cmpxchg CPUs 0 3 duration: 240246 ns/op: 50.4704
./cachetorture write CPUs 0 3 duration: 240328 ns/op: 53.395
./cachetorture atomicinc CPUs 0 4 duration: 240322 ns/op: 51.7935
./cachetorture blindcmpxchg CPUs 0 4 duration: 240318 ns/op: 20.8314
./cachetorture cmpxchg CPUs 0 4 duration: 240285 ns/op: 54.9372
./cachetorture write CPUs 0 4 duration: 240246 ns/op: 49.736
./cachetorture atomicinc CPUs 0 5 duration: 240319 ns/op: 52.033
./cachetorture blindcmpxchg CPUs 0 5 duration: 240321 ns/op: 20.8024
./cachetorture cmpxchg CPUs 0 5 duration: 240326 ns/op: 54.5972
./cachetorture write CPUs 0 5 duration: 240246 ns/op: 54.8634
./cachetorture atomicinc CPUs 0 6 duration: 240329 ns/op: 12.7982
./cachetorture blindcmpxchg CPUs 0 6 duration: 240326 ns/op: 6.49584
./cachetorture cmpxchg CPUs 0 6 duration: 240330 ns/op: 16.2527
./cachetorture write CPUs 0 6 duration: 240325 ns/op: 13.9973
./cachetorture atomicinc CPUs 0 7 duration: 240319 ns/op: 49.3294
./cachetorture blindcmpxchg CPUs 0 7 duration: 240318 ns/op: 21.8601
./cachetorture cmpxchg CPUs 0 7 duration: 240287 ns/op: 57.4018
./cachetorture write CPUs 0 7 duration: 240247 ns/op: 59.4108
./cachetorture atomicinc CPUs 0 8 duration: 240318 ns/op: 51.5072
./cachetorture blindcmpxchg CPUs 0 8 duration: 240318 ns/op: 22.1344
./cachetorture cmpxchg CPUs 0 8 duration: 240317 ns/op: 48.7794
./cachetorture write CPUs 0 8 duration: 240248 ns/op: 54.5032
./cachetorture atomicinc CPUs 0 9 duration: 240246 ns/op: 50.5858
./cachetorture blindcmpxchg CPUs 0 9 duration: 240272 ns/op: 21.3472
./cachetorture cmpxchg CPUs 0 9 duration: 240327 ns/op: 49.9506
./cachetorture write CPUs 0 9 duration: 240318 ns/op: 53.3746
./cachetorture atomicinc CPUs 0 10 duration: 240317 ns/op: 52.8487
./cachetorture blindcmpxchg CPUs 0 10 duration: 240325 ns/op: 23.0449
./cachetorture cmpxchg CPUs 0 10 duration: 240245 ns/op: 53.6453
./cachetorture write CPUs 0 10 duration: 240329 ns/op: 53.407
./cachetorture atomicinc CPUs 0 11 duration: 240327 ns/op: 52.2993
./cachetorture blindcmpxchg CPUs 0 11 duration: 240270 ns/op: 23.5025
./cachetorture cmpxchg CPUs 0 11 duration: 240318 ns/op: 54.0015
./cachetorture write CPUs 0 11 duration: 240266 ns/op: 50.4436
./cachetorture locallock CPUs 0 1 duration: 136502 ns/op: 13.6502
./cachetorture localcmpxchg CPUs 0 1 duration: 62755 ns/op: 6.2755
./cachetorture atomicinc CPUs 0 1 duration: 240317 ns/op: 44.6159
./cachetorture blindcmpxchg CPUs 0 1 duration: 240271 ns/op: 22.4625
./cachetorture cmpxchg CPUs 0 1 duration: 240320 ns/op: 51.2431
./cachetorture write CPUs 0 1 duration: 240249 ns/op: 58.1141
./cachetorture atomicinc CPUs 0 2 duration: 240261 ns/op: 53.2474
./cachetorture blindcmpxchg CPUs 0 2 duration: 240320 ns/op: 21.3026
./cachetorture cmpxchg CPUs 0 2 duration: 240253 ns/op: 54.9961
./cachetorture write CPUs 0 2 duration: 240324 ns/op: 55.2311
./cachetorture atomicinc CPUs 0 3 duration: 240327 ns/op: 51.3355
./cachetorture blindcmpxchg CPUs 0 3 duration: 240274 ns/op: 21.1387
./cachetorture cmpxchg CPUs 0 3 duration: 240247 ns/op: 55.4105
./cachetorture write CPUs 0 3 duration: 240249 ns/op: 56.2593
./cachetorture atomicinc CPUs 0 4 duration: 240248 ns/op: 54.5742
./cachetorture blindcmpxchg CPUs 0 4 duration: 240327 ns/op: 22.8709
./cachetorture cmpxchg CPUs 0 4 duration: 240327 ns/op: 56.0017
./cachetorture write CPUs 0 4 duration: 240281 ns/op: 56.0225
./cachetorture atomicinc CPUs 0 5 duration: 240245 ns/op: 54.0806
./cachetorture blindcmpxchg CPUs 0 5 duration: 240317 ns/op: 23.5243
./cachetorture cmpxchg CPUs 0 5 duration: 240317 ns/op: 54.6433
./cachetorture write CPUs 0 5 duration: 240318 ns/op: 54.6831
./cachetorture atomicinc CPUs 0 6 duration: 240326 ns/op: 12.807
./cachetorture blindcmpxchg CPUs 0 6 duration: 240328 ns/op: 6.37848
./cachetorture cmpxchg CPUs 0 6 duration: 240327 ns/op: 16.0691
./cachetorture write CPUs 0 6 duration: 240328 ns/op: 13.7855
./cachetorture atomicinc CPUs 0 7 duration: 240319 ns/op: 53.3083
./cachetorture blindcmpxchg CPUs 0 7 duration: 240245 ns/op: 21.1519
./cachetorture cmpxchg CPUs 0 7 duration: 240319 ns/op: 49.8344
./cachetorture write CPUs 0 7 duration: 240246 ns/op: 54.1617
./cachetorture atomicinc CPUs 0 8 duration: 240246 ns/op: 50.5702
./cachetorture blindcmpxchg CPUs 0 8 duration: 240326 ns/op: 21.8038
./cachetorture cmpxchg CPUs 0 8 duration: 240246 ns/op: 53.1051
./cachetorture write CPUs 0 8 duration: 240318 ns/op: 52.0188
./cachetorture atomicinc CPUs 0 9 duration: 240318 ns/op: 47.7473
./cachetorture blindcmpxchg CPUs 0 9 duration: 240318 ns/op: 22.3095
./cachetorture cmpxchg CPUs 0 9 duration: 240318 ns/op: 54.47
./cachetorture write CPUs 0 9 duration: 240318 ns/op: 51.4688
./cachetorture atomicinc CPUs 0 10 duration: 240319 ns/op: 51.5279
./cachetorture blindcmpxchg CPUs 0 10 duration: 240316 ns/op: 20.8224
./cachetorture cmpxchg CPUs 0 10 duration: 240318 ns/op: 50.8858
./cachetorture write CPUs 0 10 duration: 240318 ns/op: 48.7895
./cachetorture atomicinc CPUs 0 11 duration: 240322 ns/op: 52.1299
./cachetorture blindcmpxchg CPUs 0 11 duration: 240287 ns/op: 20.8782
./cachetorture cmpxchg CPUs 0 11 duration: 240245 ns/op: 53.9585
./cachetorture write CPUs 0 11 duration: 240326 ns/op: 56.0585
./cachetorture locallock CPUs 0 1 duration: 133545 ns/op: 13.3545
./cachetorture localcmpxchg CPUs 0 1 duration: 61468 ns/op: 6.1468
./cachetorture atomicinc CPUs 0 1 duration: 240323 ns/op: 54.2407
./cachetorture blindcmpxchg CPUs 0 1 duration: 240318 ns/op: 26.3437
./cachetorture cmpxchg CPUs 0 1 duration: 240318 ns/op: 55.9983
./cachetorture write CPUs 0 1 duration: 240293 ns/op: 53.1083
./cachetorture atomicinc CPUs 0 2 duration: 240319 ns/op: 52.4139
./cachetorture blindcmpxchg CPUs 0 2 duration: 240317 ns/op: 21.1933
./cachetorture cmpxchg CPUs 0 2 duration: 240247 ns/op: 51.0524
./cachetorture write CPUs 0 2 duration: 240317 ns/op: 54.5312
./cachetorture atomicinc CPUs 0 3 duration: 240328 ns/op: 52.6713
./cachetorture blindcmpxchg CPUs 0 3 duration: 240325 ns/op: 21.4788
./cachetorture cmpxchg CPUs 0 3 duration: 240292 ns/op: 53.9888
./cachetorture write CPUs 0 3 duration: 240246 ns/op: 49.8942
./cachetorture atomicinc CPUs 0 4 duration: 240325 ns/op: 52.1439
./cachetorture blindcmpxchg CPUs 0 4 duration: 240316 ns/op: 22.4439
./cachetorture cmpxchg CPUs 0 4 duration: 240289 ns/op: 53.1501
./cachetorture write CPUs 0 4 duration: 240327 ns/op: 56.6334
./cachetorture atomicinc CPUs 0 5 duration: 240328 ns/op: 53.7462
./cachetorture blindcmpxchg CPUs 0 5 duration: 240246 ns/op: 23.1839
./cachetorture cmpxchg CPUs 0 5 duration: 240319 ns/op: 53.7237
./cachetorture write CPUs 0 5 duration: 240317 ns/op: 53.4315
./cachetorture atomicinc CPUs 0 6 duration: 240347 ns/op: 12.8304
./cachetorture blindcmpxchg CPUs 0 6 duration: 240328 ns/op: 6.54141
./cachetorture cmpxchg CPUs 0 6 duration: 240329 ns/op: 16.0685
./cachetorture write CPUs 0 6 duration: 240328 ns/op: 13.7776
./cachetorture atomicinc CPUs 0 7 duration: 240326 ns/op: 54.1321
./cachetorture blindcmpxchg CPUs 0 7 duration: 240317 ns/op: 21.9477
./cachetorture cmpxchg CPUs 0 7 duration: 240246 ns/op: 58.2333
./cachetorture write CPUs 0 7 duration: 240247 ns/op: 46.3695
./cachetorture atomicinc CPUs 0 8 duration: 240318 ns/op: 53.4522
./cachetorture blindcmpxchg CPUs 0 8 duration: 240244 ns/op: 21.7381
./cachetorture cmpxchg CPUs 0 8 duration: 240318 ns/op: 52.7966
./cachetorture write CPUs 0 8 duration: 240246 ns/op: 52.8447
./cachetorture atomicinc CPUs 0 9 duration: 240317 ns/op: 53.019
./cachetorture blindcmpxchg CPUs 0 9 duration: 240317 ns/op: 20.9206
./cachetorture cmpxchg CPUs 0 9 duration: 240317 ns/op: 52.371
./cachetorture write CPUs 0 9 duration: 240317 ns/op: 52.5516
./cachetorture atomicinc CPUs 0 10 duration: 240317 ns/op: 52.1742
./cachetorture blindcmpxchg CPUs 0 10 duration: 240318 ns/op: 22.9026
./cachetorture cmpxchg CPUs 0 10 duration: 240316 ns/op: 54.2871
./cachetorture write CPUs 0 10 duration: 240318 ns/op: 50.9149
./cachetorture atomicinc CPUs 0 11 duration: 240317 ns/op: 52.1237
./cachetorture blindcmpxchg CPUs 0 11 duration: 240317 ns/op: 22.894
./cachetorture cmpxchg CPUs 0 11 duration: 240320 ns/op: 52.0921
./cachetorture write CPUs 0 11 duration: 240246 ns/op: 56.0748
./cachetorture locallock CPUs 0 1 duration: 133373 ns/op: 13.3373
./cachetorture localcmpxchg CPUs 0 1 duration: 61420 ns/op: 6.142
./cachetorture atomicinc CPUs 0 1 duration: 240326 ns/op: 52.6423
./cachetorture blindcmpxchg CPUs 0 1 duration: 240317 ns/op: 22.028
./cachetorture cmpxchg CPUs 0 1 duration: 240316 ns/op: 46.9153
./cachetorture write CPUs 0 1 duration: 240317 ns/op: 53.2646
./cachetorture atomicinc CPUs 0 2 duration: 240316 ns/op: 50.1443
./cachetorture blindcmpxchg CPUs 0 2 duration: 240317 ns/op: 21.4392
./cachetorture cmpxchg CPUs 0 2 duration: 240285 ns/op: 53.0105
./cachetorture write CPUs 0 2 duration: 240319 ns/op: 53.7399
./cachetorture atomicinc CPUs 0 3 duration: 240318 ns/op: 51.9444
./cachetorture blindcmpxchg CPUs 0 3 duration: 240246 ns/op: 20.8105
./cachetorture cmpxchg CPUs 0 3 duration: 240245 ns/op: 49.4776
./cachetorture write CPUs 0 3 duration: 240319 ns/op: 51.0245
./cachetorture atomicinc CPUs 0 4 duration: 240318 ns/op: 51.5334
./cachetorture blindcmpxchg CPUs 0 4 duration: 240246 ns/op: 22.7885
./cachetorture cmpxchg CPUs 0 4 duration: 240321 ns/op: 51.1815
./cachetorture write CPUs 0 4 duration: 240247 ns/op: 50.8651
./cachetorture atomicinc CPUs 0 5 duration: 240317 ns/op: 52.2743
./cachetorture blindcmpxchg CPUs 0 5 duration: 240319 ns/op: 23.1551
./cachetorture cmpxchg CPUs 0 5 duration: 240317 ns/op: 54.3238
./cachetorture write CPUs 0 5 duration: 240311 ns/op: 54.3283
./cachetorture atomicinc CPUs 0 6 duration: 240327 ns/op: 12.8066
./cachetorture blindcmpxchg CPUs 0 6 duration: 240283 ns/op: 6.56786
./cachetorture cmpxchg CPUs 0 6 duration: 240325 ns/op: 16.0925
./cachetorture write CPUs 0 6 duration: 240328 ns/op: 13.8846
./cachetorture atomicinc CPUs 0 7 duration: 240321 ns/op: 52.2352
./cachetorture blindcmpxchg CPUs 0 7 duration: 240318 ns/op: 22.049
./cachetorture cmpxchg CPUs 0 7 duration: 240331 ns/op: 51.9531
./cachetorture write CPUs 0 7 duration: 240319 ns/op: 57.2733
./cachetorture atomicinc CPUs 0 8 duration: 240327 ns/op: 50.7718
./cachetorture blindcmpxchg CPUs 0 8 duration: 240326 ns/op: 26.6833
./cachetorture cmpxchg CPUs 0 8 duration: 240247 ns/op: 52.309
./cachetorture write CPUs 0 8 duration: 240317 ns/op: 48.3985
./cachetorture atomicinc CPUs 0 9 duration: 240319 ns/op: 52.5632
./cachetorture blindcmpxchg CPUs 0 9 duration: 240247 ns/op: 20.971
./cachetorture cmpxchg CPUs 0 9 duration: 240316 ns/op: 52.6327
./cachetorture write CPUs 0 9 duration: 240248 ns/op: 52.7648
./cachetorture atomicinc CPUs 0 10 duration: 240326 ns/op: 50.5916
./cachetorture blindcmpxchg CPUs 0 10 duration: 240285 ns/op: 27.5178
./cachetorture cmpxchg CPUs 0 10 duration: 240247 ns/op: 58.0699
./cachetorture write CPUs 0 10 duration: 240318 ns/op: 50.9681
./cachetorture atomicinc CPUs 0 11 duration: 240290 ns/op: 52.7604
./cachetorture blindcmpxchg CPUs 0 11 duration: 240320 ns/op: 23.2481
./cachetorture cmpxchg CPUs 0 11 duration: 240246 ns/op: 54.1307
./cachetorture write CPUs 0 11 duration: 240318 ns/op: 53.8716
./cachetorture locallock CPUs 0 1 duration: 133596 ns/op: 13.3596
./cachetorture localcmpxchg CPUs 0 1 duration: 61740 ns/op: 6.174
./cachetorture atomicinc CPUs 0 1 duration: 240318 ns/op: 43.6682
./cachetorture blindcmpxchg CPUs 0 1 duration: 240326 ns/op: 22.8781
./cachetorture cmpxchg CPUs 0 1 duration: 240319 ns/op: 55.699
./cachetorture write CPUs 0 1 duration: 240319 ns/op: 57.4365
./cachetorture atomicinc CPUs 0 2 duration: 240320 ns/op: 47.8747
./cachetorture blindcmpxchg CPUs 0 2 duration: 240247 ns/op: 22.1726
./cachetorture cmpxchg CPUs 0 2 duration: 240248 ns/op: 49.0834
./cachetorture write CPUs 0 2 duration: 240327 ns/op: 55.0995
./cachetorture atomicinc CPUs 0 3 duration: 240319 ns/op: 48.2118
./cachetorture blindcmpxchg CPUs 0 3 duration: 240290 ns/op: 22.3571
./cachetorture cmpxchg CPUs 0 3 duration: 240317 ns/op: 54.7883
./cachetorture write CPUs 0 3 duration: 240246 ns/op: 52.5094
./cachetorture atomicinc CPUs 0 4 duration: 240246 ns/op: 52.4202
./cachetorture blindcmpxchg CPUs 0 4 duration: 240248 ns/op: 22.7868
./cachetorture cmpxchg CPUs 0 4 duration: 240246 ns/op: 54.3715
./cachetorture write CPUs 0 4 duration: 240326 ns/op: 51.8944
./cachetorture atomicinc CPUs 0 5 duration: 240319 ns/op: 51.0538
./cachetorture blindcmpxchg CPUs 0 5 duration: 240248 ns/op: 23.4749
./cachetorture cmpxchg CPUs 0 5 duration: 240316 ns/op: 53.8558
./cachetorture write CPUs 0 5 duration: 240084 ns/op: 51.7718
./cachetorture atomicinc CPUs 0 6 duration: 240327 ns/op: 12.9037
./cachetorture blindcmpxchg CPUs 0 6 duration: 240318 ns/op: 6.62089
./cachetorture cmpxchg CPUs 0 6 duration: 240326 ns/op: 16.3419
./cachetorture write CPUs 0 6 duration: 240245 ns/op: 14.0771
./cachetorture atomicinc CPUs 0 7 duration: 240319 ns/op: 53.7968
./cachetorture blindcmpxchg CPUs 0 7 duration: 240318 ns/op: 26.2616
./cachetorture cmpxchg CPUs 0 7 duration: 240319 ns/op: 51.5609
./cachetorture write CPUs 0 7 duration: 240329 ns/op: 57.1331
./cachetorture atomicinc CPUs 0 8 duration: 240321 ns/op: 54.2369
./cachetorture blindcmpxchg CPUs 0 8 duration: 240252 ns/op: 22.1853
./cachetorture cmpxchg CPUs 0 8 duration: 240246 ns/op: 49.3342
./cachetorture write CPUs 0 8 duration: 240317 ns/op: 51.859
./cachetorture atomicinc CPUs 0 9 duration: 240245 ns/op: 52.077
./cachetorture blindcmpxchg CPUs 0 9 duration: 240318 ns/op: 20.9568
./cachetorture cmpxchg CPUs 0 9 duration: 240246 ns/op: 53.4886
./cachetorture write CPUs 0 9 duration: 240261 ns/op: 53.8533
./cachetorture atomicinc CPUs 0 10 duration: 240247 ns/op: 51.8824
./cachetorture blindcmpxchg CPUs 0 10 duration: 240316 ns/op: 22.4773
./cachetorture cmpxchg CPUs 0 10 duration: 240249 ns/op: 51.6018
./cachetorture write CPUs 0 10 duration: 240319 ns/op: 51.9108
./cachetorture atomicinc CPUs 0 11 duration: 240246 ns/op: 50.7953
./cachetorture blindcmpxchg CPUs 0 11 duration: 240317 ns/op: 20.6084
./cachetorture cmpxchg CPUs 0 11 duration: 240246 ns/op: 51.3503
./cachetorture write CPUs 0 11 duration: 240247 ns/op: 49.6259
./cachetorture locallock CPUs 0 1 duration: 133529 ns/op: 13.3529
./cachetorture localcmpxchg CPUs 0 1 duration: 61934 ns/op: 6.1934
./cachetorture atomicinc CPUs 0 1 duration: 240325 ns/op: 53.7546
./cachetorture blindcmpxchg CPUs 0 1 duration: 240248 ns/op: 26.6592
./cachetorture cmpxchg CPUs 0 1 duration: 240318 ns/op: 51.0605
./cachetorture write CPUs 0 1 duration: 240248 ns/op: 54.0756
./cachetorture atomicinc CPUs 0 2 duration: 240317 ns/op: 53.7819
./cachetorture blindcmpxchg CPUs 0 2 duration: 240256 ns/op: 21.815
./cachetorture cmpxchg CPUs 0 2 duration: 240317 ns/op: 51.5128
./cachetorture write CPUs 0 2 duration: 240318 ns/op: 56.6985
./cachetorture atomicinc CPUs 0 3 duration: 240246 ns/op: 51.5919
./cachetorture blindcmpxchg CPUs 0 3 duration: 240318 ns/op: 22.4323
./cachetorture cmpxchg CPUs 0 3 duration: 240246 ns/op: 52.496
./cachetorture write CPUs 0 3 duration: 240319 ns/op: 54.2519
./cachetorture atomicinc CPUs 0 4 duration: 240246 ns/op: 52.2559
./cachetorture blindcmpxchg CPUs 0 4 duration: 240317 ns/op: 20.5653
./cachetorture cmpxchg CPUs 0 4 duration: 240247 ns/op: 55.4238
./cachetorture write CPUs 0 4 duration: 240327 ns/op: 55.4626
./cachetorture atomicinc CPUs 0 5 duration: 240246 ns/op: 53.5921
./cachetorture blindcmpxchg CPUs 0 5 duration: 240327 ns/op: 23.1235
./cachetorture cmpxchg CPUs 0 5 duration: 240247 ns/op: 55.3756
./cachetorture write CPUs 0 5 duration: 240319 ns/op: 54.9778
./cachetorture atomicinc CPUs 0 6 duration: 240290 ns/op: 12.8081
./cachetorture blindcmpxchg CPUs 0 6 duration: 240327 ns/op: 6.49715
./cachetorture cmpxchg CPUs 0 6 duration: 240247 ns/op: 16.0863
./cachetorture write CPUs 0 6 duration: 240324 ns/op: 14.0597
./cachetorture atomicinc CPUs 0 7 duration: 240325 ns/op: 48.8465
./cachetorture blindcmpxchg CPUs 0 7 duration: 240284 ns/op: 26.826
./cachetorture cmpxchg CPUs 0 7 duration: 240247 ns/op: 57.5759
./cachetorture write CPUs 0 7 duration: 240317 ns/op: 54.6156
./cachetorture atomicinc CPUs 0 8 duration: 240319 ns/op: 47.3809
./cachetorture blindcmpxchg CPUs 0 8 duration: 240245 ns/op: 21.4278
./cachetorture cmpxchg CPUs 0 8 duration: 240248 ns/op: 56.2115
./cachetorture write CPUs 0 8 duration: 240330 ns/op: 54.3467
./cachetorture atomicinc CPUs 0 9 duration: 240247 ns/op: 53.1589
./cachetorture blindcmpxchg CPUs 0 9 duration: 240320 ns/op: 22.6362
./cachetorture cmpxchg CPUs 0 9 duration: 240247 ns/op: 55.3188
./cachetorture write CPUs 0 9 duration: 240249 ns/op: 51.4812
./cachetorture atomicinc CPUs 0 10 duration: 240249 ns/op: 50.3305
./cachetorture blindcmpxchg CPUs 0 10 duration: 240246 ns/op: 20.3863
./cachetorture cmpxchg CPUs 0 10 duration: 240328 ns/op: 55.3935
./cachetorture write CPUs 0 10 duration: 240286 ns/op: 54.1349
./cachetorture atomicinc CPUs 0 11 duration: 240247 ns/op: 50.8935
./cachetorture blindcmpxchg CPUs 0 11 duration: 240288 ns/op: 23.4894
./cachetorture cmpxchg CPUs 0 11 duration: 240245 ns/op: 53.7142
./cachetorture write CPUs 0 11 duration: 240255 ns/op: 55.1799
./cachetorture locallock CPUs 0 1 duration: 133995 ns/op: 13.3995
./cachetorture localcmpxchg CPUs 0 1 duration: 61570 ns/op: 6.157
./cachetorture atomicinc CPUs 0 1 duration: 240330 ns/op: 49.3796
./cachetorture blindcmpxchg CPUs 0 1 duration: 240247 ns/op: 22.4944
./cachetorture cmpxchg CPUs 0 1 duration: 240327 ns/op: 51.2327
./cachetorture write CPUs 0 1 duration: 240246 ns/op: 55.1223
./cachetorture atomicinc CPUs 0 2 duration: 240288 ns/op: 54.3885
./cachetorture blindcmpxchg CPUs 0 2 duration: 240245 ns/op: 21.517
./cachetorture cmpxchg CPUs 0 2 duration: 240329 ns/op: 54.1978
./cachetorture write CPUs 0 2 duration: 240247 ns/op: 52.767
./cachetorture atomicinc CPUs 0 3 duration: 240283 ns/op: 52.2134
./cachetorture blindcmpxchg CPUs 0 3 duration: 240246 ns/op: 20.2789
./cachetorture cmpxchg CPUs 0 3 duration: 240326 ns/op: 55.0343
./cachetorture write CPUs 0 3 duration: 240247 ns/op: 54.1873
./cachetorture atomicinc CPUs 0 4 duration: 240272 ns/op: 53.5293
./cachetorture blindcmpxchg CPUs 0 4 duration: 240319 ns/op: 22.8179
./cachetorture cmpxchg CPUs 0 4 duration: 240320 ns/op: 53.8227
./cachetorture write CPUs 0 4 duration: 240245 ns/op: 50.6275
./cachetorture atomicinc CPUs 0 5 duration: 240246 ns/op: 50.5964
./cachetorture blindcmpxchg CPUs 0 5 duration: 240246 ns/op: 22.8017
./cachetorture cmpxchg CPUs 0 5 duration: 240247 ns/op: 52.6594
./cachetorture write CPUs 0 5 duration: 240327 ns/op: 54.7491
./cachetorture atomicinc CPUs 0 6 duration: 240285 ns/op: 12.8707
./cachetorture blindcmpxchg CPUs 0 6 duration: 240325 ns/op: 6.63709
./cachetorture cmpxchg CPUs 0 6 duration: 240287 ns/op: 16.1447
./cachetorture write CPUs 0 6 duration: 240351 ns/op: 13.8431
./cachetorture atomicinc CPUs 0 7 duration: 240317 ns/op: 53.8749
./cachetorture blindcmpxchg CPUs 0 7 duration: 240246 ns/op: 22.8871
./cachetorture cmpxchg CPUs 0 7 duration: 240245 ns/op: 56.1998
./cachetorture write CPUs 0 7 duration: 240321 ns/op: 59.3314
./cachetorture atomicinc CPUs 0 8 duration: 240319 ns/op: 53.0704
./cachetorture blindcmpxchg CPUs 0 8 duration: 240316 ns/op: 21.5304
./cachetorture cmpxchg CPUs 0 8 duration: 240245 ns/op: 50.9563
./cachetorture write CPUs 0 8 duration: 240326 ns/op: 54.5438
./cachetorture atomicinc CPUs 0 9 duration: 240246 ns/op: 48.2477
./cachetorture blindcmpxchg CPUs 0 9 duration: 240327 ns/op: 20.3314
./cachetorture cmpxchg CPUs 0 9 duration: 240245 ns/op: 53.6906
./cachetorture write CPUs 0 9 duration: 240283 ns/op: 53.0607
./cachetorture atomicinc CPUs 0 10 duration: 240321 ns/op: 50.8291
./cachetorture blindcmpxchg CPUs 0 10 duration: 240314 ns/op: 20.9023
./cachetorture cmpxchg CPUs 0 10 duration: 240248 ns/op: 52.1806
./cachetorture write CPUs 0 10 duration: 240287 ns/op: 50.485
./cachetorture atomicinc CPUs 0 11 duration: 240248 ns/op: 51.7258
./cachetorture blindcmpxchg CPUs 0 11 duration: 240273 ns/op: 23.0979
./cachetorture cmpxchg CPUs 0 11 duration: 240247 ns/op: 55.3255
./cachetorture write CPUs 0 11 duration: 240246 ns/op: 50.9332
./cachetorture locallock CPUs 0 1 duration: 136344 ns/op: 13.6344
./cachetorture localcmpxchg CPUs 0 1 duration: 62851 ns/op: 6.2851
./cachetorture atomicinc CPUs 0 1 duration: 240272 ns/op: 49.6638
./cachetorture blindcmpxchg CPUs 0 1 duration: 240326 ns/op: 22.3904
./cachetorture cmpxchg CPUs 0 1 duration: 240318 ns/op: 56.9762
./cachetorture write CPUs 0 1 duration: 240318 ns/op: 57.8054
./cachetorture atomicinc CPUs 0 2 duration: 240317 ns/op: 53.6057
./cachetorture blindcmpxchg CPUs 0 2 duration: 240325 ns/op: 22.3653
./cachetorture cmpxchg CPUs 0 2 duration: 240323 ns/op: 48.2673
./cachetorture write CPUs 0 2 duration: 240248 ns/op: 54.3778
./cachetorture atomicinc CPUs 0 3 duration: 240245 ns/op: 47.6319
./cachetorture blindcmpxchg CPUs 0 3 duration: 240311 ns/op: 22.0209
./cachetorture cmpxchg CPUs 0 3 duration: 240245 ns/op: 54.3724
./cachetorture write CPUs 0 3 duration: 240291 ns/op: 53.7188
./cachetorture atomicinc CPUs 0 4 duration: 240283 ns/op: 51.4213
./cachetorture blindcmpxchg CPUs 0 4 duration: 240249 ns/op: 20.7596
./cachetorture cmpxchg CPUs 0 4 duration: 240327 ns/op: 53.9278
./cachetorture write CPUs 0 4 duration: 240247 ns/op: 57.2682
./cachetorture atomicinc CPUs 0 5 duration: 240287 ns/op: 54.4009
./cachetorture blindcmpxchg CPUs 0 5 duration: 240247 ns/op: 21.9706
./cachetorture cmpxchg CPUs 0 5 duration: 240329 ns/op: 56.0906
./cachetorture write CPUs 0 5 duration: 240250 ns/op: 53.3132
./cachetorture atomicinc CPUs 0 6 duration: 240291 ns/op: 13.2583
./cachetorture blindcmpxchg CPUs 0 6 duration: 240045 ns/op: 6.66661
./cachetorture cmpxchg CPUs 0 6 duration: 240287 ns/op: 16.6469
./cachetorture write CPUs 0 6 duration: 240252 ns/op: 14.4408
./cachetorture atomicinc CPUs 0 7 duration: 240325 ns/op: 54.3188
./cachetorture blindcmpxchg CPUs 0 7 duration: 240284 ns/op: 27.053
./cachetorture cmpxchg CPUs 0 7 duration: 240331 ns/op: 56.335
./cachetorture write CPUs 0 7 duration: 240276 ns/op: 54.3491
./cachetorture atomicinc CPUs 0 8 duration: 240320 ns/op: 52.6447
./cachetorture blindcmpxchg CPUs 0 8 duration: 240244 ns/op: 19.4933
./cachetorture cmpxchg CPUs 0 8 duration: 240318 ns/op: 53.3064
./cachetorture write CPUs 0 8 duration: 240245 ns/op: 56.6152
./cachetorture atomicinc CPUs 0 9 duration: 240317 ns/op: 52.4057
./cachetorture blindcmpxchg CPUs 0 9 duration: 240316 ns/op: 21.9583
./cachetorture cmpxchg CPUs 0 9 duration: 240246 ns/op: 52.3021
./cachetorture write CPUs 0 9 duration: 240316 ns/op: 48.6898
./cachetorture atomicinc CPUs 0 10 duration: 240319 ns/op: 51.8749
./cachetorture blindcmpxchg CPUs 0 10 duration: 240318 ns/op: 20.9322
./cachetorture cmpxchg CPUs 0 10 duration: 240318 ns/op: 54.4938
./cachetorture write CPUs 0 10 duration: 240317 ns/op: 48.9511
./cachetorture atomicinc CPUs 0 11 duration: 240318 ns/op: 52.9368
./cachetorture blindcmpxchg CPUs 0 11 duration: 240317 ns/op: 23.0058
./cachetorture cmpxchg CPUs 0 11 duration: 240319 ns/op: 54.2876
./cachetorture write CPUs 0 11 duration: 240319 ns/op: 53.4446
./cachetorture locallock CPUs 0 1 duration: 133328 ns/op: 13.3328
./cachetorture localcmpxchg CPUs 0 1 duration: 61633 ns/op: 6.1633
./cachetorture atomicinc CPUs 0 1 duration: 240318 ns/op: 44.1428
./cachetorture blindcmpxchg CPUs 0 1 duration: 240318 ns/op: 21.7236
./cachetorture cmpxchg CPUs 0 1 duration: 240320 ns/op: 50.9334
./cachetorture write CPUs 0 1 duration: 240272 ns/op: 51.6702
./cachetorture atomicinc CPUs 0 2 duration: 240245 ns/op: 49.7157
./cachetorture blindcmpxchg CPUs 0 2 duration: 240324 ns/op: 22.1624
./cachetorture cmpxchg CPUs 0 2 duration: 240246 ns/op: 54.843
./cachetorture write CPUs 0 2 duration: 240248 ns/op: 51.5129
./cachetorture atomicinc CPUs 0 3 duration: 240343 ns/op: 52.3091
./cachetorture blindcmpxchg CPUs 0 3 duration: 240319 ns/op: 22.1703
./cachetorture cmpxchg CPUs 0 3 duration: 240318 ns/op: 53.576
./cachetorture write CPUs 0 3 duration: 240246 ns/op: 52.2885
./cachetorture atomicinc CPUs 0 4 duration: 240318 ns/op: 49.9506
./cachetorture blindcmpxchg CPUs 0 4 duration: 240317 ns/op: 22.585
./cachetorture cmpxchg CPUs 0 4 duration: 240319 ns/op: 54.9737
./cachetorture write CPUs 0 4 duration: 240317 ns/op: 51.317
./cachetorture atomicinc CPUs 0 5 duration: 240319 ns/op: 51.3258
./cachetorture blindcmpxchg CPUs 0 5 duration: 240318 ns/op: 22.9449
./cachetorture cmpxchg CPUs 0 5 duration: 240317 ns/op: 55.5506
./cachetorture write CPUs 0 5 duration: 240317 ns/op: 56.3229
./cachetorture atomicinc CPUs 0 6 duration: 240330 ns/op: 12.8184
./cachetorture blindcmpxchg CPUs 0 6 duration: 240328 ns/op: 6.554
./cachetorture cmpxchg CPUs 0 6 duration: 240329 ns/op: 16.1705
./cachetorture write CPUs 0 6 duration: 240327 ns/op: 13.8344
./cachetorture atomicinc CPUs 0 7 duration: 240325 ns/op: 52.7907
./cachetorture blindcmpxchg CPUs 0 7 duration: 240245 ns/op: 21.518
./cachetorture cmpxchg CPUs 0 7 duration: 240246 ns/op: 54.0602
./cachetorture write CPUs 0 7 duration: 240246 ns/op: 54.1473
./cachetorture atomicinc CPUs 0 8 duration: 240319 ns/op: 51.6753
./cachetorture blindcmpxchg CPUs 0 8 duration: 240246 ns/op: 21.6837
./cachetorture cmpxchg CPUs 0 8 duration: 240318 ns/op: 54.3159
./cachetorture write CPUs 0 8 duration: 240245 ns/op: 54.2284
./cachetorture atomicinc CPUs 0 9 duration: 240320 ns/op: 50.9553
./cachetorture blindcmpxchg CPUs 0 9 duration: 240245 ns/op: 22.2933
./cachetorture cmpxchg CPUs 0 9 duration: 240317 ns/op: 52.4517
./cachetorture write CPUs 0 9 duration: 240245 ns/op: 48.3511
./cachetorture atomicinc CPUs 0 10 duration: 240318 ns/op: 51.1863
./cachetorture blindcmpxchg CPUs 0 10 duration: 240246 ns/op: 21.0025
./cachetorture cmpxchg CPUs 0 10 duration: 240316 ns/op: 53.0163
./cachetorture write CPUs 0 10 duration: 240246 ns/op: 54.2047
./cachetorture atomicinc CPUs 0 11 duration: 240317 ns/op: 52.2507
./cachetorture blindcmpxchg CPUs 0 11 duration: 240246 ns/op: 20.7607
./cachetorture cmpxchg CPUs 0 11 duration: 240321 ns/op: 54.928
./cachetorture write CPUs 0 11 duration: 240246 ns/op: 54.8731
./cachetorture locallock CPUs 0 1 duration: 132866 ns/op: 13.2866
./cachetorture localcmpxchg CPUs 0 1 duration: 61541 ns/op: 6.1541
./cachetorture atomicinc CPUs 0 1 duration: 240247 ns/op: 54.8182
./cachetorture blindcmpxchg CPUs 0 1 duration: 240323 ns/op: 21.8125
./cachetorture cmpxchg CPUs 0 1 duration: 240245 ns/op: 54.8832
./cachetorture write CPUs 0 1 duration: 240245 ns/op: 56.9074
./cachetorture atomicinc CPUs 0 2 duration: 240247 ns/op: 53.6652
./cachetorture blindcmpxchg CPUs 0 2 duration: 240318 ns/op: 22.2998
./cachetorture cmpxchg CPUs 0 2 duration: 240246 ns/op: 54.9119
./cachetorture write CPUs 0 2 duration: 240323 ns/op: 51.6872
./cachetorture atomicinc CPUs 0 3 duration: 240247 ns/op: 50.7021
./cachetorture blindcmpxchg CPUs 0 3 duration: 240258 ns/op: 22.3704
./cachetorture cmpxchg CPUs 0 3 duration: 240249 ns/op: 53.5856
./cachetorture write CPUs 0 3 duration: 240284 ns/op: 50.4657
./cachetorture atomicinc CPUs 0 4 duration: 240319 ns/op: 53.2128
./cachetorture blindcmpxchg CPUs 0 4 duration: 240245 ns/op: 22.8545
./cachetorture cmpxchg CPUs 0 4 duration: 240318 ns/op: 53.5633
./cachetorture write CPUs 0 4 duration: 240318 ns/op: 50.9993
./cachetorture atomicinc CPUs 0 5 duration: 240289 ns/op: 50.9444
./cachetorture blindcmpxchg CPUs 0 5 duration: 240326 ns/op: 20.9466
./cachetorture cmpxchg CPUs 0 5 duration: 240320 ns/op: 55.5984
./cachetorture write CPUs 0 5 duration: 240317 ns/op: 55.1166
./cachetorture atomicinc CPUs 0 6 duration: 240330 ns/op: 12.7941
./cachetorture blindcmpxchg CPUs 0 6 duration: 240328 ns/op: 6.59367
./cachetorture cmpxchg CPUs 0 6 duration: 240325 ns/op: 16.0498
./cachetorture write CPUs 0 6 duration: 240283 ns/op: 13.7909
./cachetorture atomicinc CPUs 0 7 duration: 240245 ns/op: 48.7609
./cachetorture blindcmpxchg CPUs 0 7 duration: 240254 ns/op: 19.1381
./cachetorture cmpxchg CPUs 0 7 duration: 240317 ns/op: 55.2781
./cachetorture write CPUs 0 7 duration: 240318 ns/op: 54.0777
./cachetorture atomicinc CPUs 0 8 duration: 240245 ns/op: 52.1516
./cachetorture blindcmpxchg CPUs 0 8 duration: 240305 ns/op: 22.2938
./cachetorture cmpxchg CPUs 0 8 duration: 240246 ns/op: 51.6801
./cachetorture write CPUs 0 8 duration: 240327 ns/op: 49.3745
./cachetorture atomicinc CPUs 0 9 duration: 240330 ns/op: 52.3057
./cachetorture blindcmpxchg CPUs 0 9 duration: 240327 ns/op: 22.7865
./cachetorture cmpxchg CPUs 0 9 duration: 240317 ns/op: 50.2499
./cachetorture write CPUs 0 9 duration: 240245 ns/op: 51.046
./cachetorture atomicinc CPUs 0 10 duration: 240318 ns/op: 49.5201
./cachetorture blindcmpxchg CPUs 0 10 duration: 240326 ns/op: 20.9404
./cachetorture cmpxchg CPUs 0 10 duration: 240317 ns/op: 52.7976
./cachetorture write CPUs 0 10 duration: 240320 ns/op: 56.052
./cachetorture atomicinc CPUs 0 11 duration: 240325 ns/op: 50.7379
./cachetorture blindcmpxchg CPUs 0 11 duration: 240327 ns/op: 23.317
./cachetorture cmpxchg CPUs 0 11 duration: 240319 ns/op: 52.9027
./cachetorture write CPUs 0 11 duration: 240246 ns/op: 56.5961
./cachetorture locallock CPUs 0 1 duration: 135806 ns/op: 13.5806
./cachetorture localcmpxchg CPUs 0 1 duration: 62209 ns/op: 6.2209
./cachetorture atomicinc CPUs 0 1 duration: 240317 ns/op: 49.1482
./cachetorture blindcmpxchg CPUs 0 1 duration: 240319 ns/op: 22.1273
./cachetorture cmpxchg CPUs 0 1 duration: 240272 ns/op: 56.506
./cachetorture write CPUs 0 1 duration: 240247 ns/op: 47.5544
./cachetorture atomicinc CPUs 0 2 duration: 240283 ns/op: 50.1853
./cachetorture blindcmpxchg CPUs 0 2 duration: 240245 ns/op: 22.3107
./cachetorture cmpxchg CPUs 0 2 duration: 240247 ns/op: 52.6198
./cachetorture write CPUs 0 2 duration: 240320 ns/op: 53.1553
./cachetorture atomicinc CPUs 0 3 duration: 240245 ns/op: 51.5106
./cachetorture blindcmpxchg CPUs 0 3 duration: 240326 ns/op: 20.5741
./cachetorture cmpxchg CPUs 0 3 duration: 240248 ns/op: 54.5897
./cachetorture write CPUs 0 3 duration: 240246 ns/op: 51.6687
./cachetorture atomicinc CPUs 0 4 duration: 240326 ns/op: 52.4914
./cachetorture blindcmpxchg CPUs 0 4 duration: 240325 ns/op: 20.5769
./cachetorture cmpxchg CPUs 0 4 duration: 240246 ns/op: 51.7221
./cachetorture write CPUs 0 4 duration: 240320 ns/op: 52.928
./cachetorture atomicinc CPUs 0 5 duration: 240246 ns/op: 49.9608
./cachetorture blindcmpxchg CPUs 0 5 duration: 240326 ns/op: 20.8778
./cachetorture cmpxchg CPUs 0 5 duration: 240137 ns/op: 54.932
./cachetorture write CPUs 0 5 duration: 240320 ns/op: 54.5137
./cachetorture atomicinc CPUs 0 6 duration: 240329 ns/op: 13.0201
./cachetorture blindcmpxchg CPUs 0 6 duration: 240328 ns/op: 6.49335
./cachetorture cmpxchg CPUs 0 6 duration: 240327 ns/op: 16.0761
./cachetorture write CPUs 0 6 duration: 240329 ns/op: 13.8124
./cachetorture atomicinc CPUs 0 7 duration: 240321 ns/op: 52.7872
./cachetorture blindcmpxchg CPUs 0 7 duration: 240325 ns/op: 26.2229
./cachetorture cmpxchg CPUs 0 7 duration: 240247 ns/op: 53.5242
./cachetorture write CPUs 0 7 duration: 240286 ns/op: 52.6462
./cachetorture atomicinc CPUs 0 8 duration: 240328 ns/op: 54.8433
./cachetorture blindcmpxchg CPUs 0 8 duration: 240246 ns/op: 22.4046
./cachetorture cmpxchg CPUs 0 8 duration: 240329 ns/op: 53.3862
./cachetorture write CPUs 0 8 duration: 240327 ns/op: 47.2206
./cachetorture atomicinc CPUs 0 9 duration: 240245 ns/op: 53.2671
./cachetorture blindcmpxchg CPUs 0 9 duration: 240286 ns/op: 23.3671
./cachetorture cmpxchg CPUs 0 9 duration: 240323 ns/op: 57.0784
./cachetorture write CPUs 0 9 duration: 240250 ns/op: 54.8195
./cachetorture atomicinc CPUs 0 10 duration: 240271 ns/op: 53.1524
./cachetorture blindcmpxchg CPUs 0 10 duration: 240248 ns/op: 21.8872
./cachetorture cmpxchg CPUs 0 10 duration: 240313 ns/op: 55.9928
./cachetorture write CPUs 0 10 duration: 240247 ns/op: 54.3953
./cachetorture atomicinc CPUs 0 11 duration: 240288 ns/op: 53.653
./cachetorture blindcmpxchg CPUs 0 11 duration: 240318 ns/op: 22.981
./cachetorture cmpxchg CPUs 0 11 duration: 240320 ns/op: 52.9582
./cachetorture write CPUs 0 11 duration: 240324 ns/op: 54.6199
./cachetorture locallock CPUs 0 1 duration: 134161 ns/op: 13.4161
./cachetorture localcmpxchg CPUs 0 1 duration: 61739 ns/op: 6.1739
./cachetorture atomicinc CPUs 0 1 duration: 240326 ns/op: 54.8541
./cachetorture blindcmpxchg CPUs 0 1 duration: 240298 ns/op: 27.6316
./cachetorture cmpxchg CPUs 0 1 duration: 240247 ns/op: 59.4059
./cachetorture write CPUs 0 1 duration: 240331 ns/op: 46.6353
./cachetorture atomicinc CPUs 0 2 duration: 240327 ns/op: 51.6686
./cachetorture blindcmpxchg CPUs 0 2 duration: 240245 ns/op: 25.5848
./cachetorture cmpxchg CPUs 0 2 duration: 240319 ns/op: 54.8156
./cachetorture write CPUs 0 2 duration: 240319 ns/op: 56.7289
./cachetorture atomicinc CPUs 0 3 duration: 240317 ns/op: 53.2738
./cachetorture blindcmpxchg CPUs 0 3 duration: 240328 ns/op: 22.4855
./cachetorture cmpxchg CPUs 0 3 duration: 240248 ns/op: 54.1766
./cachetorture write CPUs 0 3 duration: 240327 ns/op: 54.3415
./cachetorture atomicinc CPUs 0 4 duration: 240316 ns/op: 51.6647
./cachetorture blindcmpxchg CPUs 0 4 duration: 240320 ns/op: 20.797
./cachetorture cmpxchg CPUs 0 4 duration: 240318 ns/op: 51.1148
./cachetorture write CPUs 0 4 duration: 240249 ns/op: 53.4585
./cachetorture atomicinc CPUs 0 5 duration: 240247 ns/op: 53.3685
./cachetorture blindcmpxchg CPUs 0 5 duration: 240319 ns/op: 23.3833
./cachetorture cmpxchg CPUs 0 5 duration: 240286 ns/op: 56.951
./cachetorture write CPUs 0 5 duration: 240248 ns/op: 56.0156
./cachetorture atomicinc CPUs 0 6 duration: 240291 ns/op: 13.3239
./cachetorture blindcmpxchg CPUs 0 6 duration: 240275 ns/op: 6.57255
./cachetorture cmpxchg CPUs 0 6 duration: 240321 ns/op: 16.3806
./cachetorture write CPUs 0 6 duration: 240318 ns/op: 14.1033
./cachetorture atomicinc CPUs 0 7 duration: 240325 ns/op: 55.5541
./cachetorture blindcmpxchg CPUs 0 7 duration: 240277 ns/op: 27.0315
./cachetorture cmpxchg CPUs 0 7 duration: 240231 ns/op: 57.851
./cachetorture write CPUs 0 7 duration: 240329 ns/op: 56.8147
./cachetorture atomicinc CPUs 0 8 duration: 240316 ns/op: 52.2734
./cachetorture blindcmpxchg CPUs 0 8 duration: 240315 ns/op: 21.8663
./cachetorture cmpxchg CPUs 0 8 duration: 240327 ns/op: 51.8729
./cachetorture write CPUs 0 8 duration: 240284 ns/op: 57.3395
./cachetorture atomicinc CPUs 0 9 duration: 240322 ns/op: 53.9058
./cachetorture blindcmpxchg CPUs 0 9 duration: 240325 ns/op: 22.5858
./cachetorture cmpxchg CPUs 0 9 duration: 240250 ns/op: 56.0015
./cachetorture write CPUs 0 9 duration: 240246 ns/op: 55.3589
./cachetorture atomicinc CPUs 0 10 duration: 240318 ns/op: 50.0933
./cachetorture blindcmpxchg CPUs 0 10 duration: 240247 ns/op: 20.9972
./cachetorture cmpxchg CPUs 0 10 duration: 240248 ns/op: 57.1666
./cachetorture write CPUs 0 10 duration: 240248 ns/op: 52.7758
./cachetorture atomicinc CPUs 0 11 duration: 240316 ns/op: 50.3657
./cachetorture blindcmpxchg CPUs 0 11 duration: 240248 ns/op: 23.9205
./cachetorture cmpxchg CPUs 0 11 duration: 240330 ns/op: 57.4016
./cachetorture write CPUs 0 11 duration: 240247 ns/op: 56.6173
./cachetorture locallock CPUs 0 1 duration: 135344 ns/op: 13.5344
./cachetorture localcmpxchg CPUs 0 1 duration: 62664 ns/op: 6.2664
./cachetorture atomicinc CPUs 0 1 duration: 240325 ns/op: 55.7816
./cachetorture blindcmpxchg CPUs 0 1 duration: 240290 ns/op: 22.3689
./cachetorture cmpxchg CPUs 0 1 duration: 240249 ns/op: 56.8406
./cachetorture write CPUs 0 1 duration: 240331 ns/op: 56.0996
./cachetorture atomicinc CPUs 0 2 duration: 240250 ns/op: 54.3031
./cachetorture blindcmpxchg CPUs 0 2 duration: 240327 ns/op: 21.6558
./cachetorture cmpxchg CPUs 0 2 duration: 240325 ns/op: 56.3449
./cachetorture write CPUs 0 2 duration: 240329 ns/op: 55.2725
./cachetorture atomicinc CPUs 0 3 duration: 240326 ns/op: 52.6782
./cachetorture blindcmpxchg CPUs 0 3 duration: 240247 ns/op: 22.6067
./cachetorture cmpxchg CPUs 0 3 duration: 240284 ns/op: 54.3984
./cachetorture write CPUs 0 3 duration: 240326 ns/op: 53.3917
./cachetorture atomicinc CPUs 0 4 duration: 240330 ns/op: 49.8
./cachetorture blindcmpxchg CPUs 0 4 duration: 240248 ns/op: 21.6867
./cachetorture cmpxchg CPUs 0 4 duration: 240249 ns/op: 54.5369
./cachetorture write CPUs 0 4 duration: 240249 ns/op: 53.8896
./cachetorture atomicinc CPUs 0 5 duration: 240326 ns/op: 53.8578
./cachetorture blindcmpxchg CPUs 0 5 duration: 240247 ns/op: 23.0671
./cachetorture cmpxchg CPUs 0 5 duration: 240285 ns/op: 56.4698
./cachetorture write CPUs 0 5 duration: 240248 ns/op: 54.8359
./cachetorture atomicinc CPUs 0 6 duration: 240273 ns/op: 13.1519
./cachetorture blindcmpxchg CPUs 0 6 duration: 240266 ns/op: 6.51872
./cachetorture cmpxchg CPUs 0 6 duration: 240288 ns/op: 16.4511
./cachetorture write CPUs 0 6 duration: 240327 ns/op: 14.0411
./cachetorture atomicinc CPUs 0 7 duration: 240298 ns/op: 50.1395
./cachetorture blindcmpxchg CPUs 0 7 duration: 240327 ns/op: 23.2378
./cachetorture cmpxchg CPUs 0 7 duration: 240283 ns/op: 57.5741
./cachetorture write CPUs 0 7 duration: 240249 ns/op: 58.6003
./cachetorture atomicinc CPUs 0 8 duration: 240292 ns/op: 53.2549
./cachetorture blindcmpxchg CPUs 0 8 duration: 240246 ns/op: 22.8463
./cachetorture cmpxchg CPUs 0 8 duration: 240326 ns/op: 55.9053
./cachetorture write CPUs 0 8 duration: 240327 ns/op: 52.854
./cachetorture atomicinc CPUs 0 9 duration: 240245 ns/op: 51.4563
./cachetorture blindcmpxchg CPUs 0 9 duration: 240325 ns/op: 22.0152
./cachetorture cmpxchg CPUs 0 9 duration: 240317 ns/op: 55.0005
./cachetorture write CPUs 0 9 duration: 240249 ns/op: 52.9953
./cachetorture atomicinc CPUs 0 10 duration: 240326 ns/op: 51.8709
./cachetorture blindcmpxchg CPUs 0 10 duration: 240246 ns/op: 22.6219
./cachetorture cmpxchg CPUs 0 10 duration: 240328 ns/op: 53.1544
./cachetorture write CPUs 0 10 duration: 240249 ns/op: 49.8165
./cachetorture atomicinc CPUs 0 11 duration: 240245 ns/op: 53.1866
./cachetorture blindcmpxchg CPUs 0 11 duration: 240325 ns/op: 23.8741
./cachetorture cmpxchg CPUs 0 11 duration: 240245 ns/op: 54.393
./cachetorture write CPUs 0 11 duration: 240320 ns/op: 51.8385
./cachetorture locallock CPUs 0 1 duration: 134040 ns/op: 13.404
./cachetorture localcmpxchg CPUs 0 1 duration: 61970 ns/op: 6.197
