rcu 1 rperf 2
n_reads: 142145000  n_updates: 0  nreaders: 1  nupdaters: 0 duration: 10
ns/read: 70.3507  ns/update: nan
rcu 2 rperf 2
n_reads: 284313000  n_updates: 0  nreaders: 2  nupdaters: 0 duration: 10
ns/read: 70.345  ns/update: nan
rcu 3 rperf 2
n_reads: 427875000  n_updates: 0  nreaders: 3  nupdaters: 0 duration: 10
ns/read: 70.1139  ns/update: nan
rcu 4 rperf 2
n_reads: 575581000  n_updates: 0  nreaders: 4  nupdaters: 0 duration: 10
ns/read: 69.495  ns/update: nan
rcu 6 rperf 2
n_reads: 860280000  n_updates: 0  nreaders: 6  nupdaters: 0 duration: 10
ns/read: 69.7447  ns/update: nan
rcu 8 rperf 2
n_reads: 1145388000  n_updates: 0  nreaders: 8  nupdaters: 0 duration: 10
ns/read: 69.8453  ns/update: nan
rcu 12 rperf 2
n_reads: 1719908000  n_updates: 0  nreaders: 12  nupdaters: 0 duration: 10
ns/read: 69.7712  ns/update: nan
rcu 16 rperf 2
n_reads: 2291964000  n_updates: 0  nreaders: 16  nupdaters: 0 duration: 10
ns/read: 69.8091  ns/update: nan
rcu 24 rperf 2
n_reads: 3439703000  n_updates: 0  nreaders: 24  nupdaters: 0 duration: 10
ns/read: 69.7735  ns/update: nan
rcu 32 rperf 2
n_reads: 4582896000  n_updates: 0  nreaders: 32  nupdaters: 0 duration: 10
ns/read: 69.8248  ns/update: nan
rcu 48 rperf 2
n_reads: 6871893000  n_updates: 0  nreaders: 48  nupdaters: 0 duration: 10
ns/read: 69.8497  ns/update: nan
rcu 64 rperf 2
n_reads: 9167818000  n_updates: 0  nreaders: 64  nupdaters: 0 duration: 10
ns/read: 69.8094  ns/update: nan
rcu 1 uperf 2
n_reads: 0  n_updates: 16601037  nreaders: 0  nupdaters: 1 duration: 10
ns/read: nan  ns/update: 602.372
rcu 2 uperf 2
n_reads: 0  n_updates: 9832007  nreaders: 0  nupdaters: 2 duration: 10
ns/read: nan  ns/update: 2034.17
rcu 3 uperf 2
n_reads: 0  n_updates: 6200748  nreaders: 0  nupdaters: 3 duration: 10
ns/read: nan  ns/update: 4838.13
rcu 4 uperf 2
n_reads: 0  n_updates: 5396418  nreaders: 0  nupdaters: 4 duration: 10
ns/read: nan  ns/update: 7412.32
rcu 6 uperf 2
n_reads: 0  n_updates: 5743826  nreaders: 0  nupdaters: 6 duration: 10
ns/read: nan  ns/update: 10446
rcu 8 uperf 2
n_reads: 0  n_updates: 6118714  nreaders: 0  nupdaters: 8 duration: 10
ns/read: nan  ns/update: 13074.6
rcu 12 uperf 2
n_reads: 0  n_updates: 5547505  nreaders: 0  nupdaters: 12 duration: 10
ns/read: nan  ns/update: 21631.3
rcu 16 uperf 2
n_reads: 0  n_updates: 5504463  nreaders: 0  nupdaters: 16 duration: 10
ns/read: nan  ns/update: 29067.3
rcu 24 uperf 2
n_reads: 0  n_updates: 5290054  nreaders: 0  nupdaters: 24 duration: 10
ns/read: nan  ns/update: 45368.2
rcu 32 uperf 2
n_reads: 0  n_updates: 5160956  nreaders: 0  nupdaters: 32 duration: 10
ns/read: nan  ns/update: 62004
rcu 48 uperf 2
n_reads: 0  n_updates: 5289165  nreaders: 0  nupdaters: 48 duration: 10
ns/read: nan  ns/update: 90751.6
rcu 64 uperf 2
n_reads: 0  n_updates: 5648339  nreaders: 0  nupdaters: 64 duration: 10
ns/read: nan  ns/update: 113308
rcu64 1 rperf 2
n_reads: 145504000  n_updates: 0  nreaders: 1  nupdaters: 0 duration: 10
ns/read: 68.7266  ns/update: nan
rcu64 2 rperf 2
n_reads: 287932000  n_updates: 0  nreaders: 2  nupdaters: 0 duration: 10
ns/read: 69.4608  ns/update: nan
rcu64 3 rperf 2
n_reads: 429839000  n_updates: 0  nreaders: 3  nupdaters: 0 duration: 10
ns/read: 69.7936  ns/update: nan
rcu64 4 rperf 2
n_reads: 569742000  n_updates: 0  nreaders: 4  nupdaters: 0 duration: 10
ns/read: 70.2072  ns/update: nan
rcu64 6 rperf 2
n_reads: 859919000  n_updates: 0  nreaders: 6  nupdaters: 0 duration: 10
ns/read: 69.774  ns/update: nan
rcu64 8 rperf 2
n_reads: 1145230000  n_updates: 0  nreaders: 8  nupdaters: 0 duration: 10
ns/read: 69.855  ns/update: nan
rcu64 12 rperf 2
n_reads: 1715254000  n_updates: 0  nreaders: 12  nupdaters: 0 duration: 10
ns/read: 69.9605  ns/update: nan
rcu64 16 rperf 2
n_reads: 2287122000  n_updates: 0  nreaders: 16  nupdaters: 0 duration: 10
ns/read: 69.9569  ns/update: nan
rcu64 24 rperf 2
n_reads: 3437033000  n_updates: 0  nreaders: 24  nupdaters: 0 duration: 10
ns/read: 69.8277  ns/update: nan
rcu64 32 rperf 2
n_reads: 4582672000  n_updates: 0  nreaders: 32  nupdaters: 0 duration: 10
ns/read: 69.8283  ns/update: nan
rcu64 48 rperf 2
n_reads: 6870799000  n_updates: 0  nreaders: 48  nupdaters: 0 duration: 10
ns/read: 69.8609  ns/update: nan
rcu64 64 rperf 2
n_reads: 9163338000  n_updates: 0  nreaders: 64  nupdaters: 0 duration: 10
ns/read: 69.8435  ns/update: nan
rcu64 1 uperf 2
n_reads: 0  n_updates: 17426368  nreaders: 0  nupdaters: 1 duration: 10
ns/read: nan  ns/update: 573.843
rcu64 2 uperf 2
n_reads: 0  n_updates: 8065351  nreaders: 0  nupdaters: 2 duration: 10
ns/read: nan  ns/update: 2479.74
rcu64 3 uperf 2
n_reads: 0  n_updates: 6170581  nreaders: 0  nupdaters: 3 duration: 10
ns/read: nan  ns/update: 4861.78
rcu64 4 uperf 2
n_reads: 0  n_updates: 5070740  nreaders: 0  nupdaters: 4 duration: 10
ns/read: nan  ns/update: 7888.39
rcu64 6 uperf 2
n_reads: 0  n_updates: 5751138  nreaders: 0  nupdaters: 6 duration: 10
ns/read: nan  ns/update: 10432.7
rcu64 8 uperf 2
n_reads: 0  n_updates: 6080441  nreaders: 0  nupdaters: 8 duration: 10
ns/read: nan  ns/update: 13156.9
rcu64 12 uperf 2
n_reads: 0  n_updates: 5723394  nreaders: 0  nupdaters: 12 duration: 10
ns/read: nan  ns/update: 20966.6
rcu64 16 uperf 2
n_reads: 0  n_updates: 5317083  nreaders: 0  nupdaters: 16 duration: 10
ns/read: nan  ns/update: 30091.7
rcu64 24 uperf 2
n_reads: 0  n_updates: 5480547  nreaders: 0  nupdaters: 24 duration: 10
ns/read: nan  ns/update: 43791.2
rcu64 32 uperf 2
n_reads: 0  n_updates: 5432260  nreaders: 0  nupdaters: 32 duration: 10
ns/read: nan  ns/update: 58907.3
rcu64 48 uperf 2
n_reads: 0  n_updates: 5393396  nreaders: 0  nupdaters: 48 duration: 10
ns/read: nan  ns/update: 88997.7
rcu64 64 uperf 2
n_reads: 0  n_updates: 5343195  nreaders: 0  nupdaters: 64 duration: 10
ns/read: nan  ns/update: 119779
rcu_lock 1 rperf 2
n_reads: 80198000  n_updates: 0  nreaders: 1  nupdaters: 0 duration: 10
ns/read: 124.691  ns/update: nan
rcu_lock 2 rperf 2
n_reads: 34804000  n_updates: 0  nreaders: 2  nupdaters: 0 duration: 10
ns/read: 574.647  ns/update: nan
rcu_lock 3 rperf 2
n_reads: 31842000  n_updates: 0  nreaders: 3  nupdaters: 0 duration: 10
ns/read: 942.152  ns/update: nan
rcu_lock 4 rperf 2
n_reads: 29757000  n_updates: 0  nreaders: 4  nupdaters: 0 duration: 10
ns/read: 1344.22  ns/update: nan
rcu_lock 6 rperf 2
n_reads: 24861000  n_updates: 0  nreaders: 6  nupdaters: 0 duration: 10
ns/read: 2413.42  ns/update: nan
rcu_lock 8 rperf 2
n_reads: 23618000  n_updates: 0  nreaders: 8  nupdaters: 0 duration: 10
ns/read: 3387.25  ns/update: nan
rcu_lock 12 rperf 2
n_reads: 26386000  n_updates: 0  nreaders: 12  nupdaters: 0 duration: 10
ns/read: 4547.87  ns/update: nan
rcu_lock 16 rperf 2
n_reads: 28133000  n_updates: 0  nreaders: 16  nupdaters: 0 duration: 10
ns/read: 5687.27  ns/update: nan
rcu_lock 24 rperf 2
n_reads: 30460000  n_updates: 0  nreaders: 24  nupdaters: 0 duration: 10
ns/read: 7879.19  ns/update: nan
rcu_lock 32 rperf 2
n_reads: 30881000  n_updates: 0  nreaders: 32  nupdaters: 0 duration: 10
ns/read: 10362.4  ns/update: nan
rcu_lock 48 rperf 2
n_reads: 31817000  n_updates: 0  nreaders: 48  nupdaters: 0 duration: 10
ns/read: 15086.3  ns/update: nan
rcu_lock 64 rperf 2
n_reads: 32395000  n_updates: 0  nreaders: 64  nupdaters: 0 duration: 10
ns/read: 19756.1  ns/update: nan
rcu_lock 1 uperf 2
n_reads: 0  n_updates: 87336641  nreaders: 0  nupdaters: 1 duration: 10
ns/read: nan  ns/update: 114.499
rcu_lock 2 uperf 2
n_reads: 0  n_updates: 35572956  nreaders: 0  nupdaters: 2 duration: 10
ns/read: nan  ns/update: 562.225
rcu_lock 3 uperf 2
n_reads: 0  n_updates: 29712847  nreaders: 0  nupdaters: 3 duration: 10
ns/read: nan  ns/update: 1009.66
rcu_lock 4 uperf 2
n_reads: 0  n_updates: 22926100  nreaders: 0  nupdaters: 4 duration: 10
ns/read: nan  ns/update: 1744.74
rcu_lock 6 uperf 2
n_reads: 0  n_updates: 23109939  nreaders: 0  nupdaters: 6 duration: 10
ns/read: nan  ns/update: 2596.29
rcu_lock 8 uperf 2
n_reads: 0  n_updates: 24590244  nreaders: 0  nupdaters: 8 duration: 10
ns/read: nan  ns/update: 3253.32
rcu_lock 12 uperf 2
n_reads: 0  n_updates: 27360858  nreaders: 0  nupdaters: 12 duration: 10
ns/read: nan  ns/update: 4385.83
rcu_lock 16 uperf 2
n_reads: 0  n_updates: 29081639  nreaders: 0  nupdaters: 16 duration: 10
ns/read: nan  ns/update: 5501.75
rcu_lock 24 uperf 2
n_reads: 0  n_updates: 32241007  nreaders: 0  nupdaters: 24 duration: 10
ns/read: nan  ns/update: 7443.94
rcu_lock 32 uperf 2
n_reads: 0  n_updates: 31773914  nreaders: 0  nupdaters: 32 duration: 10
ns/read: nan  ns/update: 10071.2
rcu_lock 48 uperf 2
n_reads: 0  n_updates: 31975639  nreaders: 0  nupdaters: 48 duration: 10
ns/read: nan  ns/update: 15011.4
rcu_lock 64 uperf 2
n_reads: 0  n_updates: 32643472  nreaders: 0  nupdaters: 64 duration: 10
ns/read: nan  ns/update: 19605.8
rcu_lock_percpu 1 rperf 2
n_reads: 67241000  n_updates: 0  nreaders: 1  nupdaters: 0 duration: 10
ns/read: 148.719  ns/update: nan
rcu_lock_percpu 2 rperf 2
n_reads: 132888000  n_updates: 0  nreaders: 2  nupdaters: 0 duration: 10
ns/read: 150.503  ns/update: nan
rcu_lock_percpu 3 rperf 2
n_reads: 197447000  n_updates: 0  nreaders: 3  nupdaters: 0 duration: 10
ns/read: 151.94  ns/update: nan
rcu_lock_percpu 4 rperf 2
n_reads: 257867000  n_updates: 0  nreaders: 4  nupdaters: 0 duration: 10
ns/read: 155.119  ns/update: nan
rcu_lock_percpu 6 rperf 2
n_reads: 392827000  n_updates: 0  nreaders: 6  nupdaters: 0 duration: 10
ns/read: 152.739  ns/update: nan
rcu_lock_percpu 8 rperf 2
n_reads: 512919000  n_updates: 0  nreaders: 8  nupdaters: 0 duration: 10
ns/read: 155.97  ns/update: nan
rcu_lock_percpu 12 rperf 2
n_reads: 777395000  n_updates: 0  nreaders: 12  nupdaters: 0 duration: 10
ns/read: 154.362  ns/update: nan
rcu_lock_percpu 16 rperf 2
n_reads: 1019423000  n_updates: 0  nreaders: 16  nupdaters: 0 duration: 10
ns/read: 156.952  ns/update: nan
rcu_lock_percpu 24 rperf 2
n_reads: 1527544000  n_updates: 0  nreaders: 24  nupdaters: 0 duration: 10
ns/read: 157.115  ns/update: nan
rcu_lock_percpu 32 rperf 2
n_reads: 2037795000  n_updates: 0  nreaders: 32  nupdaters: 0 duration: 10
ns/read: 157.032  ns/update: nan
rcu_lock_percpu 48 rperf 2
n_reads: 3073457000  n_updates: 0  nreaders: 48  nupdaters: 0 duration: 10
ns/read: 156.176  ns/update: nan
rcu_lock_percpu 64 rperf 2
n_reads: 4091244000  n_updates: 0  nreaders: 64  nupdaters: 0 duration: 10
ns/read: 156.432  ns/update: nan
rcu_lock_percpu 1 uperf 2
n_reads: 0  n_updates: 14730430  nreaders: 0  nupdaters: 1 duration: 10
ns/read: nan  ns/update: 678.867
rcu_lock_percpu 2 uperf 2
n_reads: 0  n_updates: 16138615  nreaders: 0  nupdaters: 2 duration: 10
ns/read: nan  ns/update: 1239.26
rcu_lock_percpu 3 uperf 2
n_reads: 0  n_updates: 14533762  nreaders: 0  nupdaters: 3 duration: 10
ns/read: nan  ns/update: 2064.16
rcu_lock_percpu 4 uperf 2
n_reads: 0  n_updates: 13393902  nreaders: 0  nupdaters: 4 duration: 10
ns/read: nan  ns/update: 2986.43
rcu_lock_percpu 6 uperf 2
n_reads: 0  n_updates: 11747277  nreaders: 0  nupdaters: 6 duration: 10
ns/read: nan  ns/update: 5107.57
rcu_lock_percpu 8 uperf 2
n_reads: 0  n_updates: 11028708  nreaders: 0  nupdaters: 8 duration: 10
ns/read: nan  ns/update: 7253.8
rcu_lock_percpu 12 uperf 2
n_reads: 0  n_updates: 9431047  nreaders: 0  nupdaters: 12 duration: 10
ns/read: nan  ns/update: 12723.9
rcu_lock_percpu 16 uperf 2
n_reads: 0  n_updates: 8785569  nreaders: 0  nupdaters: 16 duration: 10
ns/read: nan  ns/update: 18211.7
rcu_lock_percpu 24 uperf 2
n_reads: 0  n_updates: 7817385  nreaders: 0  nupdaters: 24 duration: 10
ns/read: nan  ns/update: 30700.8
rcu_lock_percpu 32 uperf 2
n_reads: 0  n_updates: 7178369  nreaders: 0  nupdaters: 32 duration: 10
ns/read: nan  ns/update: 44578.4
rcu_lock_percpu 48 uperf 2
n_reads: 0  n_updates: 6126384  nreaders: 0  nupdaters: 48 duration: 10
ns/read: nan  ns/update: 78349.6
rcu_lock_percpu 64 uperf 2
n_reads: 0  n_updates: 5198316  nreaders: 0  nupdaters: 64 duration: 10
ns/read: nan  ns/update: 123117
rcu_nest 1 rperf 2
n_reads: 141962000  n_updates: 0  nreaders: 1  nupdaters: 0 duration: 10
ns/read: 70.4414  ns/update: nan
rcu_nest 2 rperf 2
n_reads: 283411000  n_updates: 0  nreaders: 2  nupdaters: 0 duration: 10
ns/read: 70.5689  ns/update: nan
rcu_nest 3 rperf 2
n_reads: 425325000  n_updates: 0  nreaders: 3  nupdaters: 0 duration: 10
ns/read: 70.5343  ns/update: nan
rcu_nest 4 rperf 2
n_reads: 561157000  n_updates: 0  nreaders: 4  nupdaters: 0 duration: 10
ns/read: 71.2813  ns/update: nan
rcu_nest 6 rperf 2
n_reads: 844957000  n_updates: 0  nreaders: 6  nupdaters: 0 duration: 10
ns/read: 71.0095  ns/update: nan
rcu_nest 8 rperf 2
n_reads: 1128215000  n_updates: 0  nreaders: 8  nupdaters: 0 duration: 10
ns/read: 70.9085  ns/update: nan
rcu_nest 12 rperf 2
n_reads: 1689959000  n_updates: 0  nreaders: 12  nupdaters: 0 duration: 10
ns/read: 71.0076  ns/update: nan
rcu_nest 16 rperf 2
n_reads: 2250978000  n_updates: 0  nreaders: 16  nupdaters: 0 duration: 10
ns/read: 71.0802  ns/update: nan
rcu_nest 24 rperf 2
n_reads: 3379214000  n_updates: 0  nreaders: 24  nupdaters: 0 duration: 10
ns/read: 71.0224  ns/update: nan
rcu_nest 32 rperf 2
n_reads: 4508433000  n_updates: 0  nreaders: 32  nupdaters: 0 duration: 10
ns/read: 70.9781  ns/update: nan
rcu_nest 48 rperf 2
n_reads: 6759024000  n_updates: 0  nreaders: 48  nupdaters: 0 duration: 10
ns/read: 71.0162  ns/update: nan
rcu_nest 64 rperf 2
n_reads: 9010061000  n_updates: 0  nreaders: 64  nupdaters: 0 duration: 10
ns/read: 71.0317  ns/update: nan
rcu_nest 1 uperf 2
n_reads: 0  n_updates: 14991263  nreaders: 0  nupdaters: 1 duration: 10
ns/read: nan  ns/update: 667.055
rcu_nest 2 uperf 2
n_reads: 0  n_updates: 7992483  nreaders: 0  nupdaters: 2 duration: 10
ns/read: nan  ns/update: 2502.35
rcu_nest 3 uperf 2
n_reads: 0  n_updates: 5796082  nreaders: 0  nupdaters: 3 duration: 10
ns/read: nan  ns/update: 5175.91
rcu_nest 4 uperf 2
n_reads: 0  n_updates: 5181936  nreaders: 0  nupdaters: 4 duration: 10
ns/read: nan  ns/update: 7719.12
rcu_nest 6 uperf 2
n_reads: 0  n_updates: 5482245  nreaders: 0  nupdaters: 6 duration: 10
ns/read: nan  ns/update: 10944.4
rcu_nest 8 uperf 2
n_reads: 0  n_updates: 5774069  nreaders: 0  nupdaters: 8 duration: 10
ns/read: nan  ns/update: 13855
rcu_nest 12 uperf 2
n_reads: 0  n_updates: 5118820  nreaders: 0  nupdaters: 12 duration: 10
ns/read: nan  ns/update: 23442.9
rcu_nest 16 uperf 2
n_reads: 0  n_updates: 5000003  nreaders: 0  nupdaters: 16 duration: 10
ns/read: nan  ns/update: 32000
rcu_nest 24 uperf 2
n_reads: 0  n_updates: 4894805  nreaders: 0  nupdaters: 24 duration: 10
ns/read: nan  ns/update: 49031.6
rcu_nest 32 uperf 2
n_reads: 0  n_updates: 4800256  nreaders: 0  nupdaters: 32 duration: 10
ns/read: nan  ns/update: 66663.1
rcu_nest 48 uperf 2
n_reads: 0  n_updates: 4880300  nreaders: 0  nupdaters: 48 duration: 10
ns/read: nan  ns/update: 98354.6
rcu_nest 64 uperf 2
n_reads: 0  n_updates: 4745259  nreaders: 0  nupdaters: 64 duration: 10
ns/read: nan  ns/update: 134871
rcu_nest_qs 1 rperf 2
n_reads: 351047000  n_updates: 0  nreaders: 1  nupdaters: 0 duration: 10
ns/read: 28.4862  ns/update: nan
rcu_nest_qs 2 rperf 2
n_reads: 701974000  n_updates: 0  nreaders: 2  nupdaters: 0 duration: 10
ns/read: 28.4911  ns/update: nan
rcu_nest_qs 3 rperf 2
n_reads: 1053128000  n_updates: 0  nreaders: 3  nupdaters: 0 duration: 10
ns/read: 28.4866  ns/update: nan
rcu_nest_qs 4 rperf 2
n_reads: 1404214000  n_updates: 0  nreaders: 4  nupdaters: 0 duration: 10
ns/read: 28.4857  ns/update: nan
rcu_nest_qs 6 rperf 2
n_reads: 2106499000  n_updates: 0  nreaders: 6  nupdaters: 0 duration: 10
ns/read: 28.4833  ns/update: nan
rcu_nest_qs 8 rperf 2
n_reads: 2808877000  n_updates: 0  nreaders: 8  nupdaters: 0 duration: 10
ns/read: 28.4811  ns/update: nan
rcu_nest_qs 12 rperf 2
n_reads: 4213225000  n_updates: 0  nreaders: 12  nupdaters: 0 duration: 10
ns/read: 28.4817  ns/update: nan
rcu_nest_qs 16 rperf 2
n_reads: 5617360000  n_updates: 0  nreaders: 16  nupdaters: 0 duration: 10
ns/read: 28.4831  ns/update: nan
rcu_nest_qs 24 rperf 2
n_reads: 8424927000  n_updates: 0  nreaders: 24  nupdaters: 0 duration: 10
ns/read: 28.4869  ns/update: nan
rcu_nest_qs 32 rperf 2
n_reads: 11233911000  n_updates: 0  nreaders: 32  nupdaters: 0 duration: 10
ns/read: 28.4852  ns/update: nan
rcu_nest_qs 48 rperf 2
n_reads: 16851538000  n_updates: 0  nreaders: 48  nupdaters: 0 duration: 10
ns/read: 28.484  ns/update: nan
rcu_nest_qs 64 rperf 2
n_reads: 22468788000  n_updates: 0  nreaders: 64  nupdaters: 0 duration: 10
ns/read: 28.484  ns/update: nan
rcu_nest_qs 1 uperf 2
n_reads: 0  n_updates: 14550942  nreaders: 0  nupdaters: 1 duration: 10
ns/read: nan  ns/update: 687.241
rcu_nest_qs 2 uperf 2
n_reads: 0  n_updates: 8837129  nreaders: 0  nupdaters: 2 duration: 10
ns/read: nan  ns/update: 2263.18
rcu_nest_qs 3 uperf 2
n_reads: 0  n_updates: 5811217  nreaders: 0  nupdaters: 3 duration: 10
ns/read: nan  ns/update: 5162.43
rcu_nest_qs 4 uperf 2
n_reads: 0  n_updates: 5151246  nreaders: 0  nupdaters: 4 duration: 10
ns/read: nan  ns/update: 7765.11
rcu_nest_qs 6 uperf 2
n_reads: 0  n_updates: 5794609  nreaders: 0  nupdaters: 6 duration: 10
ns/read: nan  ns/update: 10354.5
rcu_nest_qs 8 uperf 2
n_reads: 0  n_updates: 5893651  nreaders: 0  nupdaters: 8 duration: 10
ns/read: nan  ns/update: 13573.9
rcu_nest_qs 12 uperf 2
n_reads: 0  n_updates: 5385412  nreaders: 0  nupdaters: 12 duration: 10
ns/read: nan  ns/update: 22282.4
rcu_nest_qs 16 uperf 2
n_reads: 0  n_updates: 4984700  nreaders: 0  nupdaters: 16 duration: 10
ns/read: nan  ns/update: 32098.2
rcu_nest_qs 24 uperf 2
n_reads: 0  n_updates: 4980625  nreaders: 0  nupdaters: 24 duration: 10
ns/read: nan  ns/update: 48186.7
rcu_nest_qs 32 uperf 2
n_reads: 0  n_updates: 4774977  nreaders: 0  nupdaters: 32 duration: 10
ns/read: nan  ns/update: 67016
rcu_nest_qs 48 uperf 2
n_reads: 0  n_updates: 5176853  nreaders: 0  nupdaters: 48 duration: 10
ns/read: nan  ns/update: 92720.4
rcu_nest_qs 64 uperf 2
n_reads: 0  n_updates: 4777390  nreaders: 0  nupdaters: 64 duration: 10
ns/read: nan  ns/update: 133964
rcu_qs 1 rperf 2
n_reads: 174574790000  n_updates: 0  nreaders: 1  nupdaters: 0 duration: 10
ns/read: 0.057282  ns/update: nan
rcu_qs 2 rperf 2
n_reads: 343539225000  n_updates: 0  nreaders: 2  nupdaters: 0 duration: 10
ns/read: 0.0582175  ns/update: nan
rcu_qs 3 rperf 2
n_reads: 514985119000  n_updates: 0  nreaders: 3  nupdaters: 0 duration: 10
ns/read: 0.0582541  ns/update: nan
rcu_qs 4 rperf 2
n_reads: 689683132000  n_updates: 0  nreaders: 4  nupdaters: 0 duration: 10
ns/read: 0.0579976  ns/update: nan
rcu_qs 6 rperf 2
n_reads: 1021616315000  n_updates: 0  nreaders: 6  nupdaters: 0 duration: 10
ns/read: 0.0587305  ns/update: nan
rcu_qs 8 rperf 2
n_reads: 1349603043000  n_updates: 0  nreaders: 8  nupdaters: 0 duration: 10
ns/read: 0.0592767  ns/update: nan
rcu_qs 12 rperf 2
n_reads: 2029525230000  n_updates: 0  nreaders: 12  nupdaters: 0 duration: 10
ns/read: 0.0591271  ns/update: nan
rcu_qs 16 rperf 2
n_reads: 2709551504000  n_updates: 0  nreaders: 16  nupdaters: 0 duration: 10
ns/read: 0.0590504  ns/update: nan
rcu_qs 24 rperf 2
n_reads: 4068838460000  n_updates: 0  nreaders: 24  nupdaters: 0 duration: 10
ns/read: 0.0589849  ns/update: nan
rcu_qs 32 rperf 2
n_reads: 5442670399000  n_updates: 0  nreaders: 32  nupdaters: 0 duration: 10
ns/read: 0.0587947  ns/update: nan
rcu_qs 48 rperf 2
n_reads: 8087056565000  n_updates: 0  nreaders: 48  nupdaters: 0 duration: 10
ns/read: 0.0593541  ns/update: nan
rcu_qs 64 rperf 2
n_reads: 10831432624000  n_updates: 0  nreaders: 64  nupdaters: 0 duration: 10
ns/read: 0.0590873  ns/update: nan
rcu_qs 1 uperf 2
n_reads: 0  n_updates: 14944536  nreaders: 0  nupdaters: 1 duration: 10
ns/read: nan  ns/update: 669.141
rcu_qs 2 uperf 2
n_reads: 0  n_updates: 8357854  nreaders: 0  nupdaters: 2 duration: 10
ns/read: nan  ns/update: 2392.96
rcu_qs 3 uperf 2
n_reads: 0  n_updates: 5985023  nreaders: 0  nupdaters: 3 duration: 10
ns/read: nan  ns/update: 5012.51
rcu_qs 4 uperf 2
n_reads: 0  n_updates: 5271083  nreaders: 0  nupdaters: 4 duration: 10
ns/read: nan  ns/update: 7588.57
rcu_qs 6 uperf 2
n_reads: 0  n_updates: 5648490  nreaders: 0  nupdaters: 6 duration: 10
ns/read: nan  ns/update: 10622.3
rcu_qs 8 uperf 2
n_reads: 0  n_updates: 5850706  nreaders: 0  nupdaters: 8 duration: 10
ns/read: nan  ns/update: 13673.6
rcu_qs 12 uperf 2
n_reads: 0  n_updates: 5338430  nreaders: 0  nupdaters: 12 duration: 10
ns/read: nan  ns/update: 22478.5
rcu_qs 16 uperf 2
n_reads: 0  n_updates: 4983677  nreaders: 0  nupdaters: 16 duration: 10
ns/read: nan  ns/update: 32104.8
rcu_qs 24 uperf 2
n_reads: 0  n_updates: 4930515  nreaders: 0  nupdaters: 24 duration: 10
ns/read: nan  ns/update: 48676.5
rcu_qs 32 uperf 2
n_reads: 0  n_updates: 4929379  nreaders: 0  nupdaters: 32 duration: 10
ns/read: nan  ns/update: 64916.9
rcu_qs 48 uperf 2
n_reads: 0  n_updates: 4814185  nreaders: 0  nupdaters: 48 duration: 10
ns/read: nan  ns/update: 99705.3
rcu_qs 64 uperf 2
n_reads: 0  n_updates: 4852549  nreaders: 0  nupdaters: 64 duration: 10
ns/read: nan  ns/update: 131889
rcu_rcg 1 rperf 2
n_reads: 85143000  n_updates: 0  nreaders: 1  nupdaters: 0 duration: 10
ns/read: 117.449  ns/update: nan
rcu_rcg 2 rperf 2
n_reads: 155996000  n_updates: 0  nreaders: 2  nupdaters: 0 duration: 10
ns/read: 128.208  ns/update: nan
rcu_rcg 3 rperf 2
n_reads: 93152000  n_updates: 0  nreaders: 3  nupdaters: 0 duration: 10
ns/read: 322.054  ns/update: nan
rcu_rcg 4 rperf 2
n_reads: 97393000  n_updates: 0  nreaders: 4  nupdaters: 0 duration: 10
ns/read: 410.707  ns/update: nan
rcu_rcg 6 rperf 2
n_reads: 78429000  n_updates: 0  nreaders: 6  nupdaters: 0 duration: 10
ns/read: 765.023  ns/update: nan
rcu_rcg 8 rperf 2
n_reads: 66520000  n_updates: 0  nreaders: 8  nupdaters: 0 duration: 10
ns/read: 1202.65  ns/update: nan
rcu_rcg 12 rperf 2
n_reads: 57533000  n_updates: 0  nreaders: 12  nupdaters: 0 duration: 10
ns/read: 2085.76  ns/update: nan
rcu_rcg 16 rperf 2
n_reads: 48493000  n_updates: 0  nreaders: 16  nupdaters: 0 duration: 10
ns/read: 3299.45  ns/update: nan
rcu_rcg 24 rperf 2
n_reads: 38346000  n_updates: 0  nreaders: 24  nupdaters: 0 duration: 10
ns/read: 6258.8  ns/update: nan
rcu_rcg 32 rperf 2
n_reads: 30178000  n_updates: 0  nreaders: 32  nupdaters: 0 duration: 10
ns/read: 10603.8  ns/update: nan
rcu_rcg 48 rperf 2
n_reads: 20657000  n_updates: 0  nreaders: 48  nupdaters: 0 duration: 10
ns/read: 23236.7  ns/update: nan
rcu_rcg 64 rperf 2
n_reads: 14520000  n_updates: 0  nreaders: 64  nupdaters: 0 duration: 10
ns/read: 44077.1  ns/update: nan
rcu_rcg 1 uperf 2
n_reads: 0  n_updates: 225329862  nreaders: 0  nupdaters: 1 duration: 10
ns/read: nan  ns/update: 44.3794
rcu_rcg 2 uperf 2
n_reads: 0  n_updates: 450632425  nreaders: 0  nupdaters: 2 duration: 10
ns/read: nan  ns/update: 44.3821
rcu_rcg 3 uperf 2
n_reads: 0  n_updates: 675700206  nreaders: 0  nupdaters: 3 duration: 10
ns/read: nan  ns/update: 44.3984
rcu_rcg 4 uperf 2
n_reads: 0  n_updates: 901071723  nreaders: 0  nupdaters: 4 duration: 10
ns/read: nan  ns/update: 44.3916
rcu_rcg 6 uperf 2
n_reads: 0  n_updates: 1351643739  nreaders: 0  nupdaters: 6 duration: 10
ns/read: nan  ns/update: 44.3904
rcu_rcg 8 uperf 2
n_reads: 0  n_updates: 1802456934  nreaders: 0  nupdaters: 8 duration: 10
ns/read: nan  ns/update: 44.3839
rcu_rcg 12 uperf 2
n_reads: 0  n_updates: 2703467973  nreaders: 0  nupdaters: 12 duration: 10
ns/read: nan  ns/update: 44.3874
rcu_rcg 16 uperf 2
n_reads: 0  n_updates: 3604396807  nreaders: 0  nupdaters: 16 duration: 10
ns/read: nan  ns/update: 44.3902
rcu_rcg 24 uperf 2
n_reads: 0  n_updates: 5405580377  nreaders: 0  nupdaters: 24 duration: 10
ns/read: nan  ns/update: 44.3986
rcu_rcg 32 uperf 2
n_reads: 0  n_updates: 7208191537  nreaders: 0  nupdaters: 32 duration: 10
ns/read: nan  ns/update: 44.3939
rcu_rcg 48 uperf 2
n_reads: 0  n_updates: 10811215817  nreaders: 0  nupdaters: 48 duration: 10
ns/read: nan  ns/update: 44.3983
rcu_rcg 64 uperf 2
n_reads: 0  n_updates: 14414038878  nreaders: 0  nupdaters: 64 duration: 10
ns/read: nan  ns/update: 44.4012
rcu_rcpg 1 rperf 2
n_reads: 56918000  n_updates: 0  nreaders: 1  nupdaters: 0 duration: 10
ns/read: 175.691  ns/update: nan
rcu_rcpg 2 rperf 2
n_reads: 93936000  n_updates: 0  nreaders: 2  nupdaters: 0 duration: 10
ns/read: 212.911  ns/update: nan
rcu_rcpg 3 rperf 2
n_reads: 54364000  n_updates: 0  nreaders: 3  nupdaters: 0 duration: 10
ns/read: 551.836  ns/update: nan
rcu_rcpg 4 rperf 2
n_reads: 75995000  n_updates: 0  nreaders: 4  nupdaters: 0 duration: 10
ns/read: 526.35  ns/update: nan
rcu_rcpg 6 rperf 2
n_reads: 59132000  n_updates: 0  nreaders: 6  nupdaters: 0 duration: 10
ns/read: 1014.68  ns/update: nan
rcu_rcpg 8 rperf 2
n_reads: 50444000  n_updates: 0  nreaders: 8  nupdaters: 0 duration: 10
ns/read: 1585.92  ns/update: nan
rcu_rcpg 12 rperf 2
n_reads: 45518000  n_updates: 0  nreaders: 12  nupdaters: 0 duration: 10
ns/read: 2636.32  ns/update: nan
rcu_rcpg 16 rperf 2
n_reads: 39604000  n_updates: 0  nreaders: 16  nupdaters: 0 duration: 10
ns/read: 4040  ns/update: nan
rcu_rcpg 24 rperf 2
n_reads: 32306000  n_updates: 0  nreaders: 24  nupdaters: 0 duration: 10
ns/read: 7428.96  ns/update: nan
rcu_rcpg 32 rperf 2
n_reads: 27869000  n_updates: 0  nreaders: 32  nupdaters: 0 duration: 10
ns/read: 11482.3  ns/update: nan
rcu_rcpg 48 rperf 2
n_reads: 20653000  n_updates: 0  nreaders: 48  nupdaters: 0 duration: 10
ns/read: 23241.2  ns/update: nan
rcu_rcpg 64 rperf 2
n_reads: 15770000  n_updates: 0  nreaders: 64  nupdaters: 0 duration: 10
ns/read: 40583.4  ns/update: nan
rcu_rcpg 1 uperf 2
n_reads: 0  n_updates: 40941182  nreaders: 0  nupdaters: 1 duration: 10
ns/read: nan  ns/update: 244.253
rcu_rcpg 2 uperf 2
n_reads: 0  n_updates: 14705702  nreaders: 0  nupdaters: 2 duration: 10
ns/read: nan  ns/update: 1360.02
rcu_rcpg 3 uperf 2
n_reads: 0  n_updates: 11033194  nreaders: 0  nupdaters: 3 duration: 10
ns/read: nan  ns/update: 2719.07
rcu_rcpg 4 uperf 2
n_reads: 0  n_updates: 10825301  nreaders: 0  nupdaters: 4 duration: 10
ns/read: nan  ns/update: 3695.05
rcu_rcpg 6 uperf 2
n_reads: 0  n_updates: 10404684  nreaders: 0  nupdaters: 6 duration: 10
ns/read: nan  ns/update: 5766.63
rcu_rcpg 8 uperf 2
n_reads: 0  n_updates: 11063716  nreaders: 0  nupdaters: 8 duration: 10
ns/read: nan  ns/update: 7230.84
rcu_rcpg 12 uperf 2
n_reads: 0  n_updates: 11613991  nreaders: 0  nupdaters: 12 duration: 10
ns/read: nan  ns/update: 10332.4
rcu_rcpg 16 uperf 2
n_reads: 0  n_updates: 11976300  nreaders: 0  nupdaters: 16 duration: 10
ns/read: nan  ns/update: 13359.7
rcu_rcpg 24 uperf 2
n_reads: 0  n_updates: 13096785  nreaders: 0  nupdaters: 24 duration: 10
ns/read: nan  ns/update: 18325.1
rcu_rcpg 32 uperf 2
n_reads: 0  n_updates: 13299039  nreaders: 0  nupdaters: 32 duration: 10
ns/read: nan  ns/update: 24061.9
rcu_rcpg 48 uperf 2
n_reads: 0  n_updates: 13359731  nreaders: 0  nupdaters: 48 duration: 10
ns/read: nan  ns/update: 35928.9
rcu_rcpg 64 uperf 2
n_reads: 0  n_updates: 13665744  nreaders: 0  nupdaters: 64 duration: 10
ns/read: nan  ns/update: 46832.4
rcu_rcpl 1 rperf 2
n_reads: 79455000  n_updates: 0  nreaders: 1  nupdaters: 0 duration: 10
ns/read: 125.857  ns/update: nan
rcu_rcpl 2 rperf 2
n_reads: 158610000  n_updates: 0  nreaders: 2  nupdaters: 0 duration: 10
ns/read: 126.095  ns/update: nan
rcu_rcpl 3 rperf 2
n_reads: 237108000  n_updates: 0  nreaders: 3  nupdaters: 0 duration: 10
ns/read: 126.525  ns/update: nan
rcu_rcpl 4 rperf 2
n_reads: 315695000  n_updates: 0  nreaders: 4  nupdaters: 0 duration: 10
ns/read: 126.705  ns/update: nan
rcu_rcpl 6 rperf 2
n_reads: 469947000  n_updates: 0  nreaders: 6  nupdaters: 0 duration: 10
ns/read: 127.674  ns/update: nan
rcu_rcpl 8 rperf 2
n_reads: 624549000  n_updates: 0  nreaders: 8  nupdaters: 0 duration: 10
ns/read: 128.092  ns/update: nan
rcu_rcpl 12 rperf 2
n_reads: 946077000  n_updates: 0  nreaders: 12  nupdaters: 0 duration: 10
ns/read: 126.84  ns/update: nan
rcu_rcpl 16 rperf 2
n_reads: 1251304000  n_updates: 0  nreaders: 16  nupdaters: 0 duration: 10
ns/read: 127.867  ns/update: nan
rcu_rcpl 24 rperf 2
n_reads: 1883770000  n_updates: 0  nreaders: 24  nupdaters: 0 duration: 10
ns/read: 127.404  ns/update: nan
rcu_rcpl 32 rperf 2
n_reads: 2503428000  n_updates: 0  nreaders: 32  nupdaters: 0 duration: 10
ns/read: 127.825  ns/update: nan
rcu_rcpl 48 rperf 2
n_reads: 3724389000  n_updates: 0  nreaders: 48  nupdaters: 0 duration: 10
ns/read: 128.88  ns/update: nan
rcu_rcpl 64 rperf 2
n_reads: 5006958000  n_updates: 0  nreaders: 64  nupdaters: 0 duration: 10
ns/read: 127.822  ns/update: nan
rcu_rcpl 1 uperf 2
n_reads: 0  n_updates: 9650167  nreaders: 0  nupdaters: 1 duration: 10
ns/read: nan  ns/update: 1036.25
rcu_rcpl 2 uperf 2
n_reads: 0  n_updates: 3992446  nreaders: 0  nupdaters: 2 duration: 10
ns/read: nan  ns/update: 5009.46
rcu_rcpl 3 uperf 2
n_reads: 0  n_updates: 4343782  nreaders: 0  nupdaters: 3 duration: 10
ns/read: nan  ns/update: 6906.42
rcu_rcpl 4 uperf 2
n_reads: 0  n_updates: 4156254  nreaders: 0  nupdaters: 4 duration: 10
ns/read: nan  ns/update: 9624.05
rcu_rcpl 6 uperf 2
n_reads: 0  n_updates: 4470207  nreaders: 0  nupdaters: 6 duration: 10
ns/read: nan  ns/update: 13422.2
rcu_rcpl 8 uperf 2
n_reads: 0  n_updates: 4492899  nreaders: 0  nupdaters: 8 duration: 10
ns/read: nan  ns/update: 17805.9
rcu_rcpl 12 uperf 2
n_reads: 0  n_updates: 3771051  nreaders: 0  nupdaters: 12 duration: 10
ns/read: nan  ns/update: 31821.4
rcu_rcpl 16 uperf 2
n_reads: 0  n_updates: 3406379  nreaders: 0  nupdaters: 16 duration: 10
ns/read: nan  ns/update: 46970.7
rcu_rcpl 24 uperf 2
n_reads: 0  n_updates: 3261883  nreaders: 0  nupdaters: 24 duration: 10
ns/read: nan  ns/update: 73577.1
rcu_rcpl 32 uperf 2
n_reads: 0  n_updates: 3276456  nreaders: 0  nupdaters: 32 duration: 10
ns/read: nan  ns/update: 97666.5
rcu_rcpl 48 uperf 2
n_reads: 0  n_updates: 3479625  nreaders: 0  nupdaters: 48 duration: 10
ns/read: nan  ns/update: 137946
rcu_rcpl 64 uperf 2
n_reads: 0  n_updates: 3134884  nreaders: 0  nupdaters: 64 duration: 10
ns/read: nan  ns/update: 204154
rcu_rcpls 1 rperf 2
n_reads: 79277000  n_updates: 0  nreaders: 1  nupdaters: 0 duration: 10
ns/read: 126.14  ns/update: nan
rcu_rcpls 2 rperf 2
n_reads: 158777000  n_updates: 0  nreaders: 2  nupdaters: 0 duration: 10
ns/read: 125.963  ns/update: nan
rcu_rcpls 3 rperf 2
n_reads: 235679000  n_updates: 0  nreaders: 3  nupdaters: 0 duration: 10
ns/read: 127.292  ns/update: nan
rcu_rcpls 4 rperf 2
n_reads: 306387000  n_updates: 0  nreaders: 4  nupdaters: 0 duration: 10
ns/read: 130.554  ns/update: nan
rcu_rcpls 6 rperf 2
n_reads: 476783000  n_updates: 0  nreaders: 6  nupdaters: 0 duration: 10
ns/read: 125.843  ns/update: nan
rcu_rcpls 8 rperf 2
n_reads: 619896000  n_updates: 0  nreaders: 8  nupdaters: 0 duration: 10
ns/read: 129.054  ns/update: nan
rcu_rcpls 12 rperf 2
n_reads: 940980000  n_updates: 0  nreaders: 12  nupdaters: 0 duration: 10
ns/read: 127.527  ns/update: nan
rcu_rcpls 16 rperf 2
n_reads: 1258284000  n_updates: 0  nreaders: 16  nupdaters: 0 duration: 10
ns/read: 127.157  ns/update: nan
rcu_rcpls 24 rperf 2
n_reads: 1875608000  n_updates: 0  nreaders: 24  nupdaters: 0 duration: 10
ns/read: 127.959  ns/update: nan
rcu_rcpls 32 rperf 2
n_reads: 2501978000  n_updates: 0  nreaders: 32  nupdaters: 0 duration: 10
ns/read: 127.899  ns/update: nan
rcu_rcpls 48 rperf 2
n_reads: 3760286000  n_updates: 0  nreaders: 48  nupdaters: 0 duration: 10
ns/read: 127.65  ns/update: nan
rcu_rcpls 64 rperf 2
n_reads: 5041337000  n_updates: 0  nreaders: 64  nupdaters: 0 duration: 10
ns/read: 126.95  ns/update: nan
rcu_rcpls 1 uperf 2
n_reads: 0  n_updates: 10072469  nreaders: 0  nupdaters: 1 duration: 10
ns/read: nan  ns/update: 992.805
rcu_rcpls 2 uperf 2
n_reads: 0  n_updates: 4765544  nreaders: 0  nupdaters: 2 duration: 10
ns/read: nan  ns/update: 4196.79
rcu_rcpls 3 uperf 2
n_reads: 0  n_updates: 4403291  nreaders: 0  nupdaters: 3 duration: 10
ns/read: nan  ns/update: 6813.09
rcu_rcpls 4 uperf 2
n_reads: 0  n_updates: 5085603  nreaders: 0  nupdaters: 4 duration: 10
ns/read: nan  ns/update: 7865.34
rcu_rcpls 6 uperf 2
n_reads: 0  n_updates: 5500899  nreaders: 0  nupdaters: 6 duration: 10
ns/read: nan  ns/update: 10907.3
rcu_rcpls 8 uperf 2
n_reads: 0  n_updates: 5679089  nreaders: 0  nupdaters: 8 duration: 10
ns/read: nan  ns/update: 14086.8
rcu_rcpls 12 uperf 2
n_reads: 0  n_updates: 4752216  nreaders: 0  nupdaters: 12 duration: 10
ns/read: nan  ns/update: 25251.4
rcu_rcpls 16 uperf 2
n_reads: 0  n_updates: 4228924  nreaders: 0  nupdaters: 16 duration: 10
ns/read: nan  ns/update: 37834.7
rcu_rcpls 24 uperf 2
n_reads: 0  n_updates: 3905320  nreaders: 0  nupdaters: 24 duration: 10
ns/read: nan  ns/update: 61454.6
rcu_rcpls 32 uperf 2
n_reads: 0  n_updates: 3843811  nreaders: 0  nupdaters: 32 duration: 10
ns/read: nan  ns/update: 83250.7
rcu_rcpls 48 uperf 2
n_reads: 0  n_updates: 3621794  nreaders: 0  nupdaters: 48 duration: 10
ns/read: nan  ns/update: 132531
rcu_rcpls 64 uperf 2
n_reads: 0  n_updates: 3618533  nreaders: 0  nupdaters: 64 duration: 10
ns/read: nan  ns/update: 176867
rcu_ts 1 rperf 2
n_reads: 88800000  n_updates: 0  nreaders: 1  nupdaters: 0 duration: 10
ns/read: 112.613  ns/update: nan
rcu_ts 2 rperf 2
n_reads: 178795000  n_updates: 0  nreaders: 2  nupdaters: 0 duration: 10
ns/read: 111.86  ns/update: nan
rcu_ts 3 rperf 2
n_reads: 267024000  n_updates: 0  nreaders: 3  nupdaters: 0 duration: 10
ns/read: 112.349  ns/update: nan
rcu_ts 4 rperf 2
n_reads: 357534000  n_updates: 0  nreaders: 4  nupdaters: 0 duration: 10
ns/read: 111.877  ns/update: nan
rcu_ts 6 rperf 2
n_reads: 533057000  n_updates: 0  nreaders: 6  nupdaters: 0 duration: 10
ns/read: 112.558  ns/update: nan
rcu_ts 8 rperf 2
n_reads: 712779000  n_updates: 0  nreaders: 8  nupdaters: 0 duration: 10
ns/read: 112.237  ns/update: nan
rcu_ts 12 rperf 2
n_reads: 1067902000  n_updates: 0  nreaders: 12  nupdaters: 0 duration: 10
ns/read: 112.37  ns/update: nan
rcu_ts 16 rperf 2
n_reads: 1422294000  n_updates: 0  nreaders: 16  nupdaters: 0 duration: 10
ns/read: 112.494  ns/update: nan
rcu_ts 24 rperf 2
n_reads: 2134575000  n_updates: 0  nreaders: 24  nupdaters: 0 duration: 10
ns/read: 112.435  ns/update: nan
rcu_ts 32 rperf 2
n_reads: 2847029000  n_updates: 0  nreaders: 32  nupdaters: 0 duration: 10
ns/read: 112.398  ns/update: nan
rcu_ts 48 rperf 2
n_reads: 4268573000  n_updates: 0  nreaders: 48  nupdaters: 0 duration: 10
ns/read: 112.45  ns/update: nan
rcu_ts 64 rperf 2
n_reads: 5690833000  n_updates: 0  nreaders: 64  nupdaters: 0 duration: 10
ns/read: 112.462  ns/update: nan
rcu_ts 1 uperf 2
n_reads: 0  n_updates: 14560411  nreaders: 0  nupdaters: 1 duration: 10
ns/read: nan  ns/update: 686.794
rcu_ts 2 uperf 2
n_reads: 0  n_updates: 7650013  nreaders: 0  nupdaters: 2 duration: 10
ns/read: nan  ns/update: 2614.37
rcu_ts 3 uperf 2
n_reads: 0  n_updates: 5800626  nreaders: 0  nupdaters: 3 duration: 10
ns/read: nan  ns/update: 5171.86
rcu_ts 4 uperf 2
n_reads: 0  n_updates: 5039835  nreaders: 0  nupdaters: 4 duration: 10
ns/read: nan  ns/update: 7936.77
rcu_ts 6 uperf 2
n_reads: 0  n_updates: 5606800  nreaders: 0  nupdaters: 6 duration: 10
ns/read: nan  ns/update: 10701.3
rcu_ts 8 uperf 2
n_reads: 0  n_updates: 5811754  nreaders: 0  nupdaters: 8 duration: 10
ns/read: nan  ns/update: 13765.2
rcu_ts 12 uperf 2
n_reads: 0  n_updates: 5278821  nreaders: 0  nupdaters: 12 duration: 10
ns/read: nan  ns/update: 22732.3
rcu_ts 16 uperf 2
n_reads: 0  n_updates: 4919248  nreaders: 0  nupdaters: 16 duration: 10
ns/read: nan  ns/update: 32525.3
rcu_ts 24 uperf 2
n_reads: 0  n_updates: 4869438  nreaders: 0  nupdaters: 24 duration: 10
ns/read: nan  ns/update: 49287
rcu_ts 32 uperf 2
n_reads: 0  n_updates: 4682559  nreaders: 0  nupdaters: 32 duration: 10
ns/read: nan  ns/update: 68338.7
rcu_ts 48 uperf 2
n_reads: 0  n_updates: 5098436  nreaders: 0  nupdaters: 48 duration: 10
ns/read: nan  ns/update: 94146.5
rcu_ts 64 uperf 2
n_reads: 0  n_updates: 4711569  nreaders: 0  nupdaters: 64 duration: 10
ns/read: nan  ns/update: 135836
