rcu 1 rperf 2
n_reads: 79762000  n_updates: 0  nreaders: 1  nupdaters: 0 duration: 10
ns/read: 125.373  ns/update: nan
rcu 2 rperf 2
n_reads: 157368000  n_updates: 0  nreaders: 2  nupdaters: 0 duration: 10
ns/read: 127.091  ns/update: nan
rcu 3 rperf 2
n_reads: 236534000  n_updates: 0  nreaders: 3  nupdaters: 0 duration: 10
ns/read: 126.832  ns/update: nan
rcu 4 rperf 2
n_reads: 307304000  n_updates: 0  nreaders: 4  nupdaters: 0 duration: 10
ns/read: 130.164  ns/update: nan
rcu 6 rperf 2
n_reads: 459316000  n_updates: 0  nreaders: 6  nupdaters: 0 duration: 10
ns/read: 130.629  ns/update: nan
rcu 8 rperf 2
n_reads: 622856000  n_updates: 0  nreaders: 8  nupdaters: 0 duration: 10
ns/read: 128.441  ns/update: nan
rcu 12 rperf 2
n_reads: 923528000  n_updates: 0  nreaders: 12  nupdaters: 0 duration: 10
ns/read: 129.937  ns/update: nan
rcu 16 rperf 2
n_reads: 1237544000  n_updates: 0  nreaders: 16  nupdaters: 0 duration: 10
ns/read: 129.288  ns/update: nan
rcu 24 rperf 2
n_reads: 1834156000  n_updates: 0  nreaders: 24  nupdaters: 0 duration: 10
ns/read: 130.85  ns/update: nan
rcu 32 rperf 2
n_reads: 2483342000  n_updates: 0  nreaders: 32  nupdaters: 0 duration: 10
ns/read: 128.859  ns/update: nan
rcu 48 rperf 2
n_reads: 3685240000  n_updates: 0  nreaders: 48  nupdaters: 0 duration: 10
ns/read: 130.249  ns/update: nan
rcu 64 rperf 2
n_reads: 4966870000  n_updates: 0  nreaders: 64  nupdaters: 0 duration: 10
ns/read: 128.854  ns/update: nan
rcu 1 uperf 2
n_reads: 0  n_updates: 2821458  nreaders: 0  nupdaters: 1 duration: 10
ns/read: nan  ns/update: 3544.27
rcu 2 uperf 2
n_reads: 0  n_updates: 1779603  nreaders: 0  nupdaters: 2 duration: 10
ns/read: nan  ns/update: 11238.5
rcu 3 uperf 2
n_reads: 0  n_updates: 1780523  nreaders: 0  nupdaters: 3 duration: 10
ns/read: nan  ns/update: 16849
rcu 4 uperf 2
n_reads: 0  n_updates: 1740826  nreaders: 0  nupdaters: 4 duration: 10
ns/read: nan  ns/update: 22977.6
rcu 6 uperf 2
n_reads: 0  n_updates: 1776606  nreaders: 0  nupdaters: 6 duration: 10
ns/read: nan  ns/update: 33772.3
rcu 8 uperf 2
n_reads: 0  n_updates: 1747469  nreaders: 0  nupdaters: 8 duration: 10
ns/read: nan  ns/update: 45780.5
rcu 12 uperf 2
n_reads: 0  n_updates: 1722554  nreaders: 0  nupdaters: 12 duration: 10
ns/read: nan  ns/update: 69664
rcu 16 uperf 2
n_reads: 0  n_updates: 1724199  nreaders: 0  nupdaters: 16 duration: 10
ns/read: nan  ns/update: 92796.7
rcu 24 uperf 2
n_reads: 0  n_updates: 1729359  nreaders: 0  nupdaters: 24 duration: 10
ns/read: nan  ns/update: 138780
rcu 32 uperf 2
n_reads: 0  n_updates: 1733037  nreaders: 0  nupdaters: 32 duration: 10
ns/read: nan  ns/update: 184647
rcu 48 uperf 2
n_reads: 0  n_updates: 1730559  nreaders: 0  nupdaters: 48 duration: 10
ns/read: nan  ns/update: 277367
rcu 64 uperf 2
n_reads: 0  n_updates: 1755947  nreaders: 0  nupdaters: 64 duration: 10
ns/read: nan  ns/update: 364476
rcu64 1 rperf 2
n_reads: 78647000  n_updates: 0  nreaders: 1  nupdaters: 0 duration: 10
ns/read: 127.15  ns/update: nan
rcu64 2 rperf 2
n_reads: 149241000  n_updates: 0  nreaders: 2  nupdaters: 0 duration: 10
ns/read: 134.011  ns/update: nan
rcu64 3 rperf 2
n_reads: 226905000  n_updates: 0  nreaders: 3  nupdaters: 0 duration: 10
ns/read: 132.214  ns/update: nan
rcu64 4 rperf 2
n_reads: 303958000  n_updates: 0  nreaders: 4  nupdaters: 0 duration: 10
ns/read: 131.597  ns/update: nan
rcu64 6 rperf 2
n_reads: 467013000  n_updates: 0  nreaders: 6  nupdaters: 0 duration: 10
ns/read: 128.476  ns/update: nan
rcu64 8 rperf 2
n_reads: 617148000  n_updates: 0  nreaders: 8  nupdaters: 0 duration: 10
ns/read: 129.629  ns/update: nan
rcu64 12 rperf 2
n_reads: 926126000  n_updates: 0  nreaders: 12  nupdaters: 0 duration: 10
ns/read: 129.572  ns/update: nan
rcu64 16 rperf 2
n_reads: 1224774000  n_updates: 0  nreaders: 16  nupdaters: 0 duration: 10
ns/read: 130.636  ns/update: nan
rcu64 24 rperf 2
n_reads: 1851081000  n_updates: 0  nreaders: 24  nupdaters: 0 duration: 10
ns/read: 129.654  ns/update: nan
rcu64 32 rperf 2
n_reads: 2467271000  n_updates: 0  nreaders: 32  nupdaters: 0 duration: 10
ns/read: 129.698  ns/update: nan
rcu64 48 rperf 2
n_reads: 3694931000  n_updates: 0  nreaders: 48  nupdaters: 0 duration: 10
ns/read: 129.908  ns/update: nan
rcu64 64 rperf 2
n_reads: 4951296000  n_updates: 0  nreaders: 64  nupdaters: 0 duration: 10
ns/read: 129.259  ns/update: nan
rcu64 1 uperf 2
n_reads: 0  n_updates: 2851796  nreaders: 0  nupdaters: 1 duration: 10
ns/read: nan  ns/update: 3506.56
rcu64 2 uperf 2
n_reads: 0  n_updates: 1931206  nreaders: 0  nupdaters: 2 duration: 10
ns/read: nan  ns/update: 10356.2
rcu64 3 uperf 2
n_reads: 0  n_updates: 1788168  nreaders: 0  nupdaters: 3 duration: 10
ns/read: nan  ns/update: 16776.9
rcu64 4 uperf 2
n_reads: 0  n_updates: 1724484  nreaders: 0  nupdaters: 4 duration: 10
ns/read: nan  ns/update: 23195.3
rcu64 6 uperf 2
n_reads: 0  n_updates: 1775299  nreaders: 0  nupdaters: 6 duration: 10
ns/read: nan  ns/update: 33797.1
rcu64 8 uperf 2
n_reads: 0  n_updates: 1759946  nreaders: 0  nupdaters: 8 duration: 10
ns/read: nan  ns/update: 45455.9
rcu64 12 uperf 2
n_reads: 0  n_updates: 1727543  nreaders: 0  nupdaters: 12 duration: 10
ns/read: nan  ns/update: 69462.8
rcu64 16 uperf 2
n_reads: 0  n_updates: 1711768  nreaders: 0  nupdaters: 16 duration: 10
ns/read: nan  ns/update: 93470.6
rcu64 24 uperf 2
n_reads: 0  n_updates: 1719004  nreaders: 0  nupdaters: 24 duration: 10
ns/read: nan  ns/update: 139616
rcu64 32 uperf 2
n_reads: 0  n_updates: 1718681  nreaders: 0  nupdaters: 32 duration: 10
ns/read: nan  ns/update: 186189
rcu64 48 uperf 2
n_reads: 0  n_updates: 1735385  nreaders: 0  nupdaters: 48 duration: 10
ns/read: nan  ns/update: 276596
rcu64 64 uperf 2
n_reads: 0  n_updates: 1730103  nreaders: 0  nupdaters: 64 duration: 10
ns/read: nan  ns/update: 369920
rcu_lock 1 rperf 2
n_reads: 84762000  n_updates: 0  nreaders: 1  nupdaters: 0 duration: 10
ns/read: 117.977  ns/update: nan
rcu_lock 2 rperf 2
n_reads: 38123000  n_updates: 0  nreaders: 2  nupdaters: 0 duration: 10
ns/read: 524.618  ns/update: nan
rcu_lock 3 rperf 2
n_reads: 29811000  n_updates: 0  nreaders: 3  nupdaters: 0 duration: 10
ns/read: 1006.34  ns/update: nan
rcu_lock 4 rperf 2
n_reads: 29721000  n_updates: 0  nreaders: 4  nupdaters: 0 duration: 10
ns/read: 1345.85  ns/update: nan
rcu_lock 6 rperf 2
n_reads: 24103000  n_updates: 0  nreaders: 6  nupdaters: 0 duration: 10
ns/read: 2489.32  ns/update: nan
rcu_lock 8 rperf 2
n_reads: 22593000  n_updates: 0  nreaders: 8  nupdaters: 0 duration: 10
ns/read: 3540.92  ns/update: nan
rcu_lock 12 rperf 2
n_reads: 25312000  n_updates: 0  nreaders: 12  nupdaters: 0 duration: 10
ns/read: 4740.83  ns/update: nan
rcu_lock 16 rperf 2
n_reads: 27309000  n_updates: 0  nreaders: 16  nupdaters: 0 duration: 10
ns/read: 5858.87  ns/update: nan
rcu_lock 24 rperf 2
n_reads: 28513000  n_updates: 0  nreaders: 24  nupdaters: 0 duration: 10
ns/read: 8417.21  ns/update: nan
rcu_lock 32 rperf 2
n_reads: 28909000  n_updates: 0  nreaders: 32  nupdaters: 0 duration: 10
ns/read: 11069.2  ns/update: nan
rcu_lock 48 rperf 2
n_reads: 31862000  n_updates: 0  nreaders: 48  nupdaters: 0 duration: 10
ns/read: 15065  ns/update: nan
rcu_lock 64 rperf 2
n_reads: 33560000  n_updates: 0  nreaders: 64  nupdaters: 0 duration: 10
ns/read: 19070.3  ns/update: nan
rcu_lock 1 uperf 2
n_reads: 0  n_updates: 81287639  nreaders: 0  nupdaters: 1 duration: 10
ns/read: nan  ns/update: 123.02
rcu_lock 2 uperf 2
n_reads: 0  n_updates: 36568011  nreaders: 0  nupdaters: 2 duration: 10
ns/read: nan  ns/update: 546.926
rcu_lock 3 uperf 2
n_reads: 0  n_updates: 31141211  nreaders: 0  nupdaters: 3 duration: 10
ns/read: nan  ns/update: 963.354
rcu_lock 4 uperf 2
n_reads: 0  n_updates: 22877277  nreaders: 0  nupdaters: 4 duration: 10
ns/read: nan  ns/update: 1748.46
rcu_lock 6 uperf 2
n_reads: 0  n_updates: 21385659  nreaders: 0  nupdaters: 6 duration: 10
ns/read: nan  ns/update: 2805.62
rcu_lock 8 uperf 2
n_reads: 0  n_updates: 23421651  nreaders: 0  nupdaters: 8 duration: 10
ns/read: nan  ns/update: 3415.64
rcu_lock 12 uperf 2
n_reads: 0  n_updates: 25968132  nreaders: 0  nupdaters: 12 duration: 10
ns/read: nan  ns/update: 4621.05
rcu_lock 16 uperf 2
n_reads: 0  n_updates: 29175309  nreaders: 0  nupdaters: 16 duration: 10
ns/read: nan  ns/update: 5484.09
rcu_lock 24 uperf 2
n_reads: 0  n_updates: 32736266  nreaders: 0  nupdaters: 24 duration: 10
ns/read: nan  ns/update: 7331.32
rcu_lock 32 uperf 2
n_reads: 0  n_updates: 31779355  nreaders: 0  nupdaters: 32 duration: 10
ns/read: nan  ns/update: 10069.4
rcu_lock 48 uperf 2
n_reads: 0  n_updates: 34190363  nreaders: 0  nupdaters: 48 duration: 10
ns/read: nan  ns/update: 14039
rcu_lock 64 uperf 2
n_reads: 0  n_updates: 34466458  nreaders: 0  nupdaters: 64 duration: 10
ns/read: nan  ns/update: 18568.8
rcu_lock_percpu 1 rperf 2
n_reads: 51467000  n_updates: 0  nreaders: 1  nupdaters: 0 duration: 10
ns/read: 194.299  ns/update: nan
rcu_lock_percpu 2 rperf 2
n_reads: 102091000  n_updates: 0  nreaders: 2  nupdaters: 0 duration: 10
ns/read: 195.904  ns/update: nan
rcu_lock_percpu 3 rperf 2
n_reads: 149167000  n_updates: 0  nreaders: 3  nupdaters: 0 duration: 10
ns/read: 201.117  ns/update: nan
rcu_lock_percpu 4 rperf 2
n_reads: 199993000  n_updates: 0  nreaders: 4  nupdaters: 0 duration: 10
ns/read: 200.007  ns/update: nan
rcu_lock_percpu 6 rperf 2
n_reads: 295648000  n_updates: 0  nreaders: 6  nupdaters: 0 duration: 10
ns/read: 202.944  ns/update: nan
rcu_lock_percpu 8 rperf 2
n_reads: 392882000  n_updates: 0  nreaders: 8  nupdaters: 0 duration: 10
ns/read: 203.623  ns/update: nan
rcu_lock_percpu 12 rperf 2
n_reads: 600543000  n_updates: 0  nreaders: 12  nupdaters: 0 duration: 10
ns/read: 199.819  ns/update: nan
rcu_lock_percpu 16 rperf 2
n_reads: 795122000  n_updates: 0  nreaders: 16  nupdaters: 0 duration: 10
ns/read: 201.227  ns/update: nan
rcu_lock_percpu 24 rperf 2
n_reads: 1190071000  n_updates: 0  nreaders: 24  nupdaters: 0 duration: 10
ns/read: 201.669  ns/update: nan
rcu_lock_percpu 32 rperf 2
n_reads: 1594289000  n_updates: 0  nreaders: 32  nupdaters: 0 duration: 10
ns/read: 200.716  ns/update: nan
rcu_lock_percpu 48 rperf 2
n_reads: 2375313000  n_updates: 0  nreaders: 48  nupdaters: 0 duration: 10
ns/read: 202.079  ns/update: nan
rcu_lock_percpu 64 rperf 2
n_reads: 3172307000  n_updates: 0  nreaders: 64  nupdaters: 0 duration: 10
ns/read: 201.746  ns/update: nan
rcu_lock_percpu 1 uperf 2
n_reads: 0  n_updates: 2585074  nreaders: 0  nupdaters: 1 duration: 10
ns/read: nan  ns/update: 3868.36
rcu_lock_percpu 2 uperf 2
n_reads: 0  n_updates: 5008364  nreaders: 0  nupdaters: 2 duration: 10
ns/read: nan  ns/update: 3993.32
rcu_lock_percpu 3 uperf 2
n_reads: 0  n_updates: 6409971  nreaders: 0  nupdaters: 3 duration: 10
ns/read: nan  ns/update: 4680.21
rcu_lock_percpu 4 uperf 2
n_reads: 0  n_updates: 8198039  nreaders: 0  nupdaters: 4 duration: 10
ns/read: nan  ns/update: 4879.22
rcu_lock_percpu 6 uperf 2
n_reads: 0  n_updates: 10752693  nreaders: 0  nupdaters: 6 duration: 10
ns/read: nan  ns/update: 5580
rcu_lock_percpu 8 uperf 2
n_reads: 0  n_updates: 11664716  nreaders: 0  nupdaters: 8 duration: 10
ns/read: nan  ns/update: 6858.29
rcu_lock_percpu 12 uperf 2
n_reads: 0  n_updates: 10260756  nreaders: 0  nupdaters: 12 duration: 10
ns/read: nan  ns/update: 11695
rcu_lock_percpu 16 uperf 2
n_reads: 0  n_updates: 9472230  nreaders: 0  nupdaters: 16 duration: 10
ns/read: nan  ns/update: 16891.5
rcu_lock_percpu 24 uperf 2
n_reads: 0  n_updates: 8429730  nreaders: 0  nupdaters: 24 duration: 10
ns/read: nan  ns/update: 28470.7
rcu_lock_percpu 32 uperf 2
n_reads: 0  n_updates: 7893953  nreaders: 0  nupdaters: 32 duration: 10
ns/read: nan  ns/update: 40537.4
rcu_lock_percpu 48 uperf 2
n_reads: 0  n_updates: 6469485  nreaders: 0  nupdaters: 48 duration: 10
ns/read: nan  ns/update: 74194.5
rcu_lock_percpu 64 uperf 2
n_reads: 0  n_updates: 5692537  nreaders: 0  nupdaters: 64 duration: 10
ns/read: nan  ns/update: 112428
rcu_nest 1 rperf 2
n_reads: 56780000  n_updates: 0  nreaders: 1  nupdaters: 0 duration: 10
ns/read: 176.118  ns/update: nan
rcu_nest 2 rperf 2
n_reads: 112619000  n_updates: 0  nreaders: 2  nupdaters: 0 duration: 10
ns/read: 177.59  ns/update: nan
rcu_nest 3 rperf 2
n_reads: 171634000  n_updates: 0  nreaders: 3  nupdaters: 0 duration: 10
ns/read: 174.791  ns/update: nan
rcu_nest 4 rperf 2
n_reads: 228406000  n_updates: 0  nreaders: 4  nupdaters: 0 duration: 10
ns/read: 175.127  ns/update: nan
rcu_nest 6 rperf 2
n_reads: 340201000  n_updates: 0  nreaders: 6  nupdaters: 0 duration: 10
ns/read: 176.366  ns/update: nan
rcu_nest 8 rperf 2
n_reads: 455293000  n_updates: 0  nreaders: 8  nupdaters: 0 duration: 10
ns/read: 175.711  ns/update: nan
rcu_nest 12 rperf 2
n_reads: 682246000  n_updates: 0  nreaders: 12  nupdaters: 0 duration: 10
ns/read: 175.89  ns/update: nan
rcu_nest 16 rperf 2
n_reads: 911956000  n_updates: 0  nreaders: 16  nupdaters: 0 duration: 10
ns/read: 175.447  ns/update: nan
rcu_nest 24 rperf 2
n_reads: 1360498000  n_updates: 0  nreaders: 24  nupdaters: 0 duration: 10
ns/read: 176.406  ns/update: nan
rcu_nest 32 rperf 2
n_reads: 1820451000  n_updates: 0  nreaders: 32  nupdaters: 0 duration: 10
ns/read: 175.781  ns/update: nan
rcu_nest 48 rperf 2
n_reads: 2731404000  n_updates: 0  nreaders: 48  nupdaters: 0 duration: 10
ns/read: 175.734  ns/update: nan
rcu_nest 64 rperf 2
n_reads: 3644966000  n_updates: 0  nreaders: 64  nupdaters: 0 duration: 10
ns/read: 175.585  ns/update: nan
rcu_nest 1 uperf 2
n_reads: 0  n_updates: 2403230  nreaders: 0  nupdaters: 1 duration: 10
ns/read: nan  ns/update: 4161.07
rcu_nest 2 uperf 2
n_reads: 0  n_updates: 1612649  nreaders: 0  nupdaters: 2 duration: 10
ns/read: nan  ns/update: 12402
rcu_nest 3 uperf 2
n_reads: 0  n_updates: 1554190  nreaders: 0  nupdaters: 3 duration: 10
ns/read: nan  ns/update: 19302.7
rcu_nest 4 uperf 2
n_reads: 0  n_updates: 1569622  nreaders: 0  nupdaters: 4 duration: 10
ns/read: nan  ns/update: 25483.8
rcu_nest 6 uperf 2
n_reads: 0  n_updates: 1519964  nreaders: 0  nupdaters: 6 duration: 10
ns/read: nan  ns/update: 39474.6
rcu_nest 8 uperf 2
n_reads: 0  n_updates: 1555690  nreaders: 0  nupdaters: 8 duration: 10
ns/read: nan  ns/update: 51424.1
rcu_nest 12 uperf 2
n_reads: 0  n_updates: 1533947  nreaders: 0  nupdaters: 12 duration: 10
ns/read: nan  ns/update: 78229.6
rcu_nest 16 uperf 2
n_reads: 0  n_updates: 1545304  nreaders: 0  nupdaters: 16 duration: 10
ns/read: nan  ns/update: 103539
rcu_nest 24 uperf 2
n_reads: 0  n_updates: 1532695  nreaders: 0  nupdaters: 24 duration: 10
ns/read: nan  ns/update: 156587
rcu_nest 32 uperf 2
n_reads: 0  n_updates: 1510674  nreaders: 0  nupdaters: 32 duration: 10
ns/read: nan  ns/update: 211826
rcu_nest 48 uperf 2
n_reads: 0  n_updates: 1531137  nreaders: 0  nupdaters: 48 duration: 10
ns/read: nan  ns/update: 313493
rcu_nest 64 uperf 2
n_reads: 0  n_updates: 1523727  nreaders: 0  nupdaters: 64 duration: 10
ns/read: nan  ns/update: 420023
rcu_nest_qs 1 rperf 2
n_reads: 81960000  n_updates: 0  nreaders: 1  nupdaters: 0 duration: 10
ns/read: 122.011  ns/update: nan
rcu_nest_qs 2 rperf 2
n_reads: 163934000  n_updates: 0  nreaders: 2  nupdaters: 0 duration: 10
ns/read: 122  ns/update: nan
rcu_nest_qs 3 rperf 2
n_reads: 245827000  n_updates: 0  nreaders: 3  nupdaters: 0 duration: 10
ns/read: 122.037  ns/update: nan
rcu_nest_qs 4 rperf 2
n_reads: 327802000  n_updates: 0  nreaders: 4  nupdaters: 0 duration: 10
ns/read: 122.025  ns/update: nan
rcu_nest_qs 6 rperf 2
n_reads: 491695000  n_updates: 0  nreaders: 6  nupdaters: 0 duration: 10
ns/read: 122.027  ns/update: nan
rcu_nest_qs 8 rperf 2
n_reads: 655533000  n_updates: 0  nreaders: 8  nupdaters: 0 duration: 10
ns/read: 122.038  ns/update: nan
rcu_nest_qs 12 rperf 2
n_reads: 983233000  n_updates: 0  nreaders: 12  nupdaters: 0 duration: 10
ns/read: 122.046  ns/update: nan
rcu_nest_qs 16 rperf 2
n_reads: 1311076000  n_updates: 0  nreaders: 16  nupdaters: 0 duration: 10
ns/read: 122.037  ns/update: nan
rcu_nest_qs 24 rperf 2
n_reads: 1966568000  n_updates: 0  nreaders: 24  nupdaters: 0 duration: 10
ns/read: 122.04  ns/update: nan
rcu_nest_qs 32 rperf 2
n_reads: 2622052000  n_updates: 0  nreaders: 32  nupdaters: 0 duration: 10
ns/read: 122.042  ns/update: nan
rcu_nest_qs 48 rperf 2
n_reads: 3933143000  n_updates: 0  nreaders: 48  nupdaters: 0 duration: 10
ns/read: 122.04  ns/update: nan
rcu_nest_qs 64 rperf 2
n_reads: 5244119000  n_updates: 0  nreaders: 64  nupdaters: 0 duration: 10
ns/read: 122.041  ns/update: nan
rcu_nest_qs 1 uperf 2
n_reads: 0  n_updates: 1659758  nreaders: 0  nupdaters: 1 duration: 10
ns/read: nan  ns/update: 6024.97
rcu_nest_qs 2 uperf 2
n_reads: 0  n_updates: 1279296  nreaders: 0  nupdaters: 2 duration: 10
ns/read: nan  ns/update: 15633.6
rcu_nest_qs 3 uperf 2
n_reads: 0  n_updates: 1317865  nreaders: 0  nupdaters: 3 duration: 10
ns/read: nan  ns/update: 22764.1
rcu_nest_qs 4 uperf 2
n_reads: 0  n_updates: 1320595  nreaders: 0  nupdaters: 4 duration: 10
ns/read: nan  ns/update: 30289.4
rcu_nest_qs 6 uperf 2
n_reads: 0  n_updates: 1271720  nreaders: 0  nupdaters: 6 duration: 10
ns/read: nan  ns/update: 47180.2
rcu_nest_qs 8 uperf 2
n_reads: 0  n_updates: 1294281  nreaders: 0  nupdaters: 8 duration: 10
ns/read: nan  ns/update: 61810.4
rcu_nest_qs 12 uperf 2
n_reads: 0  n_updates: 1256228  nreaders: 0  nupdaters: 12 duration: 10
ns/read: nan  ns/update: 95524.1
rcu_nest_qs 16 uperf 2
n_reads: 0  n_updates: 1241408  nreaders: 0  nupdaters: 16 duration: 10
ns/read: nan  ns/update: 128886
rcu_nest_qs 24 uperf 2
n_reads: 0  n_updates: 1232105  nreaders: 0  nupdaters: 24 duration: 10
ns/read: nan  ns/update: 194789
rcu_nest_qs 32 uperf 2
n_reads: 0  n_updates: 1221559  nreaders: 0  nupdaters: 32 duration: 10
ns/read: nan  ns/update: 261960
rcu_nest_qs 48 uperf 2
n_reads: 0  n_updates: 1239067  nreaders: 0  nupdaters: 48 duration: 10
ns/read: nan  ns/update: 387388
rcu_nest_qs 64 uperf 2
n_reads: 0  n_updates: 1230016  nreaders: 0  nupdaters: 64 duration: 10
ns/read: nan  ns/update: 520318
rcu_qs 1 rperf 2
n_reads: 112876000  n_updates: 0  nreaders: 1  nupdaters: 0 duration: 10
ns/read: 88.5928  ns/update: nan
rcu_qs 2 rperf 2
n_reads: 225755000  n_updates: 0  nreaders: 2  nupdaters: 0 duration: 10
ns/read: 88.5916  ns/update: nan
rcu_qs 3 rperf 2
n_reads: 338625000  n_updates: 0  nreaders: 3  nupdaters: 0 duration: 10
ns/read: 88.5936  ns/update: nan
rcu_qs 4 rperf 2
n_reads: 451549000  n_updates: 0  nreaders: 4  nupdaters: 0 duration: 10
ns/read: 88.584  ns/update: nan
rcu_qs 6 rperf 2
n_reads: 677285000  n_updates: 0  nreaders: 6  nupdaters: 0 duration: 10
ns/read: 88.589  ns/update: nan
rcu_qs 8 rperf 2
n_reads: 903045000  n_updates: 0  nreaders: 8  nupdaters: 0 duration: 10
ns/read: 88.5892  ns/update: nan
rcu_qs 12 rperf 2
n_reads: 1354523000  n_updates: 0  nreaders: 12  nupdaters: 0 duration: 10
ns/read: 88.5921  ns/update: nan
rcu_qs 16 rperf 2
n_reads: 1805935000  n_updates: 0  nreaders: 16  nupdaters: 0 duration: 10
ns/read: 88.5968  ns/update: nan
rcu_qs 24 rperf 2
n_reads: 2708980000  n_updates: 0  nreaders: 24  nupdaters: 0 duration: 10
ns/read: 88.5942  ns/update: nan
rcu_qs 32 rperf 2
n_reads: 3612058000  n_updates: 0  nreaders: 32  nupdaters: 0 duration: 10
ns/read: 88.5922  ns/update: nan
rcu_qs 48 rperf 2
n_reads: 5418181000  n_updates: 0  nreaders: 48  nupdaters: 0 duration: 10
ns/read: 88.5906  ns/update: nan
rcu_qs 64 rperf 2
n_reads: 7224474000  n_updates: 0  nreaders: 64  nupdaters: 0 duration: 10
ns/read: 88.5878  ns/update: nan
rcu_qs 1 uperf 2
n_reads: 0  n_updates: 2236336  nreaders: 0  nupdaters: 1 duration: 10
ns/read: nan  ns/update: 4471.6
rcu_qs 2 uperf 2
n_reads: 0  n_updates: 1691829  nreaders: 0  nupdaters: 2 duration: 10
ns/read: nan  ns/update: 11821.5
rcu_qs 3 uperf 2
n_reads: 0  n_updates: 1509110  nreaders: 0  nupdaters: 3 duration: 10
ns/read: nan  ns/update: 19879.3
rcu_qs 4 uperf 2
n_reads: 0  n_updates: 1466414  nreaders: 0  nupdaters: 4 duration: 10
ns/read: nan  ns/update: 27277.4
rcu_qs 6 uperf 2
n_reads: 0  n_updates: 1353983  nreaders: 0  nupdaters: 6 duration: 10
ns/read: nan  ns/update: 44313.7
rcu_qs 8 uperf 2
n_reads: 0  n_updates: 1385382  nreaders: 0  nupdaters: 8 duration: 10
ns/read: nan  ns/update: 57745.8
rcu_qs 12 uperf 2
n_reads: 0  n_updates: 1321625  nreaders: 0  nupdaters: 12 duration: 10
ns/read: nan  ns/update: 90797.3
rcu_qs 16 uperf 2
n_reads: 0  n_updates: 1307147  nreaders: 0  nupdaters: 16 duration: 10
ns/read: nan  ns/update: 122404
rcu_qs 24 uperf 2
n_reads: 0  n_updates: 1300475  nreaders: 0  nupdaters: 24 duration: 10
ns/read: nan  ns/update: 184548
rcu_qs 32 uperf 2
n_reads: 0  n_updates: 1303258  nreaders: 0  nupdaters: 32 duration: 10
ns/read: nan  ns/update: 245538
rcu_qs 48 uperf 2
n_reads: 0  n_updates: 1308358  nreaders: 0  nupdaters: 48 duration: 10
ns/read: nan  ns/update: 366872
rcu_qs 64 uperf 2
n_reads: 0  n_updates: 1313698  nreaders: 0  nupdaters: 64 duration: 10
ns/read: nan  ns/update: 487174
rcu_rcg 1 rperf 2
n_reads: 65707000  n_updates: 0  nreaders: 1  nupdaters: 0 duration: 10
ns/read: 152.191  ns/update: nan
rcu_rcg 2 rperf 2
n_reads: 88689000  n_updates: 0  nreaders: 2  nupdaters: 0 duration: 10
ns/read: 225.507  ns/update: nan
rcu_rcg 3 rperf 2
n_reads: 60655000  n_updates: 0  nreaders: 3  nupdaters: 0 duration: 10
ns/read: 494.601  ns/update: nan
rcu_rcg 4 rperf 2
n_reads: 72782000  n_updates: 0  nreaders: 4  nupdaters: 0 duration: 10
ns/read: 549.586  ns/update: nan
rcu_rcg 6 rperf 2
n_reads: 57358000  n_updates: 0  nreaders: 6  nupdaters: 0 duration: 10
ns/read: 1046.06  ns/update: nan
rcu_rcg 8 rperf 2
n_reads: 48408000  n_updates: 0  nreaders: 8  nupdaters: 0 duration: 10
ns/read: 1652.62  ns/update: nan
rcu_rcg 12 rperf 2
n_reads: 45031000  n_updates: 0  nreaders: 12  nupdaters: 0 duration: 10
ns/read: 2664.83  ns/update: nan
rcu_rcg 16 rperf 2
n_reads: 40076000  n_updates: 0  nreaders: 16  nupdaters: 0 duration: 10
ns/read: 3992.41  ns/update: nan
rcu_rcg 24 rperf 2
n_reads: 33217000  n_updates: 0  nreaders: 24  nupdaters: 0 duration: 10
ns/read: 7225.22  ns/update: nan
rcu_rcg 32 rperf 2
n_reads: 28013000  n_updates: 0  nreaders: 32  nupdaters: 0 duration: 10
ns/read: 11423.3  ns/update: nan
rcu_rcg 48 rperf 2
n_reads: 20483000  n_updates: 0  nreaders: 48  nupdaters: 0 duration: 10
ns/read: 23434.1  ns/update: nan
rcu_rcg 64 rperf 2
n_reads: 14909000  n_updates: 0  nreaders: 64  nupdaters: 0 duration: 10
ns/read: 42927.1  ns/update: nan
rcu_rcg 1 uperf 2
n_reads: 0  n_updates: 185870956  nreaders: 0  nupdaters: 1 duration: 10
ns/read: nan  ns/update: 53.8008
rcu_rcg 2 uperf 2
n_reads: 0  n_updates: 367431846  nreaders: 0  nupdaters: 2 duration: 10
ns/read: nan  ns/update: 54.4319
rcu_rcg 3 uperf 2
n_reads: 0  n_updates: 546375843  nreaders: 0  nupdaters: 3 duration: 10
ns/read: nan  ns/update: 54.9073
rcu_rcg 4 uperf 2
n_reads: 0  n_updates: 719201246  nreaders: 0  nupdaters: 4 duration: 10
ns/read: nan  ns/update: 55.6173
rcu_rcg 6 uperf 2
n_reads: 0  n_updates: 1107106395  nreaders: 0  nupdaters: 6 duration: 10
ns/read: nan  ns/update: 54.1953
rcu_rcg 8 uperf 2
n_reads: 0  n_updates: 1451577979  nreaders: 0  nupdaters: 8 duration: 10
ns/read: nan  ns/update: 55.1124
rcu_rcg 12 uperf 2
n_reads: 0  n_updates: 2183438347  nreaders: 0  nupdaters: 12 duration: 10
ns/read: nan  ns/update: 54.9592
rcu_rcg 16 uperf 2
n_reads: 0  n_updates: 2913136549  nreaders: 0  nupdaters: 16 duration: 10
ns/read: nan  ns/update: 54.9236
rcu_rcg 24 uperf 2
n_reads: 0  n_updates: 4353888962  nreaders: 0  nupdaters: 24 duration: 10
ns/read: nan  ns/update: 55.1231
rcu_rcg 32 uperf 2
n_reads: 0  n_updates: 5833717919  nreaders: 0  nupdaters: 32 duration: 10
ns/read: nan  ns/update: 54.8535
rcu_rcg 48 uperf 2
n_reads: 0  n_updates: 8749424930  nreaders: 0  nupdaters: 48 duration: 10
ns/read: nan  ns/update: 54.8607
rcu_rcg 64 uperf 2
n_reads: 0  n_updates: 11644316879  nreaders: 0  nupdaters: 64 duration: 10
ns/read: nan  ns/update: 54.9624
rcu_rcpg 1 rperf 2
n_reads: 25898000  n_updates: 0  nreaders: 1  nupdaters: 0 duration: 10
ns/read: 386.13  ns/update: nan
rcu_rcpg 2 rperf 2
n_reads: 46900000  n_updates: 0  nreaders: 2  nupdaters: 0 duration: 10
ns/read: 426.439  ns/update: nan
rcu_rcpg 3 rperf 2
n_reads: 28290000  n_updates: 0  nreaders: 3  nupdaters: 0 duration: 10
ns/read: 1060.45  ns/update: nan
rcu_rcpg 4 rperf 2
n_reads: 37134000  n_updates: 0  nreaders: 4  nupdaters: 0 duration: 10
ns/read: 1077.18  ns/update: nan
rcu_rcpg 6 rperf 2
n_reads: 35171000  n_updates: 0  nreaders: 6  nupdaters: 0 duration: 10
ns/read: 1705.95  ns/update: nan
rcu_rcpg 8 rperf 2
n_reads: 33394000  n_updates: 0  nreaders: 8  nupdaters: 0 duration: 10
ns/read: 2395.64  ns/update: nan
rcu_rcpg 12 rperf 2
n_reads: 33246000  n_updates: 0  nreaders: 12  nupdaters: 0 duration: 10
ns/read: 3609.46  ns/update: nan
rcu_rcpg 16 rperf 2
n_reads: 30679000  n_updates: 0  nreaders: 16  nupdaters: 0 duration: 10
ns/read: 5215.29  ns/update: nan
rcu_rcpg 24 rperf 2
n_reads: 26975000  n_updates: 0  nreaders: 24  nupdaters: 0 duration: 10
ns/read: 8897.13  ns/update: nan
rcu_rcpg 32 rperf 2
n_reads: 24523000  n_updates: 0  nreaders: 32  nupdaters: 0 duration: 10
ns/read: 13049  ns/update: nan
rcu_rcpg 48 rperf 2
n_reads: 18381000  n_updates: 0  nreaders: 48  nupdaters: 0 duration: 10
ns/read: 26113.9  ns/update: nan
rcu_rcpg 64 rperf 2
n_reads: 13978000  n_updates: 0  nreaders: 64  nupdaters: 0 duration: 10
ns/read: 45786.2  ns/update: nan
rcu_rcpg 1 uperf 2
n_reads: 0  n_updates: 40289186  nreaders: 0  nupdaters: 1 duration: 10
ns/read: nan  ns/update: 248.206
rcu_rcpg 2 uperf 2
n_reads: 0  n_updates: 14456794  nreaders: 0  nupdaters: 2 duration: 10
ns/read: nan  ns/update: 1383.43
rcu_rcpg 3 uperf 2
n_reads: 0  n_updates: 11255171  nreaders: 0  nupdaters: 3 duration: 10
ns/read: nan  ns/update: 2665.44
rcu_rcpg 4 uperf 2
n_reads: 0  n_updates: 10082961  nreaders: 0  nupdaters: 4 duration: 10
ns/read: nan  ns/update: 3967.09
rcu_rcpg 6 uperf 2
n_reads: 0  n_updates: 10440324  nreaders: 0  nupdaters: 6 duration: 10
ns/read: nan  ns/update: 5746.95
rcu_rcpg 8 uperf 2
n_reads: 0  n_updates: 10988351  nreaders: 0  nupdaters: 8 duration: 10
ns/read: nan  ns/update: 7280.44
rcu_rcpg 12 uperf 2
n_reads: 0  n_updates: 11301532  nreaders: 0  nupdaters: 12 duration: 10
ns/read: nan  ns/update: 10618
rcu_rcpg 16 uperf 2
n_reads: 0  n_updates: 12260325  nreaders: 0  nupdaters: 16 duration: 10
ns/read: nan  ns/update: 13050.2
rcu_rcpg 24 uperf 2
n_reads: 0  n_updates: 12561673  nreaders: 0  nupdaters: 24 duration: 10
ns/read: nan  ns/update: 19105.7
rcu_rcpg 32 uperf 2
n_reads: 0  n_updates: 12904899  nreaders: 0  nupdaters: 32 duration: 10
ns/read: nan  ns/update: 24796.8
rcu_rcpg 48 uperf 2
n_reads: 0  n_updates: 12882321  nreaders: 0  nupdaters: 48 duration: 10
ns/read: nan  ns/update: 37260.4
rcu_rcpg 64 uperf 2
n_reads: 0  n_updates: 13333275  nreaders: 0  nupdaters: 64 duration: 10
ns/read: nan  ns/update: 48000.2
rcu_rcpl 1 rperf 2
n_reads: 28283000  n_updates: 0  nreaders: 1  nupdaters: 0 duration: 10
ns/read: 353.569  ns/update: nan
rcu_rcpl 2 rperf 2
n_reads: 56617000  n_updates: 0  nreaders: 2  nupdaters: 0 duration: 10
ns/read: 353.251  ns/update: nan
rcu_rcpl 3 rperf 2
n_reads: 84691000  n_updates: 0  nreaders: 3  nupdaters: 0 duration: 10
ns/read: 354.229  ns/update: nan
rcu_rcpl 4 rperf 2
n_reads: 113058000  n_updates: 0  nreaders: 4  nupdaters: 0 duration: 10
ns/read: 353.801  ns/update: nan
rcu_rcpl 6 rperf 2
n_reads: 169391000  n_updates: 0  nreaders: 6  nupdaters: 0 duration: 10
ns/read: 354.21  ns/update: nan
rcu_rcpl 8 rperf 2
n_reads: 224002000  n_updates: 0  nreaders: 8  nupdaters: 0 duration: 10
ns/read: 357.14  ns/update: nan
rcu_rcpl 12 rperf 2
n_reads: 336898000  n_updates: 0  nreaders: 12  nupdaters: 0 duration: 10
ns/read: 356.191  ns/update: nan
rcu_rcpl 16 rperf 2
n_reads: 450027000  n_updates: 0  nreaders: 16  nupdaters: 0 duration: 10
ns/read: 355.534  ns/update: nan
rcu_rcpl 24 rperf 2
n_reads: 673765000  n_updates: 0  nreaders: 24  nupdaters: 0 duration: 10
ns/read: 356.207  ns/update: nan
rcu_rcpl 32 rperf 2
n_reads: 897877000  n_updates: 0  nreaders: 32  nupdaters: 0 duration: 10
ns/read: 356.396  ns/update: nan
rcu_rcpl 48 rperf 2
n_reads: 1346045000  n_updates: 0  nreaders: 48  nupdaters: 0 duration: 10
ns/read: 356.6  ns/update: nan
rcu_rcpl 64 rperf 2
n_reads: 1802763000  n_updates: 0  nreaders: 64  nupdaters: 0 duration: 10
ns/read: 355.011  ns/update: nan
rcu_rcpl 1 uperf 2
n_reads: 0  n_updates: 2364478  nreaders: 0  nupdaters: 1 duration: 10
ns/read: nan  ns/update: 4229.26
rcu_rcpl 2 uperf 2
n_reads: 0  n_updates: 1700369  nreaders: 0  nupdaters: 2 duration: 10
ns/read: nan  ns/update: 11762.2
rcu_rcpl 3 uperf 2
n_reads: 0  n_updates: 1589528  nreaders: 0  nupdaters: 3 duration: 10
ns/read: nan  ns/update: 18873.5
rcu_rcpl 4 uperf 2
n_reads: 0  n_updates: 1500788  nreaders: 0  nupdaters: 4 duration: 10
ns/read: nan  ns/update: 26652.7
rcu_rcpl 6 uperf 2
n_reads: 0  n_updates: 1521262  nreaders: 0  nupdaters: 6 duration: 10
ns/read: nan  ns/update: 39440.9
rcu_rcpl 8 uperf 2
n_reads: 0  n_updates: 1473185  nreaders: 0  nupdaters: 8 duration: 10
ns/read: nan  ns/update: 54304.1
rcu_rcpl 12 uperf 2
n_reads: 0  n_updates: 1482732  nreaders: 0  nupdaters: 12 duration: 10
ns/read: nan  ns/update: 80931.7
rcu_rcpl 16 uperf 2
n_reads: 0  n_updates: 1489441  nreaders: 0  nupdaters: 16 duration: 10
ns/read: nan  ns/update: 107423
rcu_rcpl 24 uperf 2
n_reads: 0  n_updates: 1441593  nreaders: 0  nupdaters: 24 duration: 10
ns/read: nan  ns/update: 166482
rcu_rcpl 32 uperf 2
n_reads: 0  n_updates: 1436078  nreaders: 0  nupdaters: 32 duration: 10
ns/read: nan  ns/update: 222829
rcu_rcpl 48 uperf 2
n_reads: 0  n_updates: 1432105  nreaders: 0  nupdaters: 48 duration: 10
ns/read: nan  ns/update: 335171
rcu_rcpl 64 uperf 2
n_reads: 0  n_updates: 1418849  nreaders: 0  nupdaters: 64 duration: 10
ns/read: nan  ns/update: 451070
rcu_rcpls 1 rperf 2
n_reads: 27032000  n_updates: 0  nreaders: 1  nupdaters: 0 duration: 10
ns/read: 369.932  ns/update: nan
rcu_rcpls 2 rperf 2
n_reads: 54458000  n_updates: 0  nreaders: 2  nupdaters: 0 duration: 10
ns/read: 367.255  ns/update: nan
rcu_rcpls 3 rperf 2
n_reads: 81174000  n_updates: 0  nreaders: 3  nupdaters: 0 duration: 10
ns/read: 369.576  ns/update: nan
rcu_rcpls 4 rperf 2
n_reads: 108850000  n_updates: 0  nreaders: 4  nupdaters: 0 duration: 10
ns/read: 367.478  ns/update: nan
rcu_rcpls 6 rperf 2
n_reads: 159908000  n_updates: 0  nreaders: 6  nupdaters: 0 duration: 10
ns/read: 375.216  ns/update: nan
rcu_rcpls 8 rperf 2
n_reads: 215389000  n_updates: 0  nreaders: 8  nupdaters: 0 duration: 10
ns/read: 371.421  ns/update: nan
rcu_rcpls 12 rperf 2
n_reads: 324523000  n_updates: 0  nreaders: 12  nupdaters: 0 duration: 10
ns/read: 369.773  ns/update: nan
rcu_rcpls 16 rperf 2
n_reads: 433054000  n_updates: 0  nreaders: 16  nupdaters: 0 duration: 10
ns/read: 369.469  ns/update: nan
rcu_rcpls 24 rperf 2
n_reads: 646353000  n_updates: 0  nreaders: 24  nupdaters: 0 duration: 10
ns/read: 371.314  ns/update: nan
rcu_rcpls 32 rperf 2
n_reads: 863153000  n_updates: 0  nreaders: 32  nupdaters: 0 duration: 10
ns/read: 370.734  ns/update: nan
rcu_rcpls 48 rperf 2
n_reads: 1292998000  n_updates: 0  nreaders: 48  nupdaters: 0 duration: 10
ns/read: 371.23  ns/update: nan
rcu_rcpls 64 rperf 2
n_reads: 1727533000  n_updates: 0  nreaders: 64  nupdaters: 0 duration: 10
ns/read: 370.47  ns/update: nan
rcu_rcpls 1 uperf 2
n_reads: 0  n_updates: 2355829  nreaders: 0  nupdaters: 1 duration: 10
ns/read: nan  ns/update: 4244.79
rcu_rcpls 2 uperf 2
n_reads: 0  n_updates: 1649713  nreaders: 0  nupdaters: 2 duration: 10
ns/read: nan  ns/update: 12123.3
rcu_rcpls 3 uperf 2
n_reads: 0  n_updates: 1673205  nreaders: 0  nupdaters: 3 duration: 10
ns/read: nan  ns/update: 17929.7
rcu_rcpls 4 uperf 2
n_reads: 0  n_updates: 1561670  nreaders: 0  nupdaters: 4 duration: 10
ns/read: nan  ns/update: 25613.6
rcu_rcpls 6 uperf 2
n_reads: 0  n_updates: 1463789  nreaders: 0  nupdaters: 6 duration: 10
ns/read: nan  ns/update: 40989.5
rcu_rcpls 8 uperf 2
n_reads: 0  n_updates: 1536002  nreaders: 0  nupdaters: 8 duration: 10
ns/read: nan  ns/update: 52083.3
rcu_rcpls 12 uperf 2
n_reads: 0  n_updates: 1482832  nreaders: 0  nupdaters: 12 duration: 10
ns/read: nan  ns/update: 80926.2
rcu_rcpls 16 uperf 2
n_reads: 0  n_updates: 1475713  nreaders: 0  nupdaters: 16 duration: 10
ns/read: nan  ns/update: 108422
rcu_rcpls 24 uperf 2
n_reads: 0  n_updates: 1410793  nreaders: 0  nupdaters: 24 duration: 10
ns/read: nan  ns/update: 170117
rcu_rcpls 32 uperf 2
n_reads: 0  n_updates: 1463292  nreaders: 0  nupdaters: 32 duration: 10
ns/read: nan  ns/update: 218685
rcu_rcpls 48 uperf 2
n_reads: 0  n_updates: 1458526  nreaders: 0  nupdaters: 48 duration: 10
ns/read: nan  ns/update: 329099
rcu_rcpls 64 uperf 2
n_reads: 0  n_updates: 1468230  nreaders: 0  nupdaters: 64 duration: 10
ns/read: nan  ns/update: 435899
rcu_ts 1 rperf 2
n_reads: 48753000  n_updates: 0  nreaders: 1  nupdaters: 0 duration: 10
ns/read: 205.116  ns/update: nan
rcu_ts 2 rperf 2
n_reads: 96905000  n_updates: 0  nreaders: 2  nupdaters: 0 duration: 10
ns/read: 206.388  ns/update: nan
rcu_ts 3 rperf 2
n_reads: 145996000  n_updates: 0  nreaders: 3  nupdaters: 0 duration: 10
ns/read: 205.485  ns/update: nan
rcu_ts 4 rperf 2
n_reads: 193975000  n_updates: 0  nreaders: 4  nupdaters: 0 duration: 10
ns/read: 206.212  ns/update: nan
rcu_ts 6 rperf 2
n_reads: 291365000  n_updates: 0  nreaders: 6  nupdaters: 0 duration: 10
ns/read: 205.927  ns/update: nan
rcu_ts 8 rperf 2
n_reads: 386916000  n_updates: 0  nreaders: 8  nupdaters: 0 duration: 10
ns/read: 206.763  ns/update: nan
rcu_ts 12 rperf 2
n_reads: 574437000  n_updates: 0  nreaders: 12  nupdaters: 0 duration: 10
ns/read: 208.9  ns/update: nan
rcu_ts 16 rperf 2
n_reads: 756536000  n_updates: 0  nreaders: 16  nupdaters: 0 duration: 10
ns/read: 211.49  ns/update: nan
rcu_ts 24 rperf 2
n_reads: 1146037000  n_updates: 0  nreaders: 24  nupdaters: 0 duration: 10
ns/read: 209.417  ns/update: nan
rcu_ts 32 rperf 2
n_reads: 1532671000  n_updates: 0  nreaders: 32  nupdaters: 0 duration: 10
ns/read: 208.786  ns/update: nan
rcu_ts 48 rperf 2
n_reads: 2297184000  n_updates: 0  nreaders: 48  nupdaters: 0 duration: 10
ns/read: 208.951  ns/update: nan
rcu_ts 64 rperf 2
n_reads: 3073244000  n_updates: 0  nreaders: 64  nupdaters: 0 duration: 10
ns/read: 208.249  ns/update: nan
rcu_ts 1 uperf 2
n_reads: 0  n_updates: 4938131  nreaders: 0  nupdaters: 1 duration: 10
ns/read: nan  ns/update: 2025.06
rcu_ts 2 uperf 2
n_reads: 0  n_updates: 2584020  nreaders: 0  nupdaters: 2 duration: 10
ns/read: nan  ns/update: 7739.88
rcu_ts 3 uperf 2
n_reads: 0  n_updates: 2872670  nreaders: 0  nupdaters: 3 duration: 10
ns/read: nan  ns/update: 10443.2
rcu_ts 4 uperf 2
n_reads: 0  n_updates: 3179792  nreaders: 0  nupdaters: 4 duration: 10
ns/read: nan  ns/update: 12579.4
rcu_ts 6 uperf 2
n_reads: 0  n_updates: 2888778  nreaders: 0  nupdaters: 6 duration: 10
ns/read: nan  ns/update: 20770
rcu_ts 8 uperf 2
n_reads: 0  n_updates: 2949948  nreaders: 0  nupdaters: 8 duration: 10
ns/read: nan  ns/update: 27119.1
rcu_ts 12 uperf 2
n_reads: 0  n_updates: 2939795  nreaders: 0  nupdaters: 12 duration: 10
ns/read: nan  ns/update: 40819.2
rcu_ts 16 uperf 2
n_reads: 0  n_updates: 2933928  nreaders: 0  nupdaters: 16 duration: 10
ns/read: nan  ns/update: 54534.4
rcu_ts 24 uperf 2
n_reads: 0  n_updates: 2920782  nreaders: 0  nupdaters: 24 duration: 10
ns/read: nan  ns/update: 82169.8
rcu_ts 32 uperf 2
n_reads: 0  n_updates: 2914662  nreaders: 0  nupdaters: 32 duration: 10
ns/read: nan  ns/update: 109790
rcu_ts 48 uperf 2
n_reads: 0  n_updates: 2907872  nreaders: 0  nupdaters: 48 duration: 10
ns/read: nan  ns/update: 165069
rcu_ts 64 uperf 2
n_reads: 0  n_updates: 2892823  nreaders: 0  nupdaters: 64 duration: 10
ns/read: nan  ns/update: 221237
