rcu 1 rperf 2
n_reads: 157347000  n_updates: 0  nreaders: 1  nupdaters: 0 duration: 10
ns/read: 63.5538  ns/update: nan
rcu 2 rperf 2
n_reads: 314639000  n_updates: 0  nreaders: 2  nupdaters: 0 duration: 10
ns/read: 63.5649  ns/update: nan
rcu 3 rperf 2
n_reads: 473253000  n_updates: 0  nreaders: 3  nupdaters: 0 duration: 10
ns/read: 63.391  ns/update: nan
rcu 4 rperf 2
n_reads: 632938000  n_updates: 0  nreaders: 4  nupdaters: 0 duration: 10
ns/read: 63.1973  ns/update: nan
rcu 6 rperf 2
n_reads: 951516000  n_updates: 0  nreaders: 6  nupdaters: 0 duration: 10
ns/read: 63.0573  ns/update: nan
rcu 8 rperf 2
n_reads: 1270429000  n_updates: 0  nreaders: 8  nupdaters: 0 duration: 10
ns/read: 62.9709  ns/update: nan
rcu 12 rperf 2
n_reads: 1902914000  n_updates: 0  nreaders: 12  nupdaters: 0 duration: 10
ns/read: 63.0612  ns/update: nan
rcu 16 rperf 2
n_reads: 2533929000  n_updates: 0  nreaders: 16  nupdaters: 0 duration: 10
ns/read: 63.143  ns/update: nan
rcu 24 rperf 2
n_reads: 3808052000  n_updates: 0  nreaders: 24  nupdaters: 0 duration: 10
ns/read: 63.0243  ns/update: nan
rcu 32 rperf 2
n_reads: 5073400000  n_updates: 0  nreaders: 32  nupdaters: 0 duration: 10
ns/read: 63.0741  ns/update: nan
rcu 48 rperf 2
n_reads: 7614072000  n_updates: 0  nreaders: 48  nupdaters: 0 duration: 10
ns/read: 63.0412  ns/update: nan
rcu 64 rperf 2
n_reads: 10149335000  n_updates: 0  nreaders: 64  nupdaters: 0 duration: 10
ns/read: 63.0583  ns/update: nan
rcu 1 uperf 2
n_reads: 0  n_updates: 18240418  nreaders: 0  nupdaters: 1 duration: 10
ns/read: nan  ns/update: 548.233
rcu 2 uperf 2
n_reads: 0  n_updates: 10778402  nreaders: 0  nupdaters: 2 duration: 10
ns/read: nan  ns/update: 1855.56
rcu 3 uperf 2
n_reads: 0  n_updates: 6820831  nreaders: 0  nupdaters: 3 duration: 10
ns/read: nan  ns/update: 4398.29
rcu 4 uperf 2
n_reads: 0  n_updates: 6545267  nreaders: 0  nupdaters: 4 duration: 10
ns/read: nan  ns/update: 6111.29
rcu 6 uperf 2
n_reads: 0  n_updates: 6347023  nreaders: 0  nupdaters: 6 duration: 10
ns/read: nan  ns/update: 9453.25
rcu 8 uperf 2
n_reads: 0  n_updates: 6603750  nreaders: 0  nupdaters: 8 duration: 10
ns/read: nan  ns/update: 12114.3
rcu 12 uperf 2
n_reads: 0  n_updates: 6032066  nreaders: 0  nupdaters: 12 duration: 10
ns/read: nan  ns/update: 19893.7
rcu 16 uperf 2
n_reads: 0  n_updates: 5603743  nreaders: 0  nupdaters: 16 duration: 10
ns/read: nan  ns/update: 28552.3
rcu 24 uperf 2
n_reads: 0  n_updates: 6155729  nreaders: 0  nupdaters: 24 duration: 10
ns/read: nan  ns/update: 38988.1
rcu 32 uperf 2
n_reads: 0  n_updates: 5940838  nreaders: 0  nupdaters: 32 duration: 10
ns/read: nan  ns/update: 53864.5
rcu 48 uperf 2
n_reads: 0  n_updates: 5826560  nreaders: 0  nupdaters: 48 duration: 10
ns/read: nan  ns/update: 82381.4
rcu 64 uperf 2
n_reads: 0  n_updates: 5672235  nreaders: 0  nupdaters: 64 duration: 10
ns/read: nan  ns/update: 112830
rcu64 1 rperf 2
n_reads: 155240000  n_updates: 0  nreaders: 1  nupdaters: 0 duration: 10
ns/read: 64.4164  ns/update: nan
rcu64 2 rperf 2
n_reads: 315885000  n_updates: 0  nreaders: 2  nupdaters: 0 duration: 10
ns/read: 63.3142  ns/update: nan
rcu64 3 rperf 2
n_reads: 476055000  n_updates: 0  nreaders: 3  nupdaters: 0 duration: 10
ns/read: 63.0179  ns/update: nan
rcu64 4 rperf 2
n_reads: 633003000  n_updates: 0  nreaders: 4  nupdaters: 0 duration: 10
ns/read: 63.1909  ns/update: nan
rcu64 6 rperf 2
n_reads: 951612000  n_updates: 0  nreaders: 6  nupdaters: 0 duration: 10
ns/read: 63.0509  ns/update: nan
rcu64 8 rperf 2
n_reads: 1266327000  n_updates: 0  nreaders: 8  nupdaters: 0 duration: 10
ns/read: 63.1748  ns/update: nan
rcu64 12 rperf 2
n_reads: 1901052000  n_updates: 0  nreaders: 12  nupdaters: 0 duration: 10
ns/read: 63.1229  ns/update: nan
rcu64 16 rperf 2
n_reads: 2540849000  n_updates: 0  nreaders: 16  nupdaters: 0 duration: 10
ns/read: 62.9711  ns/update: nan
rcu64 24 rperf 2
n_reads: 3806826000  n_updates: 0  nreaders: 24  nupdaters: 0 duration: 10
ns/read: 63.0446  ns/update: nan
rcu64 32 rperf 2
n_reads: 5074521000  n_updates: 0  nreaders: 32  nupdaters: 0 duration: 10
ns/read: 63.0601  ns/update: nan
rcu64 48 rperf 2
n_reads: 7614649000  n_updates: 0  nreaders: 48  nupdaters: 0 duration: 10
ns/read: 63.0364  ns/update: nan
rcu64 64 rperf 2
n_reads: 10141717000  n_updates: 0  nreaders: 64  nupdaters: 0 duration: 10
ns/read: 63.1057  ns/update: nan
rcu64 1 uperf 2
n_reads: 0  n_updates: 19199584  nreaders: 0  nupdaters: 1 duration: 10
ns/read: nan  ns/update: 520.845
rcu64 2 uperf 2
n_reads: 0  n_updates: 10107288  nreaders: 0  nupdaters: 2 duration: 10
ns/read: nan  ns/update: 1978.77
rcu64 3 uperf 2
n_reads: 0  n_updates: 6797706  nreaders: 0  nupdaters: 3 duration: 10
ns/read: nan  ns/update: 4413.25
rcu64 4 uperf 2
n_reads: 0  n_updates: 5482523  nreaders: 0  nupdaters: 4 duration: 10
ns/read: nan  ns/update: 7295.91
rcu64 6 uperf 2
n_reads: 0  n_updates: 6311920  nreaders: 0  nupdaters: 6 duration: 10
ns/read: nan  ns/update: 9505.82
rcu64 8 uperf 2
n_reads: 0  n_updates: 6643453  nreaders: 0  nupdaters: 8 duration: 10
ns/read: nan  ns/update: 12041.9
rcu64 12 uperf 2
n_reads: 0  n_updates: 6020968  nreaders: 0  nupdaters: 12 duration: 10
ns/read: nan  ns/update: 19930.4
rcu64 16 uperf 2
n_reads: 0  n_updates: 5566909  nreaders: 0  nupdaters: 16 duration: 10
ns/read: nan  ns/update: 28741.3
rcu64 24 uperf 2
n_reads: 0  n_updates: 6255547  nreaders: 0  nupdaters: 24 duration: 10
ns/read: nan  ns/update: 38365.9
rcu64 32 uperf 2
n_reads: 0  n_updates: 5768055  nreaders: 0  nupdaters: 32 duration: 10
ns/read: nan  ns/update: 55478
rcu64 48 uperf 2
n_reads: 0  n_updates: 6109855  nreaders: 0  nupdaters: 48 duration: 10
ns/read: nan  ns/update: 78561.6
rcu64 64 uperf 2
n_reads: 0  n_updates: 6543821  nreaders: 0  nupdaters: 64 duration: 10
ns/read: nan  ns/update: 97802.2
rcu_lock 1 rperf 2
n_reads: 87288000  n_updates: 0  nreaders: 1  nupdaters: 0 duration: 10
ns/read: 114.563  ns/update: nan
rcu_lock 2 rperf 2
n_reads: 36041000  n_updates: 0  nreaders: 2  nupdaters: 0 duration: 10
ns/read: 554.924  ns/update: nan
rcu_lock 3 rperf 2
n_reads: 32405000  n_updates: 0  nreaders: 3  nupdaters: 0 duration: 10
ns/read: 925.783  ns/update: nan
rcu_lock 4 rperf 2
n_reads: 33144000  n_updates: 0  nreaders: 4  nupdaters: 0 duration: 10
ns/read: 1206.85  ns/update: nan
rcu_lock 6 rperf 2
n_reads: 25780000  n_updates: 0  nreaders: 6  nupdaters: 0 duration: 10
ns/read: 2327.39  ns/update: nan
rcu_lock 8 rperf 2
n_reads: 24906000  n_updates: 0  nreaders: 8  nupdaters: 0 duration: 10
ns/read: 3212.08  ns/update: nan
rcu_lock 12 rperf 2
n_reads: 28697000  n_updates: 0  nreaders: 12  nupdaters: 0 duration: 10
ns/read: 4181.62  ns/update: nan
rcu_lock 16 rperf 2
n_reads: 29678000  n_updates: 0  nreaders: 16  nupdaters: 0 duration: 10
ns/read: 5391.2  ns/update: nan
rcu_lock 24 rperf 2
n_reads: 31706000  n_updates: 0  nreaders: 24  nupdaters: 0 duration: 10
ns/read: 7569.55  ns/update: nan
rcu_lock 32 rperf 2
n_reads: 32904000  n_updates: 0  nreaders: 32  nupdaters: 0 duration: 10
ns/read: 9725.26  ns/update: nan
rcu_lock 48 rperf 2
n_reads: 35114000  n_updates: 0  nreaders: 48  nupdaters: 0 duration: 10
ns/read: 13669.8  ns/update: nan
rcu_lock 64 rperf 2
n_reads: 37376000  n_updates: 0  nreaders: 64  nupdaters: 0 duration: 10
ns/read: 17123.3  ns/update: nan
rcu_lock 1 uperf 2
n_reads: 0  n_updates: 88413056  nreaders: 0  nupdaters: 1 duration: 10
ns/read: nan  ns/update: 113.105
rcu_lock 2 uperf 2
n_reads: 0  n_updates: 36137748  nreaders: 0  nupdaters: 2 duration: 10
ns/read: nan  ns/update: 553.438
rcu_lock 3 uperf 2
n_reads: 0  n_updates: 30465735  nreaders: 0  nupdaters: 3 duration: 10
ns/read: nan  ns/update: 984.713
rcu_lock 4 uperf 2
n_reads: 0  n_updates: 27178711  nreaders: 0  nupdaters: 4 duration: 10
ns/read: nan  ns/update: 1471.74
rcu_lock 6 uperf 2
n_reads: 0  n_updates: 24062806  nreaders: 0  nupdaters: 6 duration: 10
ns/read: nan  ns/update: 2493.47
rcu_lock 8 uperf 2
n_reads: 0  n_updates: 25197465  nreaders: 0  nupdaters: 8 duration: 10
ns/read: nan  ns/update: 3174.92
rcu_lock 12 uperf 2
n_reads: 0  n_updates: 30498727  nreaders: 0  nupdaters: 12 duration: 10
ns/read: nan  ns/update: 3934.59
rcu_lock 16 uperf 2
n_reads: 0  n_updates: 34222560  nreaders: 0  nupdaters: 16 duration: 10
ns/read: nan  ns/update: 4675.28
rcu_lock 24 uperf 2
n_reads: 0  n_updates: 35064032  nreaders: 0  nupdaters: 24 duration: 10
ns/read: nan  ns/update: 6844.62
rcu_lock 32 uperf 2
n_reads: 0  n_updates: 35518755  nreaders: 0  nupdaters: 32 duration: 10
ns/read: nan  ns/update: 9009.32
rcu_lock 48 uperf 2
n_reads: 0  n_updates: 36769451  nreaders: 0  nupdaters: 48 duration: 10
ns/read: nan  ns/update: 13054.3
rcu_lock 64 uperf 2
n_reads: 0  n_updates: 37002533  nreaders: 0  nupdaters: 64 duration: 10
ns/read: nan  ns/update: 17296.1
rcu_lock_percpu 1 rperf 2
n_reads: 74791000  n_updates: 0  nreaders: 1  nupdaters: 0 duration: 10
ns/read: 133.706  ns/update: nan
rcu_lock_percpu 2 rperf 2
n_reads: 142185000  n_updates: 0  nreaders: 2  nupdaters: 0 duration: 10
ns/read: 140.662  ns/update: nan
rcu_lock_percpu 3 rperf 2
n_reads: 217127000  n_updates: 0  nreaders: 3  nupdaters: 0 duration: 10
ns/read: 138.168  ns/update: nan
rcu_lock_percpu 4 rperf 2
n_reads: 283739000  n_updates: 0  nreaders: 4  nupdaters: 0 duration: 10
ns/read: 140.975  ns/update: nan
rcu_lock_percpu 6 rperf 2
n_reads: 413188000  n_updates: 0  nreaders: 6  nupdaters: 0 duration: 10
ns/read: 145.212  ns/update: nan
rcu_lock_percpu 8 rperf 2
n_reads: 563208000  n_updates: 0  nreaders: 8  nupdaters: 0 duration: 10
ns/read: 142.043  ns/update: nan
rcu_lock_percpu 12 rperf 2
n_reads: 836253000  n_updates: 0  nreaders: 12  nupdaters: 0 duration: 10
ns/read: 143.497  ns/update: nan
rcu_lock_percpu 16 rperf 2
n_reads: 1128802000  n_updates: 0  nreaders: 16  nupdaters: 0 duration: 10
ns/read: 141.743  ns/update: nan
rcu_lock_percpu 24 rperf 2
n_reads: 1714040000  n_updates: 0  nreaders: 24  nupdaters: 0 duration: 10
ns/read: 140.02  ns/update: nan
rcu_lock_percpu 32 rperf 2
n_reads: 2268653000  n_updates: 0  nreaders: 32  nupdaters: 0 duration: 10
ns/read: 141.053  ns/update: nan
rcu_lock_percpu 48 rperf 2
n_reads: 3405134000  n_updates: 0  nreaders: 48  nupdaters: 0 duration: 10
ns/read: 140.964  ns/update: nan
rcu_lock_percpu 64 rperf 2
n_reads: 4523963000  n_updates: 0  nreaders: 64  nupdaters: 0 duration: 10
ns/read: 141.469  ns/update: nan
rcu_lock_percpu 1 uperf 2
n_reads: 0  n_updates: 16523204  nreaders: 0  nupdaters: 1 duration: 10
ns/read: nan  ns/update: 605.209
rcu_lock_percpu 2 uperf 2
n_reads: 0  n_updates: 18729550  nreaders: 0  nupdaters: 2 duration: 10
ns/read: nan  ns/update: 1067.83
rcu_lock_percpu 3 uperf 2
n_reads: 0  n_updates: 15646921  nreaders: 0  nupdaters: 3 duration: 10
ns/read: nan  ns/update: 1917.31
rcu_lock_percpu 4 uperf 2
n_reads: 0  n_updates: 14173904  nreaders: 0  nupdaters: 4 duration: 10
ns/read: nan  ns/update: 2822.09
rcu_lock_percpu 6 uperf 2
n_reads: 0  n_updates: 12545448  nreaders: 0  nupdaters: 6 duration: 10
ns/read: nan  ns/update: 4782.61
rcu_lock_percpu 8 uperf 2
n_reads: 0  n_updates: 11800968  nreaders: 0  nupdaters: 8 duration: 10
ns/read: nan  ns/update: 6779.1
rcu_lock_percpu 12 uperf 2
n_reads: 0  n_updates: 10095288  nreaders: 0  nupdaters: 12 duration: 10
ns/read: nan  ns/update: 11886.7
rcu_lock_percpu 16 uperf 2
n_reads: 0  n_updates: 9355475  nreaders: 0  nupdaters: 16 duration: 10
ns/read: nan  ns/update: 17102.3
rcu_lock_percpu 24 uperf 2
n_reads: 0  n_updates: 8284271  nreaders: 0  nupdaters: 24 duration: 10
ns/read: nan  ns/update: 28970.6
rcu_lock_percpu 32 uperf 2
n_reads: 0  n_updates: 7777993  nreaders: 0  nupdaters: 32 duration: 10
ns/read: nan  ns/update: 41141.7
rcu_lock_percpu 48 uperf 2
n_reads: 0  n_updates: 6449168  nreaders: 0  nupdaters: 48 duration: 10
ns/read: nan  ns/update: 74428.2
rcu_lock_percpu 64 uperf 2
n_reads: 0  n_updates: 5528828  nreaders: 0  nupdaters: 64 duration: 10
ns/read: nan  ns/update: 115757
rcu_nest 1 rperf 2
n_reads: 153679000  n_updates: 0  nreaders: 1  nupdaters: 0 duration: 10
ns/read: 65.0707  ns/update: nan
rcu_nest 2 rperf 2
n_reads: 313920000  n_updates: 0  nreaders: 2  nupdaters: 0 duration: 10
ns/read: 63.7105  ns/update: nan
rcu_nest 3 rperf 2
n_reads: 467610000  n_updates: 0  nreaders: 3  nupdaters: 0 duration: 10
ns/read: 64.156  ns/update: nan
rcu_nest 4 rperf 2
n_reads: 621118000  n_updates: 0  nreaders: 4  nupdaters: 0 duration: 10
ns/read: 64.4  ns/update: nan
rcu_nest 6 rperf 2
n_reads: 935184000  n_updates: 0  nreaders: 6  nupdaters: 0 duration: 10
ns/read: 64.1585  ns/update: nan
rcu_nest 8 rperf 2
n_reads: 1242367000  n_updates: 0  nreaders: 8  nupdaters: 0 duration: 10
ns/read: 64.3932  ns/update: nan
rcu_nest 12 rperf 2
n_reads: 1870315000  n_updates: 0  nreaders: 12  nupdaters: 0 duration: 10
ns/read: 64.1603  ns/update: nan
rcu_nest 16 rperf 2
n_reads: 2491243000  n_updates: 0  nreaders: 16  nupdaters: 0 duration: 10
ns/read: 64.225  ns/update: nan
rcu_nest 24 rperf 2
n_reads: 3740155000  n_updates: 0  nreaders: 24  nupdaters: 0 duration: 10
ns/read: 64.1685  ns/update: nan
rcu_nest 32 rperf 2
n_reads: 4989599000  n_updates: 0  nreaders: 32  nupdaters: 0 duration: 10
ns/read: 64.1334  ns/update: nan
rcu_nest 48 rperf 2
n_reads: 7480043000  n_updates: 0  nreaders: 48  nupdaters: 0 duration: 10
ns/read: 64.1708  ns/update: nan
rcu_nest 64 rperf 2
n_reads: 9972956000  n_updates: 0  nreaders: 64  nupdaters: 0 duration: 10
ns/read: 64.1736  ns/update: nan
rcu_nest 1 uperf 2
n_reads: 0  n_updates: 16354146  nreaders: 0  nupdaters: 1 duration: 10
ns/read: nan  ns/update: 611.466
rcu_nest 2 uperf 2
n_reads: 0  n_updates: 8979105  nreaders: 0  nupdaters: 2 duration: 10
ns/read: nan  ns/update: 2227.39
rcu_nest 3 uperf 2
n_reads: 0  n_updates: 6401468  nreaders: 0  nupdaters: 3 duration: 10
ns/read: nan  ns/update: 4686.43
rcu_nest 4 uperf 2
n_reads: 0  n_updates: 5370418  nreaders: 0  nupdaters: 4 duration: 10
ns/read: nan  ns/update: 7448.21
rcu_nest 6 uperf 2
n_reads: 0  n_updates: 6014234  nreaders: 0  nupdaters: 6 duration: 10
ns/read: nan  ns/update: 9976.33
rcu_nest 8 uperf 2
n_reads: 0  n_updates: 6283954  nreaders: 0  nupdaters: 8 duration: 10
ns/read: nan  ns/update: 12730.8
rcu_nest 12 uperf 2
n_reads: 0  n_updates: 5535214  nreaders: 0  nupdaters: 12 duration: 10
ns/read: nan  ns/update: 21679.4
rcu_nest 16 uperf 2
n_reads: 0  n_updates: 5265216  nreaders: 0  nupdaters: 16 duration: 10
ns/read: nan  ns/update: 30388.1
rcu_nest 24 uperf 2
n_reads: 0  n_updates: 5235277  nreaders: 0  nupdaters: 24 duration: 10
ns/read: nan  ns/update: 45842.8
rcu_nest 32 uperf 2
n_reads: 0  n_updates: 5241280  nreaders: 0  nupdaters: 32 duration: 10
ns/read: nan  ns/update: 61053.8
rcu_nest 48 uperf 2
n_reads: 0  n_updates: 5169344  nreaders: 0  nupdaters: 48 duration: 10
ns/read: nan  ns/update: 92855.1
rcu_nest 64 uperf 2
n_reads: 0  n_updates: 5289487  nreaders: 0  nupdaters: 64 duration: 10
ns/read: nan  ns/update: 120995
rcu_nest_qs 1 rperf 2
n_reads: 388576000  n_updates: 0  nreaders: 1  nupdaters: 0 duration: 10
ns/read: 25.735  ns/update: nan
rcu_nest_qs 2 rperf 2
n_reads: 777114000  n_updates: 0  nreaders: 2  nupdaters: 0 duration: 10
ns/read: 25.7362  ns/update: nan
rcu_nest_qs 3 rperf 2
n_reads: 1165625000  n_updates: 0  nreaders: 3  nupdaters: 0 duration: 10
ns/read: 25.7373  ns/update: nan
rcu_nest_qs 4 rperf 2
n_reads: 1554062000  n_updates: 0  nreaders: 4  nupdaters: 0 duration: 10
ns/read: 25.739  ns/update: nan
rcu_nest_qs 6 rperf 2
n_reads: 2330886000  n_updates: 0  nreaders: 6  nupdaters: 0 duration: 10
ns/read: 25.7413  ns/update: nan
rcu_nest_qs 8 rperf 2
n_reads: 3107779000  n_updates: 0  nreaders: 8  nupdaters: 0 duration: 10
ns/read: 25.7419  ns/update: nan
rcu_nest_qs 12 rperf 2
n_reads: 4662640000  n_updates: 0  nreaders: 12  nupdaters: 0 duration: 10
ns/read: 25.7365  ns/update: nan
rcu_nest_qs 16 rperf 2
n_reads: 6216559000  n_updates: 0  nreaders: 16  nupdaters: 0 duration: 10
ns/read: 25.7377  ns/update: nan
rcu_nest_qs 24 rperf 2
n_reads: 9324300000  n_updates: 0  nreaders: 24  nupdaters: 0 duration: 10
ns/read: 25.7392  ns/update: nan
rcu_nest_qs 32 rperf 2
n_reads: 12432957000  n_updates: 0  nreaders: 32  nupdaters: 0 duration: 10
ns/read: 25.738  ns/update: nan
rcu_nest_qs 48 rperf 2
n_reads: 18648824000  n_updates: 0  nreaders: 48  nupdaters: 0 duration: 10
ns/read: 25.7389  ns/update: nan
rcu_nest_qs 64 rperf 2
n_reads: 24866344000  n_updates: 0  nreaders: 64  nupdaters: 0 duration: 10
ns/read: 25.7376  ns/update: nan
rcu_nest_qs 1 uperf 2
n_reads: 0  n_updates: 15785431  nreaders: 0  nupdaters: 1 duration: 10
ns/read: nan  ns/update: 633.496
rcu_nest_qs 2 uperf 2
n_reads: 0  n_updates: 8593180  nreaders: 0  nupdaters: 2 duration: 10
ns/read: nan  ns/update: 2327.43
rcu_nest_qs 3 uperf 2
n_reads: 0  n_updates: 6461164  nreaders: 0  nupdaters: 3 duration: 10
ns/read: nan  ns/update: 4643.13
rcu_nest_qs 4 uperf 2
n_reads: 0  n_updates: 5848224  nreaders: 0  nupdaters: 4 duration: 10
ns/read: nan  ns/update: 6839.68
rcu_nest_qs 6 uperf 2
n_reads: 0  n_updates: 6070534  nreaders: 0  nupdaters: 6 duration: 10
ns/read: nan  ns/update: 9883.81
rcu_nest_qs 8 uperf 2
n_reads: 0  n_updates: 6371612  nreaders: 0  nupdaters: 8 duration: 10
ns/read: nan  ns/update: 12555.7
rcu_nest_qs 12 uperf 2
n_reads: 0  n_updates: 5474608  nreaders: 0  nupdaters: 12 duration: 10
ns/read: nan  ns/update: 21919.4
rcu_nest_qs 16 uperf 2
n_reads: 0  n_updates: 5194650  nreaders: 0  nupdaters: 16 duration: 10
ns/read: nan  ns/update: 30800.9
rcu_nest_qs 24 uperf 2
n_reads: 0  n_updates: 5270506  nreaders: 0  nupdaters: 24 duration: 10
ns/read: nan  ns/update: 45536.4
rcu_nest_qs 32 uperf 2
n_reads: 0  n_updates: 5320548  nreaders: 0  nupdaters: 32 duration: 10
ns/read: nan  ns/update: 60144.2
rcu_nest_qs 48 uperf 2
n_reads: 0  n_updates: 5128935  nreaders: 0  nupdaters: 48 duration: 10
ns/read: nan  ns/update: 93586.7
rcu_nest_qs 64 uperf 2
n_reads: 0  n_updates: 5318247  nreaders: 0  nupdaters: 64 duration: 10
ns/read: nan  ns/update: 120340
rcu_qs 1 rperf 2
n_reads: 186767165000  n_updates: 0  nreaders: 1  nupdaters: 0 duration: 10
ns/read: 0.0535426  ns/update: nan
rcu_qs 2 rperf 2
n_reads: 369767588000  n_updates: 0  nreaders: 2  nupdaters: 0 duration: 10
ns/read: 0.054088  ns/update: nan
rcu_qs 3 rperf 2
n_reads: 569364120000  n_updates: 0  nreaders: 3  nupdaters: 0 duration: 10
ns/read: 0.0526904  ns/update: nan
rcu_qs 4 rperf 2
n_reads: 736282973000  n_updates: 0  nreaders: 4  nupdaters: 0 duration: 10
ns/read: 0.0543269  ns/update: nan
rcu_qs 6 rperf 2
n_reads: 1134265615000  n_updates: 0  nreaders: 6  nupdaters: 0 duration: 10
ns/read: 0.0528977  ns/update: nan
rcu_qs 8 rperf 2
n_reads: 1506007814000  n_updates: 0  nreaders: 8  nupdaters: 0 duration: 10
ns/read: 0.0531206  ns/update: nan
rcu_qs 12 rperf 2
n_reads: 2263719577000  n_updates: 0  nreaders: 12  nupdaters: 0 duration: 10
ns/read: 0.0530101  ns/update: nan
rcu_qs 16 rperf 2
n_reads: 2980864098000  n_updates: 0  nreaders: 16  nupdaters: 0 duration: 10
ns/read: 0.0536757  ns/update: nan
rcu_qs 24 rperf 2
n_reads: 4502935550000  n_updates: 0  nreaders: 24  nupdaters: 0 duration: 10
ns/read: 0.0532986  ns/update: nan
rcu_qs 32 rperf 2
n_reads: 5979727156000  n_updates: 0  nreaders: 32  nupdaters: 0 duration: 10
ns/read: 0.0535141  ns/update: nan
rcu_qs 48 rperf 2
n_reads: 8977889711000  n_updates: 0  nreaders: 48  nupdaters: 0 duration: 10
ns/read: 0.0534647  ns/update: nan
rcu_qs 64 rperf 2
n_reads: 11908245240000  n_updates: 0  nreaders: 64  nupdaters: 0 duration: 10
ns/read: 0.0537443  ns/update: nan
rcu_qs 1 uperf 2
n_reads: 0  n_updates: 16038347  nreaders: 0  nupdaters: 1 duration: 10
ns/read: nan  ns/update: 623.506
rcu_qs 2 uperf 2
n_reads: 0  n_updates: 8856286  nreaders: 0  nupdaters: 2 duration: 10
ns/read: nan  ns/update: 2258.28
rcu_qs 3 uperf 2
n_reads: 0  n_updates: 6495113  nreaders: 0  nupdaters: 3 duration: 10
ns/read: nan  ns/update: 4618.86
rcu_qs 4 uperf 2
n_reads: 0  n_updates: 5780410  nreaders: 0  nupdaters: 4 duration: 10
ns/read: nan  ns/update: 6919.92
rcu_qs 6 uperf 2
n_reads: 0  n_updates: 6163765  nreaders: 0  nupdaters: 6 duration: 10
ns/read: nan  ns/update: 9734.31
rcu_qs 8 uperf 2
n_reads: 0  n_updates: 6337248  nreaders: 0  nupdaters: 8 duration: 10
ns/read: nan  ns/update: 12623.8
rcu_qs 12 uperf 2
n_reads: 0  n_updates: 5446930  nreaders: 0  nupdaters: 12 duration: 10
ns/read: nan  ns/update: 22030.8
rcu_qs 16 uperf 2
n_reads: 0  n_updates: 5302720  nreaders: 0  nupdaters: 16 duration: 10
ns/read: nan  ns/update: 30173.2
rcu_qs 24 uperf 2
n_reads: 0  n_updates: 5309910  nreaders: 0  nupdaters: 24 duration: 10
ns/read: nan  ns/update: 45198.5
rcu_qs 32 uperf 2
n_reads: 0  n_updates: 5316969  nreaders: 0  nupdaters: 32 duration: 10
ns/read: nan  ns/update: 60184.7
rcu_qs 48 uperf 2
n_reads: 0  n_updates: 5259775  nreaders: 0  nupdaters: 48 duration: 10
ns/read: nan  ns/update: 91258.7
rcu_qs 64 uperf 2
n_reads: 0  n_updates: 5233814  nreaders: 0  nupdaters: 64 duration: 10
ns/read: nan  ns/update: 122282
rcu_rcg 1 rperf 2
n_reads: 94215000  n_updates: 0  nreaders: 1  nupdaters: 0 duration: 10
ns/read: 106.14  ns/update: nan
rcu_rcg 2 rperf 2
n_reads: 157359000  n_updates: 0  nreaders: 2  nupdaters: 0 duration: 10
ns/read: 127.098  ns/update: nan
rcu_rcg 3 rperf 2
n_reads: 92222000  n_updates: 0  nreaders: 3  nupdaters: 0 duration: 10
ns/read: 325.302  ns/update: nan
rcu_rcg 4 rperf 2
n_reads: 105709000  n_updates: 0  nreaders: 4  nupdaters: 0 duration: 10
ns/read: 378.397  ns/update: nan
rcu_rcg 6 rperf 2
n_reads: 85114000  n_updates: 0  nreaders: 6  nupdaters: 0 duration: 10
ns/read: 704.937  ns/update: nan
rcu_rcg 8 rperf 2
n_reads: 72626000  n_updates: 0  nreaders: 8  nupdaters: 0 duration: 10
ns/read: 1101.53  ns/update: nan
rcu_rcg 12 rperf 2
n_reads: 66679000  n_updates: 0  nreaders: 12  nupdaters: 0 duration: 10
ns/read: 1799.67  ns/update: nan
rcu_rcg 16 rperf 2
n_reads: 55554000  n_updates: 0  nreaders: 16  nupdaters: 0 duration: 10
ns/read: 2880.08  ns/update: nan
rcu_rcg 24 rperf 2
n_reads: 41312000  n_updates: 0  nreaders: 24  nupdaters: 0 duration: 10
ns/read: 5809.45  ns/update: nan
rcu_rcg 32 rperf 2
n_reads: 33275000  n_updates: 0  nreaders: 32  nupdaters: 0 duration: 10
ns/read: 9616.83  ns/update: nan
rcu_rcg 48 rperf 2
n_reads: 23228000  n_updates: 0  nreaders: 48  nupdaters: 0 duration: 10
ns/read: 20664.7  ns/update: nan
rcu_rcg 64 rperf 2
n_reads: 16336000  n_updates: 0  nreaders: 64  nupdaters: 0 duration: 10
ns/read: 39177.3  ns/update: nan
rcu_rcg 1 uperf 2
n_reads: 0  n_updates: 249436952  nreaders: 0  nupdaters: 1 duration: 10
ns/read: nan  ns/update: 40.0903
rcu_rcg 2 uperf 2
n_reads: 0  n_updates: 498875510  nreaders: 0  nupdaters: 2 duration: 10
ns/read: nan  ns/update: 40.0902
rcu_rcg 3 uperf 2
n_reads: 0  n_updates: 748281586  nreaders: 0  nupdaters: 3 duration: 10
ns/read: nan  ns/update: 40.0919
rcu_rcg 4 uperf 2
n_reads: 0  n_updates: 997689080  nreaders: 0  nupdaters: 4 duration: 10
ns/read: nan  ns/update: 40.0927
rcu_rcg 6 uperf 2
n_reads: 0  n_updates: 1496481770  nreaders: 0  nupdaters: 6 duration: 10
ns/read: nan  ns/update: 40.094
rcu_rcg 8 uperf 2
n_reads: 0  n_updates: 1995097819  nreaders: 0  nupdaters: 8 duration: 10
ns/read: nan  ns/update: 40.0983
rcu_rcg 12 uperf 2
n_reads: 0  n_updates: 2992455418  nreaders: 0  nupdaters: 12 duration: 10
ns/read: nan  ns/update: 40.1008
rcu_rcg 16 uperf 2
n_reads: 0  n_updates: 3989820366  nreaders: 0  nupdaters: 16 duration: 10
ns/read: nan  ns/update: 40.1021
rcu_rcg 24 uperf 2
n_reads: 0  n_updates: 5984690489  nreaders: 0  nupdaters: 24 duration: 10
ns/read: nan  ns/update: 40.1023
rcu_rcg 32 uperf 2
n_reads: 0  n_updates: 7979671365  nreaders: 0  nupdaters: 32 duration: 10
ns/read: nan  ns/update: 40.1019
rcu_rcg 48 uperf 2
n_reads: 0  n_updates: 11963819073  nreaders: 0  nupdaters: 48 duration: 10
ns/read: nan  ns/update: 40.121
rcu_rcg 64 uperf 2
n_reads: 0  n_updates: 15955072640  nreaders: 0  nupdaters: 64 duration: 10
ns/read: nan  ns/update: 40.1126
rcu_rcpg 1 rperf 2
n_reads: 62965000  n_updates: 0  nreaders: 1  nupdaters: 0 duration: 10
ns/read: 158.818  ns/update: nan
rcu_rcpg 2 rperf 2
n_reads: 112282000  n_updates: 0  nreaders: 2  nupdaters: 0 duration: 10
ns/read: 178.123  ns/update: nan
rcu_rcpg 3 rperf 2
n_reads: 65541000  n_updates: 0  nreaders: 3  nupdaters: 0 duration: 10
ns/read: 457.729  ns/update: nan
rcu_rcpg 4 rperf 2
n_reads: 77380000  n_updates: 0  nreaders: 4  nupdaters: 0 duration: 10
ns/read: 516.929  ns/update: nan
rcu_rcpg 6 rperf 2
n_reads: 66609000  n_updates: 0  nreaders: 6  nupdaters: 0 duration: 10
ns/read: 900.779  ns/update: nan
rcu_rcpg 8 rperf 2
n_reads: 57231000  n_updates: 0  nreaders: 8  nupdaters: 0 duration: 10
ns/read: 1397.84  ns/update: nan
rcu_rcpg 12 rperf 2
n_reads: 50453000  n_updates: 0  nreaders: 12  nupdaters: 0 duration: 10
ns/read: 2378.45  ns/update: nan
rcu_rcpg 16 rperf 2
n_reads: 42778000  n_updates: 0  nreaders: 16  nupdaters: 0 duration: 10
ns/read: 3740.24  ns/update: nan
rcu_rcpg 24 rperf 2
n_reads: 36038000  n_updates: 0  nreaders: 24  nupdaters: 0 duration: 10
ns/read: 6659.64  ns/update: nan
rcu_rcpg 32 rperf 2
n_reads: 30238000  n_updates: 0  nreaders: 32  nupdaters: 0 duration: 10
ns/read: 10582.7  ns/update: nan
rcu_rcpg 48 rperf 2
n_reads: 22456000  n_updates: 0  nreaders: 48  nupdaters: 0 duration: 10
ns/read: 21375.1  ns/update: nan
rcu_rcpg 64 rperf 2
n_reads: 17271000  n_updates: 0  nreaders: 64  nupdaters: 0 duration: 10
ns/read: 37056.3  ns/update: nan
rcu_rcpg 1 uperf 2
n_reads: 0  n_updates: 45472813  nreaders: 0  nupdaters: 1 duration: 10
ns/read: nan  ns/update: 219.912
rcu_rcpg 2 uperf 2
n_reads: 0  n_updates: 17148956  nreaders: 0  nupdaters: 2 duration: 10
ns/read: nan  ns/update: 1166.25
rcu_rcpg 3 uperf 2
n_reads: 0  n_updates: 11674536  nreaders: 0  nupdaters: 3 duration: 10
ns/read: nan  ns/update: 2569.7
rcu_rcpg 4 uperf 2
n_reads: 0  n_updates: 11183155  nreaders: 0  nupdaters: 4 duration: 10
ns/read: nan  ns/update: 3576.81
rcu_rcpg 6 uperf 2
n_reads: 0  n_updates: 11184650  nreaders: 0  nupdaters: 6 duration: 10
ns/read: nan  ns/update: 5364.5
rcu_rcpg 8 uperf 2
n_reads: 0  n_updates: 11739836  nreaders: 0  nupdaters: 8 duration: 10
ns/read: nan  ns/update: 6814.41
rcu_rcpg 12 uperf 2
n_reads: 0  n_updates: 12129722  nreaders: 0  nupdaters: 12 duration: 10
ns/read: nan  ns/update: 9893.05
rcu_rcpg 16 uperf 2
n_reads: 0  n_updates: 12960417  nreaders: 0  nupdaters: 16 duration: 10
ns/read: nan  ns/update: 12345.3
rcu_rcpg 24 uperf 2
n_reads: 0  n_updates: 14156304  nreaders: 0  nupdaters: 24 duration: 10
ns/read: nan  ns/update: 16953.6
rcu_rcpg 32 uperf 2
n_reads: 0  n_updates: 15276498  nreaders: 0  nupdaters: 32 duration: 10
ns/read: nan  ns/update: 20947.2
rcu_rcpg 48 uperf 2
n_reads: 0  n_updates: 15330446  nreaders: 0  nupdaters: 48 duration: 10
ns/read: nan  ns/update: 31310.2
rcu_rcpg 64 uperf 2
n_reads: 0  n_updates: 14771825  nreaders: 0  nupdaters: 64 duration: 10
ns/read: nan  ns/update: 43325.7
rcu_rcpl 1 rperf 2
n_reads: 87680000  n_updates: 0  nreaders: 1  nupdaters: 0 duration: 10
ns/read: 114.051  ns/update: nan
rcu_rcpl 2 rperf 2
n_reads: 176328000  n_updates: 0  nreaders: 2  nupdaters: 0 duration: 10
ns/read: 113.425  ns/update: nan
rcu_rcpl 3 rperf 2
n_reads: 263934000  n_updates: 0  nreaders: 3  nupdaters: 0 duration: 10
ns/read: 113.665  ns/update: nan
rcu_rcpl 4 rperf 2
n_reads: 349212000  n_updates: 0  nreaders: 4  nupdaters: 0 duration: 10
ns/read: 114.544  ns/update: nan
rcu_rcpl 6 rperf 2
n_reads: 527104000  n_updates: 0  nreaders: 6  nupdaters: 0 duration: 10
ns/read: 113.83  ns/update: nan
rcu_rcpl 8 rperf 2
n_reads: 691578000  n_updates: 0  nreaders: 8  nupdaters: 0 duration: 10
ns/read: 115.677  ns/update: nan
rcu_rcpl 12 rperf 2
n_reads: 1046241000  n_updates: 0  nreaders: 12  nupdaters: 0 duration: 10
ns/read: 114.696  ns/update: nan
rcu_rcpl 16 rperf 2
n_reads: 1406376000  n_updates: 0  nreaders: 16  nupdaters: 0 duration: 10
ns/read: 113.768  ns/update: nan
rcu_rcpl 24 rperf 2
n_reads: 2101559000  n_updates: 0  nreaders: 24  nupdaters: 0 duration: 10
ns/read: 114.201  ns/update: nan
rcu_rcpl 32 rperf 2
n_reads: 2783286000  n_updates: 0  nreaders: 32  nupdaters: 0 duration: 10
ns/read: 114.972  ns/update: nan
rcu_rcpl 48 rperf 2
n_reads: 4161447000  n_updates: 0  nreaders: 48  nupdaters: 0 duration: 10
ns/read: 115.344  ns/update: nan
rcu_rcpl 64 rperf 2
n_reads: 5599665000  n_updates: 0  nreaders: 64  nupdaters: 0 duration: 10
ns/read: 114.293  ns/update: nan
rcu_rcpl 1 uperf 2
n_reads: 0  n_updates: 11375596  nreaders: 0  nupdaters: 1 duration: 10
ns/read: nan  ns/update: 879.075
rcu_rcpl 2 uperf 2
n_reads: 0  n_updates: 4254002  nreaders: 0  nupdaters: 2 duration: 10
ns/read: nan  ns/update: 4701.46
rcu_rcpl 3 uperf 2
n_reads: 0  n_updates: 4853172  nreaders: 0  nupdaters: 3 duration: 10
ns/read: nan  ns/update: 6181.52
rcu_rcpl 4 uperf 2
n_reads: 0  n_updates: 4542941  nreaders: 0  nupdaters: 4 duration: 10
ns/read: nan  ns/update: 8804.87
rcu_rcpl 6 uperf 2
n_reads: 0  n_updates: 4844403  nreaders: 0  nupdaters: 6 duration: 10
ns/read: nan  ns/update: 12385.4
rcu_rcpl 8 uperf 2
n_reads: 0  n_updates: 4921104  nreaders: 0  nupdaters: 8 duration: 10
ns/read: nan  ns/update: 16256.5
rcu_rcpl 12 uperf 2
n_reads: 0  n_updates: 4134030  nreaders: 0  nupdaters: 12 duration: 10
ns/read: nan  ns/update: 29027.4
rcu_rcpl 16 uperf 2
n_reads: 0  n_updates: 3592162  nreaders: 0  nupdaters: 16 duration: 10
ns/read: nan  ns/update: 44541.4
rcu_rcpl 24 uperf 2
n_reads: 0  n_updates: 3534892  nreaders: 0  nupdaters: 24 duration: 10
ns/read: nan  ns/update: 67894.6
rcu_rcpl 32 uperf 2
n_reads: 0  n_updates: 3619399  nreaders: 0  nupdaters: 32 duration: 10
ns/read: nan  ns/update: 88412.5
rcu_rcpl 48 uperf 2
n_reads: 0  n_updates: 3549843  nreaders: 0  nupdaters: 48 duration: 10
ns/read: nan  ns/update: 135217
rcu_rcpl 64 uperf 2
n_reads: 0  n_updates: 3582250  nreaders: 0  nupdaters: 64 duration: 10
ns/read: nan  ns/update: 178659
rcu_rcpls 1 rperf 2
n_reads: 87715000  n_updates: 0  nreaders: 1  nupdaters: 0 duration: 10
ns/read: 114.006  ns/update: nan
rcu_rcpls 2 rperf 2
n_reads: 175976000  n_updates: 0  nreaders: 2  nupdaters: 0 duration: 10
ns/read: 113.652  ns/update: nan
rcu_rcpls 3 rperf 2
n_reads: 261677000  n_updates: 0  nreaders: 3  nupdaters: 0 duration: 10
ns/read: 114.645  ns/update: nan
rcu_rcpls 4 rperf 2
n_reads: 351303000  n_updates: 0  nreaders: 4  nupdaters: 0 duration: 10
ns/read: 113.862  ns/update: nan
rcu_rcpls 6 rperf 2
n_reads: 523908000  n_updates: 0  nreaders: 6  nupdaters: 0 duration: 10
ns/read: 114.524  ns/update: nan
rcu_rcpls 8 rperf 2
n_reads: 681828000  n_updates: 0  nreaders: 8  nupdaters: 0 duration: 10
ns/read: 117.332  ns/update: nan
rcu_rcpls 12 rperf 2
n_reads: 1024177000  n_updates: 0  nreaders: 12  nupdaters: 0 duration: 10
ns/read: 117.167  ns/update: nan
rcu_rcpls 16 rperf 2
n_reads: 1380927000  n_updates: 0  nreaders: 16  nupdaters: 0 duration: 10
ns/read: 115.864  ns/update: nan
rcu_rcpls 24 rperf 2
n_reads: 2084205000  n_updates: 0  nreaders: 24  nupdaters: 0 duration: 10
ns/read: 115.152  ns/update: nan
rcu_rcpls 32 rperf 2
n_reads: 2781206000  n_updates: 0  nreaders: 32  nupdaters: 0 duration: 10
ns/read: 115.058  ns/update: nan
rcu_rcpls 48 rperf 2
n_reads: 4186435000  n_updates: 0  nreaders: 48  nupdaters: 0 duration: 10
ns/read: 114.656  ns/update: nan
rcu_rcpls 64 rperf 2
n_reads: 5570123000  n_updates: 0  nreaders: 64  nupdaters: 0 duration: 10
ns/read: 114.899  ns/update: nan
rcu_rcpls 1 uperf 2
n_reads: 0  n_updates: 11128889  nreaders: 0  nupdaters: 1 duration: 10
ns/read: nan  ns/update: 898.562
rcu_rcpls 2 uperf 2
n_reads: 0  n_updates: 5291525  nreaders: 0  nupdaters: 2 duration: 10
ns/read: nan  ns/update: 3779.63
rcu_rcpls 3 uperf 2
n_reads: 0  n_updates: 4697913  nreaders: 0  nupdaters: 3 duration: 10
ns/read: nan  ns/update: 6385.81
rcu_rcpls 4 uperf 2
n_reads: 0  n_updates: 5553762  nreaders: 0  nupdaters: 4 duration: 10
ns/read: nan  ns/update: 7202.33
rcu_rcpls 6 uperf 2
n_reads: 0  n_updates: 6042226  nreaders: 0  nupdaters: 6 duration: 10
ns/read: nan  ns/update: 9930.12
rcu_rcpls 8 uperf 2
n_reads: 0  n_updates: 6228358  nreaders: 0  nupdaters: 8 duration: 10
ns/read: nan  ns/update: 12844.5
rcu_rcpls 12 uperf 2
n_reads: 0  n_updates: 5023599  nreaders: 0  nupdaters: 12 duration: 10
ns/read: nan  ns/update: 23887.3
rcu_rcpls 16 uperf 2
n_reads: 0  n_updates: 4497016  nreaders: 0  nupdaters: 16 duration: 10
ns/read: nan  ns/update: 35579.1
rcu_rcpls 24 uperf 2
n_reads: 0  n_updates: 4335639  nreaders: 0  nupdaters: 24 duration: 10
ns/read: nan  ns/update: 55355.2
rcu_rcpls 32 uperf 2
n_reads: 0  n_updates: 4142181  nreaders: 0  nupdaters: 32 duration: 10
ns/read: nan  ns/update: 77254
rcu_rcpls 48 uperf 2
n_reads: 0  n_updates: 4016197  nreaders: 0  nupdaters: 48 duration: 10
ns/read: nan  ns/update: 119516
rcu_rcpls 64 uperf 2
n_reads: 0  n_updates: 3958148  nreaders: 0  nupdaters: 64 duration: 10
ns/read: nan  ns/update: 161692
rcu_ts 1 rperf 2
n_reads: 98251000  n_updates: 0  nreaders: 1  nupdaters: 0 duration: 10
ns/read: 101.78  ns/update: nan
rcu_ts 2 rperf 2
n_reads: 197858000  n_updates: 0  nreaders: 2  nupdaters: 0 duration: 10
ns/read: 101.083  ns/update: nan
rcu_ts 3 rperf 2
n_reads: 294848000  n_updates: 0  nreaders: 3  nupdaters: 0 duration: 10
ns/read: 101.747  ns/update: nan
rcu_ts 4 rperf 2
n_reads: 393122000  n_updates: 0  nreaders: 4  nupdaters: 0 duration: 10
ns/read: 101.75  ns/update: nan
rcu_ts 6 rperf 2
n_reads: 590902000  n_updates: 0  nreaders: 6  nupdaters: 0 duration: 10
ns/read: 101.54  ns/update: nan
rcu_ts 8 rperf 2
n_reads: 785689000  n_updates: 0  nreaders: 8  nupdaters: 0 duration: 10
ns/read: 101.821  ns/update: nan
rcu_ts 12 rperf 2
n_reads: 1181918000  n_updates: 0  nreaders: 12  nupdaters: 0 duration: 10
ns/read: 101.53  ns/update: nan
rcu_ts 16 rperf 2
n_reads: 1576529000  n_updates: 0  nreaders: 16  nupdaters: 0 duration: 10
ns/read: 101.489  ns/update: nan
rcu_ts 24 rperf 2
n_reads: 2362862000  n_updates: 0  nreaders: 24  nupdaters: 0 duration: 10
ns/read: 101.572  ns/update: nan
rcu_ts 32 rperf 2
n_reads: 3151137000  n_updates: 0  nreaders: 32  nupdaters: 0 duration: 10
ns/read: 101.551  ns/update: nan
rcu_ts 48 rperf 2
n_reads: 4724588000  n_updates: 0  nreaders: 48  nupdaters: 0 duration: 10
ns/read: 101.596  ns/update: nan
rcu_ts 64 rperf 2
n_reads: 6298583000  n_updates: 0  nreaders: 64  nupdaters: 0 duration: 10
ns/read: 101.61  ns/update: nan
rcu_ts 1 uperf 2
n_reads: 0  n_updates: 15940031  nreaders: 0  nupdaters: 1 duration: 10
ns/read: nan  ns/update: 627.351
rcu_ts 2 uperf 2
n_reads: 0  n_updates: 7370930  nreaders: 0  nupdaters: 2 duration: 10
ns/read: nan  ns/update: 2713.36
rcu_ts 3 uperf 2
n_reads: 0  n_updates: 6293421  nreaders: 0  nupdaters: 3 duration: 10
ns/read: nan  ns/update: 4766.88
rcu_ts 4 uperf 2
n_reads: 0  n_updates: 5469170  nreaders: 0  nupdaters: 4 duration: 10
ns/read: nan  ns/update: 7313.72
rcu_ts 6 uperf 2
n_reads: 0  n_updates: 6014622  nreaders: 0  nupdaters: 6 duration: 10
ns/read: nan  ns/update: 9975.69
rcu_ts 8 uperf 2
n_reads: 0  n_updates: 6212384  nreaders: 0  nupdaters: 8 duration: 10
ns/read: nan  ns/update: 12877.5
rcu_ts 12 uperf 2
n_reads: 0  n_updates: 5353835  nreaders: 0  nupdaters: 12 duration: 10
ns/read: nan  ns/update: 22413.8
rcu_ts 16 uperf 2
n_reads: 0  n_updates: 5103509  nreaders: 0  nupdaters: 16 duration: 10
ns/read: nan  ns/update: 31351
rcu_ts 24 uperf 2
n_reads: 0  n_updates: 5257128  nreaders: 0  nupdaters: 24 duration: 10
ns/read: nan  ns/update: 45652.3
rcu_ts 32 uperf 2
n_reads: 0  n_updates: 5246735  nreaders: 0  nupdaters: 32 duration: 10
ns/read: nan  ns/update: 60990.3
rcu_ts 48 uperf 2
n_reads: 0  n_updates: 5203421  nreaders: 0  nupdaters: 48 duration: 10
ns/read: nan  ns/update: 92247
rcu_ts 64 uperf 2
n_reads: 0  n_updates: 5220395  nreaders: 0  nupdaters: 64 duration: 10
ns/read: nan  ns/update: 122596
