rcu 1 rperf 2
n_reads: 78023000  n_updates: 0  nreaders: 1  nupdaters: 0 duration: 10
ns/read: 128.167  ns/update: nan
rcu 2 rperf 2
n_reads: 155720000  n_updates: 0  nreaders: 2  nupdaters: 0 duration: 10
ns/read: 128.436  ns/update: nan
rcu 3 rperf 2
n_reads: 229988000  n_updates: 0  nreaders: 3  nupdaters: 0 duration: 10
ns/read: 130.442  ns/update: nan
rcu 4 rperf 2
n_reads: 315502000  n_updates: 0  nreaders: 4  nupdaters: 0 duration: 10
ns/read: 126.782  ns/update: nan
rcu 6 rperf 2
n_reads: 470495000  n_updates: 0  nreaders: 6  nupdaters: 0 duration: 10
ns/read: 127.525  ns/update: nan
rcu 8 rperf 2
n_reads: 614966000  n_updates: 0  nreaders: 8  nupdaters: 0 duration: 10
ns/read: 130.088  ns/update: nan
rcu 12 rperf 2
n_reads: 938190000  n_updates: 0  nreaders: 12  nupdaters: 0 duration: 10
ns/read: 127.906  ns/update: nan
rcu 16 rperf 2
n_reads: 1235212000  n_updates: 0  nreaders: 16  nupdaters: 0 duration: 10
ns/read: 129.532  ns/update: nan
rcu 24 rperf 2
n_reads: 1868163000  n_updates: 0  nreaders: 24  nupdaters: 0 duration: 10
ns/read: 128.468  ns/update: nan
rcu 32 rperf 2
n_reads: 2472701000  n_updates: 0  nreaders: 32  nupdaters: 0 duration: 10
ns/read: 129.413  ns/update: nan
rcu 48 rperf 2
n_reads: 3727303000  n_updates: 0  nreaders: 48  nupdaters: 0 duration: 10
ns/read: 128.779  ns/update: nan
rcu 64 rperf 2
n_reads: 4980228000  n_updates: 0  nreaders: 64  nupdaters: 0 duration: 10
ns/read: 128.508  ns/update: nan
rcu 1 uperf 2
n_reads: 0  n_updates: 2821919  nreaders: 0  nupdaters: 1 duration: 10
ns/read: nan  ns/update: 3543.69
rcu 2 uperf 2
n_reads: 0  n_updates: 1764023  nreaders: 0  nupdaters: 2 duration: 10
ns/read: nan  ns/update: 11337.7
rcu 3 uperf 2
n_reads: 0  n_updates: 1729627  nreaders: 0  nupdaters: 3 duration: 10
ns/read: nan  ns/update: 17344.8
rcu 4 uperf 2
n_reads: 0  n_updates: 1727462  nreaders: 0  nupdaters: 4 duration: 10
ns/read: nan  ns/update: 23155.4
rcu 6 uperf 2
n_reads: 0  n_updates: 1766693  nreaders: 0  nupdaters: 6 duration: 10
ns/read: nan  ns/update: 33961.8
rcu 8 uperf 2
n_reads: 0  n_updates: 1770720  nreaders: 0  nupdaters: 8 duration: 10
ns/read: nan  ns/update: 45179.4
rcu 12 uperf 2
n_reads: 0  n_updates: 1735860  nreaders: 0  nupdaters: 12 duration: 10
ns/read: nan  ns/update: 69130
rcu 16 uperf 2
n_reads: 0  n_updates: 1709880  nreaders: 0  nupdaters: 16 duration: 10
ns/read: nan  ns/update: 93573.8
rcu 24 uperf 2
n_reads: 0  n_updates: 1738306  nreaders: 0  nupdaters: 24 duration: 10
ns/read: nan  ns/update: 138065
rcu 32 uperf 2
n_reads: 0  n_updates: 1733714  nreaders: 0  nupdaters: 32 duration: 10
ns/read: nan  ns/update: 184575
rcu 48 uperf 2
n_reads: 0  n_updates: 1734839  nreaders: 0  nupdaters: 48 duration: 10
ns/read: nan  ns/update: 276683
rcu 64 uperf 2
n_reads: 0  n_updates: 1742175  nreaders: 0  nupdaters: 64 duration: 10
ns/read: nan  ns/update: 367357
rcu64 1 rperf 2
n_reads: 78645000  n_updates: 0  nreaders: 1  nupdaters: 0 duration: 10
ns/read: 127.154  ns/update: nan
rcu64 2 rperf 2
n_reads: 155436000  n_updates: 0  nreaders: 2  nupdaters: 0 duration: 10
ns/read: 128.67  ns/update: nan
rcu64 3 rperf 2
n_reads: 234359000  n_updates: 0  nreaders: 3  nupdaters: 0 duration: 10
ns/read: 128.009  ns/update: nan
rcu64 4 rperf 2
n_reads: 312771000  n_updates: 0  nreaders: 4  nupdaters: 0 duration: 10
ns/read: 127.889  ns/update: nan
rcu64 6 rperf 2
n_reads: 463224000  n_updates: 0  nreaders: 6  nupdaters: 0 duration: 10
ns/read: 129.527  ns/update: nan
rcu64 8 rperf 2
n_reads: 617891000  n_updates: 0  nreaders: 8  nupdaters: 0 duration: 10
ns/read: 129.473  ns/update: nan
rcu64 12 rperf 2
n_reads: 930634000  n_updates: 0  nreaders: 12  nupdaters: 0 duration: 10
ns/read: 128.944  ns/update: nan
rcu64 16 rperf 2
n_reads: 1233054000  n_updates: 0  nreaders: 16  nupdaters: 0 duration: 10
ns/read: 129.759  ns/update: nan
rcu64 24 rperf 2
n_reads: 1828686000  n_updates: 0  nreaders: 24  nupdaters: 0 duration: 10
ns/read: 131.242  ns/update: nan
rcu64 32 rperf 2
n_reads: 2484647000  n_updates: 0  nreaders: 32  nupdaters: 0 duration: 10
ns/read: 128.791  ns/update: nan
rcu64 48 rperf 2
n_reads: 3711734000  n_updates: 0  nreaders: 48  nupdaters: 0 duration: 10
ns/read: 129.32  ns/update: nan
rcu64 64 rperf 2
n_reads: 4919843000  n_updates: 0  nreaders: 64  nupdaters: 0 duration: 10
ns/read: 130.085  ns/update: nan
rcu64 1 uperf 2
n_reads: 0  n_updates: 2858362  nreaders: 0  nupdaters: 1 duration: 10
ns/read: nan  ns/update: 3498.51
rcu64 2 uperf 2
n_reads: 0  n_updates: 1783792  nreaders: 0  nupdaters: 2 duration: 10
ns/read: nan  ns/update: 11212.1
rcu64 3 uperf 2
n_reads: 0  n_updates: 1722655  nreaders: 0  nupdaters: 3 duration: 10
ns/read: nan  ns/update: 17415
rcu64 4 uperf 2
n_reads: 0  n_updates: 1755610  nreaders: 0  nupdaters: 4 duration: 10
ns/read: nan  ns/update: 22784.1
rcu64 6 uperf 2
n_reads: 0  n_updates: 1770102  nreaders: 0  nupdaters: 6 duration: 10
ns/read: nan  ns/update: 33896.4
rcu64 8 uperf 2
n_reads: 0  n_updates: 1745798  nreaders: 0  nupdaters: 8 duration: 10
ns/read: nan  ns/update: 45824.3
rcu64 12 uperf 2
n_reads: 0  n_updates: 1727173  nreaders: 0  nupdaters: 12 duration: 10
ns/read: nan  ns/update: 69477.7
rcu64 16 uperf 2
n_reads: 0  n_updates: 1714127  nreaders: 0  nupdaters: 16 duration: 10
ns/read: nan  ns/update: 93342
rcu64 24 uperf 2
n_reads: 0  n_updates: 1728738  nreaders: 0  nupdaters: 24 duration: 10
ns/read: nan  ns/update: 138830
rcu64 32 uperf 2
n_reads: 0  n_updates: 1720207  nreaders: 0  nupdaters: 32 duration: 10
ns/read: nan  ns/update: 186024
rcu64 48 uperf 2
n_reads: 0  n_updates: 1723958  nreaders: 0  nupdaters: 48 duration: 10
ns/read: nan  ns/update: 278429
rcu64 64 uperf 2
n_reads: 0  n_updates: 1724256  nreaders: 0  nupdaters: 64 duration: 10
ns/read: nan  ns/update: 371175
rcu_lock 1 rperf 2
n_reads: 90490000  n_updates: 0  nreaders: 1  nupdaters: 0 duration: 10
ns/read: 110.509  ns/update: nan
rcu_lock 2 rperf 2
n_reads: 35626000  n_updates: 0  nreaders: 2  nupdaters: 0 duration: 10
ns/read: 561.388  ns/update: nan
rcu_lock 3 rperf 2
n_reads: 29191000  n_updates: 0  nreaders: 3  nupdaters: 0 duration: 10
ns/read: 1027.71  ns/update: nan
rcu_lock 4 rperf 2
n_reads: 29509000  n_updates: 0  nreaders: 4  nupdaters: 0 duration: 10
ns/read: 1355.52  ns/update: nan
rcu_lock 6 rperf 2
n_reads: 24018000  n_updates: 0  nreaders: 6  nupdaters: 0 duration: 10
ns/read: 2498.13  ns/update: nan
rcu_lock 8 rperf 2
n_reads: 23440000  n_updates: 0  nreaders: 8  nupdaters: 0 duration: 10
ns/read: 3412.97  ns/update: nan
rcu_lock 12 rperf 2
n_reads: 25422000  n_updates: 0  nreaders: 12  nupdaters: 0 duration: 10
ns/read: 4720.32  ns/update: nan
rcu_lock 16 rperf 2
n_reads: 26953000  n_updates: 0  nreaders: 16  nupdaters: 0 duration: 10
ns/read: 5936.26  ns/update: nan
rcu_lock 24 rperf 2
n_reads: 29141000  n_updates: 0  nreaders: 24  nupdaters: 0 duration: 10
ns/read: 8235.82  ns/update: nan
rcu_lock 32 rperf 2
n_reads: 29305000  n_updates: 0  nreaders: 32  nupdaters: 0 duration: 10
ns/read: 10919.6  ns/update: nan
rcu_lock 48 rperf 2
n_reads: 33372000  n_updates: 0  nreaders: 48  nupdaters: 0 duration: 10
ns/read: 14383.3  ns/update: nan
rcu_lock 64 rperf 2
n_reads: 31015000  n_updates: 0  nreaders: 64  nupdaters: 0 duration: 10
ns/read: 20635.2  ns/update: nan
rcu_lock 1 uperf 2
n_reads: 0  n_updates: 86416760  nreaders: 0  nupdaters: 1 duration: 10
ns/read: nan  ns/update: 115.718
rcu_lock 2 uperf 2
n_reads: 0  n_updates: 39899150  nreaders: 0  nupdaters: 2 duration: 10
ns/read: nan  ns/update: 501.264
rcu_lock 3 uperf 2
n_reads: 0  n_updates: 27212485  nreaders: 0  nupdaters: 3 duration: 10
ns/read: nan  ns/update: 1102.44
rcu_lock 4 uperf 2
n_reads: 0  n_updates: 24299883  nreaders: 0  nupdaters: 4 duration: 10
ns/read: nan  ns/update: 1646.1
rcu_lock 6 uperf 2
n_reads: 0  n_updates: 23371884  nreaders: 0  nupdaters: 6 duration: 10
ns/read: nan  ns/update: 2567.19
rcu_lock 8 uperf 2
n_reads: 0  n_updates: 23598987  nreaders: 0  nupdaters: 8 duration: 10
ns/read: nan  ns/update: 3389.98
rcu_lock 12 uperf 2
n_reads: 0  n_updates: 27806218  nreaders: 0  nupdaters: 12 duration: 10
ns/read: nan  ns/update: 4315.58
rcu_lock 16 uperf 2
n_reads: 0  n_updates: 29063823  nreaders: 0  nupdaters: 16 duration: 10
ns/read: nan  ns/update: 5505.13
rcu_lock 24 uperf 2
n_reads: 0  n_updates: 31830193  nreaders: 0  nupdaters: 24 duration: 10
ns/read: nan  ns/update: 7540.01
rcu_lock 32 uperf 2
n_reads: 0  n_updates: 34373867  nreaders: 0  nupdaters: 32 duration: 10
ns/read: nan  ns/update: 9309.4
rcu_lock 48 uperf 2
n_reads: 0  n_updates: 31877528  nreaders: 0  nupdaters: 48 duration: 10
ns/read: nan  ns/update: 15057.6
rcu_lock 64 uperf 2
n_reads: 0  n_updates: 33798296  nreaders: 0  nupdaters: 64 duration: 10
ns/read: nan  ns/update: 18935.9
rcu_lock_percpu 1 rperf 2
n_reads: 50549000  n_updates: 0  nreaders: 1  nupdaters: 0 duration: 10
ns/read: 197.828  ns/update: nan
rcu_lock_percpu 2 rperf 2
n_reads: 100451000  n_updates: 0  nreaders: 2  nupdaters: 0 duration: 10
ns/read: 199.102  ns/update: nan
rcu_lock_percpu 3 rperf 2
n_reads: 143171000  n_updates: 0  nreaders: 3  nupdaters: 0 duration: 10
ns/read: 209.54  ns/update: nan
rcu_lock_percpu 4 rperf 2
n_reads: 195527000  n_updates: 0  nreaders: 4  nupdaters: 0 duration: 10
ns/read: 204.575  ns/update: nan
rcu_lock_percpu 6 rperf 2
n_reads: 292018000  n_updates: 0  nreaders: 6  nupdaters: 0 duration: 10
ns/read: 205.467  ns/update: nan
rcu_lock_percpu 8 rperf 2
n_reads: 399072000  n_updates: 0  nreaders: 8  nupdaters: 0 duration: 10
ns/read: 200.465  ns/update: nan
rcu_lock_percpu 12 rperf 2
n_reads: 601992000  n_updates: 0  nreaders: 12  nupdaters: 0 duration: 10
ns/read: 199.338  ns/update: nan
rcu_lock_percpu 16 rperf 2
n_reads: 800549000  n_updates: 0  nreaders: 16  nupdaters: 0 duration: 10
ns/read: 199.863  ns/update: nan
rcu_lock_percpu 24 rperf 2
n_reads: 1176823000  n_updates: 0  nreaders: 24  nupdaters: 0 duration: 10
ns/read: 203.939  ns/update: nan
rcu_lock_percpu 32 rperf 2
n_reads: 1562781000  n_updates: 0  nreaders: 32  nupdaters: 0 duration: 10
ns/read: 204.763  ns/update: nan
rcu_lock_percpu 48 rperf 2
n_reads: 2367737000  n_updates: 0  nreaders: 48  nupdaters: 0 duration: 10
ns/read: 202.725  ns/update: nan
rcu_lock_percpu 64 rperf 2
n_reads: 3182156000  n_updates: 0  nreaders: 64  nupdaters: 0 duration: 10
ns/read: 201.122  ns/update: nan
rcu_lock_percpu 1 uperf 2
n_reads: 0  n_updates: 2589320  nreaders: 0  nupdaters: 1 duration: 10
ns/read: nan  ns/update: 3862.02
rcu_lock_percpu 2 uperf 2
n_reads: 0  n_updates: 4608926  nreaders: 0  nupdaters: 2 duration: 10
ns/read: nan  ns/update: 4339.41
rcu_lock_percpu 3 uperf 2
n_reads: 0  n_updates: 6392255  nreaders: 0  nupdaters: 3 duration: 10
ns/read: nan  ns/update: 4693.18
rcu_lock_percpu 4 uperf 2
n_reads: 0  n_updates: 8200257  nreaders: 0  nupdaters: 4 duration: 10
ns/read: nan  ns/update: 4877.9
rcu_lock_percpu 6 uperf 2
n_reads: 0  n_updates: 10796799  nreaders: 0  nupdaters: 6 duration: 10
ns/read: nan  ns/update: 5557.2
rcu_lock_percpu 8 uperf 2
n_reads: 0  n_updates: 11698886  nreaders: 0  nupdaters: 8 duration: 10
ns/read: nan  ns/update: 6838.26
rcu_lock_percpu 12 uperf 2
n_reads: 0  n_updates: 10293220  nreaders: 0  nupdaters: 12 duration: 10
ns/read: nan  ns/update: 11658.2
rcu_lock_percpu 16 uperf 2
n_reads: 0  n_updates: 9477428  nreaders: 0  nupdaters: 16 duration: 10
ns/read: nan  ns/update: 16882.2
rcu_lock_percpu 24 uperf 2
n_reads: 0  n_updates: 8372822  nreaders: 0  nupdaters: 24 duration: 10
ns/read: nan  ns/update: 28664.2
rcu_lock_percpu 32 uperf 2
n_reads: 0  n_updates: 7754791  nreaders: 0  nupdaters: 32 duration: 10
ns/read: nan  ns/update: 41264.8
rcu_lock_percpu 48 uperf 2
n_reads: 0  n_updates: 6494370  nreaders: 0  nupdaters: 48 duration: 10
ns/read: nan  ns/update: 73910.2
rcu_lock_percpu 64 uperf 2
n_reads: 0  n_updates: 5682194  nreaders: 0  nupdaters: 64 duration: 10
ns/read: nan  ns/update: 112633
rcu_nest 1 rperf 2
n_reads: 56870000  n_updates: 0  nreaders: 1  nupdaters: 0 duration: 10
ns/read: 175.84  ns/update: nan
rcu_nest 2 rperf 2
n_reads: 114635000  n_updates: 0  nreaders: 2  nupdaters: 0 duration: 10
ns/read: 174.467  ns/update: nan
rcu_nest 3 rperf 2
n_reads: 171192000  n_updates: 0  nreaders: 3  nupdaters: 0 duration: 10
ns/read: 175.242  ns/update: nan
rcu_nest 4 rperf 2
n_reads: 228326000  n_updates: 0  nreaders: 4  nupdaters: 0 duration: 10
ns/read: 175.188  ns/update: nan
rcu_nest 6 rperf 2
n_reads: 342440000  n_updates: 0  nreaders: 6  nupdaters: 0 duration: 10
ns/read: 175.213  ns/update: nan
rcu_nest 8 rperf 2
n_reads: 455727000  n_updates: 0  nreaders: 8  nupdaters: 0 duration: 10
ns/read: 175.544  ns/update: nan
rcu_nest 12 rperf 2
n_reads: 681795000  n_updates: 0  nreaders: 12  nupdaters: 0 duration: 10
ns/read: 176.006  ns/update: nan
rcu_nest 16 rperf 2
n_reads: 908924000  n_updates: 0  nreaders: 16  nupdaters: 0 duration: 10
ns/read: 176.032  ns/update: nan
rcu_nest 24 rperf 2
n_reads: 1363660000  n_updates: 0  nreaders: 24  nupdaters: 0 duration: 10
ns/read: 175.997  ns/update: nan
rcu_nest 32 rperf 2
n_reads: 1820330000  n_updates: 0  nreaders: 32  nupdaters: 0 duration: 10
ns/read: 175.792  ns/update: nan
rcu_nest 48 rperf 2
n_reads: 2731941000  n_updates: 0  nreaders: 48  nupdaters: 0 duration: 10
ns/read: 175.699  ns/update: nan
rcu_nest 64 rperf 2
n_reads: 3644937000  n_updates: 0  nreaders: 64  nupdaters: 0 duration: 10
ns/read: 175.586  ns/update: nan
rcu_nest 1 uperf 2
n_reads: 0  n_updates: 2406705  nreaders: 0  nupdaters: 1 duration: 10
ns/read: nan  ns/update: 4155.06
rcu_nest 2 uperf 2
n_reads: 0  n_updates: 1650046  nreaders: 0  nupdaters: 2 duration: 10
ns/read: nan  ns/update: 12120.9
rcu_nest 3 uperf 2
n_reads: 0  n_updates: 1582327  nreaders: 0  nupdaters: 3 duration: 10
ns/read: nan  ns/update: 18959.4
rcu_nest 4 uperf 2
n_reads: 0  n_updates: 1588118  nreaders: 0  nupdaters: 4 duration: 10
ns/read: nan  ns/update: 25187
rcu_nest 6 uperf 2
n_reads: 0  n_updates: 1534085  nreaders: 0  nupdaters: 6 duration: 10
ns/read: nan  ns/update: 39111.3
rcu_nest 8 uperf 2
n_reads: 0  n_updates: 1571492  nreaders: 0  nupdaters: 8 duration: 10
ns/read: nan  ns/update: 50907
rcu_nest 12 uperf 2
n_reads: 0  n_updates: 1525943  nreaders: 0  nupdaters: 12 duration: 10
ns/read: nan  ns/update: 78639.9
rcu_nest 16 uperf 2
n_reads: 0  n_updates: 1539105  nreaders: 0  nupdaters: 16 duration: 10
ns/read: nan  ns/update: 103957
rcu_nest 24 uperf 2
n_reads: 0  n_updates: 1519753  nreaders: 0  nupdaters: 24 duration: 10
ns/read: nan  ns/update: 157920
rcu_nest 32 uperf 2
n_reads: 0  n_updates: 1514991  nreaders: 0  nupdaters: 32 duration: 10
ns/read: nan  ns/update: 211222
rcu_nest 48 uperf 2
n_reads: 0  n_updates: 1526789  nreaders: 0  nupdaters: 48 duration: 10
ns/read: nan  ns/update: 314385
rcu_nest 64 uperf 2
n_reads: 0  n_updates: 1512845  nreaders: 0  nupdaters: 64 duration: 10
ns/read: nan  ns/update: 423044
rcu_nest_qs 1 rperf 2
n_reads: 81970000  n_updates: 0  nreaders: 1  nupdaters: 0 duration: 10
ns/read: 121.996  ns/update: nan
rcu_nest_qs 2 rperf 2
n_reads: 163937000  n_updates: 0  nreaders: 2  nupdaters: 0 duration: 10
ns/read: 121.998  ns/update: nan
rcu_nest_qs 3 rperf 2
n_reads: 245875000  n_updates: 0  nreaders: 3  nupdaters: 0 duration: 10
ns/read: 122.013  ns/update: nan
rcu_nest_qs 4 rperf 2
n_reads: 327823000  n_updates: 0  nreaders: 4  nupdaters: 0 duration: 10
ns/read: 122.017  ns/update: nan
rcu_nest_qs 6 rperf 2
n_reads: 491701000  n_updates: 0  nreaders: 6  nupdaters: 0 duration: 10
ns/read: 122.025  ns/update: nan
rcu_nest_qs 8 rperf 2
n_reads: 655563000  n_updates: 0  nreaders: 8  nupdaters: 0 duration: 10
ns/read: 122.033  ns/update: nan
rcu_nest_qs 12 rperf 2
n_reads: 983349000  n_updates: 0  nreaders: 12  nupdaters: 0 duration: 10
ns/read: 122.032  ns/update: nan
rcu_nest_qs 16 rperf 2
n_reads: 1310674000  n_updates: 0  nreaders: 16  nupdaters: 0 duration: 10
ns/read: 122.075  ns/update: nan
rcu_nest_qs 24 rperf 2
n_reads: 1966566000  n_updates: 0  nreaders: 24  nupdaters: 0 duration: 10
ns/read: 122.04  ns/update: nan
rcu_nest_qs 32 rperf 2
n_reads: 2622098000  n_updates: 0  nreaders: 32  nupdaters: 0 duration: 10
ns/read: 122.04  ns/update: nan
rcu_nest_qs 48 rperf 2
n_reads: 3933225000  n_updates: 0  nreaders: 48  nupdaters: 0 duration: 10
ns/read: 122.037  ns/update: nan
rcu_nest_qs 64 rperf 2
n_reads: 5244200000  n_updates: 0  nreaders: 64  nupdaters: 0 duration: 10
ns/read: 122.04  ns/update: nan
rcu_nest_qs 1 uperf 2
n_reads: 0  n_updates: 1658959  nreaders: 0  nupdaters: 1 duration: 10
ns/read: nan  ns/update: 6027.88
rcu_nest_qs 2 uperf 2
n_reads: 0  n_updates: 1308870  nreaders: 0  nupdaters: 2 duration: 10
ns/read: nan  ns/update: 15280.4
rcu_nest_qs 3 uperf 2
n_reads: 0  n_updates: 1279260  nreaders: 0  nupdaters: 3 duration: 10
ns/read: nan  ns/update: 23451.1
rcu_nest_qs 4 uperf 2
n_reads: 0  n_updates: 1286322  nreaders: 0  nupdaters: 4 duration: 10
ns/read: nan  ns/update: 31096.4
rcu_nest_qs 6 uperf 2
n_reads: 0  n_updates: 1228347  nreaders: 0  nupdaters: 6 duration: 10
ns/read: nan  ns/update: 48846.1
rcu_nest_qs 8 uperf 2
n_reads: 0  n_updates: 1240445  nreaders: 0  nupdaters: 8 duration: 10
ns/read: nan  ns/update: 64493
rcu_nest_qs 12 uperf 2
n_reads: 0  n_updates: 1231926  nreaders: 0  nupdaters: 12 duration: 10
ns/read: nan  ns/update: 97408.4
rcu_nest_qs 16 uperf 2
n_reads: 0  n_updates: 1226139  nreaders: 0  nupdaters: 16 duration: 10
ns/read: nan  ns/update: 130491
rcu_nest_qs 24 uperf 2
n_reads: 0  n_updates: 1252439  nreaders: 0  nupdaters: 24 duration: 10
ns/read: nan  ns/update: 191626
rcu_nest_qs 32 uperf 2
n_reads: 0  n_updates: 1233626  nreaders: 0  nupdaters: 32 duration: 10
ns/read: nan  ns/update: 259398
rcu_nest_qs 48 uperf 2
n_reads: 0  n_updates: 1234771  nreaders: 0  nupdaters: 48 duration: 10
ns/read: nan  ns/update: 388736
rcu_nest_qs 64 uperf 2
n_reads: 0  n_updates: 1232611  nreaders: 0  nupdaters: 64 duration: 10
ns/read: nan  ns/update: 519223
rcu_qs 1 rperf 2
n_reads: 112893000  n_updates: 0  nreaders: 1  nupdaters: 0 duration: 10
ns/read: 88.5795  ns/update: nan
rcu_qs 2 rperf 2
n_reads: 225806000  n_updates: 0  nreaders: 2  nupdaters: 0 duration: 10
ns/read: 88.5716  ns/update: nan
rcu_qs 3 rperf 2
n_reads: 338675000  n_updates: 0  nreaders: 3  nupdaters: 0 duration: 10
ns/read: 88.5805  ns/update: nan
rcu_qs 4 rperf 2
n_reads: 451531000  n_updates: 0  nreaders: 4  nupdaters: 0 duration: 10
ns/read: 88.5875  ns/update: nan
rcu_qs 6 rperf 2
n_reads: 677293000  n_updates: 0  nreaders: 6  nupdaters: 0 duration: 10
ns/read: 88.588  ns/update: nan
rcu_qs 8 rperf 2
n_reads: 903009000  n_updates: 0  nreaders: 8  nupdaters: 0 duration: 10
ns/read: 88.5927  ns/update: nan
rcu_qs 12 rperf 2
n_reads: 1354676000  n_updates: 0  nreaders: 12  nupdaters: 0 duration: 10
ns/read: 88.5821  ns/update: nan
rcu_qs 16 rperf 2
n_reads: 1806133000  n_updates: 0  nreaders: 16  nupdaters: 0 duration: 10
ns/read: 88.5871  ns/update: nan
rcu_qs 24 rperf 2
n_reads: 2709145000  n_updates: 0  nreaders: 24  nupdaters: 0 duration: 10
ns/read: 88.5888  ns/update: nan
rcu_qs 32 rperf 2
n_reads: 3612167000  n_updates: 0  nreaders: 32  nupdaters: 0 duration: 10
ns/read: 88.5895  ns/update: nan
rcu_qs 48 rperf 2
n_reads: 5418461000  n_updates: 0  nreaders: 48  nupdaters: 0 duration: 10
ns/read: 88.586  ns/update: nan
rcu_qs 64 rperf 2
n_reads: 7224555000  n_updates: 0  nreaders: 64  nupdaters: 0 duration: 10
ns/read: 88.5868  ns/update: nan
rcu_qs 1 uperf 2
n_reads: 0  n_updates: 2237031  nreaders: 0  nupdaters: 1 duration: 10
ns/read: nan  ns/update: 4470.21
rcu_qs 2 uperf 2
n_reads: 0  n_updates: 1620034  nreaders: 0  nupdaters: 2 duration: 10
ns/read: nan  ns/update: 12345.4
rcu_qs 3 uperf 2
n_reads: 0  n_updates: 1492992  nreaders: 0  nupdaters: 3 duration: 10
ns/read: nan  ns/update: 20093.9
rcu_qs 4 uperf 2
n_reads: 0  n_updates: 1406611  nreaders: 0  nupdaters: 4 duration: 10
ns/read: nan  ns/update: 28437.1
rcu_qs 6 uperf 2
n_reads: 0  n_updates: 1381725  nreaders: 0  nupdaters: 6 duration: 10
ns/read: nan  ns/update: 43424
rcu_qs 8 uperf 2
n_reads: 0  n_updates: 1322224  nreaders: 0  nupdaters: 8 duration: 10
ns/read: nan  ns/update: 60504.1
rcu_qs 12 uperf 2
n_reads: 0  n_updates: 1344689  nreaders: 0  nupdaters: 12 duration: 10
ns/read: nan  ns/update: 89240
rcu_qs 16 uperf 2
n_reads: 0  n_updates: 1307058  nreaders: 0  nupdaters: 16 duration: 10
ns/read: nan  ns/update: 122412
rcu_qs 24 uperf 2
n_reads: 0  n_updates: 1311637  nreaders: 0  nupdaters: 24 duration: 10
ns/read: nan  ns/update: 182977
rcu_qs 32 uperf 2
n_reads: 0  n_updates: 1325164  nreaders: 0  nupdaters: 32 duration: 10
ns/read: nan  ns/update: 241480
rcu_qs 48 uperf 2
n_reads: 0  n_updates: 1311223  nreaders: 0  nupdaters: 48 duration: 10
ns/read: nan  ns/update: 366070
rcu_qs 64 uperf 2
n_reads: 0  n_updates: 1307085  nreaders: 0  nupdaters: 64 duration: 10
ns/read: nan  ns/update: 489639
rcu_rcg 1 rperf 2
n_reads: 67668000  n_updates: 0  nreaders: 1  nupdaters: 0 duration: 10
ns/read: 147.78  ns/update: nan
rcu_rcg 2 rperf 2
n_reads: 86457000  n_updates: 0  nreaders: 2  nupdaters: 0 duration: 10
ns/read: 231.329  ns/update: nan
rcu_rcg 3 rperf 2
n_reads: 58796000  n_updates: 0  nreaders: 3  nupdaters: 0 duration: 10
ns/read: 510.239  ns/update: nan
rcu_rcg 4 rperf 2
n_reads: 63207000  n_updates: 0  nreaders: 4  nupdaters: 0 duration: 10
ns/read: 632.841  ns/update: nan
rcu_rcg 6 rperf 2
n_reads: 52310000  n_updates: 0  nreaders: 6  nupdaters: 0 duration: 10
ns/read: 1147.01  ns/update: nan
rcu_rcg 8 rperf 2
n_reads: 56995000  n_updates: 0  nreaders: 8  nupdaters: 0 duration: 10
ns/read: 1403.63  ns/update: nan
rcu_rcg 12 rperf 2
n_reads: 43364000  n_updates: 0  nreaders: 12  nupdaters: 0 duration: 10
ns/read: 2767.27  ns/update: nan
rcu_rcg 16 rperf 2
n_reads: 38168000  n_updates: 0  nreaders: 16  nupdaters: 0 duration: 10
ns/read: 4191.99  ns/update: nan
rcu_rcg 24 rperf 2
n_reads: 31906000  n_updates: 0  nreaders: 24  nupdaters: 0 duration: 10
ns/read: 7522.1  ns/update: nan
rcu_rcg 32 rperf 2
n_reads: 28004000  n_updates: 0  nreaders: 32  nupdaters: 0 duration: 10
ns/read: 11426.9  ns/update: nan
rcu_rcg 48 rperf 2
n_reads: 20724000  n_updates: 0  nreaders: 48  nupdaters: 0 duration: 10
ns/read: 23161.6  ns/update: nan
rcu_rcg 64 rperf 2
n_reads: 15209000  n_updates: 0  nreaders: 64  nupdaters: 0 duration: 10
ns/read: 42080.3  ns/update: nan
rcu_rcg 1 uperf 2
n_reads: 0  n_updates: 181461904  nreaders: 0  nupdaters: 1 duration: 10
ns/read: nan  ns/update: 55.108
rcu_rcg 2 uperf 2
n_reads: 0  n_updates: 364947992  nreaders: 0  nupdaters: 2 duration: 10
ns/read: nan  ns/update: 54.8023
rcu_rcg 3 uperf 2
n_reads: 0  n_updates: 545382930  nreaders: 0  nupdaters: 3 duration: 10
ns/read: nan  ns/update: 55.0072
rcu_rcg 4 uperf 2
n_reads: 0  n_updates: 732217789  nreaders: 0  nupdaters: 4 duration: 10
ns/read: nan  ns/update: 54.6286
rcu_rcg 6 uperf 2
n_reads: 0  n_updates: 1092634953  nreaders: 0  nupdaters: 6 duration: 10
ns/read: nan  ns/update: 54.9131
rcu_rcg 8 uperf 2
n_reads: 0  n_updates: 1458889417  nreaders: 0  nupdaters: 8 duration: 10
ns/read: nan  ns/update: 54.8362
rcu_rcg 12 uperf 2
n_reads: 0  n_updates: 2201723848  nreaders: 0  nupdaters: 12 duration: 10
ns/read: nan  ns/update: 54.5027
rcu_rcg 16 uperf 2
n_reads: 0  n_updates: 2931128328  nreaders: 0  nupdaters: 16 duration: 10
ns/read: nan  ns/update: 54.5865
rcu_rcg 24 uperf 2
n_reads: 0  n_updates: 4398941559  nreaders: 0  nupdaters: 24 duration: 10
ns/read: nan  ns/update: 54.5586
rcu_rcg 32 uperf 2
n_reads: 0  n_updates: 5843942551  nreaders: 0  nupdaters: 32 duration: 10
ns/read: nan  ns/update: 54.7576
rcu_rcg 48 uperf 2
n_reads: 0  n_updates: 8713306258  nreaders: 0  nupdaters: 48 duration: 10
ns/read: nan  ns/update: 55.0882
rcu_rcg 64 uperf 2
n_reads: 0  n_updates: 11621521360  nreaders: 0  nupdaters: 64 duration: 10
ns/read: nan  ns/update: 55.0702
rcu_rcpg 1 rperf 2
n_reads: 26352000  n_updates: 0  nreaders: 1  nupdaters: 0 duration: 10
ns/read: 379.478  ns/update: nan
rcu_rcpg 2 rperf 2
n_reads: 50217000  n_updates: 0  nreaders: 2  nupdaters: 0 duration: 10
ns/read: 398.272  ns/update: nan
rcu_rcpg 3 rperf 2
n_reads: 28458000  n_updates: 0  nreaders: 3  nupdaters: 0 duration: 10
ns/read: 1054.19  ns/update: nan
rcu_rcpg 4 rperf 2
n_reads: 36819000  n_updates: 0  nreaders: 4  nupdaters: 0 duration: 10
ns/read: 1086.4  ns/update: nan
rcu_rcpg 6 rperf 2
n_reads: 35299000  n_updates: 0  nreaders: 6  nupdaters: 0 duration: 10
ns/read: 1699.76  ns/update: nan
rcu_rcpg 8 rperf 2
n_reads: 32847000  n_updates: 0  nreaders: 8  nupdaters: 0 duration: 10
ns/read: 2435.53  ns/update: nan
rcu_rcpg 12 rperf 2
n_reads: 33660000  n_updates: 0  nreaders: 12  nupdaters: 0 duration: 10
ns/read: 3565.06  ns/update: nan
rcu_rcpg 16 rperf 2
n_reads: 31098000  n_updates: 0  nreaders: 16  nupdaters: 0 duration: 10
ns/read: 5145.03  ns/update: nan
rcu_rcpg 24 rperf 2
n_reads: 27240000  n_updates: 0  nreaders: 24  nupdaters: 0 duration: 10
ns/read: 8810.57  ns/update: nan
rcu_rcpg 32 rperf 2
n_reads: 24016000  n_updates: 0  nreaders: 32  nupdaters: 0 duration: 10
ns/read: 13324.5  ns/update: nan
rcu_rcpg 48 rperf 2
n_reads: 18656000  n_updates: 0  nreaders: 48  nupdaters: 0 duration: 10
ns/read: 25729  ns/update: nan
rcu_rcpg 64 rperf 2
n_reads: 13983000  n_updates: 0  nreaders: 64  nupdaters: 0 duration: 10
ns/read: 45769.9  ns/update: nan
rcu_rcpg 1 uperf 2
n_reads: 0  n_updates: 39578974  nreaders: 0  nupdaters: 1 duration: 10
ns/read: nan  ns/update: 252.659
rcu_rcpg 2 uperf 2
n_reads: 0  n_updates: 14937583  nreaders: 0  nupdaters: 2 duration: 10
ns/read: nan  ns/update: 1338.9
rcu_rcpg 3 uperf 2
n_reads: 0  n_updates: 10765673  nreaders: 0  nupdaters: 3 duration: 10
ns/read: nan  ns/update: 2786.63
rcu_rcpg 4 uperf 2
n_reads: 0  n_updates: 10387251  nreaders: 0  nupdaters: 4 duration: 10
ns/read: nan  ns/update: 3850.87
rcu_rcpg 6 uperf 2
n_reads: 0  n_updates: 10459968  nreaders: 0  nupdaters: 6 duration: 10
ns/read: nan  ns/update: 5736.16
rcu_rcpg 8 uperf 2
n_reads: 0  n_updates: 10890588  nreaders: 0  nupdaters: 8 duration: 10
ns/read: nan  ns/update: 7345.79
rcu_rcpg 12 uperf 2
n_reads: 0  n_updates: 11477077  nreaders: 0  nupdaters: 12 duration: 10
ns/read: nan  ns/update: 10455.6
rcu_rcpg 16 uperf 2
n_reads: 0  n_updates: 12462202  nreaders: 0  nupdaters: 16 duration: 10
ns/read: nan  ns/update: 12838.8
rcu_rcpg 24 uperf 2
n_reads: 0  n_updates: 12652149  nreaders: 0  nupdaters: 24 duration: 10
ns/read: nan  ns/update: 18969.1
rcu_rcpg 32 uperf 2
n_reads: 0  n_updates: 12765556  nreaders: 0  nupdaters: 32 duration: 10
ns/read: nan  ns/update: 25067.5
rcu_rcpg 48 uperf 2
n_reads: 0  n_updates: 13374382  nreaders: 0  nupdaters: 48 duration: 10
ns/read: nan  ns/update: 35889.5
rcu_rcpg 64 uperf 2
n_reads: 0  n_updates: 12780955  nreaders: 0  nupdaters: 64 duration: 10
ns/read: nan  ns/update: 50074.5
rcu_rcpl 1 rperf 2
n_reads: 28391000  n_updates: 0  nreaders: 1  nupdaters: 0 duration: 10
ns/read: 352.224  ns/update: nan
rcu_rcpl 2 rperf 2
n_reads: 56515000  n_updates: 0  nreaders: 2  nupdaters: 0 duration: 10
ns/read: 353.888  ns/update: nan
rcu_rcpl 3 rperf 2
n_reads: 83618000  n_updates: 0  nreaders: 3  nupdaters: 0 duration: 10
ns/read: 358.774  ns/update: nan
rcu_rcpl 4 rperf 2
n_reads: 112868000  n_updates: 0  nreaders: 4  nupdaters: 0 duration: 10
ns/read: 354.396  ns/update: nan
rcu_rcpl 6 rperf 2
n_reads: 168475000  n_updates: 0  nreaders: 6  nupdaters: 0 duration: 10
ns/read: 356.136  ns/update: nan
rcu_rcpl 8 rperf 2
n_reads: 225272000  n_updates: 0  nreaders: 8  nupdaters: 0 duration: 10
ns/read: 355.126  ns/update: nan
rcu_rcpl 12 rperf 2
n_reads: 334476000  n_updates: 0  nreaders: 12  nupdaters: 0 duration: 10
ns/read: 358.77  ns/update: nan
rcu_rcpl 16 rperf 2
n_reads: 448388000  n_updates: 0  nreaders: 16  nupdaters: 0 duration: 10
ns/read: 356.834  ns/update: nan
rcu_rcpl 24 rperf 2
n_reads: 674182000  n_updates: 0  nreaders: 24  nupdaters: 0 duration: 10
ns/read: 355.987  ns/update: nan
rcu_rcpl 32 rperf 2
n_reads: 900274000  n_updates: 0  nreaders: 32  nupdaters: 0 duration: 10
ns/read: 355.447  ns/update: nan
rcu_rcpl 48 rperf 2
n_reads: 1347944000  n_updates: 0  nreaders: 48  nupdaters: 0 duration: 10
ns/read: 356.098  ns/update: nan
rcu_rcpl 64 rperf 2
n_reads: 1800920000  n_updates: 0  nreaders: 64  nupdaters: 0 duration: 10
ns/read: 355.374  ns/update: nan
rcu_rcpl 1 uperf 2
n_reads: 0  n_updates: 2360416  nreaders: 0  nupdaters: 1 duration: 10
ns/read: nan  ns/update: 4236.54
rcu_rcpl 2 uperf 2
n_reads: 0  n_updates: 1551177  nreaders: 0  nupdaters: 2 duration: 10
ns/read: nan  ns/update: 12893.4
rcu_rcpl 3 uperf 2
n_reads: 0  n_updates: 1578643  nreaders: 0  nupdaters: 3 duration: 10
ns/read: nan  ns/update: 19003.7
rcu_rcpl 4 uperf 2
n_reads: 0  n_updates: 1549348  nreaders: 0  nupdaters: 4 duration: 10
ns/read: nan  ns/update: 25817.3
rcu_rcpl 6 uperf 2
n_reads: 0  n_updates: 1496499  nreaders: 0  nupdaters: 6 duration: 10
ns/read: nan  ns/update: 40093.6
rcu_rcpl 8 uperf 2
n_reads: 0  n_updates: 1451074  nreaders: 0  nupdaters: 8 duration: 10
ns/read: nan  ns/update: 55131.6
rcu_rcpl 12 uperf 2
n_reads: 0  n_updates: 1445763  nreaders: 0  nupdaters: 12 duration: 10
ns/read: nan  ns/update: 83001.2
rcu_rcpl 16 uperf 2
n_reads: 0  n_updates: 1453800  nreaders: 0  nupdaters: 16 duration: 10
ns/read: nan  ns/update: 110056
rcu_rcpl 24 uperf 2
n_reads: 0  n_updates: 1436256  nreaders: 0  nupdaters: 24 duration: 10
ns/read: nan  ns/update: 167101
rcu_rcpl 32 uperf 2
n_reads: 0  n_updates: 1437396  nreaders: 0  nupdaters: 32 duration: 10
ns/read: nan  ns/update: 222625
rcu_rcpl 48 uperf 2
n_reads: 0  n_updates: 1415813  nreaders: 0  nupdaters: 48 duration: 10
ns/read: nan  ns/update: 339028
rcu_rcpl 64 uperf 2
n_reads: 0  n_updates: 1428610  nreaders: 0  nupdaters: 64 duration: 10
ns/read: nan  ns/update: 447988
rcu_rcpls 1 rperf 2
n_reads: 27103000  n_updates: 0  nreaders: 1  nupdaters: 0 duration: 10
ns/read: 368.963  ns/update: nan
rcu_rcpls 2 rperf 2
n_reads: 53163000  n_updates: 0  nreaders: 2  nupdaters: 0 duration: 10
ns/read: 376.201  ns/update: nan
rcu_rcpls 3 rperf 2
n_reads: 81104000  n_updates: 0  nreaders: 3  nupdaters: 0 duration: 10
ns/read: 369.895  ns/update: nan
rcu_rcpls 4 rperf 2
n_reads: 106561000  n_updates: 0  nreaders: 4  nupdaters: 0 duration: 10
ns/read: 375.372  ns/update: nan
rcu_rcpls 6 rperf 2
n_reads: 162771000  n_updates: 0  nreaders: 6  nupdaters: 0 duration: 10
ns/read: 368.616  ns/update: nan
rcu_rcpls 8 rperf 2
n_reads: 215956000  n_updates: 0  nreaders: 8  nupdaters: 0 duration: 10
ns/read: 370.446  ns/update: nan
rcu_rcpls 12 rperf 2
n_reads: 322826000  n_updates: 0  nreaders: 12  nupdaters: 0 duration: 10
ns/read: 371.717  ns/update: nan
rcu_rcpls 16 rperf 2
n_reads: 433082000  n_updates: 0  nreaders: 16  nupdaters: 0 duration: 10
ns/read: 369.445  ns/update: nan
rcu_rcpls 24 rperf 2
n_reads: 650395000  n_updates: 0  nreaders: 24  nupdaters: 0 duration: 10
ns/read: 369.007  ns/update: nan
rcu_rcpls 32 rperf 2
n_reads: 864620000  n_updates: 0  nreaders: 32  nupdaters: 0 duration: 10
ns/read: 370.105  ns/update: nan
rcu_rcpls 48 rperf 2
n_reads: 1291743000  n_updates: 0  nreaders: 48  nupdaters: 0 duration: 10
ns/read: 371.591  ns/update: nan
rcu_rcpls 64 rperf 2
n_reads: 1727249000  n_updates: 0  nreaders: 64  nupdaters: 0 duration: 10
ns/read: 370.531  ns/update: nan
rcu_rcpls 1 uperf 2
n_reads: 0  n_updates: 2354237  nreaders: 0  nupdaters: 1 duration: 10
ns/read: nan  ns/update: 4247.66
rcu_rcpls 2 uperf 2
n_reads: 0  n_updates: 1579214  nreaders: 0  nupdaters: 2 duration: 10
ns/read: nan  ns/update: 12664.5
rcu_rcpls 3 uperf 2
n_reads: 0  n_updates: 1430648  nreaders: 0  nupdaters: 3 duration: 10
ns/read: nan  ns/update: 20969.5
rcu_rcpls 4 uperf 2
n_reads: 0  n_updates: 1575954  nreaders: 0  nupdaters: 4 duration: 10
ns/read: nan  ns/update: 25381.5
rcu_rcpls 6 uperf 2
n_reads: 0  n_updates: 1451021  nreaders: 0  nupdaters: 6 duration: 10
ns/read: nan  ns/update: 41350.2
rcu_rcpls 8 uperf 2
n_reads: 0  n_updates: 1548150  nreaders: 0  nupdaters: 8 duration: 10
ns/read: nan  ns/update: 51674.6
rcu_rcpls 12 uperf 2
n_reads: 0  n_updates: 1452626  nreaders: 0  nupdaters: 12 duration: 10
ns/read: nan  ns/update: 82609
rcu_rcpls 16 uperf 2
n_reads: 0  n_updates: 1460784  nreaders: 0  nupdaters: 16 duration: 10
ns/read: nan  ns/update: 109530
rcu_rcpls 24 uperf 2
n_reads: 0  n_updates: 1449723  nreaders: 0  nupdaters: 24 duration: 10
ns/read: nan  ns/update: 165549
rcu_rcpls 32 uperf 2
n_reads: 0  n_updates: 1467916  nreaders: 0  nupdaters: 32 duration: 10
ns/read: nan  ns/update: 217996
rcu_rcpls 48 uperf 2
n_reads: 0  n_updates: 1495133  nreaders: 0  nupdaters: 48 duration: 10
ns/read: nan  ns/update: 321042
rcu_rcpls 64 uperf 2
n_reads: 0  n_updates: 1475325  nreaders: 0  nupdaters: 64 duration: 10
ns/read: nan  ns/update: 433803
rcu_ts 1 rperf 2
n_reads: 48801000  n_updates: 0  nreaders: 1  nupdaters: 0 duration: 10
ns/read: 204.914  ns/update: nan
rcu_ts 2 rperf 2
n_reads: 97301000  n_updates: 0  nreaders: 2  nupdaters: 0 duration: 10
ns/read: 205.548  ns/update: nan
rcu_ts 3 rperf 2
n_reads: 146392000  n_updates: 0  nreaders: 3  nupdaters: 0 duration: 10
ns/read: 204.929  ns/update: nan
rcu_ts 4 rperf 2
n_reads: 194408000  n_updates: 0  nreaders: 4  nupdaters: 0 duration: 10
ns/read: 205.753  ns/update: nan
rcu_ts 6 rperf 2
n_reads: 284537000  n_updates: 0  nreaders: 6  nupdaters: 0 duration: 10
ns/read: 210.869  ns/update: nan
rcu_ts 8 rperf 2
n_reads: 378132000  n_updates: 0  nreaders: 8  nupdaters: 0 duration: 10
ns/read: 211.566  ns/update: nan
rcu_ts 12 rperf 2
n_reads: 567469000  n_updates: 0  nreaders: 12  nupdaters: 0 duration: 10
ns/read: 211.465  ns/update: nan
rcu_ts 16 rperf 2
n_reads: 756470000  n_updates: 0  nreaders: 16  nupdaters: 0 duration: 10
ns/read: 211.509  ns/update: nan
rcu_ts 24 rperf 2
n_reads: 1157572000  n_updates: 0  nreaders: 24  nupdaters: 0 duration: 10
ns/read: 207.331  ns/update: nan
rcu_ts 32 rperf 2
n_reads: 1523839000  n_updates: 0  nreaders: 32  nupdaters: 0 duration: 10
ns/read: 209.996  ns/update: nan
rcu_ts 48 rperf 2
n_reads: 2286247000  n_updates: 0  nreaders: 48  nupdaters: 0 duration: 10
ns/read: 209.951  ns/update: nan
rcu_ts 64 rperf 2
n_reads: 3057267000  n_updates: 0  nreaders: 64  nupdaters: 0 duration: 10
ns/read: 209.337  ns/update: nan
rcu_ts 1 uperf 2
n_reads: 0  n_updates: 4916178  nreaders: 0  nupdaters: 1 duration: 10
ns/read: nan  ns/update: 2034.1
rcu_ts 2 uperf 2
n_reads: 0  n_updates: 2857976  nreaders: 0  nupdaters: 2 duration: 10
ns/read: nan  ns/update: 6997.96
rcu_ts 3 uperf 2
n_reads: 0  n_updates: 2949813  nreaders: 0  nupdaters: 3 duration: 10
ns/read: nan  ns/update: 10170.1
rcu_ts 4 uperf 2
n_reads: 0  n_updates: 3259025  nreaders: 0  nupdaters: 4 duration: 10
ns/read: nan  ns/update: 12273.6
rcu_ts 6 uperf 2
n_reads: 0  n_updates: 2824128  nreaders: 0  nupdaters: 6 duration: 10
ns/read: nan  ns/update: 21245.5
rcu_ts 8 uperf 2
n_reads: 0  n_updates: 2964555  nreaders: 0  nupdaters: 8 duration: 10
ns/read: nan  ns/update: 26985.5
rcu_ts 12 uperf 2
n_reads: 0  n_updates: 2966749  nreaders: 0  nupdaters: 12 duration: 10
ns/read: nan  ns/update: 40448.3
rcu_ts 16 uperf 2
n_reads: 0  n_updates: 2944929  nreaders: 0  nupdaters: 16 duration: 10
ns/read: nan  ns/update: 54330.7
rcu_ts 24 uperf 2
n_reads: 0  n_updates: 2915277  nreaders: 0  nupdaters: 24 duration: 10
ns/read: nan  ns/update: 82324.9
rcu_ts 32 uperf 2
n_reads: 0  n_updates: 2910995  nreaders: 0  nupdaters: 32 duration: 10
ns/read: nan  ns/update: 109928
rcu_ts 48 uperf 2
n_reads: 0  n_updates: 2903462  nreaders: 0  nupdaters: 48 duration: 10
ns/read: nan  ns/update: 165320
rcu_ts 64 uperf 2
n_reads: 0  n_updates: 2902149  nreaders: 0  nupdaters: 64 duration: 10
ns/read: nan  ns/update: 220526
