rcu 1 rperf 2
n_reads: 13266000  n_updates: 0  nreaders: 1  nupdaters: 0 duration: 1
ns/read: 75.3807  ns/update: nan
rcu 2 rperf 2
n_reads: 26444000  n_updates: 0  nreaders: 2  nupdaters: 0 duration: 1
ns/read: 75.6315  ns/update: nan
rcu 3 rperf 2
n_reads: 39710000  n_updates: 0  nreaders: 3  nupdaters: 0 duration: 1
ns/read: 75.5477  ns/update: nan
rcu 4 rperf 2
n_reads: 53109000  n_updates: 0  nreaders: 4  nupdaters: 0 duration: 1
ns/read: 75.3168  ns/update: nan
rcu 6 rperf 2
n_reads: 79276000  n_updates: 0  nreaders: 6  nupdaters: 0 duration: 1
ns/read: 75.6849  ns/update: nan
rcu 8 rperf 2
n_reads: 105916000  n_updates: 0  nreaders: 8  nupdaters: 0 duration: 1
ns/read: 75.5316  ns/update: nan
rcu 1 uperf 2
n_reads: 0  n_updates: 1495203  nreaders: 0  nupdaters: 1 duration: 1
ns/read: nan  ns/update: 668.806
rcu 2 uperf 2
n_reads: 0  n_updates: 810942  nreaders: 0  nupdaters: 2 duration: 1
ns/read: nan  ns/update: 2466.27
rcu 3 uperf 2
n_reads: 0  n_updates: 539654  nreaders: 0  nupdaters: 3 duration: 1
ns/read: nan  ns/update: 5559.12
rcu 4 uperf 2
n_reads: 0  n_updates: 579430  nreaders: 0  nupdaters: 4 duration: 1
ns/read: nan  ns/update: 6903.34
rcu 6 uperf 2
n_reads: 0  n_updates: 582077  nreaders: 0  nupdaters: 6 duration: 1
ns/read: nan  ns/update: 10307.9
rcu 8 uperf 2
n_reads: 0  n_updates: 562258  nreaders: 0  nupdaters: 8 duration: 1
ns/read: nan  ns/update: 14228.3
rcu64 1 rperf 2
n_reads: 13557000  n_updates: 0  nreaders: 1  nupdaters: 0 duration: 1
ns/read: 73.7626  ns/update: nan
rcu64 2 rperf 2
n_reads: 26152000  n_updates: 0  nreaders: 2  nupdaters: 0 duration: 1
ns/read: 76.476  ns/update: nan
rcu64 3 rperf 2
n_reads: 39615000  n_updates: 0  nreaders: 3  nupdaters: 0 duration: 1
ns/read: 75.7289  ns/update: nan
rcu64 4 rperf 2
n_reads: 52810000  n_updates: 0  nreaders: 4  nupdaters: 0 duration: 1
ns/read: 75.7432  ns/update: nan
rcu64 6 rperf 2
n_reads: 79268000  n_updates: 0  nreaders: 6  nupdaters: 0 duration: 1
ns/read: 75.6926  ns/update: nan
rcu64 8 rperf 2
n_reads: 105439000  n_updates: 0  nreaders: 8  nupdaters: 0 duration: 1
ns/read: 75.8733  ns/update: nan
rcu64 1 uperf 2
n_reads: 0  n_updates: 1587089  nreaders: 0  nupdaters: 1 duration: 1
ns/read: nan  ns/update: 630.084
rcu64 2 uperf 2
n_reads: 0  n_updates: 879297  nreaders: 0  nupdaters: 2 duration: 1
ns/read: nan  ns/update: 2274.54
rcu64 3 uperf 2
n_reads: 0  n_updates: 553458  nreaders: 0  nupdaters: 3 duration: 1
ns/read: nan  ns/update: 5420.47
rcu64 4 uperf 2
n_reads: 0  n_updates: 577654  nreaders: 0  nupdaters: 4 duration: 1
ns/read: nan  ns/update: 6924.56
rcu64 6 uperf 2
n_reads: 0  n_updates: 591996  nreaders: 0  nupdaters: 6 duration: 1
ns/read: nan  ns/update: 10135.2
rcu64 8 uperf 2
n_reads: 0  n_updates: 568416  nreaders: 0  nupdaters: 8 duration: 1
ns/read: nan  ns/update: 14074.2
rcu_lock 1 rperf 2
n_reads: 6696000  n_updates: 0  nreaders: 1  nupdaters: 0 duration: 1
ns/read: 149.343  ns/update: nan
rcu_lock 2 rperf 2
n_reads: 3660000  n_updates: 0  nreaders: 2  nupdaters: 0 duration: 1
ns/read: 546.448  ns/update: nan
rcu_lock 3 rperf 2
n_reads: 2849000  n_updates: 0  nreaders: 3  nupdaters: 0 duration: 1
ns/read: 1053  ns/update: nan
rcu_lock 4 rperf 2
n_reads: 2215000  n_updates: 0  nreaders: 4  nupdaters: 0 duration: 1
ns/read: 1805.87  ns/update: nan
rcu_lock 6 rperf 2
n_reads: 1922000  n_updates: 0  nreaders: 6  nupdaters: 0 duration: 1
ns/read: 3121.75  ns/update: nan
rcu_lock 8 rperf 2
n_reads: 1511000  n_updates: 0  nreaders: 8  nupdaters: 0 duration: 1
ns/read: 5294.51  ns/update: nan
rcu_lock 1 uperf 2
n_reads: 0  n_updates: 7843352  nreaders: 0  nupdaters: 1 duration: 1
ns/read: nan  ns/update: 127.497
rcu_lock 2 uperf 2
n_reads: 0  n_updates: 3939190  nreaders: 0  nupdaters: 2 duration: 1
ns/read: nan  ns/update: 507.719
rcu_lock 3 uperf 2
n_reads: 0  n_updates: 2404970  nreaders: 0  nupdaters: 3 duration: 1
ns/read: nan  ns/update: 1247.42
rcu_lock 4 uperf 2
n_reads: 0  n_updates: 2071995  nreaders: 0  nupdaters: 4 duration: 1
ns/read: nan  ns/update: 1930.51
rcu_lock 6 uperf 2
n_reads: 0  n_updates: 1916098  nreaders: 0  nupdaters: 6 duration: 1
ns/read: nan  ns/update: 3131.36
rcu_lock 8 uperf 2
n_reads: 0  n_updates: 1836570  nreaders: 0  nupdaters: 8 duration: 1
ns/read: nan  ns/update: 4355.95
rcu_lock_percpu 1 rperf 2
n_reads: 5510000  n_updates: 0  nreaders: 1  nupdaters: 0 duration: 1
ns/read: 181.488  ns/update: nan
rcu_lock_percpu 2 rperf 2
n_reads: 11587000  n_updates: 0  nreaders: 2  nupdaters: 0 duration: 1
ns/read: 172.607  ns/update: nan
rcu_lock_percpu 3 rperf 2
n_reads: 16896000  n_updates: 0  nreaders: 3  nupdaters: 0 duration: 1
ns/read: 177.557  ns/update: nan
rcu_lock_percpu 4 rperf 2
n_reads: 23050000  n_updates: 0  nreaders: 4  nupdaters: 0 duration: 1
ns/read: 173.536  ns/update: nan
rcu_lock_percpu 6 rperf 2
n_reads: 34078000  n_updates: 0  nreaders: 6  nupdaters: 0 duration: 1
ns/read: 176.067  ns/update: nan
rcu_lock_percpu 8 rperf 2
n_reads: 45103000  n_updates: 0  nreaders: 8  nupdaters: 0 duration: 1
ns/read: 177.372  ns/update: nan
rcu_lock_percpu 1 uperf 2
n_reads: 0  n_updates: 1330459  nreaders: 0  nupdaters: 1 duration: 1
ns/read: nan  ns/update: 751.62
rcu_lock_percpu 2 uperf 2
n_reads: 0  n_updates: 2074687  nreaders: 0  nupdaters: 2 duration: 1
ns/read: nan  ns/update: 964.001
rcu_lock_percpu 3 uperf 2
n_reads: 0  n_updates: 1627550  nreaders: 0  nupdaters: 3 duration: 1
ns/read: nan  ns/update: 1843.26
rcu_lock_percpu 4 uperf 2
n_reads: 0  n_updates: 1455788  nreaders: 0  nupdaters: 4 duration: 1
ns/read: nan  ns/update: 2747.65
rcu_lock_percpu 6 uperf 2
n_reads: 0  n_updates: 1336045  nreaders: 0  nupdaters: 6 duration: 1
ns/read: nan  ns/update: 4490.87
rcu_lock_percpu 8 uperf 2
n_reads: 0  n_updates: 1217203  nreaders: 0  nupdaters: 8 duration: 1
ns/read: nan  ns/update: 6572.45
rcu_nest 1 rperf 2
n_reads: 12129000  n_updates: 0  nreaders: 1  nupdaters: 0 duration: 1
ns/read: 82.447  ns/update: nan
rcu_nest 2 rperf 2
n_reads: 24484000  n_updates: 0  nreaders: 2  nupdaters: 0 duration: 1
ns/read: 81.686  ns/update: nan
rcu_nest 3 rperf 2
n_reads: 36729000  n_updates: 0  nreaders: 3  nupdaters: 0 duration: 1
ns/read: 81.6793  ns/update: nan
rcu_nest 4 rperf 2
n_reads: 48948000  n_updates: 0  nreaders: 4  nupdaters: 0 duration: 1
ns/read: 81.7194  ns/update: nan
rcu_nest 6 rperf 2
n_reads: 73376000  n_updates: 0  nreaders: 6  nupdaters: 0 duration: 1
ns/read: 81.7706  ns/update: nan
rcu_nest 8 rperf 2
n_reads: 97851000  n_updates: 0  nreaders: 8  nupdaters: 0 duration: 1
ns/read: 81.757  ns/update: nan
rcu_nest 1 uperf 2
n_reads: 0  n_updates: 1437116  nreaders: 0  nupdaters: 1 duration: 1
ns/read: nan  ns/update: 695.838
rcu_nest 2 uperf 2
n_reads: 0  n_updates: 853385  nreaders: 0  nupdaters: 2 duration: 1
ns/read: nan  ns/update: 2343.61
rcu_nest 3 uperf 2
n_reads: 0  n_updates: 538186  nreaders: 0  nupdaters: 3 duration: 1
ns/read: nan  ns/update: 5574.28
rcu_nest 4 uperf 2
n_reads: 0  n_updates: 562447  nreaders: 0  nupdaters: 4 duration: 1
ns/read: nan  ns/update: 7111.78
rcu_nest 6 uperf 2
n_reads: 0  n_updates: 583190  nreaders: 0  nupdaters: 6 duration: 1
ns/read: nan  ns/update: 10288.2
rcu_nest 8 uperf 2
n_reads: 0  n_updates: 550674  nreaders: 0  nupdaters: 8 duration: 1
ns/read: nan  ns/update: 14527.7
rcu_nest_qs 1 rperf 2
n_reads: 31786000  n_updates: 0  nreaders: 1  nupdaters: 0 duration: 1
ns/read: 31.4604  ns/update: nan
rcu_nest_qs 2 rperf 2
n_reads: 63554000  n_updates: 0  nreaders: 2  nupdaters: 0 duration: 1
ns/read: 31.4693  ns/update: nan
rcu_nest_qs 3 rperf 2
n_reads: 95332000  n_updates: 0  nreaders: 3  nupdaters: 0 duration: 1
ns/read: 31.469  ns/update: nan
rcu_nest_qs 4 rperf 2
n_reads: 127092000  n_updates: 0  nreaders: 4  nupdaters: 0 duration: 1
ns/read: 31.4733  ns/update: nan
rcu_nest_qs 6 rperf 2
n_reads: 190672000  n_updates: 0  nreaders: 6  nupdaters: 0 duration: 1
ns/read: 31.4677  ns/update: nan
rcu_nest_qs 8 rperf 2
n_reads: 254135000  n_updates: 0  nreaders: 8  nupdaters: 0 duration: 1
ns/read: 31.4793  ns/update: nan
rcu_nest_qs 1 uperf 2
n_reads: 0  n_updates: 1441863  nreaders: 0  nupdaters: 1 duration: 1
ns/read: nan  ns/update: 693.547
rcu_nest_qs 2 uperf 2
n_reads: 0  n_updates: 831412  nreaders: 0  nupdaters: 2 duration: 1
ns/read: nan  ns/update: 2405.55
rcu_nest_qs 3 uperf 2
n_reads: 0  n_updates: 542577  nreaders: 0  nupdaters: 3 duration: 1
ns/read: nan  ns/update: 5529.17
rcu_nest_qs 4 uperf 2
n_reads: 0  n_updates: 551033  nreaders: 0  nupdaters: 4 duration: 1
ns/read: nan  ns/update: 7259.09
rcu_nest_qs 6 uperf 2
n_reads: 0  n_updates: 591722  nreaders: 0  nupdaters: 6 duration: 1
ns/read: nan  ns/update: 10139.9
rcu_nest_qs 8 uperf 2
n_reads: 0  n_updates: 560743  nreaders: 0  nupdaters: 8 duration: 1
ns/read: nan  ns/update: 14266.8
rcu_qs 1 rperf 2
n_reads: 15521826000  n_updates: 0  nreaders: 1  nupdaters: 0 duration: 1
ns/read: 0.0644254  ns/update: nan
rcu_qs 2 rperf 2
n_reads: 31513934000  n_updates: 0  nreaders: 2  nupdaters: 0 duration: 1
ns/read: 0.063464  ns/update: nan
rcu_qs 3 rperf 2
n_reads: 46504553000  n_updates: 0  nreaders: 3  nupdaters: 0 duration: 1
ns/read: 0.0645098  ns/update: nan
rcu_qs 4 rperf 2
n_reads: 62074437000  n_updates: 0  nreaders: 4  nupdaters: 0 duration: 1
ns/read: 0.0644388  ns/update: nan
rcu_qs 6 rperf 2
n_reads: 93459751000  n_updates: 0  nreaders: 6  nupdaters: 0 duration: 1
ns/read: 0.0641988  ns/update: nan
rcu_qs 8 rperf 2
n_reads: 125218385000  n_updates: 0  nreaders: 8  nupdaters: 0 duration: 1
ns/read: 0.0638884  ns/update: nan
rcu_qs 1 uperf 2
n_reads: 0  n_updates: 1444197  nreaders: 0  nupdaters: 1 duration: 1
ns/read: nan  ns/update: 692.426
rcu_qs 2 uperf 2
n_reads: 0  n_updates: 759516  nreaders: 0  nupdaters: 2 duration: 1
ns/read: nan  ns/update: 2633.26
rcu_qs 3 uperf 2
n_reads: 0  n_updates: 547236  nreaders: 0  nupdaters: 3 duration: 1
ns/read: nan  ns/update: 5482.1
rcu_qs 4 uperf 2
n_reads: 0  n_updates: 559526  nreaders: 0  nupdaters: 4 duration: 1
ns/read: nan  ns/update: 7148.91
rcu_qs 6 uperf 2
n_reads: 0  n_updates: 573640  nreaders: 0  nupdaters: 6 duration: 1
ns/read: nan  ns/update: 10459.5
rcu_qs 8 uperf 2
n_reads: 0  n_updates: 560635  nreaders: 0  nupdaters: 8 duration: 1
ns/read: nan  ns/update: 14269.5
rcu_rcg 1 rperf 2
n_reads: 7629000  n_updates: 0  nreaders: 1  nupdaters: 0 duration: 1
ns/read: 131.079  ns/update: nan
rcu_rcg 2 rperf 2
n_reads: 12726000  n_updates: 0  nreaders: 2  nupdaters: 0 duration: 1
ns/read: 157.159  ns/update: nan
rcu_rcg 3 rperf 2
n_reads: 4229000  n_updates: 0  nreaders: 3  nupdaters: 0 duration: 1
ns/read: 709.388  ns/update: nan
rcu_rcg 4 rperf 2
n_reads: 7226000  n_updates: 0  nreaders: 4  nupdaters: 0 duration: 1
ns/read: 553.557  ns/update: nan
rcu_rcg 6 rperf 2
n_reads: 5557000  n_updates: 0  nreaders: 6  nupdaters: 0 duration: 1
ns/read: 1079.72  ns/update: nan
rcu_rcg 8 rperf 2
n_reads: 4693000  n_updates: 0  nreaders: 8  nupdaters: 0 duration: 1
ns/read: 1704.67  ns/update: nan
rcu_rcg 1 uperf 2
n_reads: 0  n_updates: 19632473  nreaders: 0  nupdaters: 1 duration: 1
ns/read: nan  ns/update: 50.936
rcu_rcg 2 uperf 2
n_reads: 0  n_updates: 39252120  nreaders: 0  nupdaters: 2 duration: 1
ns/read: nan  ns/update: 50.9527
rcu_rcg 3 uperf 2
n_reads: 0  n_updates: 58839742  nreaders: 0  nupdaters: 3 duration: 1
ns/read: nan  ns/update: 50.9859
rcu_rcg 4 uperf 2
n_reads: 0  n_updates: 78350172  nreaders: 0  nupdaters: 4 duration: 1
ns/read: nan  ns/update: 51.0529
rcu_rcg 6 uperf 2
n_reads: 0  n_updates: 117234921  nreaders: 0  nupdaters: 6 duration: 1
ns/read: nan  ns/update: 51.1793
rcu_rcg 8 uperf 2
n_reads: 0  n_updates: 156459691  nreaders: 0  nupdaters: 8 duration: 1
ns/read: nan  ns/update: 51.1314
rcu_rcpg 1 rperf 2
n_reads: 4969000  n_updates: 0  nreaders: 1  nupdaters: 0 duration: 1
ns/read: 201.248  ns/update: nan
rcu_rcpg 2 rperf 2
n_reads: 9611000  n_updates: 0  nreaders: 2  nupdaters: 0 duration: 1
ns/read: 208.095  ns/update: nan
rcu_rcpg 3 rperf 2
n_reads: 3536000  n_updates: 0  nreaders: 3  nupdaters: 0 duration: 1
ns/read: 848.416  ns/update: nan
rcu_rcpg 4 rperf 2
n_reads: 4599000  n_updates: 0  nreaders: 4  nupdaters: 0 duration: 1
ns/read: 869.754  ns/update: nan
rcu_rcpg 6 rperf 2
n_reads: 3837000  n_updates: 0  nreaders: 6  nupdaters: 0 duration: 1
ns/read: 1563.72  ns/update: nan
rcu_rcpg 8 rperf 2
n_reads: 3410000  n_updates: 0  nreaders: 8  nupdaters: 0 duration: 1
ns/read: 2346.04  ns/update: nan
rcu_rcpg 1 uperf 2
n_reads: 0  n_updates: 3827113  nreaders: 0  nupdaters: 1 duration: 1
ns/read: nan  ns/update: 261.294
rcu_rcpg 2 uperf 2
n_reads: 0  n_updates: 2390942  nreaders: 0  nupdaters: 2 duration: 1
ns/read: nan  ns/update: 836.49
rcu_rcpg 3 uperf 2
n_reads: 0  n_updates: 1373402  nreaders: 0  nupdaters: 3 duration: 1
ns/read: nan  ns/update: 2184.36
rcu_rcpg 4 uperf 2
n_reads: 0  n_updates: 1016068  nreaders: 0  nupdaters: 4 duration: 1
ns/read: nan  ns/update: 3936.74
rcu_rcpg 6 uperf 2
n_reads: 0  n_updates: 1002072  nreaders: 0  nupdaters: 6 duration: 1
ns/read: nan  ns/update: 5987.59
rcu_rcpg 8 uperf 2
n_reads: 0  n_updates: 1021526  nreaders: 0  nupdaters: 8 duration: 1
ns/read: nan  ns/update: 7831.42
rcu_rcpl 1 rperf 2
n_reads: 7100000  n_updates: 0  nreaders: 1  nupdaters: 0 duration: 1
ns/read: 140.845  ns/update: nan
rcu_rcpl 2 rperf 2
n_reads: 14220000  n_updates: 0  nreaders: 2  nupdaters: 0 duration: 1
ns/read: 140.647  ns/update: nan
rcu_rcpl 3 rperf 2
n_reads: 21279000  n_updates: 0  nreaders: 3  nupdaters: 0 duration: 1
ns/read: 140.984  ns/update: nan
rcu_rcpl 4 rperf 2
n_reads: 28434000  n_updates: 0  nreaders: 4  nupdaters: 0 duration: 1
ns/read: 140.677  ns/update: nan
rcu_rcpl 6 rperf 2
n_reads: 42390000  n_updates: 0  nreaders: 6  nupdaters: 0 duration: 1
ns/read: 141.543  ns/update: nan
rcu_rcpl 8 rperf 2
n_reads: 56693000  n_updates: 0  nreaders: 8  nupdaters: 0 duration: 1
ns/read: 141.111  ns/update: nan
rcu_rcpl 1 uperf 2
n_reads: 0  n_updates: 736744  nreaders: 0  nupdaters: 1 duration: 1
ns/read: nan  ns/update: 1357.32
rcu_rcpl 2 uperf 2
n_reads: 0  n_updates: 389188  nreaders: 0  nupdaters: 2 duration: 1
ns/read: nan  ns/update: 5138.9
rcu_rcpl 3 uperf 2
n_reads: 0  n_updates: 420305  nreaders: 0  nupdaters: 3 duration: 1
ns/read: nan  ns/update: 7137.67
rcu_rcpl 4 uperf 2
n_reads: 0  n_updates: 390828  nreaders: 0  nupdaters: 4 duration: 1
ns/read: nan  ns/update: 10234.7
rcu_rcpl 6 uperf 2
n_reads: 0  n_updates: 418334  nreaders: 0  nupdaters: 6 duration: 1
ns/read: nan  ns/update: 14342.6
rcu_rcpl 8 uperf 2
n_reads: 0  n_updates: 390611  nreaders: 0  nupdaters: 8 duration: 1
ns/read: nan  ns/update: 20480.7
rcu_rcpls 1 rperf 2
n_reads: 7036000  n_updates: 0  nreaders: 1  nupdaters: 0 duration: 1
ns/read: 142.126  ns/update: nan
rcu_rcpls 2 rperf 2
n_reads: 14096000  n_updates: 0  nreaders: 2  nupdaters: 0 duration: 1
ns/read: 141.884  ns/update: nan
rcu_rcpls 3 rperf 2
n_reads: 20878000  n_updates: 0  nreaders: 3  nupdaters: 0 duration: 1
ns/read: 143.692  ns/update: nan
rcu_rcpls 4 rperf 2
n_reads: 28124000  n_updates: 0  nreaders: 4  nupdaters: 0 duration: 1
ns/read: 142.227  ns/update: nan
rcu_rcpls 6 rperf 2
n_reads: 42244000  n_updates: 0  nreaders: 6  nupdaters: 0 duration: 1
ns/read: 142.032  ns/update: nan
rcu_rcpls 8 rperf 2
n_reads: 56076000  n_updates: 0  nreaders: 8  nupdaters: 0 duration: 1
ns/read: 142.664  ns/update: nan
rcu_rcpls 1 uperf 2
n_reads: 0  n_updates: 772222  nreaders: 0  nupdaters: 1 duration: 1
ns/read: nan  ns/update: 1294.96
rcu_rcpls 2 uperf 2
n_reads: 0  n_updates: 489440  nreaders: 0  nupdaters: 2 duration: 1
ns/read: nan  ns/update: 4086.3
rcu_rcpls 3 uperf 2
n_reads: 0  n_updates: 464245  nreaders: 0  nupdaters: 3 duration: 1
ns/read: nan  ns/update: 6462.11
rcu_rcpls 4 uperf 2
n_reads: 0  n_updates: 477967  nreaders: 0  nupdaters: 4 duration: 1
ns/read: nan  ns/update: 8368.78
rcu_rcpls 6 uperf 2
n_reads: 0  n_updates: 477392  nreaders: 0  nupdaters: 6 duration: 1
ns/read: nan  ns/update: 12568.3
rcu_rcpls 8 uperf 2
n_reads: 0  n_updates: 507353  nreaders: 0  nupdaters: 8 duration: 1
ns/read: nan  ns/update: 15768.1
rcu_ts 1 rperf 2
n_reads: 8000000  n_updates: 0  nreaders: 1  nupdaters: 0 duration: 1
ns/read: 125  ns/update: nan
rcu_ts 2 rperf 2
n_reads: 15743000  n_updates: 0  nreaders: 2  nupdaters: 0 duration: 1
ns/read: 127.041  ns/update: nan
rcu_ts 3 rperf 2
n_reads: 23675000  n_updates: 0  nreaders: 3  nupdaters: 0 duration: 1
ns/read: 126.716  ns/update: nan
rcu_ts 4 rperf 2
n_reads: 31593000  n_updates: 0  nreaders: 4  nupdaters: 0 duration: 1
ns/read: 126.61  ns/update: nan
rcu_ts 6 rperf 2
n_reads: 47345000  n_updates: 0  nreaders: 6  nupdaters: 0 duration: 1
ns/read: 126.729  ns/update: nan
rcu_ts 8 rperf 2
n_reads: 63175000  n_updates: 0  nreaders: 8  nupdaters: 0 duration: 1
ns/read: 126.632  ns/update: nan
rcu_ts 1 uperf 2
n_reads: 0  n_updates: 1445932  nreaders: 0  nupdaters: 1 duration: 1
ns/read: nan  ns/update: 691.595
rcu_ts 2 uperf 2
n_reads: 0  n_updates: 756515  nreaders: 0  nupdaters: 2 duration: 1
ns/read: nan  ns/update: 2643.7
rcu_ts 3 uperf 2
n_reads: 0  n_updates: 500221  nreaders: 0  nupdaters: 3 duration: 1
ns/read: nan  ns/update: 5997.35
rcu_ts 4 uperf 2
n_reads: 0  n_updates: 552177  nreaders: 0  nupdaters: 4 duration: 1
ns/read: nan  ns/update: 7244.05
rcu_ts 6 uperf 2
n_reads: 0  n_updates: 591159  nreaders: 0  nupdaters: 6 duration: 1
ns/read: nan  ns/update: 10149.6
rcu_ts 8 uperf 2
n_reads: 0  n_updates: 553843  nreaders: 0  nupdaters: 8 duration: 1
ns/read: nan  ns/update: 14444.5
