1 0.0e0
2 0.0e0
3 0.0e0
4 0.0e0
5 0.0e0
6 1.0e-6
7 1.0e-6
8 5.0e-6
9 6.0e-6
10 1.8e-5
11 3.3e-5
12 4.0e-5
13 7.7e-5
14 1.2e-4
15 1.64e-4
16 2.29e-4
17 3.26e-4
18 4.19e-4
19 5.87e-4
20 7.52e-4
21 9.83e-4
22 1.254e-3
23 1.592e-3
24 2.006e-3
25 2.517e-3
26 2.985e-3
27 3.474e-3
28 4.333e-3
29 5.149e-3
30 6.095e-3
31 7.145e-3
32 8.435e-3
33 9.681e-3
34 1.1367e-2
35 1.3122e-2
36 1.513e-2
37 1.7107e-2
38 1.9233e-2
39 2.1686e-2
40 2.487e-2
41 2.7801e-2
42 3.0922e-2
43 3.5097e-2
44 3.8684e-2
45 4.2866e-2
46 4.7194e-2
47 5.2136e-2
48 5.736e-2
49 6.2615e-2
50 6.8749e-2
51 7.5455e-2
52 8.1618e-2
53 8.8986e-2
54 9.6189e-2
55 1.0438e-1
56 1.12758e-1
57 1.21698e-1
58 1.31123e-1
59 1.40476e-1
60 1.50931e-1
61 1.61285e-1
62 1.72226e-1
63 1.84325e-1
64 1.95766e-1
65 2.08183e-1
66 2.21136e-1
67 2.34566e-1
68 2.47397e-1
69 2.62082e-1
70 2.76e-1
71 2.91406e-1
72 3.06913e-1
73 3.21197e-1
74 3.37407e-1
75 3.53837e-1
76 3.69939e-1
77 3.87019e-1
78 4.04292e-1
79 4.22207e-1
80 4.381e-1
81 4.55729e-1
82 4.73292e-1
83 4.9106e-1
84 5.08696e-1
85 5.25343e-1
86 5.43959e-1
87 5.61371e-1
88 5.79567e-1
89 5.96003e-1
90 6.14278e-1
91 6.31028e-1
92 6.47832e-1
93 6.64966e-1
94 6.82346e-1
95 6.9755e-1
96 7.12762e-1
97 7.2907e-1
98 7.44486e-1
99 7.5901e-1
100 7.73568e-1
101 7.86205e-1
102 8.00384e-1
103 8.13049e-1
104 8.25028e-1
105 8.37416e-1
106 8.49244e-1
107 8.58894e-1
108 8.69969e-1
109 8.80192e-1
110 8.89354e-1
111 8.97924e-1
112 9.06575e-1
113 9.14493e-1
114 9.22041e-1
115 9.29052e-1
116 9.35723e-1
117 9.41616e-1
118 9.47373e-1
119 9.52419e-1
120 9.56965e-1
121 9.61702e-1
122 9.65746e-1
123 9.69186e-1
124 9.72902e-1
125 9.75881e-1
126 9.78861e-1
127 9.81131e-1
128 9.83621e-1
129 9.85608e-1
130 9.87187e-1
131 9.88974e-1
132 9.9046e-1
133 9.92e-1
134 9.92886e-1
135 9.93916e-1
136 9.94899e-1
137 9.95661e-1
138 9.96353e-1
139 9.96868e-1
140 9.97359e-1
141 9.97705e-1
142 9.98037e-1
143 9.98436e-1
144 9.98706e-1
145 9.98899e-1
146 9.99119e-1
147 9.99295e-1
148 9.99375e-1
149 9.99511e-1
150 9.99629e-1
151 9.99676e-1
152 9.99755e-1
153 9.99785e-1
154 9.99853e-1
155 9.99868e-1
156 9.99914e-1
157 9.99926e-1
158 9.99942e-1
159 9.99945e-1
160 9.99961e-1
161 9.99974e-1
162 9.99982e-1
163 9.99982e-1
164 9.99983e-1
165 9.9999e-1
166 9.99995e-1
167 9.99997e-1
168 9.99997e-1
169 9.99999e-1
170 9.99996e-1
171 1.0e0
172 9.99999e-1
173 9.99999e-1
174 9.99999e-1
175 1.0e0
176 1.0e0
177 1.0e0
178 1.0e0
179 1.0e0
180 1.0e0
181 1.0e0
182 1.0e0
183 1.0e0
184 1.0e0
185 1.0e0
186 1.0e0
187 1.0e0
188 1.0e0
189 1.0e0
190 1.0e0
191 1.0e0
192 1.0e0
193 1.0e0
194 1.0e0
195 1.0e0
196 1.0e0
197 1.0e0
198 1.0e0
199 1.0e0
200 1.0e0
201 1.0e0
202 1.0e0
203 1.0e0
204 1.0e0
205 1.0e0
206 1.0e0
207 1.0e0
208 1.0e0
209 1.0e0
210 1.0e0
211 1.0e0
212 1.0e0
213 1.0e0
214 1.0e0
215 1.0e0
216 1.0e0
217 1.0e0
218 1.0e0
219 1.0e0
220 1.0e0
221 1.0e0
222 1.0e0
223 1.0e0
224 1.0e0
225 1.0e0
226 1.0e0
227 1.0e0
228 1.0e0
229 1.0e0
230 1.0e0
231 1.0e0
232 1.0e0
233 1.0e0
234 1.0e0
235 1.0e0
236 1.0e0
237 1.0e0
238 1.0e0
239 1.0e0
240 1.0e0
241 1.0e0
242 1.0e0
243 1.0e0
244 1.0e0
245 1.0e0
246 1.0e0
247 1.0e0
248 1.0e0
249 1.0e0
250 1.0e0
251 1.0e0
252 1.0e0
253 1.0e0
254 1.0e0
255 1.0e0
256 1.0e0
257 1.0e0
