1 0.0e0
2 0.0e0
3 0.0e0
4 0.0e0
5 0.0e0
6 0.0e0
7 0.0e0
8 0.0e0
9 1.0e-7
10 4.0e-7
11 2.9e-6
12 9.9e-6
13 2.51e-5
14 6.02e-5
15 1.45e-4
16 2.994e-4
17 5.547e-4
18 9.997e-4
19 1.7058e-3
20 2.6965e-3
21 4.2621e-3
22 6.3666e-3
23 9.3794e-3
24 1.32628e-2
25 1.84056e-2
26 2.50284e-2
27 3.35417e-2
28 4.39654e-2
29 5.66727e-2
30 7.1999e-2
31 9.01916e-2
32 1.114051e-1
33 1.360904e-1
34 1.642923e-1
35 1.963728e-1
36 2.317217e-1
37 2.706832e-1
38 3.129722e-1
39 3.58341e-1
40 4.066739e-1
41 4.57047e-1
42 5.089014e-1
43 5.610522e-1
44 6.137124e-1
45 6.651184e-1
46 7.146717e-1
47 7.613092e-1
48 8.045873e-1
49 8.43329e-1
50 8.779206e-1
51 9.07521e-1
52 9.319617e-1
53 9.518534e-1
54 9.673481e-1
55 9.787047e-1
56 9.869624e-1
57 9.924857e-1
58 9.95979e-1
59 9.98024e-1
60 9.991347e-1
61 9.996799e-1
62 9.999005e-1
63 9.999755e-1
64 9.999965e-1
65 1.0e0
