1 0.0e0
2 0.0e0
3 0.0e0
4 0.0e0
5 0.0e0
6 0.0e0
7 0.0e0
8 1.0e-7
9 5.0e-7
10 5.0e-7
11 1.7e-6
12 3.4e-6
13 5.3e-6
14 8.6e-6
15 9.4e-6
16 1.42e-5
17 2.24e-5
18 2.83e-5
19 3.83e-5
20 5.11e-5
21 6.82e-5
22 9.34e-5
23 1.032e-4
24 1.299e-4
25 1.777e-4
26 2.21e-4
27 2.612e-4
28 3.24e-4
29 3.704e-4
30 4.46e-4
31 5.341e-4
32 6.328e-4
33 7.141e-4
34 8.613e-4
35 9.887e-4
36 1.1429e-3
37 1.3065e-3
38 1.4996e-3
39 1.7008e-3
40 1.929e-3
41 2.2157e-3
42 2.4908e-3
43 2.7971e-3
44 3.124e-3
45 3.4797e-3
46 3.905e-3
47 4.3478e-3
48 4.8173e-3
49 5.3098e-3
50 5.865e-3
51 6.4494e-3
52 7.1495e-3
53 7.8064e-3
54 8.5825e-3
55 9.346e-3
56 1.01935e-2
57 1.10601e-2
58 1.20716e-2
59 1.31135e-2
60 1.4152e-2
61 1.52744e-2
62 1.65431e-2
63 1.79467e-2
64 1.92442e-2
65 2.07322e-2
66 2.2236e-2
67 2.3826e-2
68 2.55456e-2
69 2.74077e-2
70 2.93557e-2
71 3.12406e-2
72 3.34172e-2
73 3.55753e-2
74 3.79557e-2
75 4.02446e-2
76 4.27645e-2
77 4.52627e-2
78 4.79898e-2
79 5.10958e-2
80 5.38206e-2
81 5.72262e-2
82 6.0297e-2
83 6.37032e-2
84 6.70515e-2
85 7.06803e-2
86 7.45094e-2
87 7.84939e-2
88 8.24293e-2
89 8.6647e-2
90 9.08878e-2
91 9.52314e-2
92 1.002898e-1
93 1.048522e-1
94 1.096144e-1
95 1.148181e-1
96 1.201184e-1
97 1.254382e-1
98 1.309592e-1
99 1.366444e-1
100 1.425743e-1
101 1.485115e-1
102 1.546071e-1
103 1.60937e-1
104 1.67502e-1
105 1.739993e-1
106 1.812955e-1
107 1.879172e-1
108 1.952126e-1
109 2.024506e-1
110 2.098979e-1
111 2.17691e-1
112 2.252405e-1
113 2.331625e-1
114 2.413465e-1
115 2.49429e-1
116 2.577699e-1
117 2.661354e-1
118 2.750955e-1
119 2.838872e-1
120 2.926462e-1
121 3.015473e-1
122 3.108781e-1
123 3.200914e-1
124 3.298919e-1
125 3.392842e-1
126 3.487619e-1
127 3.584784e-1
128 3.685062e-1
129 3.777663e-1
130 3.883295e-1
131 3.985813e-1
132 4.089129e-1
133 4.190226e-1
134 4.292521e-1
135 4.394709e-1
136 4.499399e-1
137 4.607405e-1
138 4.711093e-1
139 4.81509e-1
140 4.921264e-1
141 5.02865e-1
142 5.133672e-1
143 5.24193e-1
144 5.346094e-1
145 5.452607e-1
146 5.558664e-1
147 5.665274e-1
148 5.770171e-1
149 5.87681e-1
150 5.980132e-1
151 6.08628e-1
152 6.187547e-1
153 6.292657e-1
154 6.393618e-1
155 6.495974e-1
156 6.594984e-1
157 6.695684e-1
158 6.79082e-1
159 6.888171e-1
160 6.987355e-1
161 7.083388e-1
162 7.176753e-1
163 7.269687e-1
164 7.359817e-1
165 7.450364e-1
166 7.535881e-1
167 7.625356e-1
168 7.712462e-1
169 7.793607e-1
170 7.878628e-1
171 7.954789e-1
172 8.035115e-1
173 8.115187e-1
174 8.191243e-1
175 8.262945e-1
176 8.333156e-1
177 8.404376e-1
178 8.474194e-1
179 8.540558e-1
180 8.603193e-1
181 8.668381e-1
182 8.728733e-1
183 8.788296e-1
184 8.846667e-1
185 8.900493e-1
186 8.955733e-1
187 9.007931e-1
188 9.057075e-1
189 9.10446e-1
190 9.152941e-1
191 9.197228e-1
192 9.239625e-1
193 9.281464e-1
194 9.322095e-1
195 9.359766e-1
196 9.39615e-1
197 9.431551e-1
198 9.464913e-1
199 9.497319e-1
200 9.527902e-1
201 9.557081e-1
202 9.584777e-1
203 9.608451e-1
204 9.635313e-1
205 9.660918e-1
206 9.681588e-1
207 9.703309e-1
208 9.724245e-1
209 9.742505e-1
210 9.761969e-1
211 9.777906e-1
212 9.794046e-1
213 9.808819e-1
214 9.822859e-1
215 9.836562e-1
216 9.848995e-1
217 9.860878e-1
218 9.870539e-1
219 9.881756e-1
220 9.89103e-1
221 9.899849e-1
222 9.908095e-1
223 9.915233e-1
224 9.923081e-1
225 9.929114e-1
226 9.93541e-1
227 9.941445e-1
228 9.946855e-1
229 9.951122e-1
230 9.955985e-1
231 9.959744e-1
232 9.963446e-1
233 9.966972e-1
234 9.97014e-1
235 9.973054e-1
236 9.975666e-1
237 9.978232e-1
238 9.980198e-1
239 9.982363e-1
240 9.984098e-1
241 9.98572e-1
242 9.987416e-1
243 9.988765e-1
244 9.989782e-1
245 9.991029e-1
246 9.99198e-1
247 9.992902e-1
248 9.993655e-1
249 9.994515e-1
250 9.994906e-1
251 9.995668e-1
252 9.996121e-1
253 9.996601e-1
254 9.997002e-1
255 9.99734e-1
256 9.997732e-1
257 9.997994e-1
258 9.998238e-1
259 9.998433e-1
260 9.998612e-1
261 9.998855e-1
262 9.998931e-1
263 9.999104e-1
264 9.999251e-1
265 9.999391e-1
266 9.999399e-1
267 9.999525e-1
268 9.999581e-1
269 9.999653e-1
270 9.999723e-1
271 9.999776e-1
272 9.999775e-1
273 9.99983e-1
274 9.999858e-1
275 9.999855e-1
276 9.999895e-1
277 9.999904e-1
278 9.999924e-1
279 9.999931e-1
280 9.999944e-1
281 9.999968e-1
282 9.999946e-1
283 9.99997e-1
284 9.999972e-1
285 9.999977e-1
286 9.999981e-1
287 9.999993e-1
288 9.999982e-1
289 9.99999e-1
290 9.99999e-1
291 9.999993e-1
292 9.999994e-1
293 9.999995e-1
294 9.999999e-1
295 9.999996e-1
296 9.999997e-1
297 9.999996e-1
298 1.0e0
299 9.999998e-1
300 9.999999e-1
301 9.999997e-1
302 9.999999e-1
303 1.0e0
304 1.0e0
305 1.0e0
306 1.0e0
307 1.0e0
308 1.0e0
309 9.999999e-1
310 1.0e0
311 1.0e0
312 1.0e0
313 1.0e0
314 1.0e0
315 1.0e0
316 1.0e0
317 1.0e0
318 1.0e0
319 1.0e0
320 1.0e0
321 1.0e0
322 1.0e0
323 1.0e0
324 1.0e0
325 1.0e0
326 1.0e0
327 1.0e0
328 1.0e0
329 1.0e0
330 1.0e0
331 1.0e0
332 1.0e0
333 1.0e0
334 1.0e0
335 1.0e0
336 1.0e0
337 1.0e0
338 1.0e0
339 1.0e0
340 1.0e0
341 1.0e0
342 1.0e0
343 1.0e0
344 1.0e0
345 1.0e0
346 1.0e0
347 1.0e0
348 1.0e0
349 1.0e0
350 1.0e0
351 1.0e0
352 1.0e0
353 1.0e0
354 1.0e0
355 1.0e0
356 1.0e0
357 1.0e0
358 1.0e0
359 1.0e0
360 1.0e0
361 1.0e0
362 1.0e0
363 1.0e0
364 1.0e0
365 1.0e0
366 1.0e0
367 1.0e0
368 1.0e0
369 1.0e0
370 1.0e0
371 1.0e0
372 1.0e0
373 1.0e0
374 1.0e0
375 1.0e0
376 1.0e0
377 1.0e0
378 1.0e0
379 1.0e0
380 1.0e0
381 1.0e0
382 1.0e0
383 1.0e0
384 1.0e0
385 1.0e0
386 1.0e0
387 1.0e0
388 1.0e0
389 1.0e0
390 1.0e0
391 1.0e0
392 1.0e0
393 1.0e0
394 1.0e0
395 1.0e0
396 1.0e0
397 1.0e0
398 1.0e0
399 1.0e0
400 1.0e0
401 1.0e0
402 1.0e0
403 1.0e0
404 1.0e0
405 1.0e0
406 1.0e0
407 1.0e0
408 1.0e0
409 1.0e0
410 1.0e0
411 1.0e0
412 1.0e0
413 1.0e0
414 1.0e0
415 1.0e0
416 1.0e0
417 1.0e0
418 1.0e0
419 1.0e0
420 1.0e0
421 1.0e0
422 1.0e0
423 1.0e0
424 1.0e0
425 1.0e0
426 1.0e0
427 1.0e0
428 1.0e0
429 1.0e0
430 1.0e0
431 1.0e0
432 1.0e0
433 1.0e0
434 1.0e0
435 1.0e0
436 1.0e0
437 1.0e0
438 1.0e0
439 1.0e0
440 1.0e0
441 1.0e0
442 1.0e0
443 1.0e0
444 1.0e0
445 1.0e0
446 1.0e0
447 1.0e0
448 1.0e0
449 1.0e0
450 1.0e0
451 1.0e0
452 1.0e0
453 1.0e0
454 1.0e0
455 1.0e0
456 1.0e0
457 1.0e0
458 1.0e0
459 1.0e0
460 1.0e0
461 1.0e0
462 1.0e0
463 1.0e0
464 1.0e0
465 1.0e0
466 1.0e0
467 1.0e0
468 1.0e0
469 1.0e0
470 1.0e0
471 1.0e0
472 1.0e0
473 1.0e0
474 1.0e0
475 1.0e0
476 1.0e0
477 1.0e0
478 1.0e0
479 1.0e0
480 1.0e0
481 1.0e0
482 1.0e0
483 1.0e0
484 1.0e0
485 1.0e0
486 1.0e0
487 1.0e0
488 1.0e0
489 1.0e0
490 1.0e0
491 1.0e0
492 1.0e0
493 1.0e0
494 1.0e0
495 1.0e0
496 1.0e0
497 1.0e0
498 1.0e0
499 1.0e0
500 1.0e0
501 1.0e0
502 1.0e0
503 1.0e0
504 1.0e0
505 1.0e0
506 1.0e0
507 1.0e0
508 1.0e0
509 1.0e0
510 1.0e0
511 1.0e0
512 1.0e0
513 1.0e0
