1 0.0e0
2 0.0e0
3 0.0e0
4 0.0e0
5 1.52e-5
6 8.89e-5
7 2.882e-4
8 7.21e-4
9 1.5693e-3
10 2.9606e-3
11 5.1435e-3
12 8.3067e-3
13 1.27758e-2
14 1.89759e-2
15 2.69102e-2
16 3.69759e-2
17 4.98067e-2
18 6.52701e-2
19 8.35456e-2
20 1.053382e-1
21 1.304251e-1
22 1.590056e-1
23 1.911402e-1
24 2.266642e-1
25 2.656752e-1
26 3.07646e-1
27 3.520147e-1
28 3.987133e-1
29 4.470328e-1
30 4.967223e-1
31 5.464728e-1
32 5.957903e-1
33 6.443091e-1
34 6.907629e-1
35 7.348229e-1
36 7.76135e-1
37 8.138645e-1
38 8.476072e-1
39 8.776494e-1
40 9.03502e-1
41 9.255623e-1
42 9.437567e-1
43 9.585517e-1
44 9.702673e-1
45 9.791925e-1
46 9.859353e-1
47 9.906885e-1
48 9.940855e-1
49 9.964244e-1
50 9.978433e-1
51 9.987792e-1
52 9.993617e-1
53 9.9967e-1
54 9.99841e-1
55 9.999321e-1
56 9.999714e-1
57 9.999893e-1
58 9.999968e-1
59 9.999986e-1
60 9.999993e-1
61 1.0e0
62 1.0e0
63 1.0e0
64 1.0e0
65 1.0e0
