1 0.0e0
2 0.0e0
3 0.0e0
4 0.0e0
5 1.52587890625e-5
6 8.678436279296875e-5
7 2.879500389099121e-4
8 7.279999554157257e-4
9 1.553093548864126e-3
10 2.94541148468852e-3
11 5.120707715832396e-3
12 8.324557956939316e-3
13 1.282743892902971e-2
14 1.891868629869586e-2
15 2.689932813646886e-2
16 3.70737763954801e-2
17 4.974037988605032e-2
18 6.518089530617075e-2
19 8.364901379096478e-2
20 1.053581838071622e-1
21 1.304690902915649e-1
22 1.590772761436614e-1
23 1.91201514814838e-1
24 2.267736488822628e-1
25 2.656306844201772e-1
26 3.075099589902261e-1
27 3.520481669209343e-1
28 3.987849163670814e-1
29 4.471713002647056e-1
30 4.965836867428563e-1
31 5.463425823152973e-1
32 5.95736012888224e-1
33 6.440464345696545e-1
34 6.90579770279395e-1
35 7.3469481851685e-1
36 7.758310489255409e-1
37 8.135327324172567e-1
38 8.474674858156985e-1
39 8.774376558586898e-1
40 9.033835116313073e-1
41 9.25377914756171e-1
42 9.436129211945657e-1
43 9.583795441902108e-1
44 9.700425724926626e-1
45 9.790127962817102e-1
46 9.85719174149047e-1
47 9.905833462044483e-1
48 9.939984771445575e-1
49 9.963137636137102e-1
50 9.978251656981638e-1
51 9.987721463298002e-1
52 9.993395444569583e-1
53 9.996632604210558e-1
54 9.998382422367365e-1
55 9.999273241363755e-1
56 9.999697312827176e-1
57 9.999884433699165e-1
58 9.999960126644316e-1
59 9.999987801733473e-1
60 9.999996777099217e-1
61 9.99999929250288e-1
62 9.999999878724941e-1
63 9.99999998552968e-1
64 9.999999999095605e-1
65 1.0e0
