1 0.0e0
2 0.0e0
3 9.815e-4
4 3.8209e-3
5 9.3429e-3
6 1.82107e-2
7 3.11796e-2
8 4.82873e-2
9 7.05413e-2
10 9.77429e-2
11 1.301644e-1
12 1.673505e-1
13 2.095772e-1
14 2.557184e-1
15 3.056899e-1
16 3.587278e-1
17 4.135016e-1
18 4.697288e-1
19 5.256751e-1
20 5.807801e-1
21 6.344722e-1
22 6.854272e-1
23 7.326336e-1
24 7.761358e-1
25 8.156179e-1
26 8.504718e-1
27 8.805948e-1
28 9.065109e-1
29 9.279648e-1
30 9.45603e-1
31 9.596797e-1
32 9.70675e-1
33 9.7924e-1
34 9.855383e-1
35 9.902173e-1
36 9.935128e-1
37 9.958139e-1
38 9.973817e-1
39 9.984167e-1
40 9.990576e-1
41 9.994418e-1
42 9.997086e-1
43 9.998399e-1
44 9.999176e-1
45 9.999553e-1
46 9.99981e-1
47 9.999905e-1
48 9.999962e-1
49 9.999983e-1
50 9.999994e-1
51 1.0e0
52 1.0e0
53 9.999999e-1
54 1.0e0
55 1.0e0
56 1.0e0
57 1.0e0
58 1.0e0
59 1.0e0
60 1.0e0
61 1.0e0
62 1.0e0
63 1.0e0
64 1.0e0
65 1.0e0
