1 0.0e0
2 0.0e0
3 0.0e0
4 0.0e0
5 0.0e0
6 0.0e0
7 0.0e0
8 0.0e0
9 5.960464477539063e-8
10 5.289912223815918e-7
11 2.582557499408722e-6
12 9.171082638204098e-6
13 2.646596112754196e-5
14 6.581180969078559e-5
15 1.461429171740747e-4
16 2.967637437052417e-4
17 5.60350190134784e-4
18 9.959999357462834e-4
19 1.682147366900866e-3
20 2.719159696207091e-3
21 4.231442084538479e-3
22 6.368896001306962e-3
23 9.307591544501009e-3
24 1.324952675878e-2
25 1.84213528644255e-2
26 2.507194411118477e-2
27 3.346868783797643e-2
28 4.38923696974861e-2
29 5.663053773327736e-2
30 7.196925421867396e-2
31 9.018319233893175e-2
32 1.115241109697277e-1
33 1.362078481205047e-1
34 1.644001128464426e-1
35 1.962015243256762e-1
36 2.31632539074404e-1
37 2.706191114947763e-1
38 3.129801315278144e-1
39 3.584178519434009e-1
40 4.065126264731295e-1
41 4.567232938822146e-1
42 5.083944261636627e-1
43 5.607713788033261e-1
44 6.130236151811226e-1
45 6.642761217348581e-1
46 7.136479087275858e-1
47 7.602956610198492e-1
48 8.034596601667445e-1
49 8.425082757295384e-1
50 8.769767782016618e-1
51 9.065961221182872e-1
52 9.313078235618674e-1
53 9.512621842495613e-1
54 9.667988634623617e-1
55 9.784110054125591e-1
56 9.866964899543517e-1
57 9.923019713597479e-1
58 9.958667377618169e-1
59 9.979736571193258e-1
60 9.991133589068177e-1
61 9.996654200980853e-1
62 9.99897103403181e-1
63 9.999768482657157e-1
64 9.999971060332145e-1
65 1.0e0
