1 0.0e0
2 1.56044e-2
3 4.64169e-2
4 9.13266e-2
5 1.479794e-1
6 2.146263e-1
7 2.879998e-1
8 3.657956e-1
9 4.45654e-1
10 5.233333e-1
11 5.974927e-1
12 6.667544e-1
13 7.293726e-1
14 7.843588e-1
15 8.312768e-1
16 8.708315e-1
17 9.031131e-1
18 9.289988e-1
19 9.489605e-1
20 9.64083e-1
21 9.754199e-1
22 9.834129e-1
23 9.891401e-1
24 9.930244e-1
25 9.956256e-1
26 9.973408e-1
27 9.983868e-1
28 9.990939e-1
29 9.994869e-1
30 9.997295e-1
31 9.998579e-1
32 9.999208e-1
33 9.999611e-1
34 9.999823e-1
35 9.999908e-1
36 9.999966e-1
37 9.999988e-1
38 9.999989e-1
39 9.999996e-1
40 1.0e0
41 1.0e0
42 1.0e0
43 1.0e0
44 1.0e0
45 1.0e0
46 1.0e0
47 1.0e0
48 1.0e0
49 1.0e0
50 1.0e0
51 1.0e0
52 1.0e0
53 1.0e0
54 1.0e0
55 1.0e0
56 1.0e0
57 1.0e0
58 1.0e0
59 1.0e0
60 1.0e0
61 1.0e0
62 1.0e0
63 1.0e0
64 1.0e0
65 1.0e0
