1 0.0e0
2 1.5625e-2
3 4.638671875e-2
4 9.108734130859375e-2
5 1.478943824768066e-1
6 2.144651338458061e-1
7 2.881090275477618e-1
8 3.659721026597254e-1
9 4.452255898272597e-1
10 5.232407412578013e-1
11 5.977343754362698e-1
12 6.66873779658161e-1
13 7.293349459722558e-1
14 7.843137850716413e-1
15 8.314951445872198e-1
16 8.709884700745902e-1
17 9.032413525559426e-1
18 9.289428682832704e-1
19 9.489276865786006e-1
20 9.640897796255785e-1
21 9.753117234925852e-1
22 9.834125642215807e-1
23 9.891144952704123e-1
24 9.930264735326079e-1
25 9.956415459578799e-1
26 9.973440670680831e-1
27 9.984230398216743e-1
28 9.990883198969055e-1
29 9.994871799420093e-1
30 9.997195515307863e-1
31 9.998510117507302e-1
32 9.999231779339703e-1
33 9.999615889669851e-1
34 9.999813946558834e-1
35 9.999912787449454e-1
36 9.999960481813034e-1
37 9.999982710793202e-1
38 9.999992706115882e-1
39 9.999997036859577e-1
40 9.999998842523272e-1
41 9.999999565946227e-1
42 9.999999844011925e-1
43 9.999999946379099e-1
44 9.999999982405642e-1
45 9.999999994501763e-1
46 9.999999998367711e-1
47 9.999999999540919e-1
48 9.999999999878056e-1
49 9.999999999969514e-1
50 9.999999999992855e-1
51 9.999999999998437e-1
52 9.999999999999683e-1
53 9.999999999999941e-1
54 9.99999999999999e-1
55 9.999999999999998e-1
56 1.0e0
57 1.0e0
58 1.0e0
59 1.0e0
60 1.0e0
61 1.0e0
62 1.0e0
63 1.0e0
64 1.0e0
65 1.0e0
