1 0.0e0
2 0.0e0
3 2.56e-4
4 9.67e-4
5 2.26e-3
6 4.736e-3
7 8.088e-3
8 1.3027e-2
9 1.9163e-2
10 2.6776e-2
11 3.6618e-2
12 4.7767e-2
13 6.142e-2
14 7.6669e-2
15 9.3951e-2
16 1.13319e-1
17 1.35e-1
18 1.59024e-1
19 1.84229e-1
20 2.12449e-1
21 2.41734e-1
22 2.72128e-1
23 3.04763e-1
24 3.38066e-1
25 3.72715e-1
26 4.06863e-1
27 4.43525e-1
28 4.78832e-1
29 5.14701e-1
30 5.49632e-1
31 5.84092e-1
32 6.1853e-1
33 6.52607e-1
34 6.84705e-1
35 7.14654e-1
36 7.43289e-1
37 7.71995e-1
38 7.9734e-1
39 8.21656e-1
40 8.43306e-1
41 8.63351e-1
42 8.82188e-1
43 8.98127e-1
44 9.13653e-1
45 9.26996e-1
46 9.38437e-1
47 9.48857e-1
48 9.57182e-1
49 9.64863e-1
50 9.71468e-1
51 9.76807e-1
52 9.81329e-1
53 9.85134e-1
54 9.88137e-1
55 9.90887e-1
56 9.92884e-1
57 9.94573e-1
58 9.95817e-1
59 9.96786e-1
60 9.9764e-1
61 9.98297e-1
62 9.98731e-1
63 9.99038e-1
64 9.99357e-1
65 9.99506e-1
66 9.99629e-1
67 9.99771e-1
68 9.99818e-1
69 9.99902e-1
70 9.99936e-1
71 9.99952e-1
72 9.99976e-1
73 9.99988e-1
74 9.99989e-1
75 9.99991e-1
76 9.99998e-1
77 9.99997e-1
78 9.99997e-1
79 9.99998e-1
80 9.99999e-1
81 1.0e0
82 1.0e0
83 1.0e0
84 1.0e0
85 9.99999e-1
86 1.0e0
87 1.0e0
88 1.0e0
89 1.0e0
90 1.0e0
91 1.0e0
92 1.0e0
93 1.0e0
94 1.0e0
95 1.0e0
96 1.0e0
97 1.0e0
98 1.0e0
99 1.0e0
100 1.0e0
101 1.0e0
102 1.0e0
103 1.0e0
104 1.0e0
105 1.0e0
106 1.0e0
107 1.0e0
108 1.0e0
109 1.0e0
110 1.0e0
111 1.0e0
112 1.0e0
113 1.0e0
114 1.0e0
115 1.0e0
116 1.0e0
117 1.0e0
118 1.0e0
119 1.0e0
120 1.0e0
121 1.0e0
122 1.0e0
123 1.0e0
124 1.0e0
125 1.0e0
126 1.0e0
127 1.0e0
128 1.0e0
129 1.0e0
