1 0.0e0
2 0.0e0
3 1.57e-5
4 6.12e-5
5 1.601e-4
6 2.96e-4
7 5.174e-4
8 8.238e-4
9 1.2829e-3
10 1.8009e-3
11 2.4453e-3
12 3.3059e-3
13 4.2376e-3
14 5.3592e-3
15 6.6742e-3
16 8.2443e-3
17 9.9403e-3
18 1.19016e-2
19 1.40993e-2
20 1.64695e-2
21 1.90903e-2
22 2.20768e-2
23 2.52998e-2
24 2.87769e-2
25 3.25307e-2
26 3.65717e-2
27 4.09895e-2
28 4.57742e-2
29 5.08255e-2
30 5.61459e-2
31 6.16405e-2
32 6.77157e-2
33 7.41652e-2
34 8.08487e-2
35 8.79566e-2
36 9.51843e-2
37 1.029669e-1
38 1.108962e-1
39 1.195662e-1
40 1.282647e-1
41 1.372385e-1
42 1.469422e-1
43 1.565316e-1
44 1.666903e-1
45 1.771078e-1
46 1.878481e-1
47 1.989182e-1
48 2.103344e-1
49 2.217562e-1
50 2.33813e-1
51 2.462302e-1
52 2.584361e-1
53 2.711817e-1
54 2.84278e-1
55 2.974519e-1
56 3.108156e-1
57 3.244211e-1
58 3.380634e-1
59 3.521318e-1
60 3.662022e-1
61 3.799541e-1
62 3.94668e-1
63 4.088421e-1
64 4.232656e-1
65 4.377673e-1
66 4.521265e-1
67 4.669916e-1
68 4.812094e-1
69 4.959003e-1
70 5.105284e-1
71 5.249621e-1
72 5.395911e-1
73 5.53852e-1
74 5.682956e-1
75 5.821368e-1
76 5.964626e-1
77 6.10203e-1
78 6.23858e-1
79 6.376151e-1
80 6.507852e-1
81 6.641545e-1
82 6.772561e-1
83 6.900096e-1
84 7.026832e-1
85 7.146268e-1
86 7.269774e-1
87 7.385406e-1
88 7.500436e-1
89 7.613532e-1
90 7.722981e-1
91 7.831608e-1
92 7.930654e-1
93 8.035872e-1
94 8.131487e-1
95 8.228926e-1
96 8.318818e-1
97 8.406591e-1
98 8.491908e-1
99 8.574003e-1
100 8.654152e-1
101 8.72973e-1
102 8.803536e-1
103 8.873585e-1
104 8.939723e-1
105 9.005857e-1
106 9.066927e-1
107 9.124758e-1
108 9.182164e-1
109 9.235039e-1
110 9.285376e-1
111 9.333281e-1
112 9.378019e-1
113 9.420574e-1
114 9.463713e-1
115 9.501848e-1
116 9.537274e-1
117 9.570206e-1
118 9.60338e-1
119 9.632631e-1
120 9.660828e-1
121 9.688923e-1
122 9.713329e-1
123 9.737102e-1
124 9.757626e-1
125 9.777942e-1
126 9.796453e-1
127 9.814101e-1
128 9.830845e-1
129 9.84534e-1
130 9.858782e-1
131 9.871992e-1
132 9.883189e-1
133 9.894026e-1
134 9.903726e-1
135 9.913296e-1
136 9.921799e-1
137 9.929573e-1
138 9.935914e-1
139 9.94274e-1
140 9.947845e-1
141 9.953702e-1
142 9.958495e-1
143 9.963114e-1
144 9.966711e-1
145 9.970332e-1
146 9.973519e-1
147 9.97655e-1
148 9.979396e-1
149 9.981581e-1
150 9.983814e-1
151 9.985756e-1
152 9.987191e-1
153 9.98872e-1
154 9.990138e-1
155 9.991324e-1
156 9.992307e-1
157 9.99354e-1
158 9.99429e-1
159 9.994873e-1
160 9.995561e-1
161 9.996178e-1
162 9.9967e-1
163 9.997067e-1
164 9.997534e-1
165 9.997857e-1
166 9.998138e-1
167 9.998375e-1
168 9.99861e-1
169 9.998761e-1
170 9.998962e-1
171 9.999151e-1
172 9.999243e-1
173 9.999382e-1
174 9.999484e-1
175 9.99951e-1
176 9.999627e-1
177 9.9997e-1
178 9.999719e-1
179 9.99975e-1
180 9.999807e-1
181 9.999817e-1
182 9.999865e-1
183 9.999879e-1
184 9.999916e-1
185 9.999911e-1
186 9.999935e-1
187 9.999932e-1
188 9.999955e-1
189 9.999959e-1
190 9.99996e-1
191 9.999975e-1
192 9.999978e-1
193 9.999977e-1
194 9.99998e-1
195 9.999986e-1
196 9.999988e-1
197 9.999996e-1
198 9.999994e-1
199 9.999991e-1
200 9.999995e-1
201 9.999995e-1
202 9.999997e-1
203 9.999997e-1
204 9.999999e-1
205 1.0e0
206 9.999999e-1
207 9.999999e-1
208 9.999999e-1
209 1.0e0
210 1.0e0
211 9.999999e-1
212 1.0e0
213 1.0e0
214 1.0e0
215 1.0e0
216 1.0e0
217 9.999999e-1
218 9.999999e-1
219 1.0e0
220 1.0e0
221 1.0e0
222 1.0e0
223 1.0e0
224 1.0e0
225 1.0e0
226 9.999999e-1
227 1.0e0
228 1.0e0
229 1.0e0
230 1.0e0
231 1.0e0
232 1.0e0
233 1.0e0
234 1.0e0
235 1.0e0
236 1.0e0
237 1.0e0
238 1.0e0
239 1.0e0
240 1.0e0
241 1.0e0
242 1.0e0
243 1.0e0
244 1.0e0
245 1.0e0
246 1.0e0
247 1.0e0
248 1.0e0
249 1.0e0
250 1.0e0
251 1.0e0
252 1.0e0
253 1.0e0
254 1.0e0
255 1.0e0
256 1.0e0
257 1.0e0
258 1.0e0
259 1.0e0
260 1.0e0
261 1.0e0
262 1.0e0
263 1.0e0
264 1.0e0
265 1.0e0
266 1.0e0
267 1.0e0
268 1.0e0
269 1.0e0
270 1.0e0
271 1.0e0
272 1.0e0
273 1.0e0
274 1.0e0
275 1.0e0
276 1.0e0
277 1.0e0
278 1.0e0
279 1.0e0
280 1.0e0
281 1.0e0
282 1.0e0
283 1.0e0
284 1.0e0
285 1.0e0
286 1.0e0
287 1.0e0
288 1.0e0
289 1.0e0
290 1.0e0
291 1.0e0
292 1.0e0
293 1.0e0
294 1.0e0
295 1.0e0
296 1.0e0
297 1.0e0
298 1.0e0
299 1.0e0
300 1.0e0
301 1.0e0
302 1.0e0
303 1.0e0
304 1.0e0
305 1.0e0
306 1.0e0
307 1.0e0
308 1.0e0
309 1.0e0
310 1.0e0
311 1.0e0
312 1.0e0
313 1.0e0
314 1.0e0
315 1.0e0
316 1.0e0
317 1.0e0
318 1.0e0
319 1.0e0
320 1.0e0
321 1.0e0
322 1.0e0
323 1.0e0
324 1.0e0
325 1.0e0
326 1.0e0
327 1.0e0
328 1.0e0
329 1.0e0
330 1.0e0
331 1.0e0
332 1.0e0
333 1.0e0
334 1.0e0
335 1.0e0
336 1.0e0
337 1.0e0
338 1.0e0
339 1.0e0
340 1.0e0
341 1.0e0
342 1.0e0
343 1.0e0
344 1.0e0
345 1.0e0
346 1.0e0
347 1.0e0
348 1.0e0
349 1.0e0
350 1.0e0
351 1.0e0
352 1.0e0
353 1.0e0
354 1.0e0
355 1.0e0
356 1.0e0
357 1.0e0
358 1.0e0
359 1.0e0
360 1.0e0
361 1.0e0
362 1.0e0
363 1.0e0
364 1.0e0
365 1.0e0
366 1.0e0
367 1.0e0
368 1.0e0
369 1.0e0
370 1.0e0
371 1.0e0
372 1.0e0
373 1.0e0
374 1.0e0
375 1.0e0
376 1.0e0
377 1.0e0
378 1.0e0
379 1.0e0
380 1.0e0
381 1.0e0
382 1.0e0
383 1.0e0
384 1.0e0
385 1.0e0
386 1.0e0
387 1.0e0
388 1.0e0
389 1.0e0
390 1.0e0
391 1.0e0
392 1.0e0
393 1.0e0
394 1.0e0
395 1.0e0
396 1.0e0
397 1.0e0
398 1.0e0
399 1.0e0
400 1.0e0
401 1.0e0
402 1.0e0
403 1.0e0
404 1.0e0
405 1.0e0
406 1.0e0
407 1.0e0
408 1.0e0
409 1.0e0
410 1.0e0
411 1.0e0
412 1.0e0
413 1.0e0
414 1.0e0
415 1.0e0
416 1.0e0
417 1.0e0
418 1.0e0
419 1.0e0
420 1.0e0
421 1.0e0
422 1.0e0
423 1.0e0
424 1.0e0
425 1.0e0
426 1.0e0
427 1.0e0
428 1.0e0
429 1.0e0
430 1.0e0
431 1.0e0
432 1.0e0
433 1.0e0
434 1.0e0
435 1.0e0
436 1.0e0
437 1.0e0
438 1.0e0
439 1.0e0
440 1.0e0
441 1.0e0
442 1.0e0
443 1.0e0
444 1.0e0
445 1.0e0
446 1.0e0
447 1.0e0
448 1.0e0
449 1.0e0
450 1.0e0
451 1.0e0
452 1.0e0
453 1.0e0
454 1.0e0
455 1.0e0
456 1.0e0
457 1.0e0
458 1.0e0
459 1.0e0
460 1.0e0
461 1.0e0
462 1.0e0
463 1.0e0
464 1.0e0
465 1.0e0
466 1.0e0
467 1.0e0
468 1.0e0
469 1.0e0
470 1.0e0
471 1.0e0
472 1.0e0
473 1.0e0
474 1.0e0
475 1.0e0
476 1.0e0
477 1.0e0
478 1.0e0
479 1.0e0
480 1.0e0
481 1.0e0
482 1.0e0
483 1.0e0
484 1.0e0
485 1.0e0
486 1.0e0
487 1.0e0
488 1.0e0
489 1.0e0
490 1.0e0
491 1.0e0
492 1.0e0
493 1.0e0
494 1.0e0
495 1.0e0
496 1.0e0
497 1.0e0
498 1.0e0
499 1.0e0
500 1.0e0
501 1.0e0
502 1.0e0
503 1.0e0
504 1.0e0
505 1.0e0
506 1.0e0
507 1.0e0
508 1.0e0
509 1.0e0
510 1.0e0
511 1.0e0
512 1.0e0
513 1.0e0
