1 0.0e0
2 0.0e0
3 9.765625e-4
4 3.814697265625e-3
5 9.313583374023438e-3
6 1.818275451660156e-2
7 3.103179298341274e-2
8 4.83559897984378e-2
9 7.052016500529135e-2
10 9.774272546201246e-2
11 1.30081957130578e-1
12 1.674264303261388e-1
13 2.094911892346217e-1
14 2.558210708055517e-1
15 3.058020423249587e-1
16 3.586808716570893e-1
17 4.135927801560679e-1
18 4.695960254990283e-1
19 5.257116849898256e-1
20 5.809663321277762e-1
21 6.344348923657105e-1
22 6.852807886286745e-1
23 7.327905824708564e-1
24 7.764006920500551e-1
25 8.157143981840581e-1
26 8.505081750178287e-1
27 8.807273139479888e-1
28 9.064717422029534e-1
29 9.279737613545276e-1
30 9.455700493359144e-1
31 9.596706131529546e-1
32 9.707274175985561e-1
33 9.792051599069922e-1
34 9.85556163452162e-1
35 9.902007078223111e-1
36 9.935133963490656e-1
37 9.958154831548496e-1
38 9.973725214883204e-1
39 9.983963073561331e-1
40 9.990498979949264e-1
41 9.994544724525053e-1
42 9.996969352999827e-1
43 9.998373934556305e-1
44 9.999159061528417e-1
45 9.999581716931739e-1
46 9.999800374457211e-1
47 9.999908830607753e-1
48 9.999960273148124e-1
49 9.999983538121215e-1
50 9.999993537437621e-1
51 9.999997606671275e-1
52 9.999999167977632e-1
53 9.999999730028522e-1
54 9.999999918786836e-1
55 9.999999977531776e-1
56 9.99999999433886e-1
57 9.999999998716565e-1
58 9.999999999742195e-1
59 9.999999999955035e-1
60 9.999999999993377e-1
61 9.999999999999209e-1
62 9.999999999999928e-1
63 9.999999999999996e-1
64 1.0e0
65 1.0e0
