1 0.0e0
2 7.905e-3
3 2.3503e-2
4 4.6062e-2
5 7.5671e-2
6 1.11884e-1
7 1.54442e-1
8 1.99651e-1
9 2.50367e-1
10 3.02359e-1
11 3.57497e-1
12 4.13396e-1
13 4.66959e-1
14 5.21735e-1
15 5.73451e-1
16 6.24188e-1
17 6.70542e-1
18 7.14519e-1
19 7.5531e-1
20 7.90684e-1
21 8.2361e-1
22 8.5231e-1
23 8.7782e-1
24 8.99885e-1
25 9.19053e-1
26 9.3483e-1
27 9.47838e-1
28 9.58878e-1
29 9.67876e-1
30 9.75137e-1
31 9.80719e-1
32 9.85739e-1
33 9.89139e-1
34 9.91904e-1
35 9.94088e-1
36 9.95648e-1
37 9.96957e-1
38 9.97813e-1
39 9.98462e-1
40 9.98941e-1
41 9.99288e-1
42 9.99479e-1
43 9.99673e-1
44 9.99781e-1
45 9.99844e-1
46 9.99898e-1
47 9.99933e-1
48 9.99965e-1
49 9.99974e-1
50 9.9999e-1
51 9.99987e-1
52 9.99993e-1
53 9.99996e-1
54 9.99999e-1
55 9.99999e-1
56 1.0e0
57 1.0e0
58 1.0e0
59 1.0e0
60 9.99999e-1
61 1.0e0
62 1.0e0
63 1.0e0
64 1.0e0
65 1.0e0
66 1.0e0
67 1.0e0
68 1.0e0
69 1.0e0
70 1.0e0
71 1.0e0
72 1.0e0
73 1.0e0
74 1.0e0
75 1.0e0
76 1.0e0
77 1.0e0
78 1.0e0
79 1.0e0
80 1.0e0
81 1.0e0
82 1.0e0
83 1.0e0
84 1.0e0
85 1.0e0
86 1.0e0
87 1.0e0
88 1.0e0
89 1.0e0
90 1.0e0
91 1.0e0
92 1.0e0
93 1.0e0
94 1.0e0
95 1.0e0
96 1.0e0
97 1.0e0
98 1.0e0
99 1.0e0
100 1.0e0
101 1.0e0
102 1.0e0
103 1.0e0
104 1.0e0
105 1.0e0
106 1.0e0
107 1.0e0
108 1.0e0
109 1.0e0
110 1.0e0
111 1.0e0
112 1.0e0
113 1.0e0
114 1.0e0
115 1.0e0
116 1.0e0
117 1.0e0
118 1.0e0
119 1.0e0
120 1.0e0
121 1.0e0
122 1.0e0
123 1.0e0
124 1.0e0
125 1.0e0
126 1.0e0
127 1.0e0
128 1.0e0
129 1.0e0
