1 0.0e0
2 0.0e0
3 0.0e0
4 0.0e0
5 0.0e0
6 0.0e0
7 0.0e0
8 0.0e0
9 0.0e0
10 0.0e0
11 0.0e0
12 0.0e0
13 0.0e0
14 0.0e0
15 0.0e0
16 0.0e0
17 0.0e0
18 0.0e0
19 0.0e0
20 0.0e0
21 0.0e0
22 0.0e0
23 0.0e0
24 1.0e-7
25 0.0e0
26 0.0e0
27 0.0e0
28 0.0e0
29 0.0e0
30 0.0e0
31 0.0e0
32 2.0e-7
33 0.0e0
34 1.0e-7
35 2.0e-7
36 3.0e-7
37 2.0e-7
38 3.0e-7
39 7.0e-7
40 8.0e-7
41 6.0e-7
42 6.0e-7
43 1.0e-6
44 9.0e-7
45 2.0e-6
46 2.7e-6
47 2.8e-6
48 3.7e-6
49 3.5e-6
50 4.2e-6
51 5.0e-6
52 7.4e-6
53 6.8e-6
54 1.25e-5
55 1.38e-5
56 1.28e-5
57 1.6e-5
58 1.89e-5
59 2.54e-5
60 2.6e-5
61 3.16e-5
62 3.4e-5
63 4.17e-5
64 4.56e-5
65 5.05e-5
66 6.02e-5
67 7.14e-5
68 7.88e-5
69 9.27e-5
70 1.035e-4
71 1.126e-4
72 1.316e-4
73 1.424e-4
74 1.693e-4
75 1.758e-4
76 2.042e-4
77 2.253e-4
78 2.487e-4
79 2.777e-4
80 3.068e-4
81 3.469e-4
82 3.858e-4
83 4.331e-4
84 4.656e-4
85 5.095e-4
86 5.6e-4
87 6.279e-4
88 6.797e-4
89 7.466e-4
90 8.229e-4
91 8.878e-4
92 9.782e-4
93 1.0692e-3
94 1.1611e-3
95 1.2572e-3
96 1.3662e-3
97 1.4616e-3
98 1.6067e-3
99 1.7682e-3
100 1.9124e-3
101 2.0517e-3
102 2.2464e-3
103 2.3937e-3
104 2.604e-3
105 2.8143e-3
106 3.0131e-3
107 3.2494e-3
108 3.4602e-3
109 3.7189e-3
110 4.0106e-3
111 4.2631e-3
112 4.6163e-3
113 4.9376e-3
114 5.3371e-3
115 5.6979e-3
116 6.0899e-3
117 6.487e-3
118 6.8955e-3
119 7.3783e-3
120 7.841e-3
121 8.409e-3
122 8.9092e-3
123 9.4934e-3
124 1.00545e-2
125 1.06741e-2
126 1.13444e-2
127 1.20512e-2
128 1.2774e-2
129 1.35833e-2
130 1.43313e-2
131 1.51049e-2
132 1.61204e-2
133 1.69638e-2
134 1.79074e-2
135 1.89083e-2
136 1.99029e-2
137 2.11155e-2
138 2.22473e-2
139 2.33646e-2
140 2.46717e-2
141 2.60552e-2
142 2.728e-2
143 2.85764e-2
144 3.01018e-2
145 3.1732e-2
146 3.34108e-2
147 3.49678e-2
148 3.65785e-2
149 3.85633e-2
150 4.03038e-2
151 4.23922e-2
152 4.43618e-2
153 4.63876e-2
154 4.86236e-2
155 5.07598e-2
156 5.30601e-2
157 5.55361e-2
158 5.8e-2
159 6.06273e-2
160 6.3291e-2
161 6.57438e-2
162 6.87164e-2
163 7.16586e-2
164 7.47188e-2
165 7.79477e-2
166 8.1075e-2
167 8.45813e-2
168 8.80303e-2
169 9.13931e-2
170 9.48724e-2
171 9.87166e-2
172 1.025406e-1
173 1.066382e-1
174 1.107551e-1
175 1.148377e-1
176 1.194188e-1
177 1.237052e-1
178 1.283159e-1
179 1.328293e-1
180 1.375292e-1
181 1.426645e-1
182 1.477908e-1
183 1.526534e-1
184 1.57892e-1
185 1.634048e-1
186 1.690047e-1
187 1.745952e-1
188 1.804885e-1
189 1.86493e-1
190 1.921639e-1
191 1.983042e-1
192 2.046637e-1
193 2.111025e-1
194 2.17764e-1
195 2.242346e-1
196 2.310323e-1
197 2.377711e-1
198 2.449409e-1
199 2.519863e-1
200 2.593931e-1
201 2.668099e-1
202 2.739752e-1
203 2.817915e-1
204 2.89656e-1
205 2.974093e-1
206 3.057174e-1
207 3.137094e-1
208 3.216789e-1
209 3.299145e-1
210 3.386229e-1
211 3.470428e-1
212 3.556298e-1
213 3.645902e-1
214 3.730522e-1
215 3.820934e-1
216 3.910269e-1
217 3.999302e-1
218 4.091764e-1
219 4.186669e-1
220 4.274788e-1
221 4.370339e-1
222 4.46383e-1
223 4.558602e-1
224 4.653025e-1
225 4.747427e-1
226 4.844341e-1
227 4.939683e-1
228 5.035764e-1
229 5.133762e-1
230 5.232009e-1
231 5.328277e-1
232 5.425164e-1
233 5.51973e-1
234 5.619423e-1
235 5.71711e-1
236 5.814093e-1
237 5.910615e-1
238 6.007701e-1
239 6.102399e-1
240 6.199314e-1
241 6.294914e-1
242 6.385663e-1
243 6.481787e-1
244 6.575676e-1
245 6.668985e-1
246 6.762002e-1
247 6.853723e-1
248 6.942899e-1
249 7.031723e-1
250 7.121954e-1
251 7.211995e-1
252 7.296324e-1
253 7.381333e-1
254 7.466478e-1
255 7.552147e-1
256 7.632536e-1
257 7.715463e-1
258 7.794236e-1
259 7.869611e-1
260 7.947664e-1
261 8.023022e-1
262 8.097591e-1
263 8.170442e-1
264 8.243071e-1
265 8.312373e-1
266 8.379148e-1
267 8.445763e-1
268 8.511626e-1
269 8.572966e-1
270 8.636098e-1
271 8.693088e-1
272 8.754349e-1
273 8.80885e-1
274 8.865225e-1
275 8.918352e-1
276 8.970949e-1
277 9.019459e-1
278 9.069062e-1
279 9.116451e-1
280 9.160807e-1
281 9.203807e-1
282 9.246785e-1
283 9.287638e-1
284 9.325203e-1
285 9.362209e-1
286 9.399504e-1
287 9.434453e-1
288 9.466252e-1
289 9.497874e-1
290 9.527499e-1
291 9.556526e-1
292 9.584053e-1
293 9.610617e-1
294 9.636383e-1
295 9.659156e-1
296 9.681319e-1
297 9.703548e-1
298 9.721851e-1
299 9.742177e-1
300 9.760417e-1
301 9.77826e-1
302 9.793281e-1
303 9.809279e-1
304 9.823294e-1
305 9.83651e-1
306 9.849286e-1
307 9.860449e-1
308 9.871697e-1
309 9.882294e-1
310 9.891658e-1
311 9.900359e-1
312 9.908469e-1
313 9.916443e-1
314 9.923708e-1
315 9.930444e-1
316 9.936435e-1
317 9.942474e-1
318 9.947622e-1
319 9.952442e-1
320 9.956464e-1
321 9.960876e-1
322 9.964557e-1
323 9.968374e-1
324 9.971452e-1
325 9.974107e-1
326 9.976961e-1
327 9.979288e-1
328 9.9814e-1
329 9.983499e-1
330 9.985113e-1
331 9.986908e-1
332 9.988254e-1
333 9.989561e-1
334 9.99085e-1
335 9.992024e-1
336 9.992805e-1
337 9.993736e-1
338 9.994308e-1
339 9.995139e-1
340 9.995625e-1
341 9.996187e-1
342 9.996648e-1
343 9.996949e-1
344 9.997451e-1
345 9.997753e-1
346 9.998046e-1
347 9.998361e-1
348 9.998618e-1
349 9.998783e-1
350 9.99894e-1
351 9.999053e-1
352 9.999225e-1
353 9.999367e-1
354 9.999406e-1
355 9.999545e-1
356 9.999575e-1
357 9.999642e-1
358 9.999716e-1
359 9.999756e-1
360 9.999788e-1
361 9.999821e-1
362 9.999845e-1
363 9.999887e-1
364 9.999908e-1
365 9.999917e-1
366 9.99993e-1
367 9.999953e-1
368 9.999964e-1
369 9.999957e-1
370 9.999968e-1
371 9.999977e-1
372 9.99998e-1
373 9.999989e-1
374 9.999985e-1
375 9.999993e-1
376 9.999985e-1
377 9.999992e-1
378 9.999996e-1
379 9.999994e-1
380 9.999996e-1
381 9.999998e-1
382 9.999997e-1
383 9.999998e-1
384 9.999996e-1
385 9.999998e-1
386 9.999999e-1
387 1.0e0
388 1.0e0
389 1.0e0
390 1.0e0
391 1.0e0
392 1.0e0
393 1.0e0
394 1.0e0
395 1.0e0
396 9.999999e-1
397 1.0e0
398 1.0e0
399 1.0e0
400 1.0e0
401 1.0e0
402 1.0e0
403 1.0e0
404 1.0e0
405 1.0e0
406 1.0e0
407 1.0e0
408 1.0e0
409 1.0e0
410 1.0e0
411 1.0e0
412 1.0e0
413 1.0e0
414 1.0e0
415 1.0e0
416 1.0e0
417 1.0e0
418 1.0e0
419 1.0e0
420 1.0e0
421 1.0e0
422 1.0e0
423 1.0e0
424 1.0e0
425 1.0e0
426 1.0e0
427 1.0e0
428 1.0e0
429 1.0e0
430 1.0e0
431 1.0e0
432 1.0e0
433 1.0e0
434 1.0e0
435 1.0e0
436 1.0e0
437 1.0e0
438 1.0e0
439 1.0e0
440 1.0e0
441 1.0e0
442 1.0e0
443 1.0e0
444 1.0e0
445 1.0e0
446 1.0e0
447 1.0e0
448 1.0e0
449 1.0e0
450 1.0e0
451 1.0e0
452 1.0e0
453 1.0e0
454 1.0e0
455 1.0e0
456 1.0e0
457 1.0e0
458 1.0e0
459 1.0e0
460 1.0e0
461 1.0e0
462 1.0e0
463 1.0e0
464 1.0e0
465 1.0e0
466 1.0e0
467 1.0e0
468 1.0e0
469 1.0e0
470 1.0e0
471 1.0e0
472 1.0e0
473 1.0e0
474 1.0e0
475 1.0e0
476 1.0e0
477 1.0e0
478 1.0e0
479 1.0e0
480 1.0e0
481 1.0e0
482 1.0e0
483 1.0e0
484 1.0e0
485 1.0e0
486 1.0e0
