hash_bkt_rcu --perftest --nreaders 1 --nbuckets 2097152 --elems/writer 2097152 --duration 1000 --updatewait 0
nlookups: 18891751 9446045  nadds: 0  ndels: 0  duration: 1001.09
ns/read: 52.9909  ns/update: inf
hash_bkt_rcu --perftest --nreaders 2 --nbuckets 2097152 --elems/writer 2097152 --duration 1000 --updatewait 0
nlookups: 19358840 9679231  nadds: 0  ndels: 0  duration: 1001.07
ns/read: 103.423  ns/update: inf
hash_bkt_rcu --perftest --nreaders 3 --nbuckets 2097152 --elems/writer 2097152 --duration 1000 --updatewait 0
nlookups: 28010623 14005777  nadds: 0  ndels: 0  duration: 1001.06
ns/read: 107.216  ns/update: inf
hash_bkt_rcu --perftest --nreaders 4 --nbuckets 2097152 --elems/writer 2097152 --duration 1000 --updatewait 0
nlookups: 34135652 17067755  nadds: 0  ndels: 0  duration: 1001.09
ns/read: 117.307  ns/update: inf
hash_bkt_rcu --perftest --nreaders 5 --nbuckets 2097152 --elems/writer 2097152 --duration 1000 --updatewait 0
nlookups: 39110592 19555049  nadds: 0  ndels: 0  duration: 1001.08
ns/read: 127.98  ns/update: inf
hash_bkt_rcu --perftest --nreaders 6 --nbuckets 2097152 --elems/writer 2097152 --duration 1000 --updatewait 0
nlookups: 43218475 21608730  nadds: 0  ndels: 0  duration: 1001.09
ns/read: 138.981  ns/update: inf
hash_bkt_rcu --perftest --nreaders 7 --nbuckets 2097152 --elems/writer 2097152 --duration 1000 --updatewait 0
nlookups: 48585915 24291965  nadds: 0  ndels: 0  duration: 1001.09
ns/read: 144.231  ns/update: inf
hash_bkt_rcu --perftest --nreaders 8 --nbuckets 2097152 --elems/writer 2097152 --duration 1000 --updatewait 0
nlookups: 56187637 28094880  nadds: 0  ndels: 0  duration: 1001.09
ns/read: 142.535  ns/update: inf
hash_bkt_rcu --perftest --nreaders 9 --nbuckets 2097152 --elems/writer 2097152 --duration 1000 --updatewait 0
nlookups: 57222788 28611944  nadds: 0  ndels: 0  duration: 1001.09
ns/read: 157.451  ns/update: inf
hash_bkt_rcu --perftest --nreaders 10 --nbuckets 2097152 --elems/writer 2097152 --duration 1000 --updatewait 0
nlookups: 79126246 39563831  nadds: 0  ndels: 0  duration: 1001.09
ns/read: 126.518  ns/update: inf
hash_bkt_rcu --perftest --nreaders 11 --nbuckets 2097152 --elems/writer 2097152 --duration 1000 --updatewait 0
nlookups: 92226733 46112850  nadds: 0  ndels: 0  duration: 1001.1
ns/read: 119.402  ns/update: inf
hash_bkt_rcu --perftest --nreaders 12 --nbuckets 2097152 --elems/writer 2097152 --duration 1000 --updatewait 0
nlookups: 70959422 35477818  nadds: 0  ndels: 0  duration: 1001.12
ns/read: 169.3  ns/update: inf
hash_bkt_rcu --perftest --nreaders 13 --nbuckets 2097152 --elems/writer 2097152 --duration 1000 --updatewait 0
nlookups: 108812112 54405834  nadds: 0  ndels: 0  duration: 1001.1
ns/read: 119.603  ns/update: inf
hash_bkt_rcu --perftest --nreaders 14 --nbuckets 2097152 --elems/writer 2097152 --duration 1000 --updatewait 0
nlookups: 73572953 36785678  nadds: 0  ndels: 0  duration: 1001.07
ns/read: 190.491  ns/update: inf
hash_bkt_rcu --perftest --nreaders 15 --nbuckets 2097152 --elems/writer 2097152 --duration 1000 --updatewait 0
nlookups: 81495832 40746740  nadds: 0  ndels: 0  duration: 1001.16
ns/read: 184.272  ns/update: inf
hash_bkt_rcu --perftest --nreaders 16 --nbuckets 2097152 --elems/writer 2097152 --duration 1000 --updatewait 0
nlookups: 85730628 42865782  nadds: 0  ndels: 0  duration: 1001.15
ns/read: 186.845  ns/update: inf
hash_bkt_rcu --perftest --nreaders 18 --nbuckets 2097152 --elems/writer 2097152 --duration 1000 --updatewait 0
nlookups: 95044818 47522879  nadds: 0  ndels: 0  duration: 1001.07
ns/read: 189.587  ns/update: inf
hash_bkt_rcu --perftest --nreaders 20 --nbuckets 2097152 --elems/writer 2097152 --duration 1000 --updatewait 0
nlookups: 102367013 51184654  nadds: 0  ndels: 0  duration: 1001.09
ns/read: 195.589  ns/update: inf
hash_bkt_rcu --perftest --nreaders 22 --nbuckets 2097152 --elems/writer 2097152 --duration 1000 --updatewait 0
nlookups: 115457933 57728136  nadds: 0  ndels: 0  duration: 1001.03
ns/read: 190.742  ns/update: inf
hash_bkt_rcu --perftest --nreaders 24 --nbuckets 2097152 --elems/writer 2097152 --duration 1000 --updatewait 0
nlookups: 113792757 56896912  nadds: 0  ndels: 0  duration: 1001.07
ns/read: 211.136  ns/update: inf
hash_bkt_rcu --perftest --nreaders 26 --nbuckets 2097152 --elems/writer 2097152 --duration 1000 --updatewait 0
nlookups: 120803662 60402455  nadds: 0  ndels: 0  duration: 1000.89
ns/read: 215.416  ns/update: inf
hash_bkt_rcu --perftest --nreaders 28 --nbuckets 2097152 --elems/writer 2097152 --duration 1000 --updatewait 0
nlookups: 148733854 74366336  nadds: 0  ndels: 0  duration: 1001.1
ns/read: 188.463  ns/update: inf
hash_bkt_rcu --perftest --nreaders 30 --nbuckets 2097152 --elems/writer 2097152 --duration 1000 --updatewait 0
nlookups: 168574197 84286484  nadds: 0  ndels: 0  duration: 1001.12
ns/read: 178.162  ns/update: inf
hash_bkt_rcu --perftest --nreaders 32 --nbuckets 2097152 --elems/writer 2097152 --duration 1000 --updatewait 0
nlookups: 266434815 133215675  nadds: 0  ndels: 0  duration: 1001.1
ns/read: 120.237  ns/update: inf
hash_bkt_rcu --perftest --nreaders 36 --nbuckets 2097152 --elems/writer 2097152 --duration 1000 --updatewait 0
nlookups: 331944759 165973738  nadds: 0  ndels: 0  duration: 1001.1
ns/read: 108.571  ns/update: inf
hash_bkt_rcu --perftest --nreaders 40 --nbuckets 2097152 --elems/writer 2097152 --duration 1000 --updatewait 0
nlookups: 247358823 123679050  nadds: 0  ndels: 0  duration: 1001.09
ns/read: 161.885  ns/update: inf
hash_bkt_rcu --perftest --nreaders 44 --nbuckets 2097152 --elems/writer 2097152 --duration 1000 --updatewait 0
nlookups: 306937347 153468183  nadds: 0  ndels: 0  duration: 1001.08
ns/read: 143.507  ns/update: inf
hash_bkt_rcu --perftest --nreaders 48 --nbuckets 2097152 --elems/writer 2097152 --duration 1000 --updatewait 0
nlookups: 339932570 169971803  nadds: 0  ndels: 0  duration: 1001.03
ns/read: 141.35  ns/update: inf
hash_bkt_rcu --perftest --nreaders 52 --nbuckets 2097152 --elems/writer 2097152 --duration 1000 --updatewait 0
nlookups: 338431090 169213671  nadds: 0  ndels: 0  duration: 1001.05
ns/read: 153.811  ns/update: inf
hash_bkt_rcu --perftest --nreaders 56 --nbuckets 2097152 --elems/writer 2097152 --duration 1000 --updatewait 0
nlookups: 334639514 167323114  nadds: 0  ndels: 0  duration: 1001.06
ns/read: 167.521  ns/update: inf
hash_bkt_rcu --perftest --nreaders 60 --nbuckets 2097152 --elems/writer 2097152 --duration 1000 --updatewait 0
nlookups: 201869781 100933226  nadds: 0  ndels: 0  duration: 1001.11
ns/read: 297.551  ns/update: inf
hash_bkt_rcu --perftest --nreaders 64 --nbuckets 2097152 --elems/writer 2097152 --duration 1000 --updatewait 0
nlookups: 239145683 119569605  nadds: 0  ndels: 0  duration: 1001.09
ns/read: 267.912  ns/update: inf
hash_bkt_rcu --perftest --nreaders 72 --nbuckets 2097152 --elems/writer 2097152 --duration 1000 --updatewait 0
nlookups: 467845362 233921042  nadds: 0  ndels: 0  duration: 1001.06
ns/read: 154.06  ns/update: inf
hash_bkt_rcu --perftest --nreaders 80 --nbuckets 2097152 --elems/writer 2097152 --duration 1000 --updatewait 0
nlookups: 565323160 282664395  nadds: 0  ndels: 0  duration: 1001.04
ns/read: 141.659  ns/update: inf
hash_bkt_rcu --perftest --nreaders 88 --nbuckets 2097152 --elems/writer 2097152 --duration 1000 --updatewait 0
nlookups: 632803508 316402541  nadds: 0  ndels: 0  duration: 1001.05
ns/read: 139.21  ns/update: inf
hash_bkt_rcu --perftest --nreaders 96 --nbuckets 2097152 --elems/writer 2097152 --duration 1000 --updatewait 0
nlookups: 466781855 233391367  nadds: 0  ndels: 0  duration: 1001.16
ns/read: 205.903  ns/update: inf
hash_bkt_rcu --perftest --nreaders 104 --nbuckets 2097152 --elems/writer 2097152 --duration 1000 --updatewait 0
nlookups: 547490624 273744911  nadds: 0  ndels: 0  duration: 1001.05
ns/read: 190.157  ns/update: inf
hash_bkt_rcu --perftest --nreaders 112 --nbuckets 2097152 --elems/writer 2097152 --duration 1000 --updatewait 0
nlookups: 843923376 421967000  nadds: 0  ndels: 0  duration: 1001.11
ns/read: 132.86  ns/update: inf
hash_bkt_rcu --perftest --nreaders 120 --nbuckets 2097152 --elems/writer 2097152 --duration 1000 --updatewait 0
nlookups: 876138736 438066006  nadds: 0  ndels: 0  duration: 1001.05
ns/read: 137.108  ns/update: inf
hash_bkt_rcu --perftest --nreaders 128 --nbuckets 2097152 --elems/writer 2097152 --duration 1000 --updatewait 0
nlookups: 680219540 340109772  nadds: 0  ndels: 0  duration: 1001.09
ns/read: 188.379  ns/update: inf
hash_bkt_rcu --perftest --nreaders 144 --nbuckets 2097152 --elems/writer 2097152 --duration 1000 --updatewait 0
nlookups: 624680667 312336149  nadds: 0  ndels: 0  duration: 1001.04
ns/read: 230.758  ns/update: inf
hash_bkt_rcu --perftest --nreaders 160 --nbuckets 2097152 --elems/writer 2097152 --duration 1000 --updatewait 0
nlookups: 653640622 326820736  nadds: 0  ndels: 0  duration: 1001.05
ns/read: 245.039  ns/update: inf
hash_bkt_rcu --perftest --nreaders 176 --nbuckets 2097152 --elems/writer 2097152 --duration 1000 --updatewait 0
nlookups: 352862755 176425083  nadds: 0  ndels: 0  duration: 1001.12
ns/read: 499.335  ns/update: inf
hash_bkt_rcu --perftest --nreaders 192 --nbuckets 2097152 --elems/writer 2097152 --duration 1000 --updatewait 0
nlookups: 350688363 175344587  nadds: 0  ndels: 0  duration: 1001.05
ns/read: 548.07  ns/update: inf
hash_bkt_rcu --perftest --nreaders 208 --nbuckets 2097152 --elems/writer 2097152 --duration 1000 --updatewait 0
nlookups: 620859316 310438053  nadds: 0  ndels: 0  duration: 1001.09
ns/read: 335.384  ns/update: inf
hash_bkt_rcu --perftest --nreaders 224 --nbuckets 2097152 --elems/writer 2097152 --duration 1000 --updatewait 0
nlookups: 622870454 311428272  nadds: 0  ndels: 0  duration: 1001.04
ns/read: 360  ns/update: inf
hash_bkt_rcu --perftest --nreaders 240 --nbuckets 2097152 --elems/writer 2097152 --duration 1000 --updatewait 0
nlookups: 624237127 312113261  nadds: 0  ndels: 0  duration: 1001.09
ns/read: 384.89  ns/update: inf
hash_bkt_rcu --perftest --nreaders 256 --nbuckets 2097152 --elems/writer 2097152 --duration 1000 --updatewait 0
nlookups: 350705715 175351814  nadds: 0  ndels: 0  duration: 1001.08
ns/read: 730.746  ns/update: inf
hash_bkt_rcu --perftest --nreaders 288 --nbuckets 2097152 --elems/writer 2097152 --duration 1000 --updatewait 0
nlookups: 351427824 175718639  nadds: 0  ndels: 0  duration: 1001.19
ns/read: 820.492  ns/update: inf
hash_bkt_rcu --perftest --nreaders 320 --nbuckets 2097152 --elems/writer 2097152 --duration 1000 --updatewait 0
nlookups: 798379010 399194387  nadds: 0  ndels: 0  duration: 1001.04
ns/read: 401.228  ns/update: inf
hash_bkt_rcu --perftest --nreaders 352 --nbuckets 2097152 --elems/writer 2097152 --duration 1000 --updatewait 0
nlookups: 563242565 281619225  nadds: 0  ndels: 0  duration: 1001.08
ns/read: 625.626  ns/update: inf
hash_bkt_rcu --perftest --nreaders 384 --nbuckets 2097152 --elems/writer 2097152 --duration 1000 --updatewait 0
nlookups: 592754055 296380711  nadds: 0  ndels: 0  duration: 1001.07
ns/read: 648.519  ns/update: inf
hash_bkt_rcu --perftest --nreaders 416 --nbuckets 2097152 --elems/writer 2097152 --duration 1000 --updatewait 0
nlookups: 360854057 180423932  nadds: 0  ndels: 0  duration: 1001.07
ns/read: 1154.05  ns/update: inf
hash_bkt_rcu --perftest --nreaders 448 --nbuckets 2097152 --elems/writer 2097152 --duration 1000 --updatewait 0
nlookups: 358406661 179193599  nadds: 0  ndels: 0  duration: 1001.84
ns/read: 1252.28  ns/update: inf
hash_bkt_rcu --perftest --nreaders 1 --nbuckets 2097152 --elems/writer 2097152 --duration 1000 --updatewait 0
nlookups: 19113989 9557213  nadds: 0  ndels: 0  duration: 1001.09
ns/read: 52.3745  ns/update: inf
hash_bkt_rcu --perftest --nreaders 2 --nbuckets 2097152 --elems/writer 2097152 --duration 1000 --updatewait 0
nlookups: 31404161 15702307  nadds: 0  ndels: 0  duration: 1001.13
ns/read: 63.7575  ns/update: inf
hash_bkt_rcu --perftest --nreaders 3 --nbuckets 2097152 --elems/writer 2097152 --duration 1000 --updatewait 0
nlookups: 28609017 14305206  nadds: 0  ndels: 0  duration: 1001.07
ns/read: 104.975  ns/update: inf
hash_bkt_rcu --perftest --nreaders 4 --nbuckets 2097152 --elems/writer 2097152 --duration 1000 --updatewait 0
nlookups: 32250016 16124936  nadds: 0  ndels: 0  duration: 1001.13
ns/read: 124.171  ns/update: inf
hash_bkt_rcu --perftest --nreaders 5 --nbuckets 2097152 --elems/writer 2097152 --duration 1000 --updatewait 0
nlookups: 38965265 19482942  nadds: 0  ndels: 0  duration: 1001.08
ns/read: 128.457  ns/update: inf
hash_bkt_rcu --perftest --nreaders 6 --nbuckets 2097152 --elems/writer 2097152 --duration 1000 --updatewait 0
nlookups: 42558634 21279098  nadds: 0  ndels: 0  duration: 1001.13
ns/read: 141.142  ns/update: inf
hash_bkt_rcu --perftest --nreaders 7 --nbuckets 2097152 --elems/writer 2097152 --duration 1000 --updatewait 0
nlookups: 47552038 23775854  nadds: 0  ndels: 0  duration: 1001.1
ns/read: 147.368  ns/update: inf
hash_bkt_rcu --perftest --nreaders 8 --nbuckets 2097152 --elems/writer 2097152 --duration 1000 --updatewait 0
nlookups: 49596507 24798869  nadds: 0  ndels: 0  duration: 1001.13
ns/read: 161.483  ns/update: inf
hash_bkt_rcu --perftest --nreaders 9 --nbuckets 2097152 --elems/writer 2097152 --duration 1000 --updatewait 0
nlookups: 57378783 28688897  nadds: 0  ndels: 0  duration: 1001.1
ns/read: 157.024  ns/update: inf
hash_bkt_rcu --perftest --nreaders 10 --nbuckets 2097152 --elems/writer 2097152 --duration 1000 --updatewait 0
nlookups: 62923785 31463020  nadds: 0  ndels: 0  duration: 1001.14
ns/read: 159.104  ns/update: inf
hash_bkt_rcu --perftest --nreaders 11 --nbuckets 2097152 --elems/writer 2097152 --duration 1000 --updatewait 0
nlookups: 66812289 33407024  nadds: 0  ndels: 0  duration: 1001.14
ns/read: 164.828  ns/update: inf
hash_bkt_rcu --perftest --nreaders 12 --nbuckets 2097152 --elems/writer 2097152 --duration 1000 --updatewait 0
nlookups: 74773534 37387451  nadds: 0  ndels: 0  duration: 1001.13
ns/read: 160.667  ns/update: inf
hash_bkt_rcu --perftest --nreaders 13 --nbuckets 2097152 --elems/writer 2097152 --duration 1000 --updatewait 0
nlookups: 104938552 52469021  nadds: 0  ndels: 0  duration: 1001.1
ns/read: 124.018  ns/update: inf
hash_bkt_rcu --perftest --nreaders 14 --nbuckets 2097152 --elems/writer 2097152 --duration 1000 --updatewait 0
nlookups: 78421094 39212040  nadds: 0  ndels: 0  duration: 1001.11
ns/read: 178.722  ns/update: inf
hash_bkt_rcu --perftest --nreaders 15 --nbuckets 2097152 --elems/writer 2097152 --duration 1000 --updatewait 0
nlookups: 80425409 40213379  nadds: 0  ndels: 0  duration: 1001.08
ns/read: 186.709  ns/update: inf
hash_bkt_rcu --perftest --nreaders 16 --nbuckets 2097152 --elems/writer 2097152 --duration 1000 --updatewait 0
nlookups: 84812081 42407708  nadds: 0  ndels: 0  duration: 1001.12
ns/read: 188.863  ns/update: inf
hash_bkt_rcu --perftest --nreaders 18 --nbuckets 2097152 --elems/writer 2097152 --duration 1000 --updatewait 0
nlookups: 128573715 64287229  nadds: 0  ndels: 0  duration: 1001.03
ns/read: 140.142  ns/update: inf
hash_bkt_rcu --perftest --nreaders 20 --nbuckets 2097152 --elems/writer 2097152 --duration 1000 --updatewait 0
nlookups: 99717880 49858735  nadds: 0  ndels: 0  duration: 1001.1
ns/read: 200.785  ns/update: inf
hash_bkt_rcu --perftest --nreaders 22 --nbuckets 2097152 --elems/writer 2097152 --duration 1000 --updatewait 0
nlookups: 110638946 55319471  nadds: 0  ndels: 0  duration: 1001.1
ns/read: 199.063  ns/update: inf
hash_bkt_rcu --perftest --nreaders 24 --nbuckets 2097152 --elems/writer 2097152 --duration 1000 --updatewait 0
nlookups: 113528905 56764228  nadds: 0  ndels: 0  duration: 1001.1
ns/read: 211.632  ns/update: inf
hash_bkt_rcu --perftest --nreaders 26 --nbuckets 2097152 --elems/writer 2097152 --duration 1000 --updatewait 0
nlookups: 174839708 87419287  nadds: 0  ndels: 0  duration: 1001.15
ns/read: 148.878  ns/update: inf
hash_bkt_rcu --perftest --nreaders 28 --nbuckets 2097152 --elems/writer 2097152 --duration 1000 --updatewait 0
nlookups: 144456780 72229463  nadds: 0  ndels: 0  duration: 1001.04
ns/read: 194.031  ns/update: inf
hash_bkt_rcu --perftest --nreaders 30 --nbuckets 2097152 --elems/writer 2097152 --duration 1000 --updatewait 0
nlookups: 240813042 120404380  nadds: 0  ndels: 0  duration: 1001.08
ns/read: 124.712  ns/update: inf
hash_bkt_rcu --perftest --nreaders 32 --nbuckets 2097152 --elems/writer 2097152 --duration 1000 --updatewait 0
nlookups: 298019444 149011060  nadds: 0  ndels: 0  duration: 1001.17
ns/read: 107.501  ns/update: inf
hash_bkt_rcu --perftest --nreaders 36 --nbuckets 2097152 --elems/writer 2097152 --duration 1000 --updatewait 0
nlookups: 288747622 144376675  nadds: 0  ndels: 0  duration: 1001.16
ns/read: 124.821  ns/update: inf
hash_bkt_rcu --perftest --nreaders 40 --nbuckets 2097152 --elems/writer 2097152 --duration 1000 --updatewait 0
nlookups: 297241225 148617968  nadds: 0  ndels: 0  duration: 1001.1
ns/read: 134.718  ns/update: inf
hash_bkt_rcu --perftest --nreaders 44 --nbuckets 2097152 --elems/writer 2097152 --duration 1000 --updatewait 0
nlookups: 298539158 149269071  nadds: 0  ndels: 0  duration: 1001.09
ns/read: 147.545  ns/update: inf
hash_bkt_rcu --perftest --nreaders 48 --nbuckets 2097152 --elems/writer 2097152 --duration 1000 --updatewait 0
nlookups: 303902696 151953035  nadds: 0  ndels: 0  duration: 1001.11
ns/read: 158.12  ns/update: inf
hash_bkt_rcu --perftest --nreaders 52 --nbuckets 2097152 --elems/writer 2097152 --duration 1000 --updatewait 0
nlookups: 162726256 81363112  nadds: 0  ndels: 0  duration: 1001.12
ns/read: 319.912  ns/update: inf
hash_bkt_rcu --perftest --nreaders 56 --nbuckets 2097152 --elems/writer 2097152 --duration 1000 --updatewait 0
nlookups: 306674560 153341498  nadds: 0  ndels: 0  duration: 1001.13
ns/read: 182.811  ns/update: inf
hash_bkt_rcu --perftest --nreaders 60 --nbuckets 2097152 --elems/writer 2097152 --duration 1000 --updatewait 0
nlookups: 372735338 186363624  nadds: 0  ndels: 0  duration: 1001.05
ns/read: 161.142  ns/update: inf
hash_bkt_rcu --perftest --nreaders 64 --nbuckets 2097152 --elems/writer 2097152 --duration 1000 --updatewait 0
nlookups: 180086496 90046431  nadds: 0  ndels: 0  duration: 1000.21
ns/read: 355.459  ns/update: inf
hash_bkt_rcu --perftest --nreaders 72 --nbuckets 2097152 --elems/writer 2097152 --duration 1000 --updatewait 0
nlookups: 304877489 152437359  nadds: 0  ndels: 0  duration: 1001.17
ns/read: 236.436  ns/update: inf
hash_bkt_rcu --perftest --nreaders 80 --nbuckets 2097152 --elems/writer 2097152 --duration 1000 --updatewait 0
nlookups: 565378297 282694011  nadds: 0  ndels: 0  duration: 1001.09
ns/read: 141.652  ns/update: inf
hash_bkt_rcu --perftest --nreaders 88 --nbuckets 2097152 --elems/writer 2097152 --duration 1000 --updatewait 0
nlookups: 366593196 183301525  nadds: 0  ndels: 0  duration: 1001.09
ns/read: 240.31  ns/update: inf
hash_bkt_rcu --perftest --nreaders 96 --nbuckets 2097152 --elems/writer 2097152 --duration 1000 --updatewait 0
nlookups: 465673601 232833967  nadds: 0  ndels: 0  duration: 1001.09
ns/read: 206.378  ns/update: inf
hash_bkt_rcu --perftest --nreaders 104 --nbuckets 2097152 --elems/writer 2097152 --duration 1000 --updatewait 0
nlookups: 616871852 308434295  nadds: 0  ndels: 0  duration: 1001.05
ns/read: 168.769  ns/update: inf
hash_bkt_rcu --perftest --nreaders 112 --nbuckets 2097152 --elems/writer 2097152 --duration 1000 --updatewait 0
nlookups: 176308914 88151651  nadds: 0  ndels: 0  duration: 1001.09
ns/read: 635.941  ns/update: inf
hash_bkt_rcu --perftest --nreaders 120 --nbuckets 2097152 --elems/writer 2097152 --duration 1000 --updatewait 0
nlookups: 648249057 324121793  nadds: 0  ndels: 0  duration: 1001.07
ns/read: 185.312  ns/update: inf
hash_bkt_rcu --perftest --nreaders 128 --nbuckets 2097152 --elems/writer 2097152 --duration 1000 --updatewait 0
nlookups: 671655246 335831289  nadds: 0  ndels: 0  duration: 1001.05
ns/read: 190.774  ns/update: inf
hash_bkt_rcu --perftest --nreaders 144 --nbuckets 2097152 --elems/writer 2097152 --duration 1000 --updatewait 0
nlookups: 658074200 329038313  nadds: 0  ndels: 0  duration: 1001.06
ns/read: 219.052  ns/update: inf
hash_bkt_rcu --perftest --nreaders 160 --nbuckets 2097152 --elems/writer 2097152 --duration 1000 --updatewait 0
nlookups: 628350947 314170720  nadds: 0  ndels: 0  duration: 1001.05
ns/read: 254.902  ns/update: inf
hash_bkt_rcu --perftest --nreaders 176 --nbuckets 2097152 --elems/writer 2097152 --duration 1000 --updatewait 0
nlookups: 618526134 309256252  nadds: 0  ndels: 0  duration: 1001.06
ns/read: 284.848  ns/update: inf
hash_bkt_rcu --perftest --nreaders 192 --nbuckets 2097152 --elems/writer 2097152 --duration 1000 --updatewait 0
nlookups: 619893945 309955365  nadds: 0  ndels: 0  duration: 1001.06
ns/read: 310.058  ns/update: inf
hash_bkt_rcu --perftest --nreaders 208 --nbuckets 2097152 --elems/writer 2097152 --duration 1000 --updatewait 0
nlookups: 768722339 384366389  nadds: 0  ndels: 0  duration: 1001.09
ns/read: 270.873  ns/update: inf
hash_bkt_rcu --perftest --nreaders 224 --nbuckets 2097152 --elems/writer 2097152 --duration 1000 --updatewait 0
nlookups: 618463645 309228198  nadds: 0  ndels: 0  duration: 1001.06
ns/read: 362.572  ns/update: inf
hash_bkt_rcu --perftest --nreaders 240 --nbuckets 2097152 --elems/writer 2097152 --duration 1000 --updatewait 0
nlookups: 623244018 311623831  nadds: 0  ndels: 0  duration: 1001.11
ns/read: 385.507  ns/update: inf
hash_bkt_rcu --perftest --nreaders 256 --nbuckets 2097152 --elems/writer 2097152 --duration 1000 --updatewait 0
nlookups: 350434820 175228044  nadds: 0  ndels: 0  duration: 1001.11
ns/read: 731.328  ns/update: inf
hash_bkt_rcu --perftest --nreaders 288 --nbuckets 2097152 --elems/writer 2097152 --duration 1000 --updatewait 0
nlookups: 344788071 172406141  nadds: 0  ndels: 0  duration: 1001.14
ns/read: 836.248  ns/update: inf
hash_bkt_rcu --perftest --nreaders 320 --nbuckets 2097152 --elems/writer 2097152 --duration 1000 --updatewait 0
nlookups: 350333036 175159394  nadds: 0  ndels: 0  duration: 1001.07
ns/read: 914.392  ns/update: inf
hash_bkt_rcu --perftest --nreaders 352 --nbuckets 2097152 --elems/writer 2097152 --duration 1000 --updatewait 0
nlookups: 352041325 176020181  nadds: 0  ndels: 0  duration: 1001.05
ns/read: 1000.93  ns/update: inf
hash_bkt_rcu --perftest --nreaders 384 --nbuckets 2097152 --elems/writer 2097152 --duration 1000 --updatewait 0
nlookups: 713464032 356738600  nadds: 0  ndels: 0  duration: 1001.1
ns/read: 538.812  ns/update: inf
hash_bkt_rcu --perftest --nreaders 416 --nbuckets 2097152 --elems/writer 2097152 --duration 1000 --updatewait 0
nlookups: 933942669 466969976  nadds: 0  ndels: 0  duration: 1001.09
ns/read: 445.908  ns/update: inf
hash_bkt_rcu --perftest --nreaders 448 --nbuckets 2097152 --elems/writer 2097152 --duration 1000 --updatewait 0
nlookups: 359924076 179961930  nadds: 0  ndels: 0  duration: 1001.77
ns/read: 1246.92  ns/update: inf
hash_bkt_rcu --perftest --nreaders 1 --nbuckets 2097152 --elems/writer 2097152 --duration 1000 --updatewait 0
nlookups: 11528060 5764244  nadds: 0  ndels: 0  duration: 1001.13
ns/read: 86.8429  ns/update: inf
hash_bkt_rcu --perftest --nreaders 2 --nbuckets 2097152 --elems/writer 2097152 --duration 1000 --updatewait 0
nlookups: 18552117 9276933  nadds: 0  ndels: 0  duration: 1001.08
ns/read: 107.921  ns/update: inf
hash_bkt_rcu --perftest --nreaders 3 --nbuckets 2097152 --elems/writer 2097152 --duration 1000 --updatewait 0
nlookups: 23470822 11735595  nadds: 0  ndels: 0  duration: 1001.14
ns/read: 127.964  ns/update: inf
hash_bkt_rcu --perftest --nreaders 4 --nbuckets 2097152 --elems/writer 2097152 --duration 1000 --updatewait 0
nlookups: 34079051 17039159  nadds: 0  ndels: 0  duration: 1001.1
ns/read: 117.504  ns/update: inf
hash_bkt_rcu --perftest --nreaders 5 --nbuckets 2097152 --elems/writer 2097152 --duration 1000 --updatewait 0
nlookups: 36245821 18124190  nadds: 0  ndels: 0  duration: 1001.07
ns/read: 138.094  ns/update: inf
hash_bkt_rcu --perftest --nreaders 6 --nbuckets 2097152 --elems/writer 2097152 --duration 1000 --updatewait 0
nlookups: 41625007 20812697  nadds: 0  ndels: 0  duration: 1001.11
ns/read: 144.305  ns/update: inf
hash_bkt_rcu --perftest --nreaders 7 --nbuckets 2097152 --elems/writer 2097152 --duration 1000 --updatewait 0
nlookups: 49388760 24694861  nadds: 0  ndels: 0  duration: 1001.15
ns/read: 141.896  ns/update: inf
hash_bkt_rcu --perftest --nreaders 8 --nbuckets 2097152 --elems/writer 2097152 --duration 1000 --updatewait 0
nlookups: 50413206 25206884  nadds: 0  ndels: 0  duration: 1001.15
ns/read: 158.87  ns/update: inf
hash_bkt_rcu --perftest --nreaders 9 --nbuckets 2097152 --elems/writer 2097152 --duration 1000 --updatewait 0
nlookups: 61306095 30653392  nadds: 0  ndels: 0  duration: 1001.13
ns/read: 146.971  ns/update: inf
hash_bkt_rcu --perftest --nreaders 10 --nbuckets 2097152 --elems/writer 2097152 --duration 1000 --updatewait 0
nlookups: 64368100 32183403  nadds: 0  ndels: 0  duration: 1001.09
ns/read: 155.526  ns/update: inf
hash_bkt_rcu --perftest --nreaders 11 --nbuckets 2097152 --elems/writer 2097152 --duration 1000 --updatewait 0
nlookups: 68781584 34393254  nadds: 0  ndels: 0  duration: 1001.14
ns/read: 160.109  ns/update: inf
hash_bkt_rcu --perftest --nreaders 12 --nbuckets 2097152 --elems/writer 2097152 --duration 1000 --updatewait 0
nlookups: 71289940 35645205  nadds: 0  ndels: 0  duration: 1001.1
ns/read: 168.511  ns/update: inf
hash_bkt_rcu --perftest --nreaders 13 --nbuckets 2097152 --elems/writer 2097152 --duration 1000 --updatewait 0
nlookups: 98520043 49261936  nadds: 0  ndels: 0  duration: 1001.06
ns/read: 132.093  ns/update: inf
hash_bkt_rcu --perftest --nreaders 14 --nbuckets 2097152 --elems/writer 2097152 --duration 1000 --updatewait 0
nlookups: 79942403 39971769  nadds: 0  ndels: 0  duration: 1001.08
ns/read: 175.315  ns/update: inf
hash_bkt_rcu --perftest --nreaders 15 --nbuckets 2097152 --elems/writer 2097152 --duration 1000 --updatewait 0
nlookups: 80721948 40360376  nadds: 0  ndels: 0  duration: 1001.11
ns/read: 186.03  ns/update: inf
hash_bkt_rcu --perftest --nreaders 16 --nbuckets 2097152 --elems/writer 2097152 --duration 1000 --updatewait 0
nlookups: 90382977 45190974  nadds: 0  ndels: 0  duration: 1001.08
ns/read: 177.216  ns/update: inf
hash_bkt_rcu --perftest --nreaders 18 --nbuckets 2097152 --elems/writer 2097152 --duration 1000 --updatewait 0
nlookups: 92962340 46481310  nadds: 0  ndels: 0  duration: 1001.13
ns/read: 193.846  ns/update: inf
hash_bkt_rcu --perftest --nreaders 20 --nbuckets 2097152 --elems/writer 2097152 --duration 1000 --updatewait 0
nlookups: 102870125 51433335  nadds: 0  ndels: 0  duration: 1001.1
ns/read: 194.633  ns/update: inf
hash_bkt_rcu --perftest --nreaders 22 --nbuckets 2097152 --elems/writer 2097152 --duration 1000 --updatewait 0
nlookups: 160696636 80349221  nadds: 0  ndels: 0  duration: 1001.14
ns/read: 137.06  ns/update: inf
hash_bkt_rcu --perftest --nreaders 24 --nbuckets 2097152 --elems/writer 2097152 --duration 1000 --updatewait 0
nlookups: 117966283 58982268  nadds: 0  ndels: 0  duration: 1001.15
ns/read: 203.682  ns/update: inf
hash_bkt_rcu --perftest --nreaders 26 --nbuckets 2097152 --elems/writer 2097152 --duration 1000 --updatewait 0
nlookups: 121612158 60805176  nadds: 0  ndels: 0  duration: 1001.08
ns/read: 214.025  ns/update: inf
hash_bkt_rcu --perftest --nreaders 28 --nbuckets 2097152 --elems/writer 2097152 --duration 1000 --updatewait 0
nlookups: 149467470 74733215  nadds: 0  ndels: 0  duration: 1001.15
ns/read: 187.548  ns/update: inf
hash_bkt_rcu --perftest --nreaders 30 --nbuckets 2097152 --elems/writer 2097152 --duration 1000 --updatewait 0
nlookups: 292125435 146061218  nadds: 0  ndels: 0  duration: 1001.09
ns/read: 102.807  ns/update: inf
hash_bkt_rcu --perftest --nreaders 32 --nbuckets 2097152 --elems/writer 2097152 --duration 1000 --updatewait 0
nlookups: 265805995 132901841  nadds: 0  ndels: 0  duration: 1001.13
ns/read: 120.525  ns/update: inf
hash_bkt_rcu --perftest --nreaders 36 --nbuckets 2097152 --elems/writer 2097152 --duration 1000 --updatewait 0
nlookups: 325344155 162671527  nadds: 0  ndels: 0  duration: 1001.06
ns/read: 110.769  ns/update: inf
hash_bkt_rcu --perftest --nreaders 40 --nbuckets 2097152 --elems/writer 2097152 --duration 1000 --updatewait 0
nlookups: 247687900 123842852  nadds: 0  ndels: 0  duration: 1001.09
ns/read: 161.669  ns/update: inf
hash_bkt_rcu --perftest --nreaders 44 --nbuckets 2097152 --elems/writer 2097152 --duration 1000 --updatewait 0
nlookups: 336478233 168239210  nadds: 0  ndels: 0  duration: 1001.04
ns/read: 130.902  ns/update: inf
hash_bkt_rcu --perftest --nreaders 48 --nbuckets 2097152 --elems/writer 2097152 --duration 1000 --updatewait 0
nlookups: 302032707 151014516  nadds: 0  ndels: 0  duration: 1001.11
ns/read: 159.1  ns/update: inf
hash_bkt_rcu --perftest --nreaders 52 --nbuckets 2097152 --elems/writer 2097152 --duration 1000 --updatewait 0
nlookups: 307661029 153831028  nadds: 0  ndels: 0  duration: 1001.15
ns/read: 169.212  ns/update: inf
hash_bkt_rcu --perftest --nreaders 56 --nbuckets 2097152 --elems/writer 2097152 --duration 1000 --updatewait 0
nlookups: 312530602 156262443  nadds: 0  ndels: 0  duration: 1001.12
ns/read: 179.382  ns/update: inf
hash_bkt_rcu --perftest --nreaders 60 --nbuckets 2097152 --elems/writer 2097152 --duration 1000 --updatewait 0
nlookups: 345692822 172843797  nadds: 0  ndels: 0  duration: 1001.09
ns/read: 173.754  ns/update: inf
hash_bkt_rcu --perftest --nreaders 64 --nbuckets 2097152 --elems/writer 2097152 --duration 1000 --updatewait 0
nlookups: 239167561 119582356  nadds: 0  ndels: 0  duration: 1001.16
ns/read: 267.905  ns/update: inf
hash_bkt_rcu --perftest --nreaders 72 --nbuckets 2097152 --elems/writer 2097152 --duration 1000 --updatewait 0
nlookups: 304216498 152105137  nadds: 0  ndels: 0  duration: 1001.16
ns/read: 236.949  ns/update: inf
hash_bkt_rcu --perftest --nreaders 80 --nbuckets 2097152 --elems/writer 2097152 --duration 1000 --updatewait 0
nlookups: 497245864 248625343  nadds: 0  ndels: 0  duration: 1001.03
ns/read: 161.052  ns/update: inf
hash_bkt_rcu --perftest --nreaders 88 --nbuckets 2097152 --elems/writer 2097152 --duration 1000 --updatewait 0
nlookups: 366750664 183380332  nadds: 0  ndels: 0  duration: 1001.13
ns/read: 240.216  ns/update: inf
hash_bkt_rcu --perftest --nreaders 96 --nbuckets 2097152 --elems/writer 2097152 --duration 1000 --updatewait 0
nlookups: 465941467 232967456  nadds: 0  ndels: 0  duration: 1001.08
ns/read: 206.258  ns/update: inf
hash_bkt_rcu --perftest --nreaders 104 --nbuckets 2097152 --elems/writer 2097152 --duration 1000 --updatewait 0
nlookups: 788600027 394307089  nadds: 0  ndels: 0  duration: 1001.1
ns/read: 132.024  ns/update: inf
hash_bkt_rcu --perftest --nreaders 112 --nbuckets 2097152 --elems/writer 2097152 --duration 1000 --updatewait 0
nlookups: 616252737 308122768  nadds: 0  ndels: 0  duration: 1001.05
ns/read: 181.935  ns/update: inf
hash_bkt_rcu --perftest --nreaders 120 --nbuckets 2097152 --elems/writer 2097152 --duration 1000 --updatewait 0
nlookups: 666099513 333051217  nadds: 0  ndels: 0  duration: 1001.06
ns/read: 180.344  ns/update: inf
hash_bkt_rcu --perftest --nreaders 128 --nbuckets 2097152 --elems/writer 2097152 --duration 1000 --updatewait 0
nlookups: 630706797 315345919  nadds: 0  ndels: 0  duration: 1001.07
ns/read: 203.164  ns/update: inf
hash_bkt_rcu --perftest --nreaders 144 --nbuckets 2097152 --elems/writer 2097152 --duration 1000 --updatewait 0
nlookups: 942764182 471391658  nadds: 0  ndels: 0  duration: 1001.05
ns/read: 152.902  ns/update: inf
hash_bkt_rcu --perftest --nreaders 160 --nbuckets 2097152 --elems/writer 2097152 --duration 1000 --updatewait 0
nlookups: 766978151 383495665  nadds: 0  ndels: 0  duration: 1001.04
ns/read: 208.828  ns/update: inf
hash_bkt_rcu --perftest --nreaders 176 --nbuckets 2097152 --elems/writer 2097152 --duration 1000 --updatewait 0
nlookups: 783817399 391904570  nadds: 0  ndels: 0  duration: 1001.04
ns/read: 224.776  ns/update: inf
hash_bkt_rcu --perftest --nreaders 192 --nbuckets 2097152 --elems/writer 2097152 --duration 1000 --updatewait 0
nlookups: 963945604 481979983  nadds: 0  ndels: 0  duration: 1001.05
ns/read: 199.391  ns/update: inf
hash_bkt_rcu --perftest --nreaders 208 --nbuckets 2097152 --elems/writer 2097152 --duration 1000 --updatewait 0
nlookups: 617556612 308774904  nadds: 0  ndels: 0  duration: 1001.04
ns/read: 337.163  ns/update: inf
hash_bkt_rcu --perftest --nreaders 224 --nbuckets 2097152 --elems/writer 2097152 --duration 1000 --updatewait 0
nlookups: 627419452 313709753  nadds: 0  ndels: 0  duration: 1001.07
ns/read: 357.4  ns/update: inf
hash_bkt_rcu --perftest --nreaders 240 --nbuckets 2097152 --elems/writer 2097152 --duration 1000 --updatewait 0
nlookups: 965000375 482500135  nadds: 0  ndels: 0  duration: 1001.06
ns/read: 248.969  ns/update: inf
hash_bkt_rcu --perftest --nreaders 256 --nbuckets 2097152 --elems/writer 2097152 --duration 1000 --updatewait 0
nlookups: 624775520 312382336  nadds: 0  ndels: 0  duration: 1001.04
ns/read: 410.174  ns/update: inf
hash_bkt_rcu --perftest --nreaders 288 --nbuckets 2097152 --elems/writer 2097152 --duration 1000 --updatewait 0
nlookups: 988867393 494426712  nadds: 0  ndels: 0  duration: 1001.04
ns/read: 291.545  ns/update: inf
hash_bkt_rcu --perftest --nreaders 320 --nbuckets 2097152 --elems/writer 2097152 --duration 1000 --updatewait 0
nlookups: 348274588 174138952  nadds: 0  ndels: 0  duration: 1001.09
ns/read: 919.817  ns/update: inf
hash_bkt_rcu --perftest --nreaders 352 --nbuckets 2097152 --elems/writer 2097152 --duration 1000 --updatewait 0
nlookups: 353411344 176712632  nadds: 0  ndels: 0  duration: 1001.07
ns/read: 997.072  ns/update: inf
hash_bkt_rcu --perftest --nreaders 384 --nbuckets 2097152 --elems/writer 2097152 --duration 1000 --updatewait 0
nlookups: 353849398 176930514  nadds: 0  ndels: 0  duration: 1001.09
ns/read: 1086.39  ns/update: inf
hash_bkt_rcu --perftest --nreaders 416 --nbuckets 2097152 --elems/writer 2097152 --duration 1000 --updatewait 0
nlookups: 405785543 202899959  nadds: 0  ndels: 0  duration: 1001.05
ns/read: 1026.25  ns/update: inf
hash_bkt_rcu --perftest --nreaders 448 --nbuckets 2097152 --elems/writer 2097152 --duration 1000 --updatewait 0
nlookups: 795268320 397632394  nadds: 0  ndels: 0  duration: 1001.97
ns/read: 564.439  ns/update: inf
hash_bkt_rcu --perftest --nreaders 1 --nbuckets 2097152 --elems/writer 2097152 --duration 1000 --updatewait 0
nlookups: 18769219 9384689  nadds: 0  ndels: 0  duration: 1001.03
ns/read: 53.3337  ns/update: inf
hash_bkt_rcu --perftest --nreaders 2 --nbuckets 2097152 --elems/writer 2097152 --duration 1000 --updatewait 0
nlookups: 20077224 10038699  nadds: 0  ndels: 0  duration: 1001.13
ns/read: 99.7282  ns/update: inf
hash_bkt_rcu --perftest --nreaders 3 --nbuckets 2097152 --elems/writer 2097152 --duration 1000 --updatewait 0
nlookups: 29160638 14580210  nadds: 0  ndels: 0  duration: 1001.09
ns/read: 102.991  ns/update: inf
hash_bkt_rcu --perftest --nreaders 4 --nbuckets 2097152 --elems/writer 2097152 --duration 1000 --updatewait 0
nlookups: 32160360 16079322  nadds: 0  ndels: 0  duration: 1001.14
ns/read: 124.519  ns/update: inf
hash_bkt_rcu --perftest --nreaders 5 --nbuckets 2097152 --elems/writer 2097152 --duration 1000 --updatewait 0
nlookups: 36328161 18162316  nadds: 0  ndels: 0  duration: 1001.09
ns/read: 137.784  ns/update: inf
hash_bkt_rcu --perftest --nreaders 6 --nbuckets 2097152 --elems/writer 2097152 --duration 1000 --updatewait 0
nlookups: 56480756 28239997  nadds: 0  ndels: 0  duration: 1001.1
ns/read: 106.348  ns/update: inf
hash_bkt_rcu --perftest --nreaders 7 --nbuckets 2097152 --elems/writer 2097152 --duration 1000 --updatewait 0
nlookups: 47025425 23514080  nadds: 0  ndels: 0  duration: 1001.14
ns/read: 149.025  ns/update: inf
hash_bkt_rcu --perftest --nreaders 8 --nbuckets 2097152 --elems/writer 2097152 --duration 1000 --updatewait 0
nlookups: 56457588 28228624  nadds: 0  ndels: 0  duration: 1001.11
ns/read: 141.856  ns/update: inf
hash_bkt_rcu --perftest --nreaders 9 --nbuckets 2097152 --elems/writer 2097152 --duration 1000 --updatewait 0
nlookups: 79787199 39893383  nadds: 0  ndels: 0  duration: 1001.13
ns/read: 112.928  ns/update: inf
hash_bkt_rcu --perftest --nreaders 10 --nbuckets 2097152 --elems/writer 2097152 --duration 1000 --updatewait 0
nlookups: 61814616 30908517  nadds: 0  ndels: 0  duration: 1001.14
ns/read: 161.959  ns/update: inf
hash_bkt_rcu --perftest --nreaders 11 --nbuckets 2097152 --elems/writer 2097152 --duration 1000 --updatewait 0
nlookups: 66729719 33364237  nadds: 0  ndels: 0  duration: 1001.12
ns/read: 165.029  ns/update: inf
hash_bkt_rcu --perftest --nreaders 12 --nbuckets 2097152 --elems/writer 2097152 --duration 1000 --updatewait 0
nlookups: 67465706 33732536  nadds: 0  ndels: 0  duration: 1001.09
ns/read: 178.062  ns/update: inf
hash_bkt_rcu --perftest --nreaders 13 --nbuckets 2097152 --elems/writer 2097152 --duration 1000 --updatewait 0
nlookups: 72221468 36110180  nadds: 0  ndels: 0  duration: 1001.12
ns/read: 180.203  ns/update: inf
hash_bkt_rcu --perftest --nreaders 14 --nbuckets 2097152 --elems/writer 2097152 --duration 1000 --updatewait 0
nlookups: 81404221 40702431  nadds: 0  ndels: 0  duration: 1001.08
ns/read: 172.167  ns/update: inf
hash_bkt_rcu --perftest --nreaders 15 --nbuckets 2097152 --elems/writer 2097152 --duration 1000 --updatewait 0
nlookups: 84557227 42279414  nadds: 0  ndels: 0  duration: 1001.13
ns/read: 177.595  ns/update: inf
hash_bkt_rcu --perftest --nreaders 16 --nbuckets 2097152 --elems/writer 2097152 --duration 1000 --updatewait 0
nlookups: 84053764 42027439  nadds: 0  ndels: 0  duration: 1001.11
ns/read: 190.565  ns/update: inf
hash_bkt_rcu --perftest --nreaders 18 --nbuckets 2097152 --elems/writer 2097152 --duration 1000 --updatewait 0
nlookups: 129019777 64510356  nadds: 0  ndels: 0  duration: 1001.06
ns/read: 139.661  ns/update: inf
hash_bkt_rcu --perftest --nreaders 20 --nbuckets 2097152 --elems/writer 2097152 --duration 1000 --updatewait 0
nlookups: 103278481 51639365  nadds: 0  ndels: 0  duration: 1000.89
ns/read: 193.824  ns/update: inf
hash_bkt_rcu --perftest --nreaders 22 --nbuckets 2097152 --elems/writer 2097152 --duration 1000 --updatewait 0
nlookups: 106958798 53478441  nadds: 0  ndels: 0  duration: 1001.11
ns/read: 205.914  ns/update: inf
hash_bkt_rcu --perftest --nreaders 24 --nbuckets 2097152 --elems/writer 2097152 --duration 1000 --updatewait 0
nlookups: 117285197 58642970  nadds: 0  ndels: 0  duration: 1001.08
ns/read: 204.851  ns/update: inf
hash_bkt_rcu --perftest --nreaders 26 --nbuckets 2097152 --elems/writer 2097152 --duration 1000 --updatewait 0
nlookups: 111118795 55557447  nadds: 0  ndels: 0  duration: 1001.09
ns/read: 234.24  ns/update: inf
hash_bkt_rcu --perftest --nreaders 28 --nbuckets 2097152 --elems/writer 2097152 --duration 1000 --updatewait 0
nlookups: 157880156 78939769  nadds: 0  ndels: 0  duration: 1001.11
ns/read: 177.546  ns/update: inf
hash_bkt_rcu --perftest --nreaders 30 --nbuckets 2097152 --elems/writer 2097152 --duration 1000 --updatewait 0
nlookups: 234396850 117199074  nadds: 0  ndels: 0  duration: 1001.11
ns/read: 128.13  ns/update: inf
hash_bkt_rcu --perftest --nreaders 32 --nbuckets 2097152 --elems/writer 2097152 --duration 1000 --updatewait 0
nlookups: 315979745 157989422  nadds: 0  ndels: 0  duration: 1001.04
ns/read: 101.378  ns/update: inf
hash_bkt_rcu --perftest --nreaders 36 --nbuckets 2097152 --elems/writer 2097152 --duration 1000 --updatewait 0
nlookups: 325699904 162850480  nadds: 0  ndels: 0  duration: 1001.15
ns/read: 110.659  ns/update: inf
hash_bkt_rcu --perftest --nreaders 40 --nbuckets 2097152 --elems/writer 2097152 --duration 1000 --updatewait 0
nlookups: 297069269 148532646  nadds: 0  ndels: 0  duration: 1001.11
ns/read: 134.798  ns/update: inf
hash_bkt_rcu --perftest --nreaders 44 --nbuckets 2097152 --elems/writer 2097152 --duration 1000 --updatewait 0
nlookups: 336616525 168308991  nadds: 0  ndels: 0  duration: 1001.09
ns/read: 130.856  ns/update: inf
hash_bkt_rcu --perftest --nreaders 48 --nbuckets 2097152 --elems/writer 2097152 --duration 1000 --updatewait 0
nlookups: 340802127 170400441  nadds: 0  ndels: 0  duration: 1001.04
ns/read: 140.99  ns/update: inf
hash_bkt_rcu --perftest --nreaders 52 --nbuckets 2097152 --elems/writer 2097152 --duration 1000 --updatewait 0
nlookups: 306720026 153362701  nadds: 0  ndels: 0  duration: 1001.08
ns/read: 169.719  ns/update: inf
hash_bkt_rcu --perftest --nreaders 56 --nbuckets 2097152 --elems/writer 2097152 --duration 1000 --updatewait 0
nlookups: 307984759 153995990  nadds: 0  ndels: 0  duration: 1001.09
ns/read: 182.026  ns/update: inf
hash_bkt_rcu --perftest --nreaders 60 --nbuckets 2097152 --elems/writer 2097152 --duration 1000 --updatewait 0
nlookups: 383893573 191946132  nadds: 0  ndels: 0  duration: 1001.1
ns/read: 156.466  ns/update: inf
hash_bkt_rcu --perftest --nreaders 64 --nbuckets 2097152 --elems/writer 2097152 --duration 1000 --updatewait 0
nlookups: 180268682 90130473  nadds: 0  ndels: 0  duration: 1001.14
ns/read: 355.431  ns/update: inf
hash_bkt_rcu --perftest --nreaders 72 --nbuckets 2097152 --elems/writer 2097152 --duration 1000 --updatewait 0
nlookups: 500474905 250240267  nadds: 0  ndels: 0  duration: 1001.09
ns/read: 144.02  ns/update: inf
hash_bkt_rcu --perftest --nreaders 80 --nbuckets 2097152 --elems/writer 2097152 --duration 1000 --updatewait 0
nlookups: 326523552 163261209  nadds: 0  ndels: 0  duration: 1001.06
ns/read: 245.266  ns/update: inf
hash_bkt_rcu --perftest --nreaders 88 --nbuckets 2097152 --elems/writer 2097152 --duration 1000 --updatewait 0
nlookups: 365824762 182914634  nadds: 0  ndels: 0  duration: 1001.12
ns/read: 240.823  ns/update: inf
hash_bkt_rcu --perftest --nreaders 96 --nbuckets 2097152 --elems/writer 2097152 --duration 1000 --updatewait 0
nlookups: 178228594 89112106  nadds: 0  ndels: 0  duration: 1001.09
ns/read: 539.219  ns/update: inf
hash_bkt_rcu --perftest --nreaders 104 --nbuckets 2097152 --elems/writer 2097152 --duration 1000 --updatewait 0
nlookups: 549279123 274638240  nadds: 0  ndels: 0  duration: 1001.06
ns/read: 189.54  ns/update: inf
hash_bkt_rcu --perftest --nreaders 112 --nbuckets 2097152 --elems/writer 2097152 --duration 1000 --updatewait 0
nlookups: 663610209 331807684  nadds: 0  ndels: 0  duration: 1001.04
ns/read: 168.949  ns/update: inf
hash_bkt_rcu --perftest --nreaders 120 --nbuckets 2097152 --elems/writer 2097152 --duration 1000 --updatewait 0
nlookups: 650455463 325227809  nadds: 0  ndels: 0  duration: 1001.1
ns/read: 184.688  ns/update: inf
hash_bkt_rcu --perftest --nreaders 128 --nbuckets 2097152 --elems/writer 2097152 --duration 1000 --updatewait 0
nlookups: 680726528 340358723  nadds: 0  ndels: 0  duration: 1001.06
ns/read: 188.234  ns/update: inf
hash_bkt_rcu --perftest --nreaders 144 --nbuckets 2097152 --elems/writer 2097152 --duration 1000 --updatewait 0
nlookups: 734667905 367335328  nadds: 0  ndels: 0  duration: 1001.07
ns/read: 196.217  ns/update: inf
hash_bkt_rcu --perftest --nreaders 160 --nbuckets 2097152 --elems/writer 2097152 --duration 1000 --updatewait 0
nlookups: 631511458 315750955  nadds: 0  ndels: 0  duration: 1001.05
ns/read: 253.626  ns/update: inf
hash_bkt_rcu --perftest --nreaders 176 --nbuckets 2097152 --elems/writer 2097152 --duration 1000 --updatewait 0
nlookups: 620074905 310042499  nadds: 0  ndels: 0  duration: 1001.12
ns/read: 284.154  ns/update: inf
hash_bkt_rcu --perftest --nreaders 192 --nbuckets 2097152 --elems/writer 2097152 --duration 1000 --updatewait 0
nlookups: 622078408 311041487  nadds: 0  ndels: 0  duration: 1001.13
ns/read: 308.991  ns/update: inf
hash_bkt_rcu --perftest --nreaders 208 --nbuckets 2097152 --elems/writer 2097152 --duration 1000 --updatewait 0
nlookups: 622169834 311080689  nadds: 0  ndels: 0  duration: 1001.08
ns/read: 334.673  ns/update: inf
hash_bkt_rcu --perftest --nreaders 224 --nbuckets 2097152 --elems/writer 2097152 --duration 1000 --updatewait 0
nlookups: 619483843 309742561  nadds: 0  ndels: 0  duration: 1001.05
ns/read: 361.972  ns/update: inf
hash_bkt_rcu --perftest --nreaders 240 --nbuckets 2097152 --elems/writer 2097152 --duration 1000 --updatewait 0
nlookups: 626314282 313157470  nadds: 0  ndels: 0  duration: 1001.05
ns/read: 383.598  ns/update: inf
hash_bkt_rcu --perftest --nreaders 256 --nbuckets 2097152 --elems/writer 2097152 --duration 1000 --updatewait 0
nlookups: 968068966 484032331  nadds: 0  ndels: 0  duration: 1001.06
ns/read: 264.724  ns/update: inf
hash_bkt_rcu --perftest --nreaders 288 --nbuckets 2097152 --elems/writer 2097152 --duration 1000 --updatewait 0
nlookups: 350085808 175046210  nadds: 0  ndels: 0  duration: 1001.06
ns/read: 823.524  ns/update: inf
hash_bkt_rcu --perftest --nreaders 320 --nbuckets 2097152 --elems/writer 2097152 --duration 1000 --updatewait 0
nlookups: 353982738 176998774  nadds: 0  ndels: 0  duration: 1001.07
ns/read: 904.967  ns/update: inf
hash_bkt_rcu --perftest --nreaders 352 --nbuckets 2097152 --elems/writer 2097152 --duration 1000 --updatewait 0
nlookups: 352597574 176293422  nadds: 0  ndels: 0  duration: 1001.04
ns/read: 999.348  ns/update: inf
hash_bkt_rcu --perftest --nreaders 384 --nbuckets 2097152 --elems/writer 2097152 --duration 1000 --updatewait 0
nlookups: 350486815 175249042  nadds: 0  ndels: 0  duration: 1001.07
ns/read: 1096.8  ns/update: inf
hash_bkt_rcu --perftest --nreaders 416 --nbuckets 2097152 --elems/writer 2097152 --duration 1000 --updatewait 0
nlookups: 681576041 340795080  nadds: 0  ndels: 0  duration: 1001.06
ns/read: 610.999  ns/update: inf
hash_bkt_rcu --perftest --nreaders 448 --nbuckets 2097152 --elems/writer 2097152 --duration 1000 --updatewait 0
nlookups: 683414457 341705387  nadds: 0  ndels: 0  duration: 1001.75
ns/read: 656.68  ns/update: inf
hash_bkt_rcu --perftest --nreaders 1 --nbuckets 2097152 --elems/writer 2097152 --duration 1000 --updatewait 0
nlookups: 9378485 4689595  nadds: 0  ndels: 0  duration: 1001.12
ns/read: 106.746  ns/update: inf
hash_bkt_rcu --perftest --nreaders 2 --nbuckets 2097152 --elems/writer 2097152 --duration 1000 --updatewait 0
nlookups: 23287760 11642872  nadds: 0  ndels: 0  duration: 1001.09
ns/read: 85.9756  ns/update: inf
hash_bkt_rcu --perftest --nreaders 3 --nbuckets 2097152 --elems/writer 2097152 --duration 1000 --updatewait 0
nlookups: 23121860 11561911  nadds: 0  ndels: 0  duration: 1001.09
ns/read: 129.889  ns/update: inf
hash_bkt_rcu --perftest --nreaders 4 --nbuckets 2097152 --elems/writer 2097152 --duration 1000 --updatewait 0
nlookups: 32439176 16218426  nadds: 0  ndels: 0  duration: 1001.16
ns/read: 123.451  ns/update: inf
hash_bkt_rcu --perftest --nreaders 5 --nbuckets 2097152 --elems/writer 2097152 --duration 1000 --updatewait 0
nlookups: 37132349 18566638  nadds: 0  ndels: 0  duration: 1001.11
ns/read: 134.803  ns/update: inf
hash_bkt_rcu --perftest --nreaders 6 --nbuckets 2097152 --elems/writer 2097152 --duration 1000 --updatewait 0
nlookups: 56271894 28135364  nadds: 0  ndels: 0  duration: 1001.14
ns/read: 106.746  ns/update: inf
hash_bkt_rcu --perftest --nreaders 7 --nbuckets 2097152 --elems/writer 2097152 --duration 1000 --updatewait 0
nlookups: 63979975 31990740  nadds: 0  ndels: 0  duration: 1001.13
ns/read: 109.533  ns/update: inf
hash_bkt_rcu --perftest --nreaders 8 --nbuckets 2097152 --elems/writer 2097152 --duration 1000 --updatewait 0
nlookups: 53848281 26924958  nadds: 0  ndels: 0  duration: 1001.1
ns/read: 148.73  ns/update: inf
hash_bkt_rcu --perftest --nreaders 9 --nbuckets 2097152 --elems/writer 2097152 --duration 1000 --updatewait 0
nlookups: 56542098 28270344  nadds: 0  ndels: 0  duration: 1001.15
ns/read: 159.357  ns/update: inf
hash_bkt_rcu --perftest --nreaders 10 --nbuckets 2097152 --elems/writer 2097152 --duration 1000 --updatewait 0
nlookups: 61722686 30861102  nadds: 0  ndels: 0  duration: 1001.09
ns/read: 162.192  ns/update: inf
hash_bkt_rcu --perftest --nreaders 11 --nbuckets 2097152 --elems/writer 2097152 --duration 1000 --updatewait 0
nlookups: 85544483 42771404  nadds: 0  ndels: 0  duration: 1001.06
ns/read: 128.724  ns/update: inf
hash_bkt_rcu --perftest --nreaders 12 --nbuckets 2097152 --elems/writer 2097152 --duration 1000 --updatewait 0
nlookups: 74646900 37323562  nadds: 0  ndels: 0  duration: 1001.15
ns/read: 160.942  ns/update: inf
hash_bkt_rcu --perftest --nreaders 13 --nbuckets 2097152 --elems/writer 2097152 --duration 1000 --updatewait 0
nlookups: 74514073 37256950  nadds: 0  ndels: 0  duration: 1001.11
ns/read: 174.658  ns/update: inf
hash_bkt_rcu --perftest --nreaders 14 --nbuckets 2097152 --elems/writer 2097152 --duration 1000 --updatewait 0
nlookups: 79836766 39918949  nadds: 0  ndels: 0  duration: 1001.09
ns/read: 175.548  ns/update: inf
hash_bkt_rcu --perftest --nreaders 15 --nbuckets 2097152 --elems/writer 2097152 --duration 1000 --updatewait 0
nlookups: 85599991 42799871  nadds: 0  ndels: 0  duration: 1001.1
ns/read: 175.426  ns/update: inf
hash_bkt_rcu --perftest --nreaders 16 --nbuckets 2097152 --elems/writer 2097152 --duration 1000 --updatewait 0
nlookups: 91448368 45725370  nadds: 0  ndels: 0  duration: 1001.15
ns/read: 175.163  ns/update: inf
hash_bkt_rcu --perftest --nreaders 18 --nbuckets 2097152 --elems/writer 2097152 --duration 1000 --updatewait 0
nlookups: 93396803 46699568  nadds: 0  ndels: 0  duration: 1001.14
ns/read: 192.945  ns/update: inf
hash_bkt_rcu --perftest --nreaders 20 --nbuckets 2097152 --elems/writer 2097152 --duration 1000 --updatewait 0
nlookups: 104794708 52397257  nadds: 0  ndels: 0  duration: 1001.08
ns/read: 191.056  ns/update: inf
hash_bkt_rcu --perftest --nreaders 22 --nbuckets 2097152 --elems/writer 2097152 --duration 1000 --updatewait 0
nlookups: 109438026 54720728  nadds: 0  ndels: 0  duration: 1001.12
ns/read: 201.252  ns/update: inf
hash_bkt_rcu --perftest --nreaders 24 --nbuckets 2097152 --elems/writer 2097152 --duration 1000 --updatewait 0
nlookups: 117364099 58681444  nadds: 0  ndels: 0  duration: 1001.02
ns/read: 204.701  ns/update: inf
hash_bkt_rcu --perftest --nreaders 26 --nbuckets 2097152 --elems/writer 2097152 --duration 1000 --updatewait 0
nlookups: 124436950 62217551  nadds: 0  ndels: 0  duration: 1001.14
ns/read: 209.179  ns/update: inf
hash_bkt_rcu --perftest --nreaders 28 --nbuckets 2097152 --elems/writer 2097152 --duration 1000 --updatewait 0
nlookups: 148688664 74344500  nadds: 0  ndels: 0  duration: 1001.1
ns/read: 188.521  ns/update: inf
hash_bkt_rcu --perftest --nreaders 30 --nbuckets 2097152 --elems/writer 2097152 --duration 1000 --updatewait 0
nlookups: 167839301 83918047  nadds: 0  ndels: 0  duration: 1001.09
ns/read: 178.937  ns/update: inf
hash_bkt_rcu --perftest --nreaders 32 --nbuckets 2097152 --elems/writer 2097152 --duration 1000 --updatewait 0
nlookups: 180467935 90232625  nadds: 0  ndels: 0  duration: 1001.14
ns/read: 177.518  ns/update: inf
hash_bkt_rcu --perftest --nreaders 36 --nbuckets 2097152 --elems/writer 2097152 --duration 1000 --updatewait 0
nlookups: 331325486 165663928  nadds: 0  ndels: 0  duration: 1001.07
ns/read: 108.771  ns/update: inf
hash_bkt_rcu --perftest --nreaders 40 --nbuckets 2097152 --elems/writer 2097152 --duration 1000 --updatewait 0
nlookups: 296197504 148100144  nadds: 0  ndels: 0  duration: 1001.12
ns/read: 135.196  ns/update: inf
hash_bkt_rcu --perftest --nreaders 44 --nbuckets 2097152 --elems/writer 2097152 --duration 1000 --updatewait 0
nlookups: 299315047 149655540  nadds: 0  ndels: 0  duration: 1001.14
ns/read: 147.17  ns/update: inf
hash_bkt_rcu --perftest --nreaders 48 --nbuckets 2097152 --elems/writer 2097152 --duration 1000 --updatewait 0
nlookups: 340613959 170309379  nadds: 0  ndels: 0  duration: 1001.04
ns/read: 141.069  ns/update: inf
hash_bkt_rcu --perftest --nreaders 52 --nbuckets 2097152 --elems/writer 2097152 --duration 1000 --updatewait 0
nlookups: 342056728 171029191  nadds: 0  ndels: 0  duration: 1001.11
ns/read: 152.19  ns/update: inf
hash_bkt_rcu --perftest --nreaders 56 --nbuckets 2097152 --elems/writer 2097152 --duration 1000 --updatewait 0
nlookups: 311841845 155916437  nadds: 0  ndels: 0  duration: 1001.13
ns/read: 179.78  ns/update: inf
hash_bkt_rcu --perftest --nreaders 60 --nbuckets 2097152 --elems/writer 2097152 --duration 1000 --updatewait 0
nlookups: 201489164 100740225  nadds: 0  ndels: 0  duration: 1001.12
ns/read: 298.115  ns/update: inf
hash_bkt_rcu --perftest --nreaders 64 --nbuckets 2097152 --elems/writer 2097152 --duration 1000 --updatewait 0
nlookups: 423800580 211897430  nadds: 0  ndels: 0  duration: 1001.07
ns/read: 151.175  ns/update: inf
hash_bkt_rcu --perftest --nreaders 72 --nbuckets 2097152 --elems/writer 2097152 --duration 1000 --updatewait 0
nlookups: 500048538 250025839  nadds: 0  ndels: 0  duration: 1001.05
ns/read: 144.137  ns/update: inf
hash_bkt_rcu --perftest --nreaders 80 --nbuckets 2097152 --elems/writer 2097152 --duration 1000 --updatewait 0
nlookups: 325831196 162916840  nadds: 0  ndels: 0  duration: 1001.08
ns/read: 245.791  ns/update: inf
hash_bkt_rcu --perftest --nreaders 88 --nbuckets 2097152 --elems/writer 2097152 --duration 1000 --updatewait 0
nlookups: 516882808 258441657  nadds: 0  ndels: 0  duration: 1001.13
ns/read: 170.444  ns/update: inf
hash_bkt_rcu --perftest --nreaders 96 --nbuckets 2097152 --elems/writer 2097152 --duration 1000 --updatewait 0
nlookups: 466322002 233159777  nadds: 0  ndels: 0  duration: 1001.16
ns/read: 206.106  ns/update: inf
hash_bkt_rcu --perftest --nreaders 104 --nbuckets 2097152 --elems/writer 2097152 --duration 1000 --updatewait 0
nlookups: 177172752 88583058  nadds: 0  ndels: 0  duration: 1001.09
ns/read: 587.64  ns/update: inf
hash_bkt_rcu --perftest --nreaders 112 --nbuckets 2097152 --elems/writer 2097152 --duration 1000 --updatewait 0
nlookups: 625003975 312507122  nadds: 0  ndels: 0  duration: 1001.09
ns/read: 179.394  ns/update: inf
hash_bkt_rcu --perftest --nreaders 120 --nbuckets 2097152 --elems/writer 2097152 --duration 1000 --updatewait 0
nlookups: 639733513 319866171  nadds: 0  ndels: 0  duration: 1001.07
ns/read: 187.779  ns/update: inf
hash_bkt_rcu --perftest --nreaders 128 --nbuckets 2097152 --elems/writer 2097152 --duration 1000 --updatewait 0
nlookups: 922526472 461267500  nadds: 0  ndels: 0  duration: 1001.06
ns/read: 138.897  ns/update: inf
hash_bkt_rcu --perftest --nreaders 144 --nbuckets 2097152 --elems/writer 2097152 --duration 1000 --updatewait 0
nlookups: 735316247 367656641  nadds: 0  ndels: 0  duration: 1001.08
ns/read: 196.045  ns/update: inf
hash_bkt_rcu --perftest --nreaders 160 --nbuckets 2097152 --elems/writer 2097152 --duration 1000 --updatewait 0
nlookups: 630016081 315013214  nadds: 0  ndels: 0  duration: 1001.12
ns/read: 254.245  ns/update: inf
hash_bkt_rcu --perftest --nreaders 176 --nbuckets 2097152 --elems/writer 2097152 --duration 1000 --updatewait 0
nlookups: 621146228 310577312  nadds: 0  ndels: 0  duration: 1001.11
ns/read: 283.661  ns/update: inf
hash_bkt_rcu --perftest --nreaders 192 --nbuckets 2097152 --elems/writer 2097152 --duration 1000 --updatewait 0
nlookups: 352329686 176160430  nadds: 0  ndels: 0  duration: 1000.59
ns/read: 545.263  ns/update: inf
hash_bkt_rcu --perftest --nreaders 208 --nbuckets 2097152 --elems/writer 2097152 --duration 1000 --updatewait 0
nlookups: 639530994 319759800  nadds: 0  ndels: 0  duration: 1001.09
ns/read: 325.592  ns/update: inf
hash_bkt_rcu --perftest --nreaders 224 --nbuckets 2097152 --elems/writer 2097152 --duration 1000 --updatewait 0
nlookups: 350172855 175087758  nadds: 0  ndels: 0  duration: 1000.21
ns/read: 639.817  ns/update: inf
hash_bkt_rcu --perftest --nreaders 240 --nbuckets 2097152 --elems/writer 2097152 --duration 1000 --updatewait 0
nlookups: 1000703763 500353493  nadds: 0  ndels: 0  duration: 1001.05
ns/read: 240.083  ns/update: inf
hash_bkt_rcu --perftest --nreaders 256 --nbuckets 2097152 --elems/writer 2097152 --duration 1000 --updatewait 0
nlookups: 624966075 312476594  nadds: 0  ndels: 0  duration: 1001.06
ns/read: 410.058  ns/update: inf
hash_bkt_rcu --perftest --nreaders 288 --nbuckets 2097152 --elems/writer 2097152 --duration 1000 --updatewait 0
nlookups: 348722707 174359662  nadds: 0  ndels: 0  duration: 1000.73
ns/read: 826.476  ns/update: inf
hash_bkt_rcu --perftest --nreaders 320 --nbuckets 2097152 --elems/writer 2097152 --duration 1000 --updatewait 0
nlookups: 346183726 173092647  nadds: 0  ndels: 0  duration: 1001.06
ns/read: 925.348  ns/update: inf
hash_bkt_rcu --perftest --nreaders 352 --nbuckets 2097152 --elems/writer 2097152 --duration 1000 --updatewait 0
nlookups: 351236946 175612552  nadds: 0  ndels: 0  duration: 1001.05
ns/read: 1003.22  ns/update: inf
hash_bkt_rcu --perftest --nreaders 384 --nbuckets 2097152 --elems/writer 2097152 --duration 1000 --updatewait 0
nlookups: 353801527 176898597  nadds: 0  ndels: 0  duration: 1001.05
ns/read: 1086.5  ns/update: inf
hash_bkt_rcu --perftest --nreaders 416 --nbuckets 2097152 --elems/writer 2097152 --duration 1000 --updatewait 0
nlookups: 356956496 178483189  nadds: 0  ndels: 0  duration: 1001.07
ns/read: 1166.66  ns/update: inf
hash_bkt_rcu --perftest --nreaders 448 --nbuckets 2097152 --elems/writer 2097152 --duration 1000 --updatewait 0
nlookups: 790119832 395055988  nadds: 0  ndels: 0  duration: 1001.79
ns/read: 568.02  ns/update: inf
hash_bkt_rcu --perftest --nreaders 1 --nbuckets 2097152 --elems/writer 2097152 --duration 1000 --updatewait 0
nlookups: 11599829 5799626  nadds: 0  ndels: 0  duration: 1001.11
ns/read: 86.3041  ns/update: inf
hash_bkt_rcu --perftest --nreaders 2 --nbuckets 2097152 --elems/writer 2097152 --duration 1000 --updatewait 0
nlookups: 19662162 9831371  nadds: 0  ndels: 0  duration: 1001.07
ns/read: 101.827  ns/update: inf
hash_bkt_rcu --perftest --nreaders 3 --nbuckets 2097152 --elems/writer 2097152 --duration 1000 --updatewait 0
nlookups: 29014883 14507760  nadds: 0  ndels: 0  duration: 1001.09
ns/read: 103.508  ns/update: inf
hash_bkt_rcu --perftest --nreaders 4 --nbuckets 2097152 --elems/writer 2097152 --duration 1000 --updatewait 0
nlookups: 42508595 21254441  nadds: 0  ndels: 0  duration: 1001.08
ns/read: 94.2006  ns/update: inf
hash_bkt_rcu --perftest --nreaders 5 --nbuckets 2097152 --elems/writer 2097152 --duration 1000 --updatewait 0
nlookups: 36454222 18225140  nadds: 0  ndels: 0  duration: 1001.13
ns/read: 137.313  ns/update: inf
hash_bkt_rcu --perftest --nreaders 6 --nbuckets 2097152 --elems/writer 2097152 --duration 1000 --updatewait 0
nlookups: 44731775 22365949  nadds: 0  ndels: 0  duration: 1001.07
ns/read: 134.277  ns/update: inf
hash_bkt_rcu --perftest --nreaders 7 --nbuckets 2097152 --elems/writer 2097152 --duration 1000 --updatewait 0
nlookups: 50932103 25465332  nadds: 0  ndels: 0  duration: 1001.12
ns/read: 137.591  ns/update: inf
hash_bkt_rcu --perftest --nreaders 8 --nbuckets 2097152 --elems/writer 2097152 --duration 1000 --updatewait 0
nlookups: 52620457 26310996  nadds: 0  ndels: 0  duration: 1001.07
ns/read: 152.195  ns/update: inf
hash_bkt_rcu --perftest --nreaders 9 --nbuckets 2097152 --elems/writer 2097152 --duration 1000 --updatewait 0
nlookups: 56474159 28238798  nadds: 0  ndels: 0  duration: 1001.14
ns/read: 159.547  ns/update: inf
hash_bkt_rcu --perftest --nreaders 10 --nbuckets 2097152 --elems/writer 2097152 --duration 1000 --updatewait 0
nlookups: 65515327 32757909  nadds: 0  ndels: 0  duration: 1001.08
ns/read: 152.801  ns/update: inf
hash_bkt_rcu --perftest --nreaders 11 --nbuckets 2097152 --elems/writer 2097152 --duration 1000 --updatewait 0
nlookups: 67048961 33525429  nadds: 0  ndels: 0  duration: 1001.14
ns/read: 164.247  ns/update: inf
hash_bkt_rcu --perftest --nreaders 12 --nbuckets 2097152 --elems/writer 2097152 --duration 1000 --updatewait 0
nlookups: 100944445 50472812  nadds: 0  ndels: 0  duration: 1001.13
ns/read: 119.012  ns/update: inf
hash_bkt_rcu --perftest --nreaders 13 --nbuckets 2097152 --elems/writer 2097152 --duration 1000 --updatewait 0
nlookups: 77170710 38585832  nadds: 0  ndels: 0  duration: 1001.1
ns/read: 168.643  ns/update: inf
hash_bkt_rcu --perftest --nreaders 14 --nbuckets 2097152 --elems/writer 2097152 --duration 1000 --updatewait 0
nlookups: 79285540 39643346  nadds: 0  ndels: 0  duration: 1001.16
ns/read: 176.781  ns/update: inf
hash_bkt_rcu --perftest --nreaders 15 --nbuckets 2097152 --elems/writer 2097152 --duration 1000 --updatewait 0
nlookups: 118756772 59378567  nadds: 0  ndels: 0  duration: 1001.11
ns/read: 126.448  ns/update: inf
hash_bkt_rcu --perftest --nreaders 16 --nbuckets 2097152 --elems/writer 2097152 --duration 1000 --updatewait 0
nlookups: 83668951 41834861  nadds: 0  ndels: 0  duration: 1001.07
ns/read: 191.435  ns/update: inf
hash_bkt_rcu --perftest --nreaders 18 --nbuckets 2097152 --elems/writer 2097152 --duration 1000 --updatewait 0
nlookups: 91003155 45502100  nadds: 0  ndels: 0  duration: 1001.09
ns/read: 198.012  ns/update: inf
hash_bkt_rcu --perftest --nreaders 20 --nbuckets 2097152 --elems/writer 2097152 --duration 1000 --updatewait 0
nlookups: 147516233 73758265  nadds: 0  ndels: 0  duration: 1001.04
ns/read: 135.72  ns/update: inf
hash_bkt_rcu --perftest --nreaders 22 --nbuckets 2097152 --elems/writer 2097152 --duration 1000 --updatewait 0
nlookups: 112286359 56142991  nadds: 0  ndels: 0  duration: 1001.11
ns/read: 196.145  ns/update: inf
hash_bkt_rcu --perftest --nreaders 24 --nbuckets 2097152 --elems/writer 2097152 --duration 1000 --updatewait 0
nlookups: 120189698 60096163  nadds: 0  ndels: 0  duration: 1001.12
ns/read: 199.909  ns/update: inf
hash_bkt_rcu --perftest --nreaders 26 --nbuckets 2097152 --elems/writer 2097152 --duration 1000 --updatewait 0
nlookups: 124636681 62316651  nadds: 0  ndels: 0  duration: 1001.15
ns/read: 208.846  ns/update: inf
hash_bkt_rcu --perftest --nreaders 28 --nbuckets 2097152 --elems/writer 2097152 --duration 1000 --updatewait 0
nlookups: 160630368 80314379  nadds: 0  ndels: 0  duration: 1001.12
ns/read: 174.508  ns/update: inf
hash_bkt_rcu --perftest --nreaders 30 --nbuckets 2097152 --elems/writer 2097152 --duration 1000 --updatewait 0
nlookups: 241864268 120929966  nadds: 0  ndels: 0  duration: 1001.13
ns/read: 124.177  ns/update: inf
hash_bkt_rcu --perftest --nreaders 32 --nbuckets 2097152 --elems/writer 2097152 --duration 1000 --updatewait 0
nlookups: 186819354 93407966  nadds: 0  ndels: 0  duration: 1001.15
ns/read: 171.485  ns/update: inf
hash_bkt_rcu --perftest --nreaders 36 --nbuckets 2097152 --elems/writer 2097152 --duration 1000 --updatewait 0
nlookups: 159121094 79560017  nadds: 0  ndels: 0  duration: 1001.08
ns/read: 226.488  ns/update: inf
hash_bkt_rcu --perftest --nreaders 40 --nbuckets 2097152 --elems/writer 2097152 --duration 1000 --updatewait 0
nlookups: 334233466 167118581  nadds: 0  ndels: 0  duration: 1001.13
ns/read: 119.813  ns/update: inf
hash_bkt_rcu --perftest --nreaders 44 --nbuckets 2097152 --elems/writer 2097152 --duration 1000 --updatewait 0
nlookups: 298855554 149426601  nadds: 0  ndels: 0  duration: 1001.08
ns/read: 147.387  ns/update: inf
hash_bkt_rcu --perftest --nreaders 48 --nbuckets 2097152 --elems/writer 2097152 --duration 1000 --updatewait 0
nlookups: 300928111 150463438  nadds: 0  ndels: 0  duration: 1001.09
ns/read: 159.68  ns/update: inf
hash_bkt_rcu --perftest --nreaders 52 --nbuckets 2097152 --elems/writer 2097152 --duration 1000 --updatewait 0
nlookups: 340014039 170004989  nadds: 0  ndels: 0  duration: 1001.04
ns/read: 153.095  ns/update: inf
hash_bkt_rcu --perftest --nreaders 56 --nbuckets 2097152 --elems/writer 2097152 --duration 1000 --updatewait 0
nlookups: 313208956 156601928  nadds: 0  ndels: 0  duration: 1001.14
ns/read: 178.999  ns/update: inf
hash_bkt_rcu --perftest --nreaders 60 --nbuckets 2097152 --elems/writer 2097152 --duration 1000 --updatewait 0
nlookups: 345560834 172778189  nadds: 0  ndels: 0  duration: 1001.11
ns/read: 173.824  ns/update: inf
hash_bkt_rcu --perftest --nreaders 64 --nbuckets 2097152 --elems/writer 2097152 --duration 1000 --updatewait 0
nlookups: 239273214 119633886  nadds: 0  ndels: 0  duration: 1001.09
ns/read: 267.769  ns/update: inf
hash_bkt_rcu --perftest --nreaders 72 --nbuckets 2097152 --elems/writer 2097152 --duration 1000 --updatewait 0
nlookups: 304164469 152079758  nadds: 0  ndels: 0  duration: 1001.12
ns/read: 236.98  ns/update: inf
hash_bkt_rcu --perftest --nreaders 80 --nbuckets 2097152 --elems/writer 2097152 --duration 1000 --updatewait 0
nlookups: 552142176 276069783  nadds: 0  ndels: 0  duration: 1001.04
ns/read: 145.041  ns/update: inf
hash_bkt_rcu --perftest --nreaders 88 --nbuckets 2097152 --elems/writer 2097152 --duration 1000 --updatewait 0
nlookups: 366405510 183207021  nadds: 0  ndels: 0  duration: 1001.15
ns/read: 240.446  ns/update: inf
hash_bkt_rcu --perftest --nreaders 96 --nbuckets 2097152 --elems/writer 2097152 --duration 1000 --updatewait 0
nlookups: 465557741 232779733  nadds: 0  ndels: 0  duration: 1001.04
ns/read: 206.42  ns/update: inf
hash_bkt_rcu --perftest --nreaders 104 --nbuckets 2097152 --elems/writer 2097152 --duration 1000 --updatewait 0
nlookups: 549368897 274685731  nadds: 0  ndels: 0  duration: 1001.11
ns/read: 189.518  ns/update: inf
hash_bkt_rcu --perftest --nreaders 112 --nbuckets 2097152 --elems/writer 2097152 --duration 1000 --updatewait 0
nlookups: 176232488 88115900  nadds: 0  ndels: 0  duration: 1001.09
ns/read: 636.217  ns/update: inf
hash_bkt_rcu --perftest --nreaders 120 --nbuckets 2097152 --elems/writer 2097152 --duration 1000 --updatewait 0
nlookups: 637201477 318604837  nadds: 0  ndels: 0  duration: 1001.04
ns/read: 188.52  ns/update: inf
hash_bkt_rcu --perftest --nreaders 128 --nbuckets 2097152 --elems/writer 2097152 --duration 1000 --updatewait 0
nlookups: 897985024 448986783  nadds: 0  ndels: 0  duration: 1001.09
ns/read: 142.696  ns/update: inf
hash_bkt_rcu --perftest --nreaders 144 --nbuckets 2097152 --elems/writer 2097152 --duration 1000 --updatewait 0
nlookups: 626461811 313229250  nadds: 0  ndels: 0  duration: 1001.07
ns/read: 230.108  ns/update: inf
hash_bkt_rcu --perftest --nreaders 160 --nbuckets 2097152 --elems/writer 2097152 --duration 1000 --updatewait 0
nlookups: 345330999 172664626  nadds: 0  ndels: 0  duration: 1001.1
ns/read: 463.831  ns/update: inf
hash_bkt_rcu --perftest --nreaders 176 --nbuckets 2097152 --elems/writer 2097152 --duration 1000 --updatewait 0
nlookups: 625773794 312880299  nadds: 0  ndels: 0  duration: 1001.09
ns/read: 281.559  ns/update: inf
hash_bkt_rcu --perftest --nreaders 192 --nbuckets 2097152 --elems/writer 2097152 --duration 1000 --updatewait 0
nlookups: 969820515 484911155  nadds: 0  ndels: 0  duration: 1001.1
ns/read: 198.193  ns/update: inf
hash_bkt_rcu --perftest --nreaders 208 --nbuckets 2097152 --elems/writer 2097152 --duration 1000 --updatewait 0
nlookups: 770717706 385369686  nadds: 0  ndels: 0  duration: 1001.05
ns/read: 270.163  ns/update: inf
hash_bkt_rcu --perftest --nreaders 224 --nbuckets 2097152 --elems/writer 2097152 --duration 1000 --updatewait 0
nlookups: 960241223 480117200  nadds: 0  ndels: 0  duration: 1001.06
ns/read: 233.521  ns/update: inf
hash_bkt_rcu --perftest --nreaders 240 --nbuckets 2097152 --elems/writer 2097152 --duration 1000 --updatewait 0
nlookups: 351934729 175960716  nadds: 0  ndels: 0  duration: 1001.12
ns/read: 682.709  ns/update: inf
hash_bkt_rcu --perftest --nreaders 256 --nbuckets 2097152 --elems/writer 2097152 --duration 1000 --updatewait 0
nlookups: 627314632 313653435  nadds: 0  ndels: 0  duration: 1001.07
ns/read: 408.525  ns/update: inf
hash_bkt_rcu --perftest --nreaders 288 --nbuckets 2097152 --elems/writer 2097152 --duration 1000 --updatewait 0
nlookups: 986046489 493016309  nadds: 0  ndels: 0  duration: 1001.06
ns/read: 292.384  ns/update: inf
hash_bkt_rcu --perftest --nreaders 320 --nbuckets 2097152 --elems/writer 2097152 --duration 1000 --updatewait 0
nlookups: 794329685 397171119  nadds: 0  ndels: 0  duration: 1000.61
ns/read: 403.101  ns/update: inf
hash_bkt_rcu --perftest --nreaders 352 --nbuckets 2097152 --elems/writer 2097152 --duration 1000 --updatewait 0
nlookups: 350115951 175065104  nadds: 0  ndels: 0  duration: 1001.05
ns/read: 1006.44  ns/update: inf
hash_bkt_rcu --perftest --nreaders 384 --nbuckets 2097152 --elems/writer 2097152 --duration 1000 --updatewait 0
nlookups: 347906980 173965817  nadds: 0  ndels: 0  duration: 1001.05
ns/read: 1104.9  ns/update: inf
hash_bkt_rcu --perftest --nreaders 416 --nbuckets 2097152 --elems/writer 2097152 --duration 1000 --updatewait 0
nlookups: 356241385 178111050  nadds: 0  ndels: 0  duration: 1001.08
ns/read: 1169.01  ns/update: inf
hash_bkt_rcu --perftest --nreaders 448 --nbuckets 2097152 --elems/writer 2097152 --duration 1000 --updatewait 0
nlookups: 355764993 177890508  nadds: 0  ndels: 0  duration: 1001.91
ns/read: 1261.67  ns/update: inf
hash_bkt_rcu --perftest --nreaders 1 --nbuckets 2097152 --elems/writer 2097152 --duration 1000 --updatewait 0
nlookups: 10330986 5165500  nadds: 0  ndels: 0  duration: 1001.08
ns/read: 96.9005  ns/update: inf
hash_bkt_rcu --perftest --nreaders 2 --nbuckets 2097152 --elems/writer 2097152 --duration 1000 --updatewait 0
nlookups: 19091626 9545881  nadds: 0  ndels: 0  duration: 1001.09
ns/read: 104.873  ns/update: inf
hash_bkt_rcu --perftest --nreaders 3 --nbuckets 2097152 --elems/writer 2097152 --duration 1000 --updatewait 0
nlookups: 29098186 14548774  nadds: 0  ndels: 0  duration: 1001.14
ns/read: 103.217  ns/update: inf
hash_bkt_rcu --perftest --nreaders 4 --nbuckets 2097152 --elems/writer 2097152 --duration 1000 --updatewait 0
nlookups: 32062261 16029875  nadds: 0  ndels: 0  duration: 1001.11
ns/read: 124.896  ns/update: inf
hash_bkt_rcu --perftest --nreaders 5 --nbuckets 2097152 --elems/writer 2097152 --duration 1000 --updatewait 0
nlookups: 36211776 18103865  nadds: 0  ndels: 0  duration: 1001.08
ns/read: 138.226  ns/update: inf
hash_bkt_rcu --perftest --nreaders 6 --nbuckets 2097152 --elems/writer 2097152 --duration 1000 --updatewait 0
nlookups: 43366037 21683083  nadds: 0  ndels: 0  duration: 1001.1
ns/read: 138.509  ns/update: inf
hash_bkt_rcu --perftest --nreaders 7 --nbuckets 2097152 --elems/writer 2097152 --duration 1000 --updatewait 0
nlookups: 50857393 25428513  nadds: 0  ndels: 0  duration: 1001.11
ns/read: 137.792  ns/update: inf
hash_bkt_rcu --perftest --nreaders 8 --nbuckets 2097152 --elems/writer 2097152 --duration 1000 --updatewait 0
nlookups: 52671287 26335395  nadds: 0  ndels: 0  duration: 1001.12
ns/read: 152.056  ns/update: inf
hash_bkt_rcu --perftest --nreaders 9 --nbuckets 2097152 --elems/writer 2097152 --duration 1000 --updatewait 0
nlookups: 56774378 28388131  nadds: 0  ndels: 0  duration: 1001.12
ns/read: 158.699  ns/update: inf
hash_bkt_rcu --perftest --nreaders 10 --nbuckets 2097152 --elems/writer 2097152 --duration 1000 --updatewait 0
nlookups: 59771354 29885174  nadds: 0  ndels: 0  duration: 1001.11
ns/read: 167.49  ns/update: inf
hash_bkt_rcu --perftest --nreaders 11 --nbuckets 2097152 --elems/writer 2097152 --duration 1000 --updatewait 0
nlookups: 64885352 32441965  nadds: 0  ndels: 0  duration: 1001.13
ns/read: 169.721  ns/update: inf
hash_bkt_rcu --perftest --nreaders 12 --nbuckets 2097152 --elems/writer 2097152 --duration 1000 --updatewait 0
nlookups: 67396155 33697861  nadds: 0  ndels: 0  duration: 1001.1
ns/read: 178.248  ns/update: inf
hash_bkt_rcu --perftest --nreaders 13 --nbuckets 2097152 --elems/writer 2097152 --duration 1000 --updatewait 0
nlookups: 97908055 48954979  nadds: 0  ndels: 0  duration: 1001.07
ns/read: 132.919  ns/update: inf
hash_bkt_rcu --perftest --nreaders 14 --nbuckets 2097152 --elems/writer 2097152 --duration 1000 --updatewait 0
nlookups: 77907431 38953762  nadds: 0  ndels: 0  duration: 1001.09
ns/read: 179.897  ns/update: inf
hash_bkt_rcu --perftest --nreaders 15 --nbuckets 2097152 --elems/writer 2097152 --duration 1000 --updatewait 0
nlookups: 84448648 42222952  nadds: 0  ndels: 0  duration: 1001.12
ns/read: 177.822  ns/update: inf
hash_bkt_rcu --perftest --nreaders 16 --nbuckets 2097152 --elems/writer 2097152 --duration 1000 --updatewait 0
nlookups: 86994709 43498445  nadds: 0  ndels: 0  duration: 1001.08
ns/read: 184.118  ns/update: inf
hash_bkt_rcu --perftest --nreaders 18 --nbuckets 2097152 --elems/writer 2097152 --duration 1000 --updatewait 0
nlookups: 92087488 46043754  nadds: 0  ndels: 0  duration: 1001.13
ns/read: 195.688  ns/update: inf
hash_bkt_rcu --perftest --nreaders 20 --nbuckets 2097152 --elems/writer 2097152 --duration 1000 --updatewait 0
nlookups: 103558331 51779112  nadds: 0  ndels: 0  duration: 1001.12
ns/read: 193.344  ns/update: inf
hash_bkt_rcu --perftest --nreaders 22 --nbuckets 2097152 --elems/writer 2097152 --duration 1000 --updatewait 0
nlookups: 114088983 57044911  nadds: 0  ndels: 0  duration: 1001.14
ns/read: 193.053  ns/update: inf
hash_bkt_rcu --perftest --nreaders 24 --nbuckets 2097152 --elems/writer 2097152 --duration 1000 --updatewait 0
nlookups: 117411860 58706048  nadds: 0  ndels: 0  duration: 1001.12
ns/read: 204.637  ns/update: inf
hash_bkt_rcu --perftest --nreaders 26 --nbuckets 2097152 --elems/writer 2097152 --duration 1000 --updatewait 0
nlookups: 114734598 57365525  nadds: 0  ndels: 0  duration: 1001.09
ns/read: 226.858  ns/update: inf
hash_bkt_rcu --perftest --nreaders 28 --nbuckets 2097152 --elems/writer 2097152 --duration 1000 --updatewait 0
nlookups: 145016806 72510043  nadds: 0  ndels: 0  duration: 1001.11
ns/read: 193.296  ns/update: inf
hash_bkt_rcu --perftest --nreaders 30 --nbuckets 2097152 --elems/writer 2097152 --duration 1000 --updatewait 0
nlookups: 235862234 117932252  nadds: 0  ndels: 0  duration: 1001.14
ns/read: 127.337  ns/update: inf
hash_bkt_rcu --perftest --nreaders 32 --nbuckets 2097152 --elems/writer 2097152 --duration 1000 --updatewait 0
nlookups: 316480612 158238691  nadds: 0  ndels: 0  duration: 1001.05
ns/read: 101.218  ns/update: inf
hash_bkt_rcu --perftest --nreaders 36 --nbuckets 2097152 --elems/writer 2097152 --duration 1000 --updatewait 0
nlookups: 318780972 159392033  nadds: 0  ndels: 0  duration: 1001.1
ns/read: 113.054  ns/update: inf
hash_bkt_rcu --perftest --nreaders 40 --nbuckets 2097152 --elems/writer 2097152 --duration 1000 --updatewait 0
nlookups: 334027281 167013538  nadds: 0  ndels: 0  duration: 1001.1
ns/read: 119.882  ns/update: inf
hash_bkt_rcu --perftest --nreaders 44 --nbuckets 2097152 --elems/writer 2097152 --duration 1000 --updatewait 0
nlookups: 299466864 149734905  nadds: 0  ndels: 0  duration: 1001.11
ns/read: 147.091  ns/update: inf
hash_bkt_rcu --perftest --nreaders 48 --nbuckets 2097152 --elems/writer 2097152 --duration 1000 --updatewait 0
nlookups: 301175214 150586207  nadds: 0  ndels: 0  duration: 1001.14
ns/read: 159.558  ns/update: inf
hash_bkt_rcu --perftest --nreaders 52 --nbuckets 2097152 --elems/writer 2097152 --duration 1000 --updatewait 0
nlookups: 303945329 151974562  nadds: 0  ndels: 0  duration: 1001.08
ns/read: 171.268  ns/update: inf
hash_bkt_rcu --perftest --nreaders 56 --nbuckets 2097152 --elems/writer 2097152 --duration 1000 --updatewait 0
nlookups: 338441918 169221667  nadds: 0  ndels: 0  duration: 1001.11
ns/read: 165.647  ns/update: inf
hash_bkt_rcu --perftest --nreaders 60 --nbuckets 2097152 --elems/writer 2097152 --duration 1000 --updatewait 0
nlookups: 201447197 100719230  nadds: 0  ndels: 0  duration: 1001.15
ns/read: 298.189  ns/update: inf
hash_bkt_rcu --perftest --nreaders 64 --nbuckets 2097152 --elems/writer 2097152 --duration 1000 --updatewait 0
nlookups: 423425610 211709856  nadds: 0  ndels: 0  duration: 1001.04
ns/read: 151.305  ns/update: inf
hash_bkt_rcu --perftest --nreaders 72 --nbuckets 2097152 --elems/writer 2097152 --duration 1000 --updatewait 0
nlookups: 471729472 235864184  nadds: 0  ndels: 0  duration: 1001.08
ns/read: 152.794  ns/update: inf
hash_bkt_rcu --perftest --nreaders 80 --nbuckets 2097152 --elems/writer 2097152 --duration 1000 --updatewait 0
nlookups: 552157076 276076428  nadds: 0  ndels: 0  duration: 1001.06
ns/read: 145.04  ns/update: inf
hash_bkt_rcu --perftest --nreaders 88 --nbuckets 2097152 --elems/writer 2097152 --duration 1000 --updatewait 0
nlookups: 632847541 316420526  nadds: 0  ndels: 0  duration: 1001.04
ns/read: 139.199  ns/update: inf
hash_bkt_rcu --perftest --nreaders 96 --nbuckets 2097152 --elems/writer 2097152 --duration 1000 --updatewait 0
nlookups: 465791588 232894618  nadds: 0  ndels: 0  duration: 1001.13
ns/read: 206.334  ns/update: inf
hash_bkt_rcu --perftest --nreaders 104 --nbuckets 2097152 --elems/writer 2097152 --duration 1000 --updatewait 0
nlookups: 616942166 308470460  nadds: 0  ndels: 0  duration: 1001.04
ns/read: 168.748  ns/update: inf
hash_bkt_rcu --perftest --nreaders 112 --nbuckets 2097152 --elems/writer 2097152 --duration 1000 --updatewait 0
nlookups: 617636604 308811283  nadds: 0  ndels: 0  duration: 1001.05
ns/read: 181.527  ns/update: inf
hash_bkt_rcu --perftest --nreaders 120 --nbuckets 2097152 --elems/writer 2097152 --duration 1000 --updatewait 0
nlookups: 637129871 318566993  nadds: 0  ndels: 0  duration: 1000.66
ns/read: 188.469  ns/update: inf
hash_bkt_rcu --perftest --nreaders 128 --nbuckets 2097152 --elems/writer 2097152 --duration 1000 --updatewait 0
nlookups: 898126947 449057135  nadds: 0  ndels: 0  duration: 1001.07
ns/read: 142.671  ns/update: inf
hash_bkt_rcu --perftest --nreaders 144 --nbuckets 2097152 --elems/writer 2097152 --duration 1000 --updatewait 0
nlookups: 629523404 314761267  nadds: 0  ndels: 0  duration: 1001.1
ns/read: 228.996  ns/update: inf
hash_bkt_rcu --perftest --nreaders 160 --nbuckets 2097152 --elems/writer 2097152 --duration 1000 --updatewait 0
nlookups: 352126386 176062843  nadds: 0  ndels: 0  duration: 1001.09
ns/read: 454.878  ns/update: inf
hash_bkt_rcu --perftest --nreaders 176 --nbuckets 2097152 --elems/writer 2097152 --duration 1000 --updatewait 0
nlookups: 625520360 312756319  nadds: 0  ndels: 0  duration: 1001.07
ns/read: 281.665  ns/update: inf
hash_bkt_rcu --perftest --nreaders 192 --nbuckets 2097152 --elems/writer 2097152 --duration 1000 --updatewait 0
nlookups: 621989819 311002828  nadds: 0  ndels: 0  duration: 1001.07
ns/read: 309.018  ns/update: inf
hash_bkt_rcu --perftest --nreaders 208 --nbuckets 2097152 --elems/writer 2097152 --duration 1000 --updatewait 0
nlookups: 624099130 312052651  nadds: 0  ndels: 0  duration: 1001.07
ns/read: 333.636  ns/update: inf
hash_bkt_rcu --perftest --nreaders 224 --nbuckets 2097152 --elems/writer 2097152 --duration 1000 --updatewait 0
nlookups: 621548394 310772155  nadds: 0  ndels: 0  duration: 1001.08
ns/read: 360.778  ns/update: inf
hash_bkt_rcu --perftest --nreaders 240 --nbuckets 2097152 --elems/writer 2097152 --duration 1000 --updatewait 0
nlookups: 968822920 484407313  nadds: 0  ndels: 0  duration: 1001.11
ns/read: 247.998  ns/update: inf
hash_bkt_rcu --perftest --nreaders 256 --nbuckets 2097152 --elems/writer 2097152 --duration 1000 --updatewait 0
nlookups: 348332184 174174776  nadds: 0  ndels: 0  duration: 1001.07
ns/read: 735.716  ns/update: inf
hash_bkt_rcu --perftest --nreaders 288 --nbuckets 2097152 --elems/writer 2097152 --duration 1000 --updatewait 0
nlookups: 990562616 495286431  nadds: 0  ndels: 0  duration: 1001.06
ns/read: 291.053  ns/update: inf
hash_bkt_rcu --perftest --nreaders 320 --nbuckets 2097152 --elems/writer 2097152 --duration 1000 --updatewait 0
nlookups: 796432466 398222535  nadds: 0  ndels: 0  duration: 1001.07
ns/read: 402.222  ns/update: inf
hash_bkt_rcu --perftest --nreaders 352 --nbuckets 2097152 --elems/writer 2097152 --duration 1000 --updatewait 0
nlookups: 350111947 175057427  nadds: 0  ndels: 0  duration: 1001.06
ns/read: 1006.46  ns/update: inf
hash_bkt_rcu --perftest --nreaders 384 --nbuckets 2097152 --elems/writer 2097152 --duration 1000 --updatewait 0
nlookups: 1073553109 536780488  nadds: 0  ndels: 0  duration: 1001.05
ns/read: 358.068  ns/update: inf
hash_bkt_rcu --perftest --nreaders 416 --nbuckets 2097152 --elems/writer 2097152 --duration 1000 --updatewait 0
nlookups: 357519888 178762422  nadds: 0  ndels: 0  duration: 1001.07
ns/read: 1164.81  ns/update: inf
hash_bkt_rcu --perftest --nreaders 448 --nbuckets 2097152 --elems/writer 2097152 --duration 1000 --updatewait 0
nlookups: 355778843 177890133  nadds: 0  ndels: 0  duration: 1002.26
ns/read: 1262.05  ns/update: inf
