Run for rcu with 1 CPUs
Points: 0.267 0.267 0.267 0.267 0.267 0.267 0.267 0.268 0.268 0.268 0.269 0.282 0.282 0.282 0.282 0.282 0.282 0.282 0.283 0.283 0.290 0.290 0.290 0.291 0.291 0.292 0.299 0.299 0.299 0.300
Average reader duration: 0.280767 nanoseconds
Minimum reader duration: 0.267
Median reader duration: 0.282
Maximum reader duration: 0.300
Run for srcu with 1 CPUs
Points: 13.425 14.576 14.576 14.576 14.576 14.576 14.576 14.576 14.576 14.576 14.576 14.576 14.576 14.576 14.576 14.576 14.576 14.576 14.576 14.576 14.576 14.576 14.576 15.041 15.129 15.372 15.417 15.963 16.551 17.096
Average reader duration: 14.8222 nanoseconds
Minimum reader duration: 13.425
Median reader duration: 14.576
Maximum reader duration: 17.096
Run for refcnt with 1 CPUs
Points: 10.004 10.004 10.004 10.004 10.004 10.004 10.004 10.004 10.004 10.005 10.263 10.289 10.289 10.290 10.290 10.290 10.290 10.290 10.290 10.290 10.290 10.290 10.290 10.750 10.987 11.111 11.119 11.168 11.617 11.629
Average reader duration: 10.4054 nanoseconds
Minimum reader duration: 10.004
Median reader duration: 10.29
Maximum reader duration: 11.629
Run for rwlock with 1 CPUs
Points: 11.320 11.320 11.320 11.320 11.320 11.320 11.320 11.588 11.596 11.948 11.949 11.949 11.949 11.949 11.949 11.949 11.949 11.949 12.183 12.271 12.290 12.290 12.651 12.775 13.034 13.614 13.647 13.876 13.877 15.182
Average reader duration: 12.2551 nanoseconds
Minimum reader duration: 11.320
Median reader duration: 11.949
Maximum reader duration: 15.182
Run for rwsem with 1 CPUs
Points: 14.290 14.290 14.290 14.290 14.290 14.290 14.290 14.290 14.290 14.290 14.290 14.290 14.290 14.290 14.290 14.290 14.290 14.290 14.290 14.290 14.382 14.534 14.710 14.810 14.960 15.065 15.066 15.333 15.344 17.247
Average reader duration: 14.575 nanoseconds
Minimum reader duration: 14.290
Median reader duration: 14.29
Maximum reader duration: 17.247
Run for rcu with 2 CPUs
Points: 0.267 0.267 0.267 0.267 0.267 0.267 0.267 0.267 0.267 0.267 0.267 0.267 0.268 0.268 0.268 0.268 0.274 0.275 0.315 0.362 0.363 0.363 0.363 0.363 0.363 0.363 0.363 0.363 0.363 1.032
Average reader duration: 0.3267 nanoseconds
Minimum reader duration: 0.267
Median reader duration: 0.268
Maximum reader duration: 1.032
Run for srcu with 2 CPUs
Points: 13.425 13.425 13.425 13.425 13.425 13.425 13.425 13.425 13.425 13.426 13.476 13.523 13.538 13.554 13.573 13.631 13.748 13.768 13.798 13.931 14.001 14.001 14.288 14.401 14.474 14.941 15.039 15.091 16.051 16.809
Average reader duration: 13.9962 nanoseconds
Minimum reader duration: 13.425
Median reader duration: 13.5635
Maximum reader duration: 16.809
Run for refcnt with 2 CPUs
Points: 9.477 9.477 9.477 9.477 9.477 9.477 9.477 9.477 9.477 9.480 9.739 9.762 9.882 9.883 9.883 9.883 10.003 10.004 10.004 10.078 10.171 10.204 10.252 10.326 10.336 11.011 11.262 11.317 11.557 12.109
Average reader duration: 10.0813 nanoseconds
Minimum reader duration: 9.477
Median reader duration: 9.883
Maximum reader duration: 12.109
Run for rwlock with 2 CPUs
Points: 11.319 11.319 11.319 11.319 11.319 11.320 11.320 11.320 11.320 11.320 11.320 11.475 11.634 11.634 11.634 11.804 11.871 11.982 11.984 11.985 11.985 11.985 12.117 12.155 12.316 12.393 12.517 12.565 12.709 13.080
Average reader duration: 11.8113 nanoseconds
Minimum reader duration: 11.319
Median reader duration: 11.634
Maximum reader duration: 13.080
Run for rwsem with 2 CPUs
Points: 13.140 13.151 13.151 13.151 13.151 13.151 13.151 13.151 13.151 13.151 13.162 13.162 13.162 13.162 13.196 13.202 13.242 13.298 13.302 13.330 13.380 13.430 13.456 13.460 13.553 13.554 13.949 14.510 14.620 16.432
Average reader duration: 13.4687 nanoseconds
Minimum reader duration: 13.140
Median reader duration: 13.179
Maximum reader duration: 16.432
Run for rcu with 3 CPUs
Points: 0.272 0.273 0.273 0.273 0.273 0.277 0.277 0.278 0.278 0.278 0.280 0.285 0.518 0.523 0.523 0.523 0.524 0.524 0.528 0.528 0.528 0.528 0.528 0.528 0.529 0.529 0.529 0.539 0.539 0.619
Average reader duration: 0.430133 nanoseconds
Minimum reader duration: 0.272
Median reader duration: 0.523
Maximum reader duration: 0.619
Run for srcu with 3 CPUs
Points: 13.425 13.425 13.516 13.549 13.564 13.728 13.781 13.816 13.849 13.922 13.980 14.020 14.099 14.116 14.123 14.190 14.192 14.265 14.267 14.543 14.615 14.634 14.690 14.800 14.970 15.032 15.212 15.323 15.383 15.411
Average reader duration: 14.2813 nanoseconds
Minimum reader duration: 13.425
Median reader duration: 14.1195
Maximum reader duration: 15.411
Run for refcnt with 3 CPUs
Points: 9.477 9.477 9.587 9.653 9.653 9.782 9.828 9.828 9.856 9.923 9.924 10.018 10.018 10.019 10.055 10.194 10.237 10.275 10.289 10.390 10.426 10.461 10.629 10.667 10.683 10.732 10.780 10.944 11.060 11.095
Average reader duration: 10.1987 nanoseconds
Minimum reader duration: 9.477
Median reader duration: 10.037
Maximum reader duration: 11.095
Run for rwlock with 3 CPUs
Points: 11.319 11.319 11.643 11.643 11.739 11.755 11.911 11.946 11.995 12.030 12.068 12.149 12.176 12.176 12.176 12.176 12.238 12.293 12.296 12.299 12.304 12.410 12.558 12.591 12.591 12.767 12.778 12.936 13.194 13.885
Average reader duration: 12.2454 nanoseconds
Minimum reader duration: 11.319
Median reader duration: 12.176
Maximum reader duration: 13.885
Run for rwsem with 3 CPUs
Points: 13.406 13.530 13.531 13.538 13.818 13.906 14.089 14.426 15.030 15.415 15.416 15.416 15.416 15.512 15.653 16.020 16.885 17.378 17.489 17.843 17.853 17.853 17.853 17.863 17.863 18.026 18.317 18.335 18.409 18.797
Average reader duration: 16.1629 nanoseconds
Minimum reader duration: 13.406
Median reader duration: 15.5825
Maximum reader duration: 18.797
Run for rcu with 4 CPUs
Points: 0.268 0.271 0.271 0.272 0.275 0.277 0.280 0.281 0.283 0.283 0.283 0.459 0.644 0.644 0.647 0.648 0.648 0.649 0.651 0.651 0.651 0.651 0.651 0.651 0.651 0.651 0.652 0.652 0.749 0.801
Average reader duration: 0.514833 nanoseconds
Minimum reader duration: 0.268
Median reader duration: 0.6455
Maximum reader duration: 0.801
Run for srcu with 4 CPUs
Points: 13.768 13.799 13.834 13.834 13.834 13.841 13.875 13.938 14.028 14.042 14.079 14.094 14.129 14.172 14.218 14.257 14.283 14.298 14.304 14.326 14.367 14.428 14.603 14.661 14.674 14.756 14.770 15.050 16.007 16.515
Average reader duration: 14.3595 nanoseconds
Minimum reader duration: 13.768
Median reader duration: 14.195
Maximum reader duration: 16.515
Run for refcnt with 4 CPUs
Points: 14.151 15.457 15.480 15.504 15.510 15.515 15.522 15.527 15.561 15.578 15.711 15.863 16.172 16.195 16.326 16.449 16.648 16.683 16.767 17.728 20.506 25.033 26.066 26.757 32.582 32.676 33.851 36.139 37.536 104.432
Average reader duration: 23.1308 nanoseconds
Minimum reader duration: 14.151
Median reader duration: 16.2605
Maximum reader duration: 104.432
Run for rwlock with 4 CPUs
Points: 15.539 15.638 15.658 15.682 15.717 15.791 16.010 16.095 16.149 17.339 17.545 18.090 18.546 18.894 20.539 28.740 28.895 29.625 31.412 31.665 38.776 43.928 44.510 51.639 51.838 52.897 53.155 54.984 57.956 95.555
Average reader duration: 31.6269 nanoseconds
Minimum reader duration: 15.539
Median reader duration: 19.7165
Maximum reader duration: 95.555
Run for rwsem with 4 CPUs
Points: 28.530 28.531 30.395 30.532 30.637 30.801 31.022 31.529 31.553 31.929 32.566 66.186 66.887 81.342 91.729 132.286 148.067 165.665 165.932 168.035 179.593 182.118 186.859 191.431 241.495 258.725 277.544 304.077 326.666 397.759
Average reader duration: 132.347 nanoseconds
Minimum reader duration: 28.530
Median reader duration: 86.5355
Maximum reader duration: 397.759
Run for rcu with 5 CPUs
Points: 0.279 0.279 0.280 0.281 0.281 0.281 0.281 0.281 0.281 0.282 0.282 0.282 0.283 0.283 0.288 0.288 0.288 0.289 0.410 0.572 0.578 0.719 0.719 0.719 0.725 0.727 0.728 0.729 0.736 0.943
Average reader duration: 0.446467 nanoseconds
Minimum reader duration: 0.279
Median reader duration: 0.2855
Maximum reader duration: 0.943
Run for srcu with 5 CPUs
Points: 13.731 13.814 13.819 13.819 14.003 14.017 14.117 14.136 14.150 14.169 14.195 14.210 14.265 14.289 14.314 14.368 14.418 14.432 14.448 14.458 14.528 14.655 14.751 14.765 14.772 14.918 14.923 15.163 15.528 15.690
Average reader duration: 14.4288 nanoseconds
Minimum reader duration: 13.731
Median reader duration: 14.3015
Maximum reader duration: 15.690
Run for refcnt with 5 CPUs
Points: 51.418 60.484 67.023 87.448 93.766 95.884 99.446 100.536 104.743 107.285 109.824 112.007 113.223 115.046 120.183 124.483 128.837 161.743 168.787 178.003 178.072 178.627 183.264 186.171 187.616 188.774 204.301 204.512 208.499 215.451
Average reader duration: 137.849 nanoseconds
Minimum reader duration: 51.418
Median reader duration: 117.615
Maximum reader duration: 215.451
Run for rwlock with 5 CPUs
Points: 52.135 54.623 55.946 56.072 56.726 79.006 92.112 92.490 114.999 119.354 119.487 120.935 122.698 123.173 127.970 131.626 138.070 142.989 154.295 154.331 161.270 165.982 169.135 169.296 172.510 174.178 180.972 183.641 186.471 189.706
Average reader duration: 128.74 nanoseconds
Minimum reader duration: 52.135
Median reader duration: 125.572
Maximum reader duration: 189.706
Run for rwsem with 5 CPUs
Points: 176.836 178.463 180.588 184.683 228.699 233.922 235.198 238.469 264.994 268.688 273.400 279.891 299.864 300.614 302.635 313.057 322.762 340.080 340.174 346.511 351.702 352.245 382.430 387.924 401.962 422.688 425.977 426.195 460.319 533.985
Average reader duration: 315.165 nanoseconds
Minimum reader duration: 176.836
Median reader duration: 301.625
Maximum reader duration: 533.985
Run for rcu with 6 CPUs
Points: 0.276 0.279 0.282 0.282 0.284 0.286 0.286 0.288 0.290 0.291 0.293 0.303 0.303 0.305 0.308 0.327 0.451 0.526 0.526 0.526 0.527 0.527 0.533 0.534 0.536 0.540 0.542 0.583 0.715 0.739
Average reader duration: 0.416267 nanoseconds
Minimum reader duration: 0.276
Median reader duration: 0.3065
Maximum reader duration: 0.739
Run for srcu with 6 CPUs
Points: 13.941 14.036 14.052 14.069 14.083 14.101 14.151 14.220 14.351 14.360 14.377 14.396 14.403 14.418 14.475 14.480 14.491 14.526 14.545 14.562 14.566 14.775 14.795 14.801 14.876 14.900 14.904 14.971 15.005 15.130
Average reader duration: 14.492 nanoseconds
Minimum reader duration: 13.941
Median reader duration: 14.4465
Maximum reader duration: 15.130
Run for refcnt with 6 CPUs
Points: 48.549 50.183 50.424 50.541 50.600 50.955 51.041 54.158 56.341 58.033 58.963 59.813 60.536 63.542 66.280 71.152 82.911 84.449 84.896 90.141 90.638 94.541 95.153 95.668 97.234 104.338 108.791 119.856 120.743 130.835
Average reader duration: 76.7102 nanoseconds
Minimum reader duration: 48.549
Median reader duration: 64.911
Maximum reader duration: 130.835
Run for rwlock with 6 CPUs
Points: 80.359 91.082 99.903 102.828 107.205 108.530 113.874 126.858 128.289 135.659 144.425 147.278 151.525 156.836 162.953 166.136 170.169 181.621 189.208 193.467 196.453 198.450 200.494 201.204 205.217 205.339 210.650 213.583 254.763 281.413
Average reader duration: 164.192 nanoseconds
Minimum reader duration: 80.359
Median reader duration: 159.894
Maximum reader duration: 281.413
Run for rwsem with 6 CPUs
Points: 252.897 255.593 261.512 262.325 267.697 272.032 274.831 278.962 308.512 314.463 323.168 328.099 328.756 330.065 332.657 336.892 342.690 349.579 349.972 358.324 358.658 370.755 370.791 400.371 417.365 418.054 419.219 430.513 436.180 470.381
Average reader duration: 340.71 nanoseconds
Minimum reader duration: 252.897
Median reader duration: 331.361
Maximum reader duration: 470.381
Run for rcu with 7 CPUs
Points: 0.279 0.381 0.381 0.386 0.386 0.387 0.387 0.388 0.388 0.393 0.487 0.489 0.489 0.489 0.490 0.523 0.558 0.594 0.595 0.595 0.597 0.597 0.597 0.597 0.598 0.598 0.602 0.702 0.705 0.738
Average reader duration: 0.5132 nanoseconds
Minimum reader duration: 0.279
Median reader duration: 0.4895
Maximum reader duration: 0.738
Run for srcu with 7 CPUs
Points: 13.682 13.749 13.804 13.808 13.899 13.919 14.015 14.041 14.057 14.086 14.220 14.246 14.263 14.314 14.321 14.370 14.401 14.483 14.537 14.563 14.605 14.628 14.786 14.839 14.928 14.957 15.188 15.292 15.801 16.836
Average reader duration: 14.4879 nanoseconds
Minimum reader duration: 13.682
Median reader duration: 14.3175
Maximum reader duration: 16.836
Run for refcnt with 7 CPUs
Points: 110.859 111.364 113.003 115.123 121.476 122.670 125.376 132.242 142.307 142.755 144.114 152.755 155.319 157.273 166.416 169.133 170.862 175.716 177.747 184.360 184.547 187.505 188.097 188.832 195.218 196.647 206.386 206.645 212.815 254.982
Average reader duration: 163.751 nanoseconds
Minimum reader duration: 110.859
Median reader duration: 161.844
Maximum reader duration: 254.982
Run for rwlock with 7 CPUs
Points: 150.921 154.480 167.702 169.681 173.557 181.119 186.777 188.467 201.307 203.582 206.598 208.332 221.821 222.898 227.792 230.631 238.250 243.332 243.458 246.393 257.504 263.938 266.475 271.780 278.150 288.156 293.356 294.241 304.948 307.991
Average reader duration: 229.788 nanoseconds
Minimum reader duration: 150.921
Median reader duration: 225.345
Maximum reader duration: 307.991
Run for rwsem with 7 CPUs
Points: 400.901 442.631 444.349 452.227 529.733 553.645 580.501 584.485 604.312 606.013 608.130 617.197 628.021 628.821 642.164 643.093 648.379 658.565 664.154 666.920 669.646 674.148 686.200 691.013 702.688 748.659 757.770 771.037 778.949 805.530
Average reader duration: 629.663 nanoseconds
Minimum reader duration: 400.901
Median reader duration: 635.493
Maximum reader duration: 805.530
Run for rcu with 8 CPUs
Points: 0.274 0.275 0.282 0.284 0.285 0.287 0.290 0.369 0.369 0.373 0.408 0.466 0.468 0.523 0.557 0.560 0.569 0.691 0.738 0.773 0.773 0.773 0.773 0.773 0.773 0.773 0.774 0.783 0.807 1.032
Average reader duration: 0.5625 nanoseconds
Minimum reader duration: 0.274
Median reader duration: 0.54
Maximum reader duration: 1.032
Run for srcu with 8 CPUs
Points: 13.705 13.707 13.903 13.942 14.076 14.240 14.255 14.294 14.323 14.330 14.415 14.452 14.473 14.476 14.586 14.610 14.712 14.828 14.875 14.913 15.227 15.305 15.439 15.544 15.551 15.591 15.593 15.655 15.808 16.306
Average reader duration: 14.7711 nanoseconds
Minimum reader duration: 13.705
Median reader duration: 14.531
Maximum reader duration: 16.306
Run for refcnt with 8 CPUs
Points: 84.700 104.655 117.661 118.969 121.746 142.583 142.992 143.502 147.587 147.844 153.656 156.659 158.081 163.963 171.882 180.563 182.184 188.146 189.983 200.672 202.794 206.428 208.950 213.398 218.553 228.975 229.778 230.697 231.749 240.941
Average reader duration: 174.343 nanoseconds
Minimum reader duration: 84.700
Median reader duration: 167.923
Maximum reader duration: 240.941
Run for rwlock with 8 CPUs
Points: 69.894 96.090 96.092 103.820 104.212 106.573 107.261 107.644 113.289 121.083 131.551 133.324 144.001 150.779 155.191 157.886 158.603 161.536 161.633 162.473 170.536 172.104 175.563 182.009 191.446 196.622 198.993 205.345 212.207 218.821
Average reader duration: 148.886 nanoseconds
Minimum reader duration: 69.894
Median reader duration: 152.985
Maximum reader duration: 218.821
Run for rwsem with 8 CPUs
Points: 390.068 390.781 396.904 401.327 405.292 408.265 411.276 412.085 416.329 423.631 427.818 427.945 492.601 502.933 527.271 532.691 533.215 542.601 549.830 560.203 580.644 597.933 613.735 642.758 668.382 673.915 676.349 677.522 680.997 692.678
Average reader duration: 521.933 nanoseconds
Minimum reader duration: 390.068
Median reader duration: 515.102
Maximum reader duration: 692.678
Run for rcu with 10 CPUs
Points: 0.278 0.281 0.285 0.286 0.288 0.288 0.326 0.425 0.425 0.426 0.431 0.431 0.432 0.433 0.433 0.437 0.503 0.506 0.518 0.573 0.575 0.575 0.581 0.624 0.646 0.649 0.652 0.652 0.722 0.799
Average reader duration: 0.482667 nanoseconds
Minimum reader duration: 0.278
Median reader duration: 0.433
Maximum reader duration: 0.799
Run for srcu with 10 CPUs
Points: 13.724 13.740 13.771 13.932 14.002 14.013 14.059 14.118 14.137 14.140 14.255 14.260 14.287 14.323 14.348 14.378 14.432 14.531 14.632 14.696 14.891 14.925 15.055 15.114 15.128 15.219 15.314 15.369 15.524 15.821
Average reader duration: 14.5379 nanoseconds
Minimum reader duration: 13.724
Median reader duration: 14.3355
Maximum reader duration: 15.821
Run for refcnt with 10 CPUs
Points: 100.257 103.962 106.542 108.939 114.762 116.033 119.793 120.785 121.069 124.598 125.300 125.418 126.940 132.038 132.077 135.139 135.493 138.400 141.008 142.765 143.467 147.076 147.159 151.360 154.629 155.446 156.142 159.211 162.964 175.285
Average reader duration: 134.135 nanoseconds
Minimum reader duration: 100.257
Median reader duration: 132.058
Maximum reader duration: 175.285
Run for rwlock with 10 CPUs
Points: 223.580 230.162 231.551 243.887 289.081 301.185 308.090 309.304 315.428 317.118 320.507 322.023 322.050 324.301 328.435 332.950 336.994 338.801 340.975 342.168 343.914 350.884 353.035 357.482 359.246 359.524 362.965 369.312 370.811 400.946
Average reader duration: 323.557 nanoseconds
Minimum reader duration: 223.580
Median reader duration: 326.368
Maximum reader duration: 400.946
Run for rwsem with 10 CPUs
Points: 498.158 526.900 538.618 539.192 540.304 543.186 545.586 547.298 557.937 558.784 564.734 566.477 566.545 567.417 567.465 568.858 572.054 575.405 577.551 583.300 585.743 587.981 599.777 606.749 609.007 610.723 615.663 640.900 741.446 885.209
Average reader duration: 586.299 nanoseconds
Minimum reader duration: 498.158
Median reader duration: 567.441
Maximum reader duration: 885.209
Run for rcu with 12 CPUs
Points: 0.295 0.295 0.302 0.303 0.311 0.343 0.345 0.351 0.352 0.354 0.355 0.375 0.403 0.403 0.410 0.442 0.444 0.447 0.474 0.483 0.502 0.528 0.528 0.588 0.592 0.596 0.655 0.676 0.712 0.712
Average reader duration: 0.452533 nanoseconds
Minimum reader duration: 0.295
Median reader duration: 0.4065
Maximum reader duration: 0.712
Run for srcu with 12 CPUs
Points: 14.205 14.282 14.334 14.360 14.378 14.433 14.445 14.462 14.477 14.496 14.544 14.554 14.586 14.588 14.605 14.653 14.674 14.828 14.851 14.887 14.945 14.963 15.002 15.013 15.051 15.141 15.211 15.269 15.273 15.274
Average reader duration: 14.7261 nanoseconds
Minimum reader duration: 14.205
Median reader duration: 14.5965
Maximum reader duration: 15.274
Run for refcnt with 12 CPUs
Points: 251.176 251.763 262.804 275.661 277.942 279.235 294.407 299.433 299.955 300.597 300.878 306.215 306.626 307.048 310.155 310.686 312.346 313.741 315.558 318.622 318.629 319.596 322.812 327.594 330.789 332.136 336.122 366.712 397.286 403.248
Average reader duration: 311.659 nanoseconds
Minimum reader duration: 251.176
Median reader duration: 308.601
Maximum reader duration: 403.248
Run for rwlock with 12 CPUs
Points: 370.500 384.005 391.127 391.740 393.412 394.798 398.430 410.415 419.592 431.966 434.854 435.347 439.358 440.764 440.859 441.376 442.007 445.709 446.684 447.236 447.427 449.424 450.103 451.909 453.641 454.015 455.769 461.864 471.069 473.108
Average reader duration: 432.284 nanoseconds
Minimum reader duration: 370.500
Median reader duration: 440.812
Maximum reader duration: 473.108
Run for rwsem with 12 CPUs
Points: 892.147 931.048 943.739 943.866 956.682 966.102 966.434 974.793 975.506 977.881 979.917 980.148 980.183 991.730 992.618 993.998 1002.543 1003.184 1004.068 1004.190 1005.016 1015.971 1018.258 1018.296 1019.752 1022.759 1023.755 1040.229 1080.041 1129.168
Average reader duration: 994.467 nanoseconds
Minimum reader duration: 892.147
Median reader duration: 992.174
Maximum reader duration: 1129.168
Run for rcu with 14 CPUs
Points: 0.282 0.293 0.296 0.326 0.330 0.346 0.349 0.363 0.383 0.409 0.586 0.588 0.588 0.590 0.591 0.592 0.592 0.609 0.616 0.684 0.685 0.692 0.693 0.705 0.715 0.717 0.747 0.841 0.864 0.949
Average reader duration: 0.567367 nanoseconds
Minimum reader duration: 0.282
Median reader duration: 0.5905
Maximum reader duration: 0.949
Run for srcu with 14 CPUs
Points: 14.294 14.301 14.381 14.400 14.425 14.468 14.473 14.486 14.571 14.588 14.591 14.627 14.651 14.669 14.679 14.684 14.821 14.824 14.836 14.856 14.856 14.867 15.037 15.073 15.111 15.163 15.169 15.251 15.507 15.517
Average reader duration: 14.7725 nanoseconds
Minimum reader duration: 14.294
Median reader duration: 14.674
Maximum reader duration: 15.517
Run for refcnt with 14 CPUs
Points: 246.679 250.577 287.535 294.789 297.019 298.007 301.074 313.049 313.446 317.982 322.640 325.315 329.648 335.874 341.035 341.280 347.627 351.720 353.041 353.353 366.779 370.469 380.085 392.381 418.324 446.121 448.745 463.993 476.421 482.448
Average reader duration: 352.249 nanoseconds
Minimum reader duration: 246.679
Median reader duration: 338.455
Maximum reader duration: 482.448
Run for rwlock with 14 CPUs
Points: 263.646 267.784 268.702 270.761 274.063 274.330 278.378 280.246 282.570 290.434 294.034 302.610 304.708 308.707 309.044 311.705 312.967 314.048 316.140 316.728 318.927 322.725 322.990 325.109 325.909 328.058 330.666 330.974 336.419 355.409
Average reader duration: 304.626 nanoseconds
Minimum reader duration: 263.646
Median reader duration: 308.875
Maximum reader duration: 355.409
Run for rwsem with 14 CPUs
Points: 1438.043 1441.311 1444.313 1446.488 1450.828 1453.239 1454.026 1455.527 1466.453 1471.234 1474.320 1483.857 1484.596 1485.665 1498.115 1502.818 1503.773 1507.329 1516.462 1516.897 1518.371 1522.435 1531.960 1543.193 1551.692 1553.706 1557.754 1568.080 1582.321 1738.150
Average reader duration: 1505.43 nanoseconds
Minimum reader duration: 1438.043
Median reader duration: 1491.89
Maximum reader duration: 1738.150
Run for rcu with 16 CPUs
Points: 0.285 0.289 0.330 0.332 0.333 0.333 0.334 0.342 0.378 0.380 0.382 0.403 0.422 0.423 0.431 0.434 0.467 0.480 0.515 0.516 0.517 0.523 0.524 0.561 0.563 0.576 0.609 0.629 0.773 0.808
Average reader duration: 0.463067 nanoseconds
Minimum reader duration: 0.285
Median reader duration: 0.427
Maximum reader duration: 0.808
Run for srcu with 16 CPUs
Points: 14.197 14.306 14.326 14.342 14.346 14.347 14.399 14.430 14.464 14.501 14.549 14.598 14.690 14.703 14.760 14.902 14.971 15.026 15.039 15.081 15.110 15.217 15.446 15.447 15.520 15.584 15.600 15.698 15.948 16.331
Average reader duration: 14.9293 nanoseconds
Minimum reader duration: 14.197
Median reader duration: 14.7315
Maximum reader duration: 16.331
Run for refcnt with 16 CPUs
Points: 343.613 367.608 381.639 382.847 394.677 395.598 398.536 401.082 401.160 401.580 410.789 418.583 418.718 425.409 436.073 446.537 446.937 452.479 456.102 456.273 469.998 471.859 476.007 480.605 506.528 509.072 513.259 544.767 591.165 595.428
Average reader duration: 446.498 nanoseconds
Minimum reader duration: 343.613
Median reader duration: 430.741
Maximum reader duration: 595.428
Run for rwlock with 16 CPUs
Points: 564.278 578.074 589.007 590.098 592.135 592.217 598.834 600.241 604.782 610.874 614.676 629.528 636.735 644.348 645.979 652.008 654.707 659.219 661.539 664.342 666.770 667.307 672.073 675.240 676.316 677.215 679.275 679.715 682.961 685.966
Average reader duration: 638.215 nanoseconds
Minimum reader duration: 564.278
Median reader duration: 645.163
Maximum reader duration: 685.966
Run for rwsem with 16 CPUs
Points: 1080.686 1099.395 1106.316 1115.282 1124.973 1125.560 1126.590 1127.620 1128.145 1132.722 1135.737 1139.587 1142.315 1145.570 1151.080 1151.772 1155.298 1157.849 1158.479 1162.938 1163.417 1165.422 1173.074 1173.361 1178.710 1188.773 1191.103 1191.518 1217.599 1231.678
Average reader duration: 1151.42 nanoseconds
Minimum reader duration: 1080.686
Median reader duration: 1148.32
Maximum reader duration: 1231.678
Run for rcu with 20 CPUs
Points: 0.289 0.291 0.295 0.299 0.303 0.321 0.322 0.326 0.361 0.363 0.363 0.371 0.395 0.403 0.416 0.436 0.440 0.444 0.446 0.483 0.492 0.499 0.507 0.557 0.570 0.577 0.587 0.614 0.750 0.762
Average reader duration: 0.442733 nanoseconds
Minimum reader duration: 0.289
Median reader duration: 0.4095
Maximum reader duration: 0.762
Run for srcu with 20 CPUs
Points: 14.442 14.447 14.469 14.487 14.544 14.693 14.694 14.701 14.722 14.919 14.926 15.036 15.684 15.711 15.727 15.735 15.745 15.800 15.809 15.815 15.839 16.038 16.226 16.447 16.477 16.534 16.800 16.862 16.883 17.244
Average reader duration: 15.5819 nanoseconds
Minimum reader duration: 14.442
Median reader duration: 15.719
Maximum reader duration: 17.244
Run for refcnt with 20 CPUs
Points: 763.335 767.138 769.166 770.304 771.372 772.630 773.870 774.181 774.567 775.068 775.667 776.653 777.551 778.789 779.655 781.314 782.604 785.644 788.253 789.045 792.367 810.534 812.509 828.345 839.358 844.167 847.066 850.102 854.097 868.135
Average reader duration: 795.783 nanoseconds
Minimum reader duration: 763.335
Median reader duration: 779.222
Maximum reader duration: 868.135
Run for rwlock with 20 CPUs
Points: 443.983 457.640 472.750 482.181 487.054 490.326 493.267 497.203 498.265 498.764 500.107 502.391 502.485 502.755 503.287 506.769 507.088 509.736 513.280 515.461 516.284 516.440 517.782 519.077 519.147 519.735 521.254 524.938 526.594 543.857
Average reader duration: 503.663 nanoseconds
Minimum reader duration: 443.983
Median reader duration: 503.021
Maximum reader duration: 543.857
Run for rwsem with 20 CPUs
Points: 1654.245 1693.364 1695.721 1709.045 1712.602 1721.144 1725.526 1726.938 1729.319 1787.155 1797.471 1836.044 1838.207 1851.351 1860.270 1867.564 1871.615 1880.880 1882.071 1888.032 1896.982 1903.979 1906.167 1914.246 1944.653 1988.036 2041.444 2055.453 2060.251 2065.139
Average reader duration: 1850.16 nanoseconds
Minimum reader duration: 1654.245
Median reader duration: 1855.81
Maximum reader duration: 2065.139
Run for rcu with 24 CPUs
Points: 0.300 0.301 0.310 0.313 0.357 0.359 0.361 0.362 0.373 0.453 0.479 0.495 0.524 0.555 0.566 0.569 0.637 0.647 0.668 0.669 0.737 0.739 0.775 0.775 0.778 0.778 0.785 0.842 0.848 0.858
Average reader duration: 0.573767 nanoseconds
Minimum reader duration: 0.300
Median reader duration: 0.5605
Maximum reader duration: 0.858
Run for srcu with 24 CPUs
Points: 14.867 14.929 14.985 14.995 15.046 15.126 15.294 15.447 15.535 15.710 15.710 15.722 15.757 15.869 15.911 15.968 16.333 16.734 16.750 16.837 16.935 16.956 17.261 17.371 17.683 17.945 18.110 18.189 18.210 35.866
Average reader duration: 16.935 nanoseconds
Minimum reader duration: 14.867
Median reader duration: 15.89
Maximum reader duration: 35.866
Run for refcnt with 24 CPUs
Points: 606.316 616.581 621.895 623.151 634.387 634.689 635.307 637.705 643.624 645.272 651.716 661.007 663.318 668.423 670.157 674.902 676.007 679.231 680.470 683.336 684.428 688.025 688.722 692.780 692.786 694.730 709.401 719.325 728.998 741.462
Average reader duration: 668.272 nanoseconds
Minimum reader duration: 606.316
Median reader duration: 669.29
Maximum reader duration: 741.462
Run for rwlock with 24 CPUs
Points: 1107.454 1114.818 1115.577 1157.619 1170.237 1170.752 1174.485 1178.071 1195.995 1197.446 1200.311 1208.850 1211.729 1218.109 1230.111 1235.848 1248.355 1255.767 1260.285 1273.303 1276.799 1280.976 1284.868 1285.076 1290.537 1290.755 1291.457 1301.860 1306.201 1320.487
Average reader duration: 1228.47 nanoseconds
Minimum reader duration: 1107.454
Median reader duration: 1224.11
Maximum reader duration: 1320.487
Run for rwsem with 24 CPUs
Points: 1157.673 1160.941 1242.830 1247.908 1250.643 1253.797 1257.512 1257.871 1269.370 1271.330 1271.837 1278.152 1280.519 1284.712 1288.877 1290.816 1291.377 1294.917 1296.934 1299.831 1307.302 1311.629 1314.980 1316.894 1317.927 1318.330 1326.737 1327.280 1333.189 1448.499
Average reader duration: 1285.69 nanoseconds
Minimum reader duration: 1157.673
Median reader duration: 1286.79
Maximum reader duration: 1448.499
Run for rcu with 28 CPUs
Points: 0.308 0.310 0.312 0.324 0.336 0.343 0.345 0.358 0.365 0.375 0.386 0.389 0.389 0.389 0.395 0.411 0.413 0.418 0.437 0.441 0.442 0.465 0.477 0.494 0.505 0.516 0.616 0.648 0.710 0.746
Average reader duration: 0.435433 nanoseconds
Minimum reader duration: 0.308
Median reader duration: 0.392
Maximum reader duration: 0.746
Run for srcu with 28 CPUs
Points: 14.477 14.488 14.489 14.499 14.503 14.508 14.527 14.527 14.554 14.560 14.566 14.575 14.587 14.603 14.611 14.628 14.637 14.866 15.059 15.161 15.185 15.194 15.335 15.439 15.555 15.563 15.936 16.138 16.436 17.159
Average reader duration: 15.0122 nanoseconds
Minimum reader duration: 14.477
Median reader duration: 14.607
Maximum reader duration: 17.159
Run for refcnt with 28 CPUs
Points: 728.521 736.570 752.768 753.762 762.255 762.424 768.544 770.487 771.690 774.505 781.351 783.184 787.128 788.411 791.726 791.747 791.781 792.050 796.993 797.154 798.893 799.897 801.248 801.799 803.006 810.287 819.488 822.440 839.027 850.712
Average reader duration: 787.662 nanoseconds
Minimum reader duration: 728.521
Median reader duration: 790.068
Maximum reader duration: 850.712
Run for rwlock with 28 CPUs
Points: 950.372 973.119 975.374 978.642 1021.490 1027.478 1027.647 1033.790 1033.986 1034.832 1037.567 1038.911 1039.354 1042.958 1043.684 1044.325 1044.640 1045.794 1048.356 1050.675 1052.329 1055.580 1056.103 1057.658 1058.153 1061.282 1061.283 1070.108 1078.186 1096.444
Average reader duration: 1038 nanoseconds
Minimum reader duration: 950.372
Median reader duration: 1043.32
Maximum reader duration: 1096.444
Run for rwsem with 28 CPUs
Points: 2223.520 2278.084 2331.287 2345.131 2354.808 2376.742 2380.346 2391.183 2392.388 2425.223 2430.270 2505.771 2536.454 2537.394 2580.224 2587.100 2612.101 2618.808 2746.256 2748.482 2762.701 2769.165 2769.238 2773.024 2793.120 2793.514 2815.629 2816.319 2826.013 2848.025
Average reader duration: 2578.94 nanoseconds
Minimum reader duration: 2223.520
Median reader duration: 2558.81
Maximum reader duration: 2848.025
Run for rcu with 32 CPUs
Points: 0.307 0.308 0.313 0.333 0.338 0.338 0.346 0.347 0.347 0.411 0.428 0.429 0.438 0.441 0.446 0.454 0.464 0.473 0.503 0.587 0.606 0.619 0.658 0.702 0.709 0.712 0.773 0.843 0.896 0.916
Average reader duration: 0.516167 nanoseconds
Minimum reader duration: 0.307
Median reader duration: 0.4435
Maximum reader duration: 0.916
Run for srcu with 32 CPUs
Points: 14.518 14.547 14.565 14.574 14.605 14.620 14.621 14.624 14.636 14.658 14.662 14.708 14.719 14.759 14.831 14.877 14.911 15.148 15.217 15.370 15.437 15.449 15.457 15.584 15.713 15.718 15.856 16.084 16.512 17.606
Average reader duration: 15.1529 nanoseconds
Minimum reader duration: 14.518
Median reader duration: 14.795
Maximum reader duration: 17.606
Run for refcnt with 32 CPUs
Points: 1041.612 1043.036 1043.107 1045.335 1045.653 1050.442 1051.226 1052.925 1064.957 1066.565 1067.038 1069.407 1072.965 1074.321 1076.499 1077.421 1079.777 1083.398 1088.548 1090.658 1091.269 1095.015 1095.576 1095.818 1096.317 1098.625 1098.706 1107.874 1116.995 1135.205
Average reader duration: 1077.21 nanoseconds
Minimum reader duration: 1041.612
Median reader duration: 1075.41
Maximum reader duration: 1135.205
Run for rwlock with 32 CPUs
Points: 1083.511 1100.941 1143.840 1153.387 1155.689 1159.380 1165.484 1167.835 1172.332 1176.166 1182.311 1184.787 1184.840 1185.602 1188.018 1190.621 1190.819 1193.878 1196.404 1197.010 1197.972 1200.973 1201.164 1202.119 1203.103 1206.194 1221.851 1229.351 1250.556 1251.343
Average reader duration: 1184.58 nanoseconds
Minimum reader duration: 1083.511
Median reader duration: 1186.81
Maximum reader duration: 1251.343
Run for rwsem with 32 CPUs
Points: 2175.574 2217.626 2225.453 2230.155 2245.469 2248.903 2266.219 2271.984 2278.389 2280.232 2318.795 2352.786 2466.851 2497.799 2502.270 2540.498 2543.286 2550.328 2555.601 2558.004 2568.895 2570.457 2578.777 2579.459 2595.617 2597.909 2605.012 2606.978 2672.603 2674.369
Average reader duration: 2445.88 nanoseconds
Minimum reader duration: 2175.574
Median reader duration: 2500.03
Maximum reader duration: 2674.369
Run for rcu with 40 CPUs
Points: 0.333 0.378 0.381 0.388 0.392 0.394 0.399 0.409 0.423 0.428 0.437 0.441 0.451 0.454 0.454 0.481 0.484 0.484 0.488 0.513 0.532 0.534 0.572 0.572 0.574 0.575 0.612 0.712 0.716 0.725
Average reader duration: 0.4912 nanoseconds
Minimum reader duration: 0.333
Median reader duration: 0.454
Maximum reader duration: 0.725
Run for srcu with 40 CPUs
Points: 18.418 18.469 18.618 18.683 18.686 18.803 18.807 18.833 18.876 18.887 18.924 18.937 19.010 19.024 19.058 19.114 19.133 19.173 19.274 19.427 19.459 19.695 19.712 19.874 19.884 19.902 20.007 20.007 20.101 20.484
Average reader duration: 19.2426 nanoseconds
Minimum reader duration: 18.418
Median reader duration: 19.041
Maximum reader duration: 20.484
Run for refcnt with 40 CPUs
Points: 1152.913 1162.125 1171.434 1176.135 1178.969 1186.530 1190.273 1203.708 1216.218 1272.840 1274.835 1280.394 1292.434 1294.193 1294.932 1299.832 1307.640 1311.557 1311.967 1314.083 1317.289 1326.504 1331.327 1347.578 1353.540 1358.674 1373.999 1374.195 1377.749 1382.198
Average reader duration: 1281.2 nanoseconds
Minimum reader duration: 1152.913
Median reader duration: 1294.56
Maximum reader duration: 1382.198
Run for rwlock with 40 CPUs
Points: 1274.452 1283.071 1304.872 1306.279 1314.003 1320.985 1326.084 1329.961 1331.243 1404.133 1408.083 1409.233 1417.142 1423.471 1427.811 1429.192 1429.911 1435.845 1443.814 1455.395 1456.389 1477.098 1480.532 1484.950 1489.459 1508.714 1509.856 1527.526 1574.651 1615.781
Average reader duration: 1420 nanoseconds
Minimum reader duration: 1274.452
Median reader duration: 1425.64
Maximum reader duration: 1615.781
Run for rwsem with 40 CPUs
Points: 2396.660 2405.070 2581.951 2601.401 2604.444 2609.813 2613.902 2662.538 2668.947 2674.261 2692.199 2694.218 2698.654 2704.411 2721.799 2727.869 2729.334 2733.087 2741.096 2797.838 2851.252 2886.821 2888.083 2933.186 2935.884 2974.932 2998.239 3200.456 3451.129 3489.670
Average reader duration: 2788.97 nanoseconds
Minimum reader duration: 2396.660
Median reader duration: 2713.11
Maximum reader duration: 3489.670
Run for rcu with 48 CPUs
Points: 0.369 0.373 0.381 0.381 0.400 0.414 0.415 0.418 0.422 0.443 0.470 0.472 0.483 0.510 0.561 0.571 0.598 0.655 0.669 0.700 0.713 0.732 0.783 0.800 0.816 0.818 0.821 0.866 0.883 0.906
Average reader duration: 0.594767 nanoseconds
Minimum reader duration: 0.369
Median reader duration: 0.5355
Maximum reader duration: 0.906
Run for srcu with 48 CPUs
Points: 16.272 16.320 16.331 16.415 16.441 16.443 16.573 16.626 16.665 16.688 16.725 16.807 16.831 16.931 16.963 17.010 17.091 17.214 17.225 17.366 17.441 17.501 17.793 17.823 17.862 17.885 17.990 18.281 19.068 36.603
Average reader duration: 17.7728 nanoseconds
Minimum reader duration: 16.272
Median reader duration: 16.947
Maximum reader duration: 36.603
Run for refcnt with 48 CPUs
Points: 915.977 934.359 970.179 976.186 979.593 985.213 985.419 988.097 992.001 1000.710 1000.927 1005.868 1009.721 1015.443 1043.440 1045.567 1072.982 1093.802 1096.789 1097.205 1098.994 1106.767 1107.771 1109.302 1118.295 1121.451 1124.076 1125.632 1141.609 1165.728
Average reader duration: 1047.64 nanoseconds
Minimum reader duration: 915.977
Median reader duration: 1029.44
Maximum reader duration: 1165.728
Run for rwlock with 48 CPUs
Points: 1799.748 1831.013 1861.040 2075.608 2128.397 2166.300 2181.618 2196.585 2198.649 2200.167 2204.837 2211.635 2219.466 2229.396 2236.888 2240.041 2244.666 2250.849 2253.384 2255.083 2260.288 2267.847 2280.240 2360.308 2387.154 2387.298 2401.254 2410.758 2441.815 2504.243
Average reader duration: 2222.89 nanoseconds
Minimum reader duration: 1799.748
Median reader duration: 2233.14
Maximum reader duration: 2504.243
Run for rwsem with 48 CPUs
Points: 2108.548 2255.136 2317.127 2321.162 2362.364 2368.097 2383.432 2441.734 2470.663 2497.467 2497.803 2499.856 2521.077 2530.225 2556.661 2586.942 2592.916 2607.050 2611.956 2619.044 2639.632 2675.900 2679.316 2680.835 2685.766 2700.604 2782.573 2811.487 2817.263 2872.230
Average reader duration: 2549.83 nanoseconds
Minimum reader duration: 2108.548
Median reader duration: 2543.44
Maximum reader duration: 2872.230
Run for rcu with 56 CPUs
Points: 0.326 0.334 0.337 0.341 0.342 0.356 0.374 0.378 0.379 0.386 0.390 0.399 0.400 0.404 0.414 0.419 0.427 0.430 0.437 0.437 0.439 0.448 0.483 0.517 0.527 0.531 0.555 0.583 0.590 0.616
Average reader duration: 0.4333 nanoseconds
Minimum reader duration: 0.326
Median reader duration: 0.409
Maximum reader duration: 0.616
Run for srcu with 56 CPUs
Points: 19.698 20.063 20.098 20.154 20.336 20.344 20.387 20.550 20.682 20.716 20.730 20.838 20.884 20.900 20.998 21.074 21.079 21.097 21.195 21.196 21.219 21.239 21.316 21.326 21.366 21.416 21.425 21.450 21.457 21.496
Average reader duration: 20.891 nanoseconds
Minimum reader duration: 19.698
Median reader duration: 20.949
Maximum reader duration: 21.496
Run for refcnt with 56 CPUs
Points: 1021.921 1062.249 1096.247 1178.354 1240.413 1269.877 1300.360 1302.519 1317.037 1319.305 1356.438 1367.725 1368.263 1369.566 1373.192 1374.401 1380.666 1385.025 1391.296 1392.671 1397.968 1409.420 1410.395 1415.154 1416.363 1423.109 1424.272 1437.937 1440.463 1467.267
Average reader duration: 1337 nanoseconds
Minimum reader duration: 1021.921
Median reader duration: 1371.38
Maximum reader duration: 1467.267
Run for rwlock with 56 CPUs
Points: 1663.292 1696.245 1733.958 2047.468 2130.544 2133.580 2141.686 2142.309 2145.109 2146.877 2151.827 2153.796 2155.490 2156.404 2157.463 2158.649 2175.045 2177.327 2179.190 2184.248 2196.486 2207.519 2208.986 2278.683 2288.881 2289.693 2312.370 2317.691 2329.773 2333.554
Average reader duration: 2146.47 nanoseconds
Minimum reader duration: 1663.292
Median reader duration: 2156.93
Maximum reader duration: 2333.554
Run for rwsem with 56 CPUs
Points: 4283.304 4456.880 4487.160 4517.329 4523.105 4536.965 4622.395 4663.654 4689.686 4792.229 4831.689 4874.765 4905.546 4928.795 4986.034 4999.334 5070.331 5099.067 5246.514 5280.391 5353.588 5379.140 5407.855 5460.134 5550.450 5725.328 5753.946 5776.527 5866.137 6364.175
Average reader duration: 5081.08 nanoseconds
Minimum reader duration: 4283.304
Median reader duration: 4957.41
Maximum reader duration: 6364.175
Run for rcu with 64 CPUs
Points: 0.352 0.354 0.372 0.379 0.379 0.395 0.412 0.412 0.419 0.433 0.439 0.441 0.443 0.448 0.450 0.451 0.451 0.465 0.474 0.475 0.486 0.488 0.492 0.494 0.503 0.534 0.536 0.537 0.543 0.756
Average reader duration: 0.460433 nanoseconds
Minimum reader duration: 0.352
Median reader duration: 0.449
Maximum reader duration: 0.756
Run for srcu with 64 CPUs
Points: 18.181 18.404 18.439 18.472 18.629 18.655 18.655 18.762 18.795 18.818 18.904 18.941 18.960 18.978 18.994 19.032 19.089 19.141 19.142 19.176 19.306 19.333 19.406 19.427 19.437 19.441 19.502 19.523 19.938 20.214
Average reader duration: 19.0565 nanoseconds
Minimum reader duration: 18.181
Median reader duration: 18.986
Maximum reader duration: 20.214
Run for refcnt with 64 CPUs
Points: 1132.431 1217.479 1262.999 1364.093 1373.642 1384.946 1393.965 1406.601 1406.956 1420.108 1423.286 1509.445 1581.158 1586.182 1598.299 1619.089 1641.148 1654.444 1655.027 1669.597 1678.914 1684.562 1691.567 1694.885 1704.592 1715.773 1740.101 1742.156 1742.504 1749.683
Average reader duration: 1548.19 nanoseconds
Minimum reader duration: 1132.431
Median reader duration: 1592.24
Maximum reader duration: 1749.683
Run for rwlock with 64 CPUs
Points: 1660.248 1699.410 1719.297 1725.500 1727.585 1751.959 1764.542 1793.617 1798.372 1820.456 1874.116 1898.859 1909.649 1915.662 1919.876 1920.107 1921.126 1923.490 1936.839 1940.421 2113.636 2124.027 2151.967 2152.468 2153.715 2157.073 2163.401 2166.430 2176.100 2202.366
Average reader duration: 1939.41 nanoseconds
Minimum reader duration: 1660.248
Median reader duration: 1917.77
Maximum reader duration: 2202.366
Run for rwsem with 64 CPUs
Points: 2723.234 2752.026 2754.856 2766.558 2797.409 2800.021 2850.852 2919.642 2929.915 2996.233 3067.656 3089.431 3123.185 3156.337 3306.488 3376.683 3396.698 3397.021 3446.951 3452.906 3485.951 3750.610 3830.357 3852.193 3913.800 3954.700 4181.488 4291.098 4577.251 4586.339
Average reader duration: 3384.26 nanoseconds
Minimum reader duration: 2723.234
Median reader duration: 3231.41
Maximum reader duration: 4586.339
Run for rcu with 80 CPUs
Points: 0.376 0.425 0.427 0.435 0.436 0.440 0.451 0.464 0.464 0.465 0.475 0.478 0.491 0.497 0.505 0.514 0.531 0.531 0.535 0.538 0.542 0.553 0.557 0.577 0.578 0.580 0.667 0.668 0.681 0.686
Average reader duration: 0.5189 nanoseconds
Minimum reader duration: 0.376
Median reader duration: 0.501
Maximum reader duration: 0.686
Run for srcu with 80 CPUs
Points: 21.596 23.869 23.880 24.434 24.459 24.838 24.906 24.933 24.983 24.994 25.021 25.188 25.229 25.272 25.347 25.393 25.484 25.495 25.515 25.518 25.571 25.576 25.790 25.810 26.404 26.438 26.619 26.772 27.000 27.271
Average reader duration: 25.3202 nanoseconds
Minimum reader duration: 21.596
Median reader duration: 25.3095
Maximum reader duration: 27.271
Run for refcnt with 80 CPUs
Points: 2235.094 2300.696 2366.549 2548.062 2559.193 2586.403 2716.445 2721.040 2721.466 2722.816 2724.447 2725.066 2729.173 2737.215 2751.880 2757.378 2758.637 2766.834 2768.273 2769.377 2773.314 2782.694 2793.336 2806.495 2807.204 2807.787 2809.267 2812.009 2813.037 2864.187
Average reader duration: 2701.18 nanoseconds
Minimum reader duration: 2235.094
Median reader duration: 2744.55
Maximum reader duration: 2864.187
Run for rwlock with 80 CPUs
Points: 1587.119 1592.655 1596.812 1600.013 1616.177 1669.695 1711.828 1784.705 1796.988 1823.890 1913.180 1920.520 1922.802 1923.827 1928.945 1946.683 1951.764 1963.421 1967.819 1986.924 1997.379 2007.534 2012.575 2025.761 2035.204 2036.339 2044.899 2049.303 2051.759 2084.361
Average reader duration: 1885.03 nanoseconds
Minimum reader duration: 1587.119
Median reader duration: 1926.39
Maximum reader duration: 2084.361
Run for rwsem with 80 CPUs
Points: 4675.622 4881.318 4910.507 5018.634 5057.571 5078.804 5192.826 5197.214 5213.260 5219.496 5242.736 5264.117 5296.135 5316.513 5320.812 5364.417 5376.583 5401.694 5429.375 5438.192 5443.171 5544.798 5606.001 5630.479 5749.414 5795.995 5796.467 5798.897 5922.068 5929.265
Average reader duration: 5370.41 nanoseconds
Minimum reader duration: 4675.622
Median reader duration: 5318.66
Maximum reader duration: 5929.265
Run for rcu with 96 CPUs
Points: 0.383 0.387 0.394 0.399 0.403 0.415 0.436 0.454 0.457 0.471 0.480 0.483 0.495 0.501 0.509 0.521 0.522 0.522 0.523 0.530 0.531 0.537 0.543 0.547 0.553 0.574 0.610 0.612 0.619 0.691
Average reader duration: 0.5034 nanoseconds
Minimum reader duration: 0.383
Median reader duration: 0.505
Maximum reader duration: 0.691
Run for srcu with 96 CPUs
Points: 19.956 20.623 20.658 20.713 20.770 20.850 20.939 20.939 21.044 21.101 21.125 21.148 21.197 21.203 21.308 21.406 21.490 21.553 21.562 21.573 21.615 21.665 21.685 21.715 21.716 22.089 22.238 22.249 22.789 24.104
Average reader duration: 21.4341 nanoseconds
Minimum reader duration: 19.956
Median reader duration: 21.2555
Maximum reader duration: 24.104
Run for refcnt with 96 CPUs
Points: 2971.763 3006.200 3334.201 3421.000 3430.875 3440.917 3489.890 3492.539 3510.798 3557.003 3569.077 3626.397 3634.039 3635.299 3642.558 3643.965 3644.759 3646.752 3647.851 3653.446 3655.529 3659.834 3732.892 3737.969 3749.101 3752.505 3770.843 3823.198 3836.966 3846.019
Average reader duration: 3585.47 nanoseconds
Minimum reader duration: 2971.763
Median reader duration: 3638.93
Maximum reader duration: 3846.019
Run for rwlock with 96 CPUs
Points: 1962.137 2113.619 2225.677 2303.841 2306.747 2332.428 2340.188 2359.954 2360.622 2367.722 2384.898 2394.502 2398.229 2414.732 2414.870 2417.798 2432.936 2436.975 2441.586 2469.509 2479.391 2489.292 2497.907 2502.883 2508.559 2539.755 2545.045 2584.724 2591.619 2632.697
Average reader duration: 2408.36 nanoseconds
Minimum reader duration: 1962.137
Median reader duration: 2414.8
Maximum reader duration: 2632.697
Run for rwsem with 96 CPUs
Points: 3480.712 3546.389 3738.677 3740.240 3855.964 3867.293 3882.100 3922.344 3925.342 4003.344 4012.228 4060.704 4063.861 4330.022 4344.266 4407.926 4409.076 4433.152 4448.356 4449.199 4470.070 4479.808 4526.448 4567.534 4567.567 4640.050 4878.080 4939.794 4960.818 5095.388
Average reader duration: 4268.23 nanoseconds
Minimum reader duration: 3480.712
Median reader duration: 4337.14
Maximum reader duration: 5095.388
Run for rcu with 112 CPUs
Points: 0.368 0.372 0.376 0.384 0.386 0.402 0.404 0.406 0.406 0.414 0.414 0.415 0.417 0.423 0.429 0.429 0.430 0.432 0.433 0.444 0.448 0.451 0.451 0.452 0.475 0.485 0.493 0.520 0.526 0.563
Average reader duration: 0.434933 nanoseconds
Minimum reader duration: 0.368
Median reader duration: 0.426
Maximum reader duration: 0.563
Run for srcu with 112 CPUs
Points: 19.145 19.193 19.404 19.489 19.619 19.797 19.843 19.854 19.899 19.907 20.013 20.030 20.047 20.084 20.253 20.260 20.562 20.574 20.606 20.654 20.780 20.916 20.917 20.967 21.016 21.145 21.323 21.367 21.555 21.571
Average reader duration: 20.3597 nanoseconds
Minimum reader duration: 19.145
Median reader duration: 20.1685
Maximum reader duration: 21.571
Run for refcnt with 112 CPUs
Points: 2121.729 2247.488 2293.634 2295.906 2307.145 2334.820 2340.508 2385.770 2399.197 2408.912 2409.119 2410.290 2427.297 2430.981 2459.915 2471.731 2473.463 2489.860 2493.966 2500.047 2501.191 2512.693 2522.589 2523.116 2542.860 2543.347 2554.453 2565.135 2569.264 2596.940
Average reader duration: 2437.78 nanoseconds
Minimum reader duration: 2121.729
Median reader duration: 2445.45
Maximum reader duration: 2596.940
Run for rwlock with 112 CPUs
Points: 2338.319 2418.766 2429.801 2485.309 2503.679 2508.713 2527.505 2534.672 2540.193 2551.819 2554.672 2556.167 2568.009 2570.621 2593.551 2594.196 2600.323 2600.856 2603.963 2613.971 2632.884 2637.406 2637.420 2641.757 2643.356 2678.952 2680.898 2681.540 2697.523 2765.962
Average reader duration: 2579.76 nanoseconds
Minimum reader duration: 2338.319
Median reader duration: 2582.09
Maximum reader duration: 2765.962
Run for rwsem with 112 CPUs
Points: 4995.555 5159.095 5344.617 5426.670 5457.913 5494.405 5666.020 5737.659 5809.521 5949.172 6017.476 6198.825 6260.244 6327.312 6416.603 6525.198 6657.720 6703.331 6736.906 7083.178 7091.338 7139.496 7143.003 7154.495 7159.460 7175.288 7328.785 7328.840 7344.644 7346.328
Average reader duration: 6405.97 nanoseconds
Minimum reader duration: 4995.555
Median reader duration: 6371.96
Maximum reader duration: 7346.328
Run for rcu with 128 CPUs
Points: 0.454 0.454 0.465 0.481 0.493 0.511 0.512 0.514 0.522 0.539 0.567 0.578 0.581 0.584 0.606 0.622 0.646 0.666 0.668 0.677 0.686 0.697 0.712 0.721 0.740 0.744 0.754 0.756 0.760 0.765
Average reader duration: 0.615833 nanoseconds
Minimum reader duration: 0.454
Median reader duration: 0.595
Maximum reader duration: 0.765
Run for srcu with 128 CPUs
Points: 21.788 22.169 22.452 22.482 22.563 22.564 22.644 22.711 22.882 22.885 22.887 22.907 22.919 22.942 23.025 23.032 23.068 23.130 23.147 23.193 23.226 23.249 23.252 23.413 23.446 23.462 23.561 23.783 23.811 24.091
Average reader duration: 23.0228 nanoseconds
Minimum reader duration: 21.788
Median reader duration: 22.9835
Maximum reader duration: 24.091
Run for refcnt with 128 CPUs
Points: 3008.066 3024.333 3026.052 3038.412 3070.114 3132.521 3200.182 3211.053 3213.021 3237.595 3254.411 3283.896 3404.729 3483.998 3860.537 3933.190 3995.157 4112.787 4215.945 4247.476 4301.197 4315.036 4329.725 4339.957 4352.975 4358.836 4431.553 4483.367 4517.894 4554.684
Average reader duration: 3764.62 nanoseconds
Minimum reader duration: 3008.066
Median reader duration: 3672.27
Maximum reader duration: 4554.684
Run for rwlock with 128 CPUs
Points: 2940.888 3233.457 4543.608 4621.876 4633.491 4637.744 4713.797 4720.316 4724.729 4735.277 4735.636 4798.177 4802.648 4878.873 4895.516 4899.320 5008.123 5068.034 5255.488 5491.386 5585.329 5625.231 5648.632 5654.708 5834.742 5876.530 5958.968 6009.128 6043.650 6051.850
Average reader duration: 5054.24 nanoseconds
Minimum reader duration: 2940.888
Median reader duration: 4887.19
Maximum reader duration: 6051.850
Run for rwsem with 128 CPUs
Points: 5842.127 6287.515 7170.135 7335.567 7584.679 7743.810 7758.979 7766.660 8188.708 8263.326 8470.497 8472.633 8570.381 8617.156 8652.282 8766.143 8948.898 9301.217 9805.375 10480.784 10531.334 10562.121 10648.104 10678.378 10809.914 10864.801 10870.967 10880.444 11244.822 11641.322
Average reader duration: 9091.97 nanoseconds
Minimum reader duration: 5842.127
Median reader duration: 8634.72
Maximum reader duration: 11641.322
Run for rcu with 160 CPUs
Points: 0.452 0.478 0.481 0.482 0.494 0.495 0.500 0.511 0.513 0.519 0.525 0.539 0.544 0.544 0.571 0.571 0.582 0.597 0.606 0.614 0.616 0.631 0.638 0.642 0.666 0.668 0.682 0.692 0.699 0.741
Average reader duration: 0.576433 nanoseconds
Minimum reader duration: 0.452
Median reader duration: 0.5575
Maximum reader duration: 0.741
Run for srcu with 160 CPUs
Points: 21.382 21.408 21.446 21.474 21.560 21.564 21.600 21.644 21.728 21.738 21.791 21.816 21.833 21.896 21.915 21.977 22.076 22.316 22.317 22.318 22.462 22.587 22.614 22.666 22.682 22.873 23.026 23.125 23.445 23.756
Average reader duration: 22.1678 nanoseconds
Minimum reader duration: 21.382
Median reader duration: 21.9055
Maximum reader duration: 23.756
Run for refcnt with 160 CPUs
Points: 3249.346 3463.937 3507.123 3559.014 3559.826 3562.101 3578.731 3651.693 3672.376 4141.417 4400.510 4423.610 4451.527 4518.261 4572.079 4590.618 4611.421 4615.696 4652.961 4678.730 4705.979 4720.395 4753.604 4801.100 4848.132 4854.437 4922.692 5049.382 5230.516 5695.146
Average reader duration: 4368.08 nanoseconds
Minimum reader duration: 3249.346
Median reader duration: 4545.17
Maximum reader duration: 5695.146
Run for rwlock with 160 CPUs
Points: 4080.132 4132.471 4135.762 4162.709 4181.517 4188.531 4321.277 4322.269 4345.745 4362.258 4362.458 4399.671 4400.724 4446.829 4490.648 4557.907 4563.076 4616.676 4667.589 4833.716 4940.986 5334.928 5352.211 5358.907 5412.608 5424.678 5484.788 5519.319 5608.227 5658.091
Average reader duration: 4722.22 nanoseconds
Minimum reader duration: 4080.132
Median reader duration: 4468.74
Maximum reader duration: 5658.091
Run for rwsem with 160 CPUs
Points: 8790.416 8865.664 9596.751 9745.300 9886.989 9982.392 10158.766 10167.287 10371.101 10443.635 10471.609 10511.452 10595.566 10677.670 11208.298 11290.705 12329.186 12515.163 12641.436 12737.540 12815.386 12857.084 12964.471 13012.430 13084.244 13085.352 13113.010 13158.549 13166.303 13249.890
Average reader duration: 11449.8 nanoseconds
Minimum reader duration: 8790.416
Median reader duration: 10943
Maximum reader duration: 13249.890
Run for rcu with 192 CPUs
Points: 0.425 0.429 0.454 0.463 0.495 0.499 0.511 0.516 0.522 0.524 0.531 0.531 0.536 0.540 0.546 0.562 0.577 0.581 0.581 0.592 0.594 0.613 0.620 0.624 0.648 0.680 0.690 0.695 0.704 0.756
Average reader duration: 0.567967 nanoseconds
Minimum reader duration: 0.425
Median reader duration: 0.543
Maximum reader duration: 0.756
Run for srcu with 192 CPUs
Points: 21.374 21.479 21.587 21.641 21.700 21.713 21.873 21.897 21.909 21.974 21.992 22.157 22.168 22.214 22.258 22.296 22.330 22.334 22.342 22.360 22.372 22.546 22.557 22.810 23.024 23.077 23.137 23.289 23.314 24.761
Average reader duration: 22.3495 nanoseconds
Minimum reader duration: 21.374
Median reader duration: 22.236
Maximum reader duration: 24.761
Run for refcnt with 192 CPUs
Points: 5016.566 5191.891 5281.734 5387.586 5412.027 5424.397 5426.475 5452.660 5524.891 5592.705 5623.771 5673.446 5693.884 5726.961 5810.199 5937.140 6204.050 6327.116 6369.363 6372.631 6414.946 6442.055 6576.227 6607.441 6703.125 6713.657 6796.190 6927.697 7263.154 7752.973
Average reader duration: 6054.9 nanoseconds
Minimum reader duration: 5016.566
Median reader duration: 5768.58
Maximum reader duration: 7752.973
Run for rwlock with 192 CPUs
Points: 4472.291 4584.613 4618.386 4636.274 4692.240 4716.015 4751.350 4763.863 4781.813 4784.710 4788.485 4796.261 4808.249 4816.026 4816.584 4823.552 4828.615 4848.482 4871.490 4884.167 4896.296 4901.168 4914.818 4943.713 4951.718 4960.027 5001.419 5110.403 5129.042 5157.100
Average reader duration: 4834.97 nanoseconds
Minimum reader duration: 4472.291
Median reader duration: 4816.31
Maximum reader duration: 5157.100
Run for rwsem with 192 CPUs
Points: 10956.526 11032.930 11338.524 11584.522 12930.757 13010.355 13165.811 13660.336 13702.272 13912.210 13960.299 13994.981 14021.965 14048.386 14120.560 14145.098 14159.285 14174.936 14182.602 14216.212 14226.899 14234.046 14339.029 14398.190 14443.671 14540.727 14564.673 14598.481 14611.483 14796.566
Average reader duration: 13702.4 nanoseconds
Minimum reader duration: 10956.526
Median reader duration: 14084.5
Maximum reader duration: 14796.566
